ARM GAS  C:\Users\Geo\AppData\Local\Temp\cckFVENK.s 			page 1


   1              		.syntax unified
   2              		.cpu cortex-m3
   3              		.fpu softvfp
   4              		.eabi_attribute 20, 1
   5              		.eabi_attribute 21, 1
   6              		.eabi_attribute 23, 3
   7              		.eabi_attribute 24, 1
   8              		.eabi_attribute 25, 1
   9              		.eabi_attribute 26, 1
  10              		.eabi_attribute 30, 6
  11              		.eabi_attribute 18, 4
  12              		.thumb
  13              		.file	"CapSense_Pins.c"
  14              		.section	.debug_abbrev,"",%progbits
  15              	.Ldebug_abbrev0:
  16              		.section	.debug_info,"",%progbits
  17              	.Ldebug_info0:
  18              		.section	.debug_line,"",%progbits
  19              	.Ldebug_line0:
  20 0000 96000000 		.text
  20      02006600 
  20      00000201 
  20      FB0E0D00 
  20      01010101 
  21              	.Ltext0:
  22              		.cfi_sections	.debug_frame
  23              		.section	.text.CapSense_SetAllSensorsDriveMode,"ax",%progbits
  24              		.align	2
  25              		.global	CapSense_SetAllSensorsDriveMode
  26              		.thumb
  27              		.thumb_func
  28              		.type	CapSense_SetAllSensorsDriveMode, %function
  29              	CapSense_SetAllSensorsDriveMode:
  30              	.LFB0:
  31              		.file 1 ".\\Generated_Source\\PSoC5\\CapSense_Pins.c"
   1:.\Generated_Source\PSoC5/CapSense_Pins.c **** /*******************************************************************************
   2:.\Generated_Source\PSoC5/CapSense_Pins.c **** * File Name: CapSense_Pins.c
   3:.\Generated_Source\PSoC5/CapSense_Pins.c **** * Version 3.10
   4:.\Generated_Source\PSoC5/CapSense_Pins.c **** *
   5:.\Generated_Source\PSoC5/CapSense_Pins.c **** * Description:
   6:.\Generated_Source\PSoC5/CapSense_Pins.c **** *  This file contains API to enable firmware control of a Pins component.
   7:.\Generated_Source\PSoC5/CapSense_Pins.c **** *
   8:.\Generated_Source\PSoC5/CapSense_Pins.c **** * Note:
   9:.\Generated_Source\PSoC5/CapSense_Pins.c **** *
  10:.\Generated_Source\PSoC5/CapSense_Pins.c **** ********************************************************************************
  11:.\Generated_Source\PSoC5/CapSense_Pins.c **** * Copyright 2008-2011, Cypress Semiconductor Corporation.  All rights reserved.
  12:.\Generated_Source\PSoC5/CapSense_Pins.c **** * You may use this file only in accordance with the license, terms, conditions,
  13:.\Generated_Source\PSoC5/CapSense_Pins.c **** * disclaimers, and limitations in the end user license agreement accompanying
  14:.\Generated_Source\PSoC5/CapSense_Pins.c **** * the software package with which this file was provided.
  15:.\Generated_Source\PSoC5/CapSense_Pins.c **** *******************************************************************************/
  16:.\Generated_Source\PSoC5/CapSense_Pins.c **** 
  17:.\Generated_Source\PSoC5/CapSense_Pins.c **** #include "CapSense_Pins.h"
  18:.\Generated_Source\PSoC5/CapSense_Pins.c **** 
  19:.\Generated_Source\PSoC5/CapSense_Pins.c **** 
  20:.\Generated_Source\PSoC5/CapSense_Pins.c **** /*******************************************************************************
  21:.\Generated_Source\PSoC5/CapSense_Pins.c **** * Function Name: CapSense_SetAllSensorsDriveMode
  22:.\Generated_Source\PSoC5/CapSense_Pins.c **** ********************************************************************************
ARM GAS  C:\Users\Geo\AppData\Local\Temp\cckFVENK.s 			page 2


  23:.\Generated_Source\PSoC5/CapSense_Pins.c **** *
  24:.\Generated_Source\PSoC5/CapSense_Pins.c **** * Summary:
  25:.\Generated_Source\PSoC5/CapSense_Pins.c **** *  Sets the drive mode for the all pins used by capacitive sensors within 
  26:.\Generated_Source\PSoC5/CapSense_Pins.c **** *  CapSense component.
  27:.\Generated_Source\PSoC5/CapSense_Pins.c **** * 
  28:.\Generated_Source\PSoC5/CapSense_Pins.c **** * Parameters:  
  29:.\Generated_Source\PSoC5/CapSense_Pins.c **** *  mode: Desired drive mode.
  30:.\Generated_Source\PSoC5/CapSense_Pins.c **** *
  31:.\Generated_Source\PSoC5/CapSense_Pins.c **** * Return: 
  32:.\Generated_Source\PSoC5/CapSense_Pins.c **** *  None
  33:.\Generated_Source\PSoC5/CapSense_Pins.c **** *
  34:.\Generated_Source\PSoC5/CapSense_Pins.c **** *******************************************************************************/
  35:.\Generated_Source\PSoC5/CapSense_Pins.c **** void CapSense_SetAllSensorsDriveMode(uint8 mode) 
  36:.\Generated_Source\PSoC5/CapSense_Pins.c **** {
  32              		.loc 1 36 0
  33              		.cfi_startproc
  34              		@ args = 0, pretend = 0, frame = 8
  35              		@ frame_needed = 1, uses_anonymous_args = 0
  36              		@ link register save eliminated.
  37 0000 80B4     		push	{r7}
  38              	.LCFI0:
  39              		.cfi_def_cfa_offset 4
  40 0002 83B0     		sub	sp, sp, #12
  41              	.LCFI1:
  42              		.cfi_def_cfa_offset 16
  43 0004 00AF     		add	r7, sp, #0
  44              		.cfi_offset 7, -4
  45              	.LCFI2:
  46              		.cfi_def_cfa_register 7
  47 0006 0346     		mov	r3, r0
  48 0008 FB71     		strb	r3, [r7, #7]
  37:.\Generated_Source\PSoC5/CapSense_Pins.c ****     /* Set pins drive mode */
  38:.\Generated_Source\PSoC5/CapSense_Pins.c ****     CyPins_SetPinDriveMode(CapSense_PortCH0__ButtonMotorOnOff__BTN, mode);
  49              		.loc 1 38 0
  50 000a 45F22A03 		movw	r3, #:lower16:1073762346
  51 000e C4F20003 		movt	r3, #:upper16:1073762346
  52 0012 45F22A02 		movw	r2, #:lower16:1073762346
  53 0016 C4F20002 		movt	r2, #:upper16:1073762346
  54 001a 1278     		ldrb	r2, [r2, #0]
  55 001c D2B2     		uxtb	r2, r2
  56 001e 1146     		mov	r1, r2
  57 0020 01F0F101 		and	r1, r1, #241
  58 0024 FA79     		ldrb	r2, [r7, #7]	@ zero_extendqisi2
  59 0026 02F00E02 		and	r2, r2, #14
  60 002a 41EA0202 		orr	r2, r1, r2
  61 002e D2B2     		uxtb	r2, r2
  62 0030 1A70     		strb	r2, [r3, #0]
  39:.\Generated_Source\PSoC5/CapSense_Pins.c ****     CyPins_SetPinDriveMode(CapSense_PortCH0__ButtonLightsOnOff__BTN, mode);
  63              		.loc 1 39 0
  64 0032 45F21F03 		movw	r3, #:lower16:1073762335
  65 0036 C4F20003 		movt	r3, #:upper16:1073762335
  66 003a 45F21F02 		movw	r2, #:lower16:1073762335
  67 003e C4F20002 		movt	r2, #:upper16:1073762335
  68 0042 1278     		ldrb	r2, [r2, #0]
  69 0044 D2B2     		uxtb	r2, r2
  70 0046 1146     		mov	r1, r2
  71 0048 01F0F101 		and	r1, r1, #241
ARM GAS  C:\Users\Geo\AppData\Local\Temp\cckFVENK.s 			page 3


  72 004c FA79     		ldrb	r2, [r7, #7]	@ zero_extendqisi2
  73 004e 02F00E02 		and	r2, r2, #14
  74 0052 41EA0202 		orr	r2, r1, r2
  75 0056 D2B2     		uxtb	r2, r2
  76 0058 1A70     		strb	r2, [r3, #0]
  40:.\Generated_Source\PSoC5/CapSense_Pins.c ****     CyPins_SetPinDriveMode(CapSense_PortCH0__ButtonAlarmOnOff__BTN, mode);
  77              		.loc 1 40 0
  78 005a 45F21503 		movw	r3, #:lower16:1073762325
  79 005e C4F20003 		movt	r3, #:upper16:1073762325
  80 0062 45F21502 		movw	r2, #:lower16:1073762325
  81 0066 C4F20002 		movt	r2, #:upper16:1073762325
  82 006a 1278     		ldrb	r2, [r2, #0]
  83 006c D2B2     		uxtb	r2, r2
  84 006e 1146     		mov	r1, r2
  85 0070 01F0F101 		and	r1, r1, #241
  86 0074 FA79     		ldrb	r2, [r7, #7]	@ zero_extendqisi2
  87 0076 02F00E02 		and	r2, r2, #14
  88 007a 41EA0202 		orr	r2, r1, r2
  89 007e D2B2     		uxtb	r2, r2
  90 0080 1A70     		strb	r2, [r3, #0]
  41:.\Generated_Source\PSoC5/CapSense_Pins.c ****     CyPins_SetPinDriveMode(CapSense_PortCH0__ButtonLightMode__BTN, mode);
  91              		.loc 1 41 0
  92 0082 45F20703 		movw	r3, #:lower16:1073762311
  93 0086 C4F20003 		movt	r3, #:upper16:1073762311
  94 008a 45F20702 		movw	r2, #:lower16:1073762311
  95 008e C4F20002 		movt	r2, #:upper16:1073762311
  96 0092 1278     		ldrb	r2, [r2, #0]
  97 0094 D2B2     		uxtb	r2, r2
  98 0096 1146     		mov	r1, r2
  99 0098 01F0F101 		and	r1, r1, #241
 100 009c FA79     		ldrb	r2, [r7, #7]	@ zero_extendqisi2
 101 009e 02F00E02 		and	r2, r2, #14
 102 00a2 41EA0202 		orr	r2, r1, r2
 103 00a6 D2B2     		uxtb	r2, r2
 104 00a8 1A70     		strb	r2, [r3, #0]
  42:.\Generated_Source\PSoC5/CapSense_Pins.c **** 
  43:.\Generated_Source\PSoC5/CapSense_Pins.c **** }
 105              		.loc 1 43 0
 106 00aa 07F10C07 		add	r7, r7, #12
 107 00ae BD46     		mov	sp, r7
 108 00b0 80BC     		pop	{r7}
 109 00b2 7047     		bx	lr
 110              		.cfi_endproc
 111              	.LFE0:
 112              		.size	CapSense_SetAllSensorsDriveMode, .-CapSense_SetAllSensorsDriveMode
 113              		.section	.text.CapSense_SetAllCmodsDriveMode,"ax",%progbits
 114              		.align	2
 115              		.global	CapSense_SetAllCmodsDriveMode
 116              		.thumb
 117              		.thumb_func
 118              		.type	CapSense_SetAllCmodsDriveMode, %function
 119              	CapSense_SetAllCmodsDriveMode:
 120              	.LFB1:
  44:.\Generated_Source\PSoC5/CapSense_Pins.c **** 
  45:.\Generated_Source\PSoC5/CapSense_Pins.c **** 
  46:.\Generated_Source\PSoC5/CapSense_Pins.c **** 
  47:.\Generated_Source\PSoC5/CapSense_Pins.c **** /*******************************************************************************
ARM GAS  C:\Users\Geo\AppData\Local\Temp\cckFVENK.s 			page 4


  48:.\Generated_Source\PSoC5/CapSense_Pins.c **** * Function Name: CapSense_SetAllCmodsDriveMode
  49:.\Generated_Source\PSoC5/CapSense_Pins.c **** ********************************************************************************
  50:.\Generated_Source\PSoC5/CapSense_Pins.c **** *
  51:.\Generated_Source\PSoC5/CapSense_Pins.c **** * Summary:
  52:.\Generated_Source\PSoC5/CapSense_Pins.c **** *  Sets the drive mode for the all pins used by Cmod capacitors within CapSense 
  53:.\Generated_Source\PSoC5/CapSense_Pins.c **** *  component.
  54:.\Generated_Source\PSoC5/CapSense_Pins.c **** * 
  55:.\Generated_Source\PSoC5/CapSense_Pins.c **** * Parameters:  
  56:.\Generated_Source\PSoC5/CapSense_Pins.c **** *  mode: Desired drive mode.
  57:.\Generated_Source\PSoC5/CapSense_Pins.c **** *
  58:.\Generated_Source\PSoC5/CapSense_Pins.c **** * Return: 
  59:.\Generated_Source\PSoC5/CapSense_Pins.c **** *  None
  60:.\Generated_Source\PSoC5/CapSense_Pins.c **** *
  61:.\Generated_Source\PSoC5/CapSense_Pins.c **** *******************************************************************************/
  62:.\Generated_Source\PSoC5/CapSense_Pins.c **** void CapSense_SetAllCmodsDriveMode(uint8 mode) 
  63:.\Generated_Source\PSoC5/CapSense_Pins.c **** {
 121              		.loc 1 63 0
 122              		.cfi_startproc
 123              		@ args = 0, pretend = 0, frame = 8
 124              		@ frame_needed = 1, uses_anonymous_args = 0
 125              		@ link register save eliminated.
 126 0000 80B4     		push	{r7}
 127              	.LCFI3:
 128              		.cfi_def_cfa_offset 4
 129 0002 83B0     		sub	sp, sp, #12
 130              	.LCFI4:
 131              		.cfi_def_cfa_offset 16
 132 0004 00AF     		add	r7, sp, #0
 133              		.cfi_offset 7, -4
 134              	.LCFI5:
 135              		.cfi_def_cfa_register 7
 136 0006 0346     		mov	r3, r0
 137 0008 FB71     		strb	r3, [r7, #7]
  64:.\Generated_Source\PSoC5/CapSense_Pins.c ****    /* Set pins drive mode */
  65:.\Generated_Source\PSoC5/CapSense_Pins.c ****     CyPins_SetPinDriveMode(CapSense_CmodCH0_Cmod_CH0, mode);
 138              		.loc 1 65 0
 139 000a 45F22503 		movw	r3, #:lower16:1073762341
 140 000e C4F20003 		movt	r3, #:upper16:1073762341
 141 0012 45F22502 		movw	r2, #:lower16:1073762341
 142 0016 C4F20002 		movt	r2, #:upper16:1073762341
 143 001a 1278     		ldrb	r2, [r2, #0]
 144 001c D2B2     		uxtb	r2, r2
 145 001e 1146     		mov	r1, r2
 146 0020 01F0F101 		and	r1, r1, #241
 147 0024 FA79     		ldrb	r2, [r7, #7]	@ zero_extendqisi2
 148 0026 02F00E02 		and	r2, r2, #14
 149 002a 41EA0202 		orr	r2, r1, r2
 150 002e D2B2     		uxtb	r2, r2
 151 0030 1A70     		strb	r2, [r3, #0]
  66:.\Generated_Source\PSoC5/CapSense_Pins.c **** 
  67:.\Generated_Source\PSoC5/CapSense_Pins.c **** }
 152              		.loc 1 67 0
 153 0032 07F10C07 		add	r7, r7, #12
 154 0036 BD46     		mov	sp, r7
 155 0038 80BC     		pop	{r7}
 156 003a 7047     		bx	lr
 157              		.cfi_endproc
ARM GAS  C:\Users\Geo\AppData\Local\Temp\cckFVENK.s 			page 5


 158              	.LFE1:
 159              		.size	CapSense_SetAllCmodsDriveMode, .-CapSense_SetAllCmodsDriveMode
 160              		.text
 161              	.Letext0:
 162              		.section	.debug_loc,"",%progbits
 163              	.Ldebug_loc0:
 164              	.LLST0:
 165 0000 00000000 		.4byte	.LFB0
 166 0004 02000000 		.4byte	.LCFI0
 167 0008 0100     		.2byte	0x1
 168 000a 5D       		.byte	0x5d
 169 000b 02000000 		.4byte	.LCFI0
 170 000f 04000000 		.4byte	.LCFI1
 171 0013 0200     		.2byte	0x2
 172 0015 7D       		.byte	0x7d
 173 0016 04       		.sleb128 4
 174 0017 04000000 		.4byte	.LCFI1
 175 001b 06000000 		.4byte	.LCFI2
 176 001f 0200     		.2byte	0x2
 177 0021 7D       		.byte	0x7d
 178 0022 10       		.sleb128 16
 179 0023 06000000 		.4byte	.LCFI2
 180 0027 B4000000 		.4byte	.LFE0
 181 002b 0200     		.2byte	0x2
 182 002d 77       		.byte	0x77
 183 002e 10       		.sleb128 16
 184 002f 00000000 		.4byte	0x0
 185 0033 00000000 		.4byte	0x0
 186              	.LLST1:
 187 0037 00000000 		.4byte	.LFB1
 188 003b 02000000 		.4byte	.LCFI3
 189 003f 0100     		.2byte	0x1
 190 0041 5D       		.byte	0x5d
 191 0042 02000000 		.4byte	.LCFI3
 192 0046 04000000 		.4byte	.LCFI4
 193 004a 0200     		.2byte	0x2
 194 004c 7D       		.byte	0x7d
 195 004d 04       		.sleb128 4
 196 004e 04000000 		.4byte	.LCFI4
 197 0052 06000000 		.4byte	.LCFI5
 198 0056 0200     		.2byte	0x2
 199 0058 7D       		.byte	0x7d
 200 0059 10       		.sleb128 16
 201 005a 06000000 		.4byte	.LCFI5
 202 005e 3C000000 		.4byte	.LFE1
 203 0062 0200     		.2byte	0x2
 204 0064 77       		.byte	0x77
 205 0065 10       		.sleb128 16
 206 0066 00000000 		.4byte	0x0
 207 006a 00000000 		.4byte	0x0
 208              		.file 2 ".\\Generated_Source\\PSoC5\\/cytypes.h"
 209              		.section	.debug_info
 210 0000 CD000000 		.4byte	0xcd
 211 0004 0200     		.2byte	0x2
 212 0006 00000000 		.4byte	.Ldebug_abbrev0
 213 000a 04       		.byte	0x4
 214 000b 01       		.uleb128 0x1
ARM GAS  C:\Users\Geo\AppData\Local\Temp\cckFVENK.s 			page 6


 215 000c C3000000 		.4byte	.LASF11
 216 0010 01       		.byte	0x1
 217 0011 83000000 		.4byte	.LASF12
 218 0015 EB000000 		.4byte	.LASF13
 219 0019 00000000 		.4byte	0x0
 220 001d 00000000 		.4byte	0x0
 221 0021 00000000 		.4byte	.Ldebug_ranges0+0x0
 222 0025 00000000 		.4byte	.Ldebug_line0
 223 0029 02       		.uleb128 0x2
 224 002a 01       		.byte	0x1
 225 002b 06       		.byte	0x6
 226 002c 4B010000 		.4byte	.LASF0
 227 0030 02       		.uleb128 0x2
 228 0031 01       		.byte	0x1
 229 0032 08       		.byte	0x8
 230 0033 CF000000 		.4byte	.LASF1
 231 0037 02       		.uleb128 0x2
 232 0038 02       		.byte	0x2
 233 0039 05       		.byte	0x5
 234 003a 57010000 		.4byte	.LASF2
 235 003e 02       		.uleb128 0x2
 236 003f 02       		.byte	0x2
 237 0040 07       		.byte	0x7
 238 0041 0E000000 		.4byte	.LASF3
 239 0045 02       		.uleb128 0x2
 240 0046 04       		.byte	0x4
 241 0047 05       		.byte	0x5
 242 0048 E2000000 		.4byte	.LASF4
 243 004c 02       		.uleb128 0x2
 244 004d 04       		.byte	0x4
 245 004e 07       		.byte	0x7
 246 004f 71000000 		.4byte	.LASF5
 247 0053 02       		.uleb128 0x2
 248 0054 08       		.byte	0x8
 249 0055 05       		.byte	0x5
 250 0056 00000000 		.4byte	.LASF6
 251 005a 02       		.uleb128 0x2
 252 005b 08       		.byte	0x8
 253 005c 07       		.byte	0x7
 254 005d AC000000 		.4byte	.LASF7
 255 0061 03       		.uleb128 0x3
 256 0062 04       		.byte	0x4
 257 0063 05       		.byte	0x5
 258 0064 696E7400 		.ascii	"int\000"
 259 0068 02       		.uleb128 0x2
 260 0069 04       		.byte	0x4
 261 006a 07       		.byte	0x7
 262 006b 21000000 		.4byte	.LASF8
 263 006f 02       		.uleb128 0x2
 264 0070 01       		.byte	0x1
 265 0071 08       		.byte	0x8
 266 0072 DD000000 		.4byte	.LASF9
 267 0076 04       		.uleb128 0x4
 268 0077 45010000 		.4byte	.LASF14
 269 007b 02       		.byte	0x2
 270 007c 51       		.byte	0x51
 271 007d 30000000 		.4byte	0x30
ARM GAS  C:\Users\Geo\AppData\Local\Temp\cckFVENK.s 			page 7


 272 0081 05       		.uleb128 0x5
 273 0082 04       		.byte	0x4
 274 0083 07       		.byte	0x7
 275 0084 06       		.uleb128 0x6
 276 0085 01       		.byte	0x1
 277 0086 2E000000 		.4byte	.LASF15
 278 008a 01       		.byte	0x1
 279 008b 23       		.byte	0x23
 280 008c 01       		.byte	0x1
 281 008d 00000000 		.4byte	.LFB0
 282 0091 B4000000 		.4byte	.LFE0
 283 0095 00000000 		.4byte	.LLST0
 284 0099 AC000000 		.4byte	0xac
 285 009d 07       		.uleb128 0x7
 286 009e 4E000000 		.4byte	.LASF10
 287 00a2 01       		.byte	0x1
 288 00a3 23       		.byte	0x23
 289 00a4 76000000 		.4byte	0x76
 290 00a8 02       		.byte	0x2
 291 00a9 91       		.byte	0x91
 292 00aa 77       		.sleb128 -9
 293 00ab 00       		.byte	0x0
 294 00ac 08       		.uleb128 0x8
 295 00ad 01       		.byte	0x1
 296 00ae 53000000 		.4byte	.LASF16
 297 00b2 01       		.byte	0x1
 298 00b3 3E       		.byte	0x3e
 299 00b4 01       		.byte	0x1
 300 00b5 00000000 		.4byte	.LFB1
 301 00b9 3C000000 		.4byte	.LFE1
 302 00bd 37000000 		.4byte	.LLST1
 303 00c1 07       		.uleb128 0x7
 304 00c2 4E000000 		.4byte	.LASF10
 305 00c6 01       		.byte	0x1
 306 00c7 3E       		.byte	0x3e
 307 00c8 76000000 		.4byte	0x76
 308 00cc 02       		.byte	0x2
 309 00cd 91       		.byte	0x91
 310 00ce 77       		.sleb128 -9
 311 00cf 00       		.byte	0x0
 312 00d0 00       		.byte	0x0
 313              		.section	.debug_abbrev
 314 0000 01       		.uleb128 0x1
 315 0001 11       		.uleb128 0x11
 316 0002 01       		.byte	0x1
 317 0003 25       		.uleb128 0x25
 318 0004 0E       		.uleb128 0xe
 319 0005 13       		.uleb128 0x13
 320 0006 0B       		.uleb128 0xb
 321 0007 03       		.uleb128 0x3
 322 0008 0E       		.uleb128 0xe
 323 0009 1B       		.uleb128 0x1b
 324 000a 0E       		.uleb128 0xe
 325 000b 11       		.uleb128 0x11
 326 000c 01       		.uleb128 0x1
 327 000d 52       		.uleb128 0x52
 328 000e 01       		.uleb128 0x1
ARM GAS  C:\Users\Geo\AppData\Local\Temp\cckFVENK.s 			page 8


 329 000f 55       		.uleb128 0x55
 330 0010 06       		.uleb128 0x6
 331 0011 10       		.uleb128 0x10
 332 0012 06       		.uleb128 0x6
 333 0013 00       		.byte	0x0
 334 0014 00       		.byte	0x0
 335 0015 02       		.uleb128 0x2
 336 0016 24       		.uleb128 0x24
 337 0017 00       		.byte	0x0
 338 0018 0B       		.uleb128 0xb
 339 0019 0B       		.uleb128 0xb
 340 001a 3E       		.uleb128 0x3e
 341 001b 0B       		.uleb128 0xb
 342 001c 03       		.uleb128 0x3
 343 001d 0E       		.uleb128 0xe
 344 001e 00       		.byte	0x0
 345 001f 00       		.byte	0x0
 346 0020 03       		.uleb128 0x3
 347 0021 24       		.uleb128 0x24
 348 0022 00       		.byte	0x0
 349 0023 0B       		.uleb128 0xb
 350 0024 0B       		.uleb128 0xb
 351 0025 3E       		.uleb128 0x3e
 352 0026 0B       		.uleb128 0xb
 353 0027 03       		.uleb128 0x3
 354 0028 08       		.uleb128 0x8
 355 0029 00       		.byte	0x0
 356 002a 00       		.byte	0x0
 357 002b 04       		.uleb128 0x4
 358 002c 16       		.uleb128 0x16
 359 002d 00       		.byte	0x0
 360 002e 03       		.uleb128 0x3
 361 002f 0E       		.uleb128 0xe
 362 0030 3A       		.uleb128 0x3a
 363 0031 0B       		.uleb128 0xb
 364 0032 3B       		.uleb128 0x3b
 365 0033 0B       		.uleb128 0xb
 366 0034 49       		.uleb128 0x49
 367 0035 13       		.uleb128 0x13
 368 0036 00       		.byte	0x0
 369 0037 00       		.byte	0x0
 370 0038 05       		.uleb128 0x5
 371 0039 24       		.uleb128 0x24
 372 003a 00       		.byte	0x0
 373 003b 0B       		.uleb128 0xb
 374 003c 0B       		.uleb128 0xb
 375 003d 3E       		.uleb128 0x3e
 376 003e 0B       		.uleb128 0xb
 377 003f 00       		.byte	0x0
 378 0040 00       		.byte	0x0
 379 0041 06       		.uleb128 0x6
 380 0042 2E       		.uleb128 0x2e
 381 0043 01       		.byte	0x1
 382 0044 3F       		.uleb128 0x3f
 383 0045 0C       		.uleb128 0xc
 384 0046 03       		.uleb128 0x3
 385 0047 0E       		.uleb128 0xe
ARM GAS  C:\Users\Geo\AppData\Local\Temp\cckFVENK.s 			page 9


 386 0048 3A       		.uleb128 0x3a
 387 0049 0B       		.uleb128 0xb
 388 004a 3B       		.uleb128 0x3b
 389 004b 0B       		.uleb128 0xb
 390 004c 27       		.uleb128 0x27
 391 004d 0C       		.uleb128 0xc
 392 004e 11       		.uleb128 0x11
 393 004f 01       		.uleb128 0x1
 394 0050 12       		.uleb128 0x12
 395 0051 01       		.uleb128 0x1
 396 0052 40       		.uleb128 0x40
 397 0053 06       		.uleb128 0x6
 398 0054 01       		.uleb128 0x1
 399 0055 13       		.uleb128 0x13
 400 0056 00       		.byte	0x0
 401 0057 00       		.byte	0x0
 402 0058 07       		.uleb128 0x7
 403 0059 05       		.uleb128 0x5
 404 005a 00       		.byte	0x0
 405 005b 03       		.uleb128 0x3
 406 005c 0E       		.uleb128 0xe
 407 005d 3A       		.uleb128 0x3a
 408 005e 0B       		.uleb128 0xb
 409 005f 3B       		.uleb128 0x3b
 410 0060 0B       		.uleb128 0xb
 411 0061 49       		.uleb128 0x49
 412 0062 13       		.uleb128 0x13
 413 0063 02       		.uleb128 0x2
 414 0064 0A       		.uleb128 0xa
 415 0065 00       		.byte	0x0
 416 0066 00       		.byte	0x0
 417 0067 08       		.uleb128 0x8
 418 0068 2E       		.uleb128 0x2e
 419 0069 01       		.byte	0x1
 420 006a 3F       		.uleb128 0x3f
 421 006b 0C       		.uleb128 0xc
 422 006c 03       		.uleb128 0x3
 423 006d 0E       		.uleb128 0xe
 424 006e 3A       		.uleb128 0x3a
 425 006f 0B       		.uleb128 0xb
 426 0070 3B       		.uleb128 0x3b
 427 0071 0B       		.uleb128 0xb
 428 0072 27       		.uleb128 0x27
 429 0073 0C       		.uleb128 0xc
 430 0074 11       		.uleb128 0x11
 431 0075 01       		.uleb128 0x1
 432 0076 12       		.uleb128 0x12
 433 0077 01       		.uleb128 0x1
 434 0078 40       		.uleb128 0x40
 435 0079 06       		.uleb128 0x6
 436 007a 00       		.byte	0x0
 437 007b 00       		.byte	0x0
 438 007c 00       		.byte	0x0
 439              		.section	.debug_pubnames,"",%progbits
 440 0000 54000000 		.4byte	0x54
 441 0004 0200     		.2byte	0x2
 442 0006 00000000 		.4byte	.Ldebug_info0
ARM GAS  C:\Users\Geo\AppData\Local\Temp\cckFVENK.s 			page 10


 443 000a D1000000 		.4byte	0xd1
 444 000e 84000000 		.4byte	0x84
 445 0012 43617053 		.ascii	"CapSense_SetAllSensorsDriveMode\000"
 445      656E7365 
 445      5F536574 
 445      416C6C53 
 445      656E736F 
 446 0032 AC000000 		.4byte	0xac
 447 0036 43617053 		.ascii	"CapSense_SetAllCmodsDriveMode\000"
 447      656E7365 
 447      5F536574 
 447      416C6C43 
 447      6D6F6473 
 448 0054 00000000 		.4byte	0x0
 449              		.section	.debug_aranges,"",%progbits
 450 0000 24000000 		.4byte	0x24
 451 0004 0200     		.2byte	0x2
 452 0006 00000000 		.4byte	.Ldebug_info0
 453 000a 04       		.byte	0x4
 454 000b 00       		.byte	0x0
 455 000c 0000     		.2byte	0x0
 456 000e 0000     		.2byte	0x0
 457 0010 00000000 		.4byte	.LFB0
 458 0014 B4000000 		.4byte	.LFE0-.LFB0
 459 0018 00000000 		.4byte	.LFB1
 460 001c 3C000000 		.4byte	.LFE1-.LFB1
 461 0020 00000000 		.4byte	0x0
 462 0024 00000000 		.4byte	0x0
 463              		.section	.debug_ranges,"",%progbits
 464              	.Ldebug_ranges0:
 465 0000 00000000 		.4byte	.Ltext0
 466 0004 00000000 		.4byte	.Letext0
 467 0008 00000000 		.4byte	.LFB0
 468 000c B4000000 		.4byte	.LFE0
 469 0010 00000000 		.4byte	.LFB1
 470 0014 3C000000 		.4byte	.LFE1
 471 0018 00000000 		.4byte	0x0
 472 001c 00000000 		.4byte	0x0
 473              		.section	.debug_str,"MS",%progbits,1
 474              	.LASF6:
 475 0000 6C6F6E67 		.ascii	"long long int\000"
 475      206C6F6E 
 475      6720696E 
 475      7400
 476              	.LASF3:
 477 000e 73686F72 		.ascii	"short unsigned int\000"
 477      7420756E 
 477      7369676E 
 477      65642069 
 477      6E7400
 478              	.LASF8:
 479 0021 756E7369 		.ascii	"unsigned int\000"
 479      676E6564 
 479      20696E74 
 479      00
 480              	.LASF15:
 481 002e 43617053 		.ascii	"CapSense_SetAllSensorsDriveMode\000"
ARM GAS  C:\Users\Geo\AppData\Local\Temp\cckFVENK.s 			page 11


 481      656E7365 
 481      5F536574 
 481      416C6C53 
 481      656E736F 
 482              	.LASF10:
 483 004e 6D6F6465 		.ascii	"mode\000"
 483      00
 484              	.LASF16:
 485 0053 43617053 		.ascii	"CapSense_SetAllCmodsDriveMode\000"
 485      656E7365 
 485      5F536574 
 485      416C6C43 
 485      6D6F6473 
 486              	.LASF5:
 487 0071 6C6F6E67 		.ascii	"long unsigned int\000"
 487      20756E73 
 487      69676E65 
 487      6420696E 
 487      7400
 488              	.LASF12:
 489 0083 2E5C4765 		.ascii	".\\Generated_Source\\PSoC5\\CapSense_Pins.c\000"
 489      6E657261 
 489      7465645F 
 489      536F7572 
 489      63655C50 
 490              	.LASF7:
 491 00ac 6C6F6E67 		.ascii	"long long unsigned int\000"
 491      206C6F6E 
 491      6720756E 
 491      7369676E 
 491      65642069 
 492              	.LASF11:
 493 00c3 474E5520 		.ascii	"GNU C 4.4.1\000"
 493      4320342E 
 493      342E3100 
 494              	.LASF1:
 495 00cf 756E7369 		.ascii	"unsigned char\000"
 495      676E6564 
 495      20636861 
 495      7200
 496              	.LASF9:
 497 00dd 63686172 		.ascii	"char\000"
 497      00
 498              	.LASF4:
 499 00e2 6C6F6E67 		.ascii	"long int\000"
 499      20696E74 
 499      00
 500              	.LASF13:
 501 00eb 433A5C55 		.ascii	"C:\\Users\\Geo\\Documents\\Projects\\Electric Skate"
 501      73657273 
 501      5C47656F 
 501      5C446F63 
 501      756D656E 
 502 0119 626F6172 		.ascii	"board\\Firmware\\PSoC\\Skateboard Remote.cydsn\000"
 502      645C4669 
 502      726D7761 
 502      72655C50 
ARM GAS  C:\Users\Geo\AppData\Local\Temp\cckFVENK.s 			page 12


 502      536F435C 
 503              	.LASF14:
 504 0145 75696E74 		.ascii	"uint8\000"
 504      3800
 505              	.LASF0:
 506 014b 7369676E 		.ascii	"signed char\000"
 506      65642063 
 506      68617200 
 507              	.LASF2:
 508 0157 73686F72 		.ascii	"short int\000"
 508      7420696E 
 508      7400
 509              		.ident	"GCC: (Sourcery G++ Lite 2010q1-188) 4.4.1"
