ARM GAS  C:\Users\Geo\AppData\Local\Temp\ccJPTJlk.s 			page 1


   1              		.syntax unified
   2              		.cpu cortex-m3
   3              		.fpu softvfp
   4              		.eabi_attribute 20, 1
   5              		.eabi_attribute 21, 1
   6              		.eabi_attribute 23, 3
   7              		.eabi_attribute 24, 1
   8              		.eabi_attribute 25, 1
   9              		.eabi_attribute 26, 1
  10              		.eabi_attribute 30, 6
  11              		.eabi_attribute 18, 4
  12              		.thumb
  13              		.file	"CapSense_AMuxCH0.c"
  14              		.section	.debug_abbrev,"",%progbits
  15              	.Ldebug_abbrev0:
  16              		.section	.debug_info,"",%progbits
  17              	.Ldebug_info0:
  18              		.section	.debug_line,"",%progbits
  19              	.Ldebug_line0:
  20 0000 E3000000 		.text
  20      02006900 
  20      00000201 
  20      FB0E0D00 
  20      01010101 
  21              	.Ltext0:
  22              		.cfi_sections	.debug_frame
  23              		.global	CapSense_AMuxCH0_initVar
  24              		.bss
  25              		.type	CapSense_AMuxCH0_initVar, %object
  26              		.size	CapSense_AMuxCH0_initVar, 1
  27              	CapSense_AMuxCH0_initVar:
  28 0000 00       		.space	1
  29              		.global	CapSense_AMuxCH0_lastChannel
  30              		.data
  31              		.type	CapSense_AMuxCH0_lastChannel, %object
  32              		.size	CapSense_AMuxCH0_lastChannel, 1
  33              	CapSense_AMuxCH0_lastChannel:
  34 0000 FF       		.byte	-1
  35              		.section	.text.CapSense_AMuxCH0_Start,"ax",%progbits
  36              		.align	2
  37              		.global	CapSense_AMuxCH0_Start
  38              		.thumb
  39              		.thumb_func
  40              		.type	CapSense_AMuxCH0_Start, %function
  41              	CapSense_AMuxCH0_Start:
  42              	.LFB0:
  43              		.file 1 ".\\Generated_Source\\PSoC5\\CapSense_AMuxCH0.c"
   1:.\Generated_Source\PSoC5/CapSense_AMuxCH0.c **** /*******************************************************************************
   2:.\Generated_Source\PSoC5/CapSense_AMuxCH0.c **** * File Name: CapSense_AMuxCH0.c
   3:.\Generated_Source\PSoC5/CapSense_AMuxCH0.c **** * Version 3.10
   4:.\Generated_Source\PSoC5/CapSense_AMuxCH0.c **** *
   5:.\Generated_Source\PSoC5/CapSense_AMuxCH0.c **** *  Description:
   6:.\Generated_Source\PSoC5/CapSense_AMuxCH0.c **** *    This file contains all functions required for the analog multiplexer
   7:.\Generated_Source\PSoC5/CapSense_AMuxCH0.c **** *    CapSense_CSD_AMux User Module.
   8:.\Generated_Source\PSoC5/CapSense_AMuxCH0.c **** *
   9:.\Generated_Source\PSoC5/CapSense_AMuxCH0.c **** *   Note:
  10:.\Generated_Source\PSoC5/CapSense_AMuxCH0.c **** *
ARM GAS  C:\Users\Geo\AppData\Local\Temp\ccJPTJlk.s 			page 2


  11:.\Generated_Source\PSoC5/CapSense_AMuxCH0.c **** *******************************************************************************
  12:.\Generated_Source\PSoC5/CapSense_AMuxCH0.c **** * Copyright 2008-2011, Cypress Semiconductor Corporation.  All rights reserved.
  13:.\Generated_Source\PSoC5/CapSense_AMuxCH0.c **** * You may use this file only in accordance with the license, terms, conditions, 
  14:.\Generated_Source\PSoC5/CapSense_AMuxCH0.c **** * disclaimers, and limitations in the end user license agreement accompanying 
  15:.\Generated_Source\PSoC5/CapSense_AMuxCH0.c **** * the software package with which this file was provided.
  16:.\Generated_Source\PSoC5/CapSense_AMuxCH0.c **** ********************************************************************************/
  17:.\Generated_Source\PSoC5/CapSense_AMuxCH0.c **** 
  18:.\Generated_Source\PSoC5/CapSense_AMuxCH0.c **** #include "CapSense_AMuxCH0.h"
  19:.\Generated_Source\PSoC5/CapSense_AMuxCH0.c **** 
  20:.\Generated_Source\PSoC5/CapSense_AMuxCH0.c **** uint8 CapSense_AMuxCH0_initVar = 0u;
  21:.\Generated_Source\PSoC5/CapSense_AMuxCH0.c **** uint8 CapSense_AMuxCH0_lastChannel = CapSense_AMuxCH0_NULL_CHANNEL;
  22:.\Generated_Source\PSoC5/CapSense_AMuxCH0.c **** 
  23:.\Generated_Source\PSoC5/CapSense_AMuxCH0.c **** 
  24:.\Generated_Source\PSoC5/CapSense_AMuxCH0.c **** /*******************************************************************************
  25:.\Generated_Source\PSoC5/CapSense_AMuxCH0.c **** * Function Name: CapSense_AMuxCH0_Start
  26:.\Generated_Source\PSoC5/CapSense_AMuxCH0.c **** ********************************************************************************
  27:.\Generated_Source\PSoC5/CapSense_AMuxCH0.c **** * Summary:
  28:.\Generated_Source\PSoC5/CapSense_AMuxCH0.c **** *  Disconnect all channels.
  29:.\Generated_Source\PSoC5/CapSense_AMuxCH0.c **** *
  30:.\Generated_Source\PSoC5/CapSense_AMuxCH0.c **** * Parameters:
  31:.\Generated_Source\PSoC5/CapSense_AMuxCH0.c **** *  void
  32:.\Generated_Source\PSoC5/CapSense_AMuxCH0.c **** *
  33:.\Generated_Source\PSoC5/CapSense_AMuxCH0.c **** * Return:
  34:.\Generated_Source\PSoC5/CapSense_AMuxCH0.c **** *  void
  35:.\Generated_Source\PSoC5/CapSense_AMuxCH0.c **** *
  36:.\Generated_Source\PSoC5/CapSense_AMuxCH0.c **** *******************************************************************************/
  37:.\Generated_Source\PSoC5/CapSense_AMuxCH0.c **** void CapSense_AMuxCH0_Start(void)
  38:.\Generated_Source\PSoC5/CapSense_AMuxCH0.c **** {
  44              		.loc 1 38 0
  45              		.cfi_startproc
  46              		@ args = 0, pretend = 0, frame = 0
  47              		@ frame_needed = 1, uses_anonymous_args = 0
  48 0000 80B5     		push	{r7, lr}
  49              	.LCFI0:
  50              		.cfi_def_cfa_offset 8
  51 0002 00AF     		add	r7, sp, #0
  52              		.cfi_offset 14, -4
  53              		.cfi_offset 7, -8
  54              	.LCFI1:
  55              		.cfi_def_cfa_register 7
  39:.\Generated_Source\PSoC5/CapSense_AMuxCH0.c ****     CapSense_AMuxCH0_DisconnectAll();
  56              		.loc 1 39 0
  57 0004 FFF7FEFF 		bl	CapSense_AMuxCH0_DisconnectAll
  40:.\Generated_Source\PSoC5/CapSense_AMuxCH0.c ****     CapSense_AMuxCH0_initVar = 1u;
  58              		.loc 1 40 0
  59 0008 40F20003 		movw	r3, #:lower16:CapSense_AMuxCH0_initVar
  60 000c C0F20003 		movt	r3, #:upper16:CapSense_AMuxCH0_initVar
  61 0010 4FF00102 		mov	r2, #1
  62 0014 1A70     		strb	r2, [r3, #0]
  41:.\Generated_Source\PSoC5/CapSense_AMuxCH0.c **** }
  63              		.loc 1 41 0
  64 0016 80BD     		pop	{r7, pc}
  65              		.cfi_endproc
  66              	.LFE0:
  67              		.size	CapSense_AMuxCH0_Start, .-CapSense_AMuxCH0_Start
  68              		.section	.text.CapSense_AMuxCH0_Init,"ax",%progbits
  69              		.align	2
ARM GAS  C:\Users\Geo\AppData\Local\Temp\ccJPTJlk.s 			page 3


  70              		.global	CapSense_AMuxCH0_Init
  71              		.thumb
  72              		.thumb_func
  73              		.type	CapSense_AMuxCH0_Init, %function
  74              	CapSense_AMuxCH0_Init:
  75              	.LFB1:
  42:.\Generated_Source\PSoC5/CapSense_AMuxCH0.c **** 
  43:.\Generated_Source\PSoC5/CapSense_AMuxCH0.c **** 
  44:.\Generated_Source\PSoC5/CapSense_AMuxCH0.c **** /*******************************************************************************
  45:.\Generated_Source\PSoC5/CapSense_AMuxCH0.c **** * Function Name: CapSense_AMuxCH0_Init
  46:.\Generated_Source\PSoC5/CapSense_AMuxCH0.c **** ********************************************************************************
  47:.\Generated_Source\PSoC5/CapSense_AMuxCH0.c **** * Summary:
  48:.\Generated_Source\PSoC5/CapSense_AMuxCH0.c **** *  Disconnect all channels.
  49:.\Generated_Source\PSoC5/CapSense_AMuxCH0.c **** *
  50:.\Generated_Source\PSoC5/CapSense_AMuxCH0.c **** * Parameters:
  51:.\Generated_Source\PSoC5/CapSense_AMuxCH0.c **** *  void
  52:.\Generated_Source\PSoC5/CapSense_AMuxCH0.c **** *
  53:.\Generated_Source\PSoC5/CapSense_AMuxCH0.c **** * Return:
  54:.\Generated_Source\PSoC5/CapSense_AMuxCH0.c **** *  void
  55:.\Generated_Source\PSoC5/CapSense_AMuxCH0.c **** *
  56:.\Generated_Source\PSoC5/CapSense_AMuxCH0.c **** *******************************************************************************/
  57:.\Generated_Source\PSoC5/CapSense_AMuxCH0.c **** void CapSense_AMuxCH0_Init(void)
  58:.\Generated_Source\PSoC5/CapSense_AMuxCH0.c **** {
  76              		.loc 1 58 0
  77              		.cfi_startproc
  78              		@ args = 0, pretend = 0, frame = 0
  79              		@ frame_needed = 1, uses_anonymous_args = 0
  80 0000 80B5     		push	{r7, lr}
  81              	.LCFI2:
  82              		.cfi_def_cfa_offset 8
  83 0002 00AF     		add	r7, sp, #0
  84              		.cfi_offset 14, -4
  85              		.cfi_offset 7, -8
  86              	.LCFI3:
  87              		.cfi_def_cfa_register 7
  59:.\Generated_Source\PSoC5/CapSense_AMuxCH0.c ****     CapSense_AMuxCH0_DisconnectAll();
  88              		.loc 1 59 0
  89 0004 FFF7FEFF 		bl	CapSense_AMuxCH0_DisconnectAll
  60:.\Generated_Source\PSoC5/CapSense_AMuxCH0.c **** }
  90              		.loc 1 60 0
  91 0008 80BD     		pop	{r7, pc}
  92              		.cfi_endproc
  93              	.LFE1:
  94              		.size	CapSense_AMuxCH0_Init, .-CapSense_AMuxCH0_Init
  95 000a 00BF     		.section	.text.CapSense_AMuxCH0_Stop,"ax",%progbits
  96              		.align	2
  97              		.global	CapSense_AMuxCH0_Stop
  98              		.thumb
  99              		.thumb_func
 100              		.type	CapSense_AMuxCH0_Stop, %function
 101              	CapSense_AMuxCH0_Stop:
 102              	.LFB2:
  61:.\Generated_Source\PSoC5/CapSense_AMuxCH0.c **** 
  62:.\Generated_Source\PSoC5/CapSense_AMuxCH0.c **** 
  63:.\Generated_Source\PSoC5/CapSense_AMuxCH0.c **** /*******************************************************************************
  64:.\Generated_Source\PSoC5/CapSense_AMuxCH0.c **** * Function Name: CapSense_AMuxCH0_Stop
  65:.\Generated_Source\PSoC5/CapSense_AMuxCH0.c **** ********************************************************************************
ARM GAS  C:\Users\Geo\AppData\Local\Temp\ccJPTJlk.s 			page 4


  66:.\Generated_Source\PSoC5/CapSense_AMuxCH0.c **** * Summary:
  67:.\Generated_Source\PSoC5/CapSense_AMuxCH0.c **** *  Disconnect all channels.
  68:.\Generated_Source\PSoC5/CapSense_AMuxCH0.c **** *
  69:.\Generated_Source\PSoC5/CapSense_AMuxCH0.c **** * Parameters:
  70:.\Generated_Source\PSoC5/CapSense_AMuxCH0.c **** *  void
  71:.\Generated_Source\PSoC5/CapSense_AMuxCH0.c **** *
  72:.\Generated_Source\PSoC5/CapSense_AMuxCH0.c **** * Return:
  73:.\Generated_Source\PSoC5/CapSense_AMuxCH0.c **** *  void
  74:.\Generated_Source\PSoC5/CapSense_AMuxCH0.c **** *
  75:.\Generated_Source\PSoC5/CapSense_AMuxCH0.c **** *******************************************************************************/
  76:.\Generated_Source\PSoC5/CapSense_AMuxCH0.c **** void CapSense_AMuxCH0_Stop(void)
  77:.\Generated_Source\PSoC5/CapSense_AMuxCH0.c **** {
 103              		.loc 1 77 0
 104              		.cfi_startproc
 105              		@ args = 0, pretend = 0, frame = 0
 106              		@ frame_needed = 1, uses_anonymous_args = 0
 107 0000 80B5     		push	{r7, lr}
 108              	.LCFI4:
 109              		.cfi_def_cfa_offset 8
 110 0002 00AF     		add	r7, sp, #0
 111              		.cfi_offset 14, -4
 112              		.cfi_offset 7, -8
 113              	.LCFI5:
 114              		.cfi_def_cfa_register 7
  78:.\Generated_Source\PSoC5/CapSense_AMuxCH0.c ****     CapSense_AMuxCH0_DisconnectAll();
 115              		.loc 1 78 0
 116 0004 FFF7FEFF 		bl	CapSense_AMuxCH0_DisconnectAll
  79:.\Generated_Source\PSoC5/CapSense_AMuxCH0.c **** }
 117              		.loc 1 79 0
 118 0008 80BD     		pop	{r7, pc}
 119              		.cfi_endproc
 120              	.LFE2:
 121              		.size	CapSense_AMuxCH0_Stop, .-CapSense_AMuxCH0_Stop
 122 000a 00BF     		.section	.text.CapSense_AMuxCH0_Select,"ax",%progbits
 123              		.align	2
 124              		.global	CapSense_AMuxCH0_Select
 125              		.thumb
 126              		.thumb_func
 127              		.type	CapSense_AMuxCH0_Select, %function
 128              	CapSense_AMuxCH0_Select:
 129              	.LFB3:
  80:.\Generated_Source\PSoC5/CapSense_AMuxCH0.c **** 
  81:.\Generated_Source\PSoC5/CapSense_AMuxCH0.c **** 
  82:.\Generated_Source\PSoC5/CapSense_AMuxCH0.c **** /*******************************************************************************
  83:.\Generated_Source\PSoC5/CapSense_AMuxCH0.c **** * Function Name: CapSense_AMuxCH0_Select
  84:.\Generated_Source\PSoC5/CapSense_AMuxCH0.c **** ********************************************************************************
  85:.\Generated_Source\PSoC5/CapSense_AMuxCH0.c **** * Summary:
  86:.\Generated_Source\PSoC5/CapSense_AMuxCH0.c **** *  This functions first disconnects all channels then connects the given
  87:.\Generated_Source\PSoC5/CapSense_AMuxCH0.c **** *  channel.
  88:.\Generated_Source\PSoC5/CapSense_AMuxCH0.c **** *
  89:.\Generated_Source\PSoC5/CapSense_AMuxCH0.c **** * Parameters:
  90:.\Generated_Source\PSoC5/CapSense_AMuxCH0.c **** *  channel:  The channel to connect to the common terminal.
  91:.\Generated_Source\PSoC5/CapSense_AMuxCH0.c **** *
  92:.\Generated_Source\PSoC5/CapSense_AMuxCH0.c **** * Return:
  93:.\Generated_Source\PSoC5/CapSense_AMuxCH0.c **** *  void
  94:.\Generated_Source\PSoC5/CapSense_AMuxCH0.c **** *
  95:.\Generated_Source\PSoC5/CapSense_AMuxCH0.c **** *******************************************************************************/
ARM GAS  C:\Users\Geo\AppData\Local\Temp\ccJPTJlk.s 			page 5


  96:.\Generated_Source\PSoC5/CapSense_AMuxCH0.c **** void CapSense_AMuxCH0_Select(uint8 channel) 
  97:.\Generated_Source\PSoC5/CapSense_AMuxCH0.c **** {
 130              		.loc 1 97 0
 131              		.cfi_startproc
 132              		@ args = 0, pretend = 0, frame = 8
 133              		@ frame_needed = 1, uses_anonymous_args = 0
 134 0000 80B5     		push	{r7, lr}
 135              	.LCFI6:
 136              		.cfi_def_cfa_offset 8
 137 0002 82B0     		sub	sp, sp, #8
 138              	.LCFI7:
 139              		.cfi_def_cfa_offset 16
 140 0004 00AF     		add	r7, sp, #0
 141              		.cfi_offset 14, -4
 142              		.cfi_offset 7, -8
 143              	.LCFI8:
 144              		.cfi_def_cfa_register 7
 145 0006 0346     		mov	r3, r0
 146 0008 FB71     		strb	r3, [r7, #7]
  98:.\Generated_Source\PSoC5/CapSense_AMuxCH0.c ****     CapSense_AMuxCH0_DisconnectAll();        /* Disconnect all previous connections */
 147              		.loc 1 98 0
 148 000a FFF7FEFF 		bl	CapSense_AMuxCH0_DisconnectAll
  99:.\Generated_Source\PSoC5/CapSense_AMuxCH0.c ****     CapSense_AMuxCH0_Connect(channel);       /* Make the given selection */
 149              		.loc 1 99 0
 150 000e FB79     		ldrb	r3, [r7, #7]	@ zero_extendqisi2
 151 0010 1846     		mov	r0, r3
 152 0012 FFF7FEFF 		bl	CapSense_AMuxCH0_Set
 100:.\Generated_Source\PSoC5/CapSense_AMuxCH0.c ****     CapSense_AMuxCH0_lastChannel = channel;  /* Update last channel */
 153              		.loc 1 100 0
 154 0016 40F20003 		movw	r3, #:lower16:CapSense_AMuxCH0_lastChannel
 155 001a C0F20003 		movt	r3, #:upper16:CapSense_AMuxCH0_lastChannel
 156 001e FA79     		ldrb	r2, [r7, #7]
 157 0020 1A70     		strb	r2, [r3, #0]
 101:.\Generated_Source\PSoC5/CapSense_AMuxCH0.c **** }
 158              		.loc 1 101 0
 159 0022 07F10807 		add	r7, r7, #8
 160 0026 BD46     		mov	sp, r7
 161 0028 80BD     		pop	{r7, pc}
 162              		.cfi_endproc
 163              	.LFE3:
 164              		.size	CapSense_AMuxCH0_Select, .-CapSense_AMuxCH0_Select
 165 002a 00BF     		.section	.text.CapSense_AMuxCH0_FastSelect,"ax",%progbits
 166              		.align	2
 167              		.global	CapSense_AMuxCH0_FastSelect
 168              		.thumb
 169              		.thumb_func
 170              		.type	CapSense_AMuxCH0_FastSelect, %function
 171              	CapSense_AMuxCH0_FastSelect:
 172              	.LFB4:
 102:.\Generated_Source\PSoC5/CapSense_AMuxCH0.c **** 
 103:.\Generated_Source\PSoC5/CapSense_AMuxCH0.c **** 
 104:.\Generated_Source\PSoC5/CapSense_AMuxCH0.c **** /*******************************************************************************
 105:.\Generated_Source\PSoC5/CapSense_AMuxCH0.c **** * Function Name: CapSense_AMuxCH0_FastSelect
 106:.\Generated_Source\PSoC5/CapSense_AMuxCH0.c **** ********************************************************************************
 107:.\Generated_Source\PSoC5/CapSense_AMuxCH0.c **** * Summary:
 108:.\Generated_Source\PSoC5/CapSense_AMuxCH0.c **** *  This function first disconnects the last connection made with FastSelect or
 109:.\Generated_Source\PSoC5/CapSense_AMuxCH0.c **** *  Select, then connects the given channel. The FastSelect function is similar
ARM GAS  C:\Users\Geo\AppData\Local\Temp\ccJPTJlk.s 			page 6


 110:.\Generated_Source\PSoC5/CapSense_AMuxCH0.c **** *  to the Select function, except it is faster since it only disconnects the
 111:.\Generated_Source\PSoC5/CapSense_AMuxCH0.c **** *  last channel selected rather than all channels.
 112:.\Generated_Source\PSoC5/CapSense_AMuxCH0.c **** *
 113:.\Generated_Source\PSoC5/CapSense_AMuxCH0.c **** * Parameters:
 114:.\Generated_Source\PSoC5/CapSense_AMuxCH0.c **** *  channel:  The channel to connect to the common terminal.
 115:.\Generated_Source\PSoC5/CapSense_AMuxCH0.c **** *
 116:.\Generated_Source\PSoC5/CapSense_AMuxCH0.c **** * Return:
 117:.\Generated_Source\PSoC5/CapSense_AMuxCH0.c **** *  void
 118:.\Generated_Source\PSoC5/CapSense_AMuxCH0.c **** *
 119:.\Generated_Source\PSoC5/CapSense_AMuxCH0.c **** *******************************************************************************/
 120:.\Generated_Source\PSoC5/CapSense_AMuxCH0.c **** void CapSense_AMuxCH0_FastSelect(uint8 channel) 
 121:.\Generated_Source\PSoC5/CapSense_AMuxCH0.c **** {
 173              		.loc 1 121 0
 174              		.cfi_startproc
 175              		@ args = 0, pretend = 0, frame = 8
 176              		@ frame_needed = 1, uses_anonymous_args = 0
 177 0000 80B5     		push	{r7, lr}
 178              	.LCFI9:
 179              		.cfi_def_cfa_offset 8
 180 0002 82B0     		sub	sp, sp, #8
 181              	.LCFI10:
 182              		.cfi_def_cfa_offset 16
 183 0004 00AF     		add	r7, sp, #0
 184              		.cfi_offset 14, -4
 185              		.cfi_offset 7, -8
 186              	.LCFI11:
 187              		.cfi_def_cfa_register 7
 188 0006 0346     		mov	r3, r0
 189 0008 FB71     		strb	r3, [r7, #7]
 122:.\Generated_Source\PSoC5/CapSense_AMuxCH0.c ****     /* Disconnect the last valid channel */
 123:.\Generated_Source\PSoC5/CapSense_AMuxCH0.c ****     if( CapSense_AMuxCH0_lastChannel != CapSense_AMuxCH0_NULL_CHANNEL)   /* Update last channel */
 190              		.loc 1 123 0
 191 000a 40F20003 		movw	r3, #:lower16:CapSense_AMuxCH0_lastChannel
 192 000e C0F20003 		movt	r3, #:upper16:CapSense_AMuxCH0_lastChannel
 193 0012 1B78     		ldrb	r3, [r3, #0]	@ zero_extendqisi2
 194 0014 FF2B     		cmp	r3, #255
 195 0016 07D0     		beq	.L10
 124:.\Generated_Source\PSoC5/CapSense_AMuxCH0.c ****     {
 125:.\Generated_Source\PSoC5/CapSense_AMuxCH0.c ****         CapSense_AMuxCH0_Disconnect(CapSense_AMuxCH0_lastChannel);
 196              		.loc 1 125 0
 197 0018 40F20003 		movw	r3, #:lower16:CapSense_AMuxCH0_lastChannel
 198 001c C0F20003 		movt	r3, #:upper16:CapSense_AMuxCH0_lastChannel
 199 0020 1B78     		ldrb	r3, [r3, #0]	@ zero_extendqisi2
 200 0022 1846     		mov	r0, r3
 201 0024 FFF7FEFF 		bl	CapSense_AMuxCH0_Unset
 202              	.L10:
 126:.\Generated_Source\PSoC5/CapSense_AMuxCH0.c ****     }
 127:.\Generated_Source\PSoC5/CapSense_AMuxCH0.c **** 
 128:.\Generated_Source\PSoC5/CapSense_AMuxCH0.c ****     /* Make the new channel connection */
 129:.\Generated_Source\PSoC5/CapSense_AMuxCH0.c ****     CapSense_AMuxCH0_Connect(channel);
 203              		.loc 1 129 0
 204 0028 FB79     		ldrb	r3, [r7, #7]	@ zero_extendqisi2
 205 002a 1846     		mov	r0, r3
 206 002c FFF7FEFF 		bl	CapSense_AMuxCH0_Set
 130:.\Generated_Source\PSoC5/CapSense_AMuxCH0.c ****     CapSense_AMuxCH0_lastChannel = channel;   /* Update last channel */
 207              		.loc 1 130 0
 208 0030 40F20003 		movw	r3, #:lower16:CapSense_AMuxCH0_lastChannel
ARM GAS  C:\Users\Geo\AppData\Local\Temp\ccJPTJlk.s 			page 7


 209 0034 C0F20003 		movt	r3, #:upper16:CapSense_AMuxCH0_lastChannel
 210 0038 FA79     		ldrb	r2, [r7, #7]
 211 003a 1A70     		strb	r2, [r3, #0]
 131:.\Generated_Source\PSoC5/CapSense_AMuxCH0.c **** }
 212              		.loc 1 131 0
 213 003c 07F10807 		add	r7, r7, #8
 214 0040 BD46     		mov	sp, r7
 215 0042 80BD     		pop	{r7, pc}
 216              		.cfi_endproc
 217              	.LFE4:
 218              		.size	CapSense_AMuxCH0_FastSelect, .-CapSense_AMuxCH0_FastSelect
 219              		.section	.text.CapSense_AMuxCH0_DisconnectAll,"ax",%progbits
 220              		.align	2
 221              		.global	CapSense_AMuxCH0_DisconnectAll
 222              		.thumb
 223              		.thumb_func
 224              		.type	CapSense_AMuxCH0_DisconnectAll, %function
 225              	CapSense_AMuxCH0_DisconnectAll:
 226              	.LFB5:
 132:.\Generated_Source\PSoC5/CapSense_AMuxCH0.c **** 
 133:.\Generated_Source\PSoC5/CapSense_AMuxCH0.c **** 
 134:.\Generated_Source\PSoC5/CapSense_AMuxCH0.c **** #if(CapSense_AMuxCH0_MUXTYPE == CapSense_AMuxCH0_MUX_DIFF)
 135:.\Generated_Source\PSoC5/CapSense_AMuxCH0.c ****     /*******************************************************************************
 136:.\Generated_Source\PSoC5/CapSense_AMuxCH0.c ****     * Function Name: CapSense_AMuxCH0_Connect
 137:.\Generated_Source\PSoC5/CapSense_AMuxCH0.c ****     ********************************************************************************
 138:.\Generated_Source\PSoC5/CapSense_AMuxCH0.c ****     * Summary:
 139:.\Generated_Source\PSoC5/CapSense_AMuxCH0.c ****     *  This function connects the given channel without affecting other connections.
 140:.\Generated_Source\PSoC5/CapSense_AMuxCH0.c ****     *
 141:.\Generated_Source\PSoC5/CapSense_AMuxCH0.c ****     * Parameters:
 142:.\Generated_Source\PSoC5/CapSense_AMuxCH0.c ****     *  channel:  The channel to connect to the common terminal.
 143:.\Generated_Source\PSoC5/CapSense_AMuxCH0.c ****     *
 144:.\Generated_Source\PSoC5/CapSense_AMuxCH0.c ****     * Return:
 145:.\Generated_Source\PSoC5/CapSense_AMuxCH0.c ****     *  void
 146:.\Generated_Source\PSoC5/CapSense_AMuxCH0.c ****     *
 147:.\Generated_Source\PSoC5/CapSense_AMuxCH0.c ****     *******************************************************************************/
 148:.\Generated_Source\PSoC5/CapSense_AMuxCH0.c ****     void CapSense_AMuxCH0_Connect(uint8 channel) 
 149:.\Generated_Source\PSoC5/CapSense_AMuxCH0.c ****     {
 150:.\Generated_Source\PSoC5/CapSense_AMuxCH0.c ****         CapSense_AMuxCH0_CYAMUXSIDE_A_Set(channel);
 151:.\Generated_Source\PSoC5/CapSense_AMuxCH0.c ****         CapSense_AMuxCH0_CYAMUXSIDE_B_Set(channel);
 152:.\Generated_Source\PSoC5/CapSense_AMuxCH0.c ****     }
 153:.\Generated_Source\PSoC5/CapSense_AMuxCH0.c ****     
 154:.\Generated_Source\PSoC5/CapSense_AMuxCH0.c ****     
 155:.\Generated_Source\PSoC5/CapSense_AMuxCH0.c ****     /*******************************************************************************
 156:.\Generated_Source\PSoC5/CapSense_AMuxCH0.c ****     * Function Name: CapSense_AMuxCH0_Disconnect
 157:.\Generated_Source\PSoC5/CapSense_AMuxCH0.c ****     ********************************************************************************
 158:.\Generated_Source\PSoC5/CapSense_AMuxCH0.c ****     * Summary:
 159:.\Generated_Source\PSoC5/CapSense_AMuxCH0.c ****     *  This function disconnects the given channel from the common or output
 160:.\Generated_Source\PSoC5/CapSense_AMuxCH0.c ****     *  terminal without affecting other connections.
 161:.\Generated_Source\PSoC5/CapSense_AMuxCH0.c ****     *
 162:.\Generated_Source\PSoC5/CapSense_AMuxCH0.c ****     * Parameters:
 163:.\Generated_Source\PSoC5/CapSense_AMuxCH0.c ****     *  channel:  The channel to disconnect from the common terminal.
 164:.\Generated_Source\PSoC5/CapSense_AMuxCH0.c ****     *
 165:.\Generated_Source\PSoC5/CapSense_AMuxCH0.c ****     * Return:
 166:.\Generated_Source\PSoC5/CapSense_AMuxCH0.c ****     *  void
 167:.\Generated_Source\PSoC5/CapSense_AMuxCH0.c ****     *
 168:.\Generated_Source\PSoC5/CapSense_AMuxCH0.c ****     *******************************************************************************/
 169:.\Generated_Source\PSoC5/CapSense_AMuxCH0.c ****     void CapSense_AMuxCH0_Disconnect(uint8 channel) 
ARM GAS  C:\Users\Geo\AppData\Local\Temp\ccJPTJlk.s 			page 8


 170:.\Generated_Source\PSoC5/CapSense_AMuxCH0.c ****     {
 171:.\Generated_Source\PSoC5/CapSense_AMuxCH0.c ****         CapSense_AMuxCH0_CYAMUXSIDE_A_Unset(channel);
 172:.\Generated_Source\PSoC5/CapSense_AMuxCH0.c ****         CapSense_AMuxCH0_CYAMUXSIDE_B_Unset(channel);
 173:.\Generated_Source\PSoC5/CapSense_AMuxCH0.c ****     }
 174:.\Generated_Source\PSoC5/CapSense_AMuxCH0.c ****     
 175:.\Generated_Source\PSoC5/CapSense_AMuxCH0.c **** #endif  /* End (CapSense_AMuxCH0_MUXTYPE == CapSense_AMuxCH0_MUX_DIFF) */
 176:.\Generated_Source\PSoC5/CapSense_AMuxCH0.c **** 
 177:.\Generated_Source\PSoC5/CapSense_AMuxCH0.c **** 
 178:.\Generated_Source\PSoC5/CapSense_AMuxCH0.c **** /*******************************************************************************
 179:.\Generated_Source\PSoC5/CapSense_AMuxCH0.c **** * Function Name: CapSense_AMuxCH0_DisconnectAll
 180:.\Generated_Source\PSoC5/CapSense_AMuxCH0.c **** ********************************************************************************
 181:.\Generated_Source\PSoC5/CapSense_AMuxCH0.c **** * Summary:
 182:.\Generated_Source\PSoC5/CapSense_AMuxCH0.c **** *  This function disconnects all channels.
 183:.\Generated_Source\PSoC5/CapSense_AMuxCH0.c **** *
 184:.\Generated_Source\PSoC5/CapSense_AMuxCH0.c **** * Parameters:
 185:.\Generated_Source\PSoC5/CapSense_AMuxCH0.c **** *  void
 186:.\Generated_Source\PSoC5/CapSense_AMuxCH0.c **** *
 187:.\Generated_Source\PSoC5/CapSense_AMuxCH0.c **** * Return:
 188:.\Generated_Source\PSoC5/CapSense_AMuxCH0.c **** *  void
 189:.\Generated_Source\PSoC5/CapSense_AMuxCH0.c **** *
 190:.\Generated_Source\PSoC5/CapSense_AMuxCH0.c **** *******************************************************************************/
 191:.\Generated_Source\PSoC5/CapSense_AMuxCH0.c **** void CapSense_AMuxCH0_DisconnectAll(void) 
 192:.\Generated_Source\PSoC5/CapSense_AMuxCH0.c **** {
 227              		.loc 1 192 0
 228              		.cfi_startproc
 229              		@ args = 0, pretend = 0, frame = 8
 230              		@ frame_needed = 1, uses_anonymous_args = 0
 231 0000 80B5     		push	{r7, lr}
 232              	.LCFI12:
 233              		.cfi_def_cfa_offset 8
 234 0002 82B0     		sub	sp, sp, #8
 235              	.LCFI13:
 236              		.cfi_def_cfa_offset 16
 237 0004 00AF     		add	r7, sp, #0
 238              		.cfi_offset 14, -4
 239              		.cfi_offset 7, -8
 240              	.LCFI14:
 241              		.cfi_def_cfa_register 7
 193:.\Generated_Source\PSoC5/CapSense_AMuxCH0.c ****     uint8 chan;
 194:.\Generated_Source\PSoC5/CapSense_AMuxCH0.c **** 
 195:.\Generated_Source\PSoC5/CapSense_AMuxCH0.c ****     #if(CapSense_AMuxCH0_MUXTYPE == CapSense_AMuxCH0_MUX_SINGLE)
 196:.\Generated_Source\PSoC5/CapSense_AMuxCH0.c ****         for(chan = 0; chan < CapSense_AMuxCH0_CHANNELS ; chan++)
 242              		.loc 1 196 0
 243 0006 4FF00003 		mov	r3, #0
 244 000a FB71     		strb	r3, [r7, #7]
 245 000c 07E0     		b	.L13
 246              	.L14:
 197:.\Generated_Source\PSoC5/CapSense_AMuxCH0.c ****         {
 198:.\Generated_Source\PSoC5/CapSense_AMuxCH0.c ****             CapSense_AMuxCH0_Unset(chan);
 247              		.loc 1 198 0
 248 000e FB79     		ldrb	r3, [r7, #7]	@ zero_extendqisi2
 249 0010 1846     		mov	r0, r3
 250 0012 FFF7FEFF 		bl	CapSense_AMuxCH0_Unset
 251              		.loc 1 196 0
 252 0016 FB79     		ldrb	r3, [r7, #7]
 253 0018 03F10103 		add	r3, r3, #1
 254 001c FB71     		strb	r3, [r7, #7]
ARM GAS  C:\Users\Geo\AppData\Local\Temp\ccJPTJlk.s 			page 9


 255              	.L13:
 256 001e FB79     		ldrb	r3, [r7, #7]	@ zero_extendqisi2
 257 0020 062B     		cmp	r3, #6
 258 0022 F4D9     		bls	.L14
 199:.\Generated_Source\PSoC5/CapSense_AMuxCH0.c ****         }
 200:.\Generated_Source\PSoC5/CapSense_AMuxCH0.c ****     #else
 201:.\Generated_Source\PSoC5/CapSense_AMuxCH0.c ****         for(chan = 0; chan < CapSense_AMuxCH0_CHANNELS ; chan++)
 202:.\Generated_Source\PSoC5/CapSense_AMuxCH0.c ****         {
 203:.\Generated_Source\PSoC5/CapSense_AMuxCH0.c ****             CapSense_AMuxCH0_CYAMUXSIDE_A_Unset(chan);
 204:.\Generated_Source\PSoC5/CapSense_AMuxCH0.c ****             CapSense_AMuxCH0_CYAMUXSIDE_B_Unset(chan);
 205:.\Generated_Source\PSoC5/CapSense_AMuxCH0.c ****         }
 206:.\Generated_Source\PSoC5/CapSense_AMuxCH0.c ****     #endif  /* End (CapSense_AMuxCH0_MUXTYPE == CapSense_AMuxCH0_MUX_SINGLE) */
 207:.\Generated_Source\PSoC5/CapSense_AMuxCH0.c **** }
 259              		.loc 1 207 0
 260 0024 07F10807 		add	r7, r7, #8
 261 0028 BD46     		mov	sp, r7
 262 002a 80BD     		pop	{r7, pc}
 263              		.cfi_endproc
 264              	.LFE5:
 265              		.size	CapSense_AMuxCH0_DisconnectAll, .-CapSense_AMuxCH0_DisconnectAll
 266              		.text
 267              	.Letext0:
 268              		.section	.debug_loc,"",%progbits
 269              	.Ldebug_loc0:
 270              	.LLST0:
 271 0000 00000000 		.4byte	.LFB0
 272 0004 02000000 		.4byte	.LCFI0
 273 0008 0100     		.2byte	0x1
 274 000a 5D       		.byte	0x5d
 275 000b 02000000 		.4byte	.LCFI0
 276 000f 04000000 		.4byte	.LCFI1
 277 0013 0200     		.2byte	0x2
 278 0015 7D       		.byte	0x7d
 279 0016 08       		.sleb128 8
 280 0017 04000000 		.4byte	.LCFI1
 281 001b 18000000 		.4byte	.LFE0
 282 001f 0200     		.2byte	0x2
 283 0021 77       		.byte	0x77
 284 0022 08       		.sleb128 8
 285 0023 00000000 		.4byte	0x0
 286 0027 00000000 		.4byte	0x0
 287              	.LLST1:
 288 002b 00000000 		.4byte	.LFB1
 289 002f 02000000 		.4byte	.LCFI2
 290 0033 0100     		.2byte	0x1
 291 0035 5D       		.byte	0x5d
 292 0036 02000000 		.4byte	.LCFI2
 293 003a 04000000 		.4byte	.LCFI3
 294 003e 0200     		.2byte	0x2
 295 0040 7D       		.byte	0x7d
 296 0041 08       		.sleb128 8
 297 0042 04000000 		.4byte	.LCFI3
 298 0046 0A000000 		.4byte	.LFE1
 299 004a 0200     		.2byte	0x2
 300 004c 77       		.byte	0x77
 301 004d 08       		.sleb128 8
 302 004e 00000000 		.4byte	0x0
ARM GAS  C:\Users\Geo\AppData\Local\Temp\ccJPTJlk.s 			page 10


 303 0052 00000000 		.4byte	0x0
 304              	.LLST2:
 305 0056 00000000 		.4byte	.LFB2
 306 005a 02000000 		.4byte	.LCFI4
 307 005e 0100     		.2byte	0x1
 308 0060 5D       		.byte	0x5d
 309 0061 02000000 		.4byte	.LCFI4
 310 0065 04000000 		.4byte	.LCFI5
 311 0069 0200     		.2byte	0x2
 312 006b 7D       		.byte	0x7d
 313 006c 08       		.sleb128 8
 314 006d 04000000 		.4byte	.LCFI5
 315 0071 0A000000 		.4byte	.LFE2
 316 0075 0200     		.2byte	0x2
 317 0077 77       		.byte	0x77
 318 0078 08       		.sleb128 8
 319 0079 00000000 		.4byte	0x0
 320 007d 00000000 		.4byte	0x0
 321              	.LLST3:
 322 0081 00000000 		.4byte	.LFB3
 323 0085 02000000 		.4byte	.LCFI6
 324 0089 0100     		.2byte	0x1
 325 008b 5D       		.byte	0x5d
 326 008c 02000000 		.4byte	.LCFI6
 327 0090 04000000 		.4byte	.LCFI7
 328 0094 0200     		.2byte	0x2
 329 0096 7D       		.byte	0x7d
 330 0097 08       		.sleb128 8
 331 0098 04000000 		.4byte	.LCFI7
 332 009c 06000000 		.4byte	.LCFI8
 333 00a0 0200     		.2byte	0x2
 334 00a2 7D       		.byte	0x7d
 335 00a3 10       		.sleb128 16
 336 00a4 06000000 		.4byte	.LCFI8
 337 00a8 2A000000 		.4byte	.LFE3
 338 00ac 0200     		.2byte	0x2
 339 00ae 77       		.byte	0x77
 340 00af 10       		.sleb128 16
 341 00b0 00000000 		.4byte	0x0
 342 00b4 00000000 		.4byte	0x0
 343              	.LLST4:
 344 00b8 00000000 		.4byte	.LFB4
 345 00bc 02000000 		.4byte	.LCFI9
 346 00c0 0100     		.2byte	0x1
 347 00c2 5D       		.byte	0x5d
 348 00c3 02000000 		.4byte	.LCFI9
 349 00c7 04000000 		.4byte	.LCFI10
 350 00cb 0200     		.2byte	0x2
 351 00cd 7D       		.byte	0x7d
 352 00ce 08       		.sleb128 8
 353 00cf 04000000 		.4byte	.LCFI10
 354 00d3 06000000 		.4byte	.LCFI11
 355 00d7 0200     		.2byte	0x2
 356 00d9 7D       		.byte	0x7d
 357 00da 10       		.sleb128 16
 358 00db 06000000 		.4byte	.LCFI11
 359 00df 44000000 		.4byte	.LFE4
ARM GAS  C:\Users\Geo\AppData\Local\Temp\ccJPTJlk.s 			page 11


 360 00e3 0200     		.2byte	0x2
 361 00e5 77       		.byte	0x77
 362 00e6 10       		.sleb128 16
 363 00e7 00000000 		.4byte	0x0
 364 00eb 00000000 		.4byte	0x0
 365              	.LLST5:
 366 00ef 00000000 		.4byte	.LFB5
 367 00f3 02000000 		.4byte	.LCFI12
 368 00f7 0100     		.2byte	0x1
 369 00f9 5D       		.byte	0x5d
 370 00fa 02000000 		.4byte	.LCFI12
 371 00fe 04000000 		.4byte	.LCFI13
 372 0102 0200     		.2byte	0x2
 373 0104 7D       		.byte	0x7d
 374 0105 08       		.sleb128 8
 375 0106 04000000 		.4byte	.LCFI13
 376 010a 06000000 		.4byte	.LCFI14
 377 010e 0200     		.2byte	0x2
 378 0110 7D       		.byte	0x7d
 379 0111 10       		.sleb128 16
 380 0112 06000000 		.4byte	.LCFI14
 381 0116 2C000000 		.4byte	.LFE5
 382 011a 0200     		.2byte	0x2
 383 011c 77       		.byte	0x77
 384 011d 10       		.sleb128 16
 385 011e 00000000 		.4byte	0x0
 386 0122 00000000 		.4byte	0x0
 387              		.file 2 ".\\Generated_Source\\PSoC5\\/cytypes.h"
 388              		.section	.debug_info
 389 0000 59010000 		.4byte	0x159
 390 0004 0200     		.2byte	0x2
 391 0006 00000000 		.4byte	.Ldebug_abbrev0
 392 000a 04       		.byte	0x4
 393 000b 01       		.uleb128 0x1
 394 000c 38010000 		.4byte	.LASF19
 395 0010 01       		.byte	0x1
 396 0011 45000000 		.4byte	.LASF20
 397 0015 84010000 		.4byte	.LASF21
 398 0019 00000000 		.4byte	0x0
 399 001d 00000000 		.4byte	0x0
 400 0021 00000000 		.4byte	.Ldebug_ranges0+0x0
 401 0025 00000000 		.4byte	.Ldebug_line0
 402 0029 02       		.uleb128 0x2
 403 002a 01       		.byte	0x1
 404 002b 06       		.byte	0x6
 405 002c 78010000 		.4byte	.LASF0
 406 0030 02       		.uleb128 0x2
 407 0031 01       		.byte	0x1
 408 0032 08       		.byte	0x8
 409 0033 A5000000 		.4byte	.LASF1
 410 0037 02       		.uleb128 0x2
 411 0038 02       		.byte	0x2
 412 0039 05       		.byte	0x5
 413 003a 5F010000 		.4byte	.LASF2
 414 003e 02       		.uleb128 0x2
 415 003f 02       		.byte	0x2
 416 0040 07       		.byte	0x7
ARM GAS  C:\Users\Geo\AppData\Local\Temp\ccJPTJlk.s 			page 12


 417 0041 C5000000 		.4byte	.LASF3
 418 0045 02       		.uleb128 0x2
 419 0046 04       		.byte	0x4
 420 0047 05       		.byte	0x5
 421 0048 6F010000 		.4byte	.LASF4
 422 004c 02       		.uleb128 0x2
 423 004d 04       		.byte	0x4
 424 004e 07       		.byte	0x7
 425 004f B3000000 		.4byte	.LASF5
 426 0053 02       		.uleb128 0x2
 427 0054 08       		.byte	0x8
 428 0055 05       		.byte	0x5
 429 0056 00000000 		.4byte	.LASF6
 430 005a 02       		.uleb128 0x2
 431 005b 08       		.byte	0x8
 432 005c 07       		.byte	0x7
 433 005d 1C010000 		.4byte	.LASF7
 434 0061 03       		.uleb128 0x3
 435 0062 04       		.byte	0x4
 436 0063 05       		.byte	0x5
 437 0064 696E7400 		.ascii	"int\000"
 438 0068 02       		.uleb128 0x2
 439 0069 04       		.byte	0x4
 440 006a 07       		.byte	0x7
 441 006b F7000000 		.4byte	.LASF8
 442 006f 02       		.uleb128 0x2
 443 0070 01       		.byte	0x1
 444 0071 08       		.byte	0x8
 445 0072 44010000 		.4byte	.LASF9
 446 0076 04       		.uleb128 0x4
 447 0077 69010000 		.4byte	.LASF22
 448 007b 02       		.byte	0x2
 449 007c 51       		.byte	0x51
 450 007d 30000000 		.4byte	0x30
 451 0081 05       		.uleb128 0x5
 452 0082 01       		.byte	0x1
 453 0083 8E000000 		.4byte	.LASF10
 454 0087 01       		.byte	0x1
 455 0088 25       		.byte	0x25
 456 0089 01       		.byte	0x1
 457 008a 00000000 		.4byte	.LFB0
 458 008e 18000000 		.4byte	.LFE0
 459 0092 00000000 		.4byte	.LLST0
 460 0096 05       		.uleb128 0x5
 461 0097 01       		.byte	0x1
 462 0098 49010000 		.4byte	.LASF11
 463 009c 01       		.byte	0x1
 464 009d 39       		.byte	0x39
 465 009e 01       		.byte	0x1
 466 009f 00000000 		.4byte	.LFB1
 467 00a3 0A000000 		.4byte	.LFE1
 468 00a7 2B000000 		.4byte	.LLST1
 469 00ab 05       		.uleb128 0x5
 470 00ac 01       		.byte	0x1
 471 00ad 16000000 		.4byte	.LASF12
 472 00b1 01       		.byte	0x1
 473 00b2 4C       		.byte	0x4c
ARM GAS  C:\Users\Geo\AppData\Local\Temp\ccJPTJlk.s 			page 13


 474 00b3 01       		.byte	0x1
 475 00b4 00000000 		.4byte	.LFB2
 476 00b8 0A000000 		.4byte	.LFE2
 477 00bc 56000000 		.4byte	.LLST2
 478 00c0 06       		.uleb128 0x6
 479 00c1 01       		.byte	0x1
 480 00c2 04010000 		.4byte	.LASF13
 481 00c6 01       		.byte	0x1
 482 00c7 60       		.byte	0x60
 483 00c8 01       		.byte	0x1
 484 00c9 00000000 		.4byte	.LFB3
 485 00cd 2A000000 		.4byte	.LFE3
 486 00d1 81000000 		.4byte	.LLST3
 487 00d5 E8000000 		.4byte	0xe8
 488 00d9 07       		.uleb128 0x7
 489 00da 0E000000 		.4byte	.LASF15
 490 00de 01       		.byte	0x1
 491 00df 60       		.byte	0x60
 492 00e0 76000000 		.4byte	0x76
 493 00e4 02       		.byte	0x2
 494 00e5 91       		.byte	0x91
 495 00e6 77       		.sleb128 -9
 496 00e7 00       		.byte	0x0
 497 00e8 06       		.uleb128 0x6
 498 00e9 01       		.byte	0x1
 499 00ea DE010000 		.4byte	.LASF14
 500 00ee 01       		.byte	0x1
 501 00ef 78       		.byte	0x78
 502 00f0 01       		.byte	0x1
 503 00f1 00000000 		.4byte	.LFB4
 504 00f5 44000000 		.4byte	.LFE4
 505 00f9 B8000000 		.4byte	.LLST4
 506 00fd 10010000 		.4byte	0x110
 507 0101 07       		.uleb128 0x7
 508 0102 0E000000 		.4byte	.LASF15
 509 0106 01       		.byte	0x1
 510 0107 78       		.byte	0x78
 511 0108 76000000 		.4byte	0x76
 512 010c 02       		.byte	0x2
 513 010d 91       		.byte	0x91
 514 010e 77       		.sleb128 -9
 515 010f 00       		.byte	0x0
 516 0110 06       		.uleb128 0x6
 517 0111 01       		.byte	0x1
 518 0112 D8000000 		.4byte	.LASF16
 519 0116 01       		.byte	0x1
 520 0117 BF       		.byte	0xbf
 521 0118 01       		.byte	0x1
 522 0119 00000000 		.4byte	.LFB5
 523 011d 2C000000 		.4byte	.LFE5
 524 0121 EF000000 		.4byte	.LLST5
 525 0125 38010000 		.4byte	0x138
 526 0129 08       		.uleb128 0x8
 527 012a 33010000 		.4byte	.LASF23
 528 012e 01       		.byte	0x1
 529 012f C1       		.byte	0xc1
 530 0130 76000000 		.4byte	0x76
ARM GAS  C:\Users\Geo\AppData\Local\Temp\ccJPTJlk.s 			page 14


 531 0134 02       		.byte	0x2
 532 0135 91       		.byte	0x91
 533 0136 77       		.sleb128 -9
 534 0137 00       		.byte	0x0
 535 0138 09       		.uleb128 0x9
 536 0139 2C000000 		.4byte	.LASF17
 537 013d 01       		.byte	0x1
 538 013e 14       		.byte	0x14
 539 013f 76000000 		.4byte	0x76
 540 0143 01       		.byte	0x1
 541 0144 05       		.byte	0x5
 542 0145 03       		.byte	0x3
 543 0146 00000000 		.4byte	CapSense_AMuxCH0_initVar
 544 014a 09       		.uleb128 0x9
 545 014b 71000000 		.4byte	.LASF18
 546 014f 01       		.byte	0x1
 547 0150 15       		.byte	0x15
 548 0151 76000000 		.4byte	0x76
 549 0155 01       		.byte	0x1
 550 0156 05       		.byte	0x5
 551 0157 03       		.byte	0x3
 552 0158 00000000 		.4byte	CapSense_AMuxCH0_lastChannel
 553 015c 00       		.byte	0x0
 554              		.section	.debug_abbrev
 555 0000 01       		.uleb128 0x1
 556 0001 11       		.uleb128 0x11
 557 0002 01       		.byte	0x1
 558 0003 25       		.uleb128 0x25
 559 0004 0E       		.uleb128 0xe
 560 0005 13       		.uleb128 0x13
 561 0006 0B       		.uleb128 0xb
 562 0007 03       		.uleb128 0x3
 563 0008 0E       		.uleb128 0xe
 564 0009 1B       		.uleb128 0x1b
 565 000a 0E       		.uleb128 0xe
 566 000b 11       		.uleb128 0x11
 567 000c 01       		.uleb128 0x1
 568 000d 52       		.uleb128 0x52
 569 000e 01       		.uleb128 0x1
 570 000f 55       		.uleb128 0x55
 571 0010 06       		.uleb128 0x6
 572 0011 10       		.uleb128 0x10
 573 0012 06       		.uleb128 0x6
 574 0013 00       		.byte	0x0
 575 0014 00       		.byte	0x0
 576 0015 02       		.uleb128 0x2
 577 0016 24       		.uleb128 0x24
 578 0017 00       		.byte	0x0
 579 0018 0B       		.uleb128 0xb
 580 0019 0B       		.uleb128 0xb
 581 001a 3E       		.uleb128 0x3e
 582 001b 0B       		.uleb128 0xb
 583 001c 03       		.uleb128 0x3
 584 001d 0E       		.uleb128 0xe
 585 001e 00       		.byte	0x0
 586 001f 00       		.byte	0x0
 587 0020 03       		.uleb128 0x3
ARM GAS  C:\Users\Geo\AppData\Local\Temp\ccJPTJlk.s 			page 15


 588 0021 24       		.uleb128 0x24
 589 0022 00       		.byte	0x0
 590 0023 0B       		.uleb128 0xb
 591 0024 0B       		.uleb128 0xb
 592 0025 3E       		.uleb128 0x3e
 593 0026 0B       		.uleb128 0xb
 594 0027 03       		.uleb128 0x3
 595 0028 08       		.uleb128 0x8
 596 0029 00       		.byte	0x0
 597 002a 00       		.byte	0x0
 598 002b 04       		.uleb128 0x4
 599 002c 16       		.uleb128 0x16
 600 002d 00       		.byte	0x0
 601 002e 03       		.uleb128 0x3
 602 002f 0E       		.uleb128 0xe
 603 0030 3A       		.uleb128 0x3a
 604 0031 0B       		.uleb128 0xb
 605 0032 3B       		.uleb128 0x3b
 606 0033 0B       		.uleb128 0xb
 607 0034 49       		.uleb128 0x49
 608 0035 13       		.uleb128 0x13
 609 0036 00       		.byte	0x0
 610 0037 00       		.byte	0x0
 611 0038 05       		.uleb128 0x5
 612 0039 2E       		.uleb128 0x2e
 613 003a 00       		.byte	0x0
 614 003b 3F       		.uleb128 0x3f
 615 003c 0C       		.uleb128 0xc
 616 003d 03       		.uleb128 0x3
 617 003e 0E       		.uleb128 0xe
 618 003f 3A       		.uleb128 0x3a
 619 0040 0B       		.uleb128 0xb
 620 0041 3B       		.uleb128 0x3b
 621 0042 0B       		.uleb128 0xb
 622 0043 27       		.uleb128 0x27
 623 0044 0C       		.uleb128 0xc
 624 0045 11       		.uleb128 0x11
 625 0046 01       		.uleb128 0x1
 626 0047 12       		.uleb128 0x12
 627 0048 01       		.uleb128 0x1
 628 0049 40       		.uleb128 0x40
 629 004a 06       		.uleb128 0x6
 630 004b 00       		.byte	0x0
 631 004c 00       		.byte	0x0
 632 004d 06       		.uleb128 0x6
 633 004e 2E       		.uleb128 0x2e
 634 004f 01       		.byte	0x1
 635 0050 3F       		.uleb128 0x3f
 636 0051 0C       		.uleb128 0xc
 637 0052 03       		.uleb128 0x3
 638 0053 0E       		.uleb128 0xe
 639 0054 3A       		.uleb128 0x3a
 640 0055 0B       		.uleb128 0xb
 641 0056 3B       		.uleb128 0x3b
 642 0057 0B       		.uleb128 0xb
 643 0058 27       		.uleb128 0x27
 644 0059 0C       		.uleb128 0xc
ARM GAS  C:\Users\Geo\AppData\Local\Temp\ccJPTJlk.s 			page 16


 645 005a 11       		.uleb128 0x11
 646 005b 01       		.uleb128 0x1
 647 005c 12       		.uleb128 0x12
 648 005d 01       		.uleb128 0x1
 649 005e 40       		.uleb128 0x40
 650 005f 06       		.uleb128 0x6
 651 0060 01       		.uleb128 0x1
 652 0061 13       		.uleb128 0x13
 653 0062 00       		.byte	0x0
 654 0063 00       		.byte	0x0
 655 0064 07       		.uleb128 0x7
 656 0065 05       		.uleb128 0x5
 657 0066 00       		.byte	0x0
 658 0067 03       		.uleb128 0x3
 659 0068 0E       		.uleb128 0xe
 660 0069 3A       		.uleb128 0x3a
 661 006a 0B       		.uleb128 0xb
 662 006b 3B       		.uleb128 0x3b
 663 006c 0B       		.uleb128 0xb
 664 006d 49       		.uleb128 0x49
 665 006e 13       		.uleb128 0x13
 666 006f 02       		.uleb128 0x2
 667 0070 0A       		.uleb128 0xa
 668 0071 00       		.byte	0x0
 669 0072 00       		.byte	0x0
 670 0073 08       		.uleb128 0x8
 671 0074 34       		.uleb128 0x34
 672 0075 00       		.byte	0x0
 673 0076 03       		.uleb128 0x3
 674 0077 0E       		.uleb128 0xe
 675 0078 3A       		.uleb128 0x3a
 676 0079 0B       		.uleb128 0xb
 677 007a 3B       		.uleb128 0x3b
 678 007b 0B       		.uleb128 0xb
 679 007c 49       		.uleb128 0x49
 680 007d 13       		.uleb128 0x13
 681 007e 02       		.uleb128 0x2
 682 007f 0A       		.uleb128 0xa
 683 0080 00       		.byte	0x0
 684 0081 00       		.byte	0x0
 685 0082 09       		.uleb128 0x9
 686 0083 34       		.uleb128 0x34
 687 0084 00       		.byte	0x0
 688 0085 03       		.uleb128 0x3
 689 0086 0E       		.uleb128 0xe
 690 0087 3A       		.uleb128 0x3a
 691 0088 0B       		.uleb128 0xb
 692 0089 3B       		.uleb128 0x3b
 693 008a 0B       		.uleb128 0xb
 694 008b 49       		.uleb128 0x49
 695 008c 13       		.uleb128 0x13
 696 008d 3F       		.uleb128 0x3f
 697 008e 0C       		.uleb128 0xc
 698 008f 02       		.uleb128 0x2
 699 0090 0A       		.uleb128 0xa
 700 0091 00       		.byte	0x0
 701 0092 00       		.byte	0x0
ARM GAS  C:\Users\Geo\AppData\Local\Temp\ccJPTJlk.s 			page 17


 702 0093 00       		.byte	0x0
 703              		.section	.debug_pubnames,"",%progbits
 704 0000 FA000000 		.4byte	0xfa
 705 0004 0200     		.2byte	0x2
 706 0006 00000000 		.4byte	.Ldebug_info0
 707 000a 5D010000 		.4byte	0x15d
 708 000e 81000000 		.4byte	0x81
 709 0012 43617053 		.ascii	"CapSense_AMuxCH0_Start\000"
 709      656E7365 
 709      5F414D75 
 709      78434830 
 709      5F537461 
 710 0029 96000000 		.4byte	0x96
 711 002d 43617053 		.ascii	"CapSense_AMuxCH0_Init\000"
 711      656E7365 
 711      5F414D75 
 711      78434830 
 711      5F496E69 
 712 0043 AB000000 		.4byte	0xab
 713 0047 43617053 		.ascii	"CapSense_AMuxCH0_Stop\000"
 713      656E7365 
 713      5F414D75 
 713      78434830 
 713      5F53746F 
 714 005d C0000000 		.4byte	0xc0
 715 0061 43617053 		.ascii	"CapSense_AMuxCH0_Select\000"
 715      656E7365 
 715      5F414D75 
 715      78434830 
 715      5F53656C 
 716 0079 E8000000 		.4byte	0xe8
 717 007d 43617053 		.ascii	"CapSense_AMuxCH0_FastSelect\000"
 717      656E7365 
 717      5F414D75 
 717      78434830 
 717      5F466173 
 718 0099 10010000 		.4byte	0x110
 719 009d 43617053 		.ascii	"CapSense_AMuxCH0_DisconnectAll\000"
 719      656E7365 
 719      5F414D75 
 719      78434830 
 719      5F446973 
 720 00bc 38010000 		.4byte	0x138
 721 00c0 43617053 		.ascii	"CapSense_AMuxCH0_initVar\000"
 721      656E7365 
 721      5F414D75 
 721      78434830 
 721      5F696E69 
 722 00d9 4A010000 		.4byte	0x14a
 723 00dd 43617053 		.ascii	"CapSense_AMuxCH0_lastChannel\000"
 723      656E7365 
 723      5F414D75 
 723      78434830 
 723      5F6C6173 
 724 00fa 00000000 		.4byte	0x0
 725              		.section	.debug_aranges,"",%progbits
 726 0000 44000000 		.4byte	0x44
ARM GAS  C:\Users\Geo\AppData\Local\Temp\ccJPTJlk.s 			page 18


 727 0004 0200     		.2byte	0x2
 728 0006 00000000 		.4byte	.Ldebug_info0
 729 000a 04       		.byte	0x4
 730 000b 00       		.byte	0x0
 731 000c 0000     		.2byte	0x0
 732 000e 0000     		.2byte	0x0
 733 0010 00000000 		.4byte	.LFB0
 734 0014 18000000 		.4byte	.LFE0-.LFB0
 735 0018 00000000 		.4byte	.LFB1
 736 001c 0A000000 		.4byte	.LFE1-.LFB1
 737 0020 00000000 		.4byte	.LFB2
 738 0024 0A000000 		.4byte	.LFE2-.LFB2
 739 0028 00000000 		.4byte	.LFB3
 740 002c 2A000000 		.4byte	.LFE3-.LFB3
 741 0030 00000000 		.4byte	.LFB4
 742 0034 44000000 		.4byte	.LFE4-.LFB4
 743 0038 00000000 		.4byte	.LFB5
 744 003c 2C000000 		.4byte	.LFE5-.LFB5
 745 0040 00000000 		.4byte	0x0
 746 0044 00000000 		.4byte	0x0
 747              		.section	.debug_ranges,"",%progbits
 748              	.Ldebug_ranges0:
 749 0000 00000000 		.4byte	.Ltext0
 750 0004 00000000 		.4byte	.Letext0
 751 0008 00000000 		.4byte	.LFB0
 752 000c 18000000 		.4byte	.LFE0
 753 0010 00000000 		.4byte	.LFB1
 754 0014 0A000000 		.4byte	.LFE1
 755 0018 00000000 		.4byte	.LFB2
 756 001c 0A000000 		.4byte	.LFE2
 757 0020 00000000 		.4byte	.LFB3
 758 0024 2A000000 		.4byte	.LFE3
 759 0028 00000000 		.4byte	.LFB4
 760 002c 44000000 		.4byte	.LFE4
 761 0030 00000000 		.4byte	.LFB5
 762 0034 2C000000 		.4byte	.LFE5
 763 0038 00000000 		.4byte	0x0
 764 003c 00000000 		.4byte	0x0
 765              		.section	.debug_str,"MS",%progbits,1
 766              	.LASF6:
 767 0000 6C6F6E67 		.ascii	"long long int\000"
 767      206C6F6E 
 767      6720696E 
 767      7400
 768              	.LASF15:
 769 000e 6368616E 		.ascii	"channel\000"
 769      6E656C00 
 770              	.LASF12:
 771 0016 43617053 		.ascii	"CapSense_AMuxCH0_Stop\000"
 771      656E7365 
 771      5F414D75 
 771      78434830 
 771      5F53746F 
 772              	.LASF17:
 773 002c 43617053 		.ascii	"CapSense_AMuxCH0_initVar\000"
 773      656E7365 
 773      5F414D75 
ARM GAS  C:\Users\Geo\AppData\Local\Temp\ccJPTJlk.s 			page 19


 773      78434830 
 773      5F696E69 
 774              	.LASF20:
 775 0045 2E5C4765 		.ascii	".\\Generated_Source\\PSoC5\\CapSense_AMuxCH0.c\000"
 775      6E657261 
 775      7465645F 
 775      536F7572 
 775      63655C50 
 776              	.LASF18:
 777 0071 43617053 		.ascii	"CapSense_AMuxCH0_lastChannel\000"
 777      656E7365 
 777      5F414D75 
 777      78434830 
 777      5F6C6173 
 778              	.LASF10:
 779 008e 43617053 		.ascii	"CapSense_AMuxCH0_Start\000"
 779      656E7365 
 779      5F414D75 
 779      78434830 
 779      5F537461 
 780              	.LASF1:
 781 00a5 756E7369 		.ascii	"unsigned char\000"
 781      676E6564 
 781      20636861 
 781      7200
 782              	.LASF5:
 783 00b3 6C6F6E67 		.ascii	"long unsigned int\000"
 783      20756E73 
 783      69676E65 
 783      6420696E 
 783      7400
 784              	.LASF3:
 785 00c5 73686F72 		.ascii	"short unsigned int\000"
 785      7420756E 
 785      7369676E 
 785      65642069 
 785      6E7400
 786              	.LASF16:
 787 00d8 43617053 		.ascii	"CapSense_AMuxCH0_DisconnectAll\000"
 787      656E7365 
 787      5F414D75 
 787      78434830 
 787      5F446973 
 788              	.LASF8:
 789 00f7 756E7369 		.ascii	"unsigned int\000"
 789      676E6564 
 789      20696E74 
 789      00
 790              	.LASF13:
 791 0104 43617053 		.ascii	"CapSense_AMuxCH0_Select\000"
 791      656E7365 
 791      5F414D75 
 791      78434830 
 791      5F53656C 
 792              	.LASF7:
 793 011c 6C6F6E67 		.ascii	"long long unsigned int\000"
 793      206C6F6E 
ARM GAS  C:\Users\Geo\AppData\Local\Temp\ccJPTJlk.s 			page 20


 793      6720756E 
 793      7369676E 
 793      65642069 
 794              	.LASF23:
 795 0133 6368616E 		.ascii	"chan\000"
 795      00
 796              	.LASF19:
 797 0138 474E5520 		.ascii	"GNU C 4.4.1\000"
 797      4320342E 
 797      342E3100 
 798              	.LASF9:
 799 0144 63686172 		.ascii	"char\000"
 799      00
 800              	.LASF11:
 801 0149 43617053 		.ascii	"CapSense_AMuxCH0_Init\000"
 801      656E7365 
 801      5F414D75 
 801      78434830 
 801      5F496E69 
 802              	.LASF2:
 803 015f 73686F72 		.ascii	"short int\000"
 803      7420696E 
 803      7400
 804              	.LASF22:
 805 0169 75696E74 		.ascii	"uint8\000"
 805      3800
 806              	.LASF4:
 807 016f 6C6F6E67 		.ascii	"long int\000"
 807      20696E74 
 807      00
 808              	.LASF0:
 809 0178 7369676E 		.ascii	"signed char\000"
 809      65642063 
 809      68617200 
 810              	.LASF21:
 811 0184 433A5C55 		.ascii	"C:\\Users\\Geo\\Documents\\Projects\\Electric Skate"
 811      73657273 
 811      5C47656F 
 811      5C446F63 
 811      756D656E 
 812 01b2 626F6172 		.ascii	"board\\Firmware\\PSoC\\Skateboard Remote.cydsn\000"
 812      645C4669 
 812      726D7761 
 812      72655C50 
 812      536F435C 
 813              	.LASF14:
 814 01de 43617053 		.ascii	"CapSense_AMuxCH0_FastSelect\000"
 814      656E7365 
 814      5F414D75 
 814      78434830 
 814      5F466173 
 815              		.ident	"GCC: (Sourcery G++ Lite 2010q1-188) 4.4.1"
