ARM GAS  C:\Users\Geo\AppData\Local\Temp\ccllDssh.s 			page 1


   1              		.syntax unified
   2              		.cpu cortex-m3
   3              		.fpu softvfp
   4              		.eabi_attribute 20, 1
   5              		.eabi_attribute 21, 1
   6              		.eabi_attribute 23, 3
   7              		.eabi_attribute 24, 1
   8              		.eabi_attribute 25, 1
   9              		.eabi_attribute 26, 1
  10              		.eabi_attribute 30, 6
  11              		.eabi_attribute 18, 4
  12              		.thumb
  13              		.file	"Cm3Start.c"
  14              		.section	.debug_abbrev,"",%progbits
  15              	.Ldebug_abbrev0:
  16              		.section	.debug_info,"",%progbits
  17              	.Ldebug_info0:
  18              		.section	.debug_line,"",%progbits
  19              	.Ldebug_line0:
  20 0000 B0000000 		.text
  20      02006B00 
  20      00000201 
  20      FB0E0D00 
  20      01010101 
  21              	.Ltext0:
  22              		.cfi_sections	.debug_frame
  23              		.global	CyRamVectors
  24              		.section	.ramvectors,"aw",%progbits
  25              		.align	8
  26              		.type	CyRamVectors, %object
  27              		.size	CyRamVectors, 192
  28              	CyRamVectors:
  29 0000 00000000 		.space	192
  29      00000000 
  29      00000000 
  29      00000000 
  29      00000000 
  30 00c0 00000000 		.section	.text.IntDefaultHandler,"ax",%progbits
  30      00000000 
  30      00000000 
  30      00000000 
  30      00000000 
  31              		.align	2
  32              		.global	IntDefaultHandler
  33              		.thumb
  34              		.thumb_func
  35              		.type	IntDefaultHandler, %function
  36              	IntDefaultHandler:
  37              	.LFB0:
  38              		.file 1 ".\\Generated_Source\\PSoC5\\Cm3Start.c"
   1:.\Generated_Source\PSoC5/Cm3Start.c **** /*******************************************************************************
   2:.\Generated_Source\PSoC5/Cm3Start.c **** * File Name: Cm3Start.c  
   3:.\Generated_Source\PSoC5/Cm3Start.c **** * Version 2.40
   4:.\Generated_Source\PSoC5/Cm3Start.c **** *
   5:.\Generated_Source\PSoC5/Cm3Start.c **** *  Description:
   6:.\Generated_Source\PSoC5/Cm3Start.c **** *  Startup code for the ARM CM3.
   7:.\Generated_Source\PSoC5/Cm3Start.c **** *
ARM GAS  C:\Users\Geo\AppData\Local\Temp\ccllDssh.s 			page 2


   8:.\Generated_Source\PSoC5/Cm3Start.c **** *
   9:.\Generated_Source\PSoC5/Cm3Start.c **** *
  10:.\Generated_Source\PSoC5/Cm3Start.c **** *  Note:
  11:.\Generated_Source\PSoC5/Cm3Start.c **** *
  12:.\Generated_Source\PSoC5/Cm3Start.c **** *   
  13:.\Generated_Source\PSoC5/Cm3Start.c **** *
  14:.\Generated_Source\PSoC5/Cm3Start.c **** ********************************************************************************
  15:.\Generated_Source\PSoC5/Cm3Start.c **** * Copyright 2008-2011, Cypress Semiconductor Corporation.  All rights reserved.
  16:.\Generated_Source\PSoC5/Cm3Start.c **** * You may use this file only in accordance with the license, terms, conditions, 
  17:.\Generated_Source\PSoC5/Cm3Start.c **** * disclaimers, and limitations in the end user license agreement accompanying 
  18:.\Generated_Source\PSoC5/Cm3Start.c **** * the software package with which this file was provided.
  19:.\Generated_Source\PSoC5/Cm3Start.c **** ********************************************************************************/
  20:.\Generated_Source\PSoC5/Cm3Start.c **** 
  21:.\Generated_Source\PSoC5/Cm3Start.c **** #include <CYDEVICE_TRM.H>
  22:.\Generated_Source\PSoC5/Cm3Start.c **** #include <CYTYPES.H>
  23:.\Generated_Source\PSoC5/Cm3Start.c **** #include <CYFITTER_CFG.H>
  24:.\Generated_Source\PSoC5/Cm3Start.c **** #include <CYLIB.H>
  25:.\Generated_Source\PSoC5/Cm3Start.c **** #include <CYDMAC.H>
  26:.\Generated_Source\PSoC5/Cm3Start.c **** #include <CYFITTER.H>
  27:.\Generated_Source\PSoC5/Cm3Start.c **** 
  28:.\Generated_Source\PSoC5/Cm3Start.c **** 
  29:.\Generated_Source\PSoC5/Cm3Start.c **** #define NUM_INTERRUPTS              32
  30:.\Generated_Source\PSoC5/Cm3Start.c **** #define NUM_VECTORS                 (CYINT_IRQ_BASE+NUM_INTERRUPTS)
  31:.\Generated_Source\PSoC5/Cm3Start.c **** #define NVIC_APINT                  ((reg32 *) CYREG_NVIC_APPLN_INTR)
  32:.\Generated_Source\PSoC5/Cm3Start.c **** #define NVIC_CFG_CTRL               ((reg32 *) CYREG_NVIC_CFG_CONTROL)
  33:.\Generated_Source\PSoC5/Cm3Start.c **** #define NVIC_APINT_PRIGROUP_3_5     0x00000400  /* Priority group 3.5 split */
  34:.\Generated_Source\PSoC5/Cm3Start.c **** #define NVIC_APINT_VECTKEY          0x05FA0000  /* This key is required in order to write the NVIC_
  35:.\Generated_Source\PSoC5/Cm3Start.c **** #define NVIC_CFG_STACKALIGN         0x00000200  /* This specifies that the exception stack must be 
  36:.\Generated_Source\PSoC5/Cm3Start.c **** 
  37:.\Generated_Source\PSoC5/Cm3Start.c **** /* extern functions */
  38:.\Generated_Source\PSoC5/Cm3Start.c **** extern void CyBtldr_CheckLaunch(void);
  39:.\Generated_Source\PSoC5/Cm3Start.c **** /* function prototypes */
  40:.\Generated_Source\PSoC5/Cm3Start.c **** void initialize_psoc(void);
  41:.\Generated_Source\PSoC5/Cm3Start.c **** 
  42:.\Generated_Source\PSoC5/Cm3Start.c **** 
  43:.\Generated_Source\PSoC5/Cm3Start.c **** /*******************************************************************************
  44:.\Generated_Source\PSoC5/Cm3Start.c **** *
  45:.\Generated_Source\PSoC5/Cm3Start.c **** * Default Ram Interrupt Vector table storage area. Must be 256-byte aligned.
  46:.\Generated_Source\PSoC5/Cm3Start.c **** *
  47:.\Generated_Source\PSoC5/Cm3Start.c **** *******************************************************************************/
  48:.\Generated_Source\PSoC5/Cm3Start.c **** __attribute__ ((section(".ramvectors")))
  49:.\Generated_Source\PSoC5/Cm3Start.c **** #if defined(__ARMCC_VERSION)
  50:.\Generated_Source\PSoC5/Cm3Start.c **** __align(256)
  51:.\Generated_Source\PSoC5/Cm3Start.c **** #elif defined (__GNUC__)
  52:.\Generated_Source\PSoC5/Cm3Start.c **** __attribute__ ((aligned(256)))
  53:.\Generated_Source\PSoC5/Cm3Start.c **** #endif
  54:.\Generated_Source\PSoC5/Cm3Start.c **** cyisraddress CyRamVectors[NUM_VECTORS];
  55:.\Generated_Source\PSoC5/Cm3Start.c **** 
  56:.\Generated_Source\PSoC5/Cm3Start.c **** 
  57:.\Generated_Source\PSoC5/Cm3Start.c **** /*******************************************************************************
  58:.\Generated_Source\PSoC5/Cm3Start.c **** * Function Name: IntDefaultHandler
  59:.\Generated_Source\PSoC5/Cm3Start.c **** ********************************************************************************
  60:.\Generated_Source\PSoC5/Cm3Start.c **** * Summary:
  61:.\Generated_Source\PSoC5/Cm3Start.c **** *   This function is called for all interrupts, other than reset, that get
  62:.\Generated_Source\PSoC5/Cm3Start.c **** *   called before the system is setup.
  63:.\Generated_Source\PSoC5/Cm3Start.c **** *
  64:.\Generated_Source\PSoC5/Cm3Start.c **** *
ARM GAS  C:\Users\Geo\AppData\Local\Temp\ccllDssh.s 			page 3


  65:.\Generated_Source\PSoC5/Cm3Start.c **** * Parameters:
  66:.\Generated_Source\PSoC5/Cm3Start.c **** *   void.
  67:.\Generated_Source\PSoC5/Cm3Start.c **** *
  68:.\Generated_Source\PSoC5/Cm3Start.c **** *
  69:.\Generated_Source\PSoC5/Cm3Start.c **** * Return:
  70:.\Generated_Source\PSoC5/Cm3Start.c **** *   void.
  71:.\Generated_Source\PSoC5/Cm3Start.c **** *   
  72:.\Generated_Source\PSoC5/Cm3Start.c **** *
  73:.\Generated_Source\PSoC5/Cm3Start.c **** * Theory:
  74:.\Generated_Source\PSoC5/Cm3Start.c **** *   Any value other than zero is acceptable.
  75:.\Generated_Source\PSoC5/Cm3Start.c **** *
  76:.\Generated_Source\PSoC5/Cm3Start.c **** *
  77:.\Generated_Source\PSoC5/Cm3Start.c **** *******************************************************************************/
  78:.\Generated_Source\PSoC5/Cm3Start.c **** CY_ISR(IntDefaultHandler)
  79:.\Generated_Source\PSoC5/Cm3Start.c **** {
  39              		.loc 1 79 0
  40              		.cfi_startproc
  41              		@ args = 0, pretend = 0, frame = 0
  42              		@ frame_needed = 1, uses_anonymous_args = 0
  43              		@ link register save eliminated.
  44 0000 80B4     		push	{r7}
  45              	.LCFI0:
  46              		.cfi_def_cfa_offset 4
  47 0002 00AF     		add	r7, sp, #0
  48              		.cfi_offset 7, -4
  49              	.LCFI1:
  50              		.cfi_def_cfa_register 7
  51              	.L2:
  80:.\Generated_Source\PSoC5/Cm3Start.c ****     /* We should never get here. If we do, a serious problem occured, so 
  81:.\Generated_Source\PSoC5/Cm3Start.c ****      * go into an infinite loop. 
  82:.\Generated_Source\PSoC5/Cm3Start.c ****      */
  83:.\Generated_Source\PSoC5/Cm3Start.c ****     while(1);
  52              		.loc 1 83 0
  53 0004 FEE7     		b	.L2
  54              		.cfi_endproc
  55              	.LFE0:
  56              		.size	IntDefaultHandler, .-IntDefaultHandler
  57 0006 00BF     		.section	.text.Reset,"ax",%progbits
  58              		.align	2
  59              		.global	Reset
  60              		.thumb
  61              		.thumb_func
  62              		.type	Reset, %function
  63              	Reset:
  64              	.LFB1:
  84:.\Generated_Source\PSoC5/Cm3Start.c **** }
  85:.\Generated_Source\PSoC5/Cm3Start.c **** 
  86:.\Generated_Source\PSoC5/Cm3Start.c **** #if defined(__ARMCC_VERSION)
  87:.\Generated_Source\PSoC5/Cm3Start.c **** 
  88:.\Generated_Source\PSoC5/Cm3Start.c **** /* Local function for the device reset. */
  89:.\Generated_Source\PSoC5/Cm3Start.c **** extern void Reset(void);
  90:.\Generated_Source\PSoC5/Cm3Start.c **** 
  91:.\Generated_Source\PSoC5/Cm3Start.c **** /* Application entry point. */
  92:.\Generated_Source\PSoC5/Cm3Start.c **** extern void $Super$$main(void);
  93:.\Generated_Source\PSoC5/Cm3Start.c **** 
  94:.\Generated_Source\PSoC5/Cm3Start.c **** /* Linker-generated Stack Base addresses, Two Region and One Region */
  95:.\Generated_Source\PSoC5/Cm3Start.c **** extern unsigned long Image$$ARM_LIB_STACK$$ZI$$Limit;
ARM GAS  C:\Users\Geo\AppData\Local\Temp\ccllDssh.s 			page 4


  96:.\Generated_Source\PSoC5/Cm3Start.c **** 
  97:.\Generated_Source\PSoC5/Cm3Start.c **** /* RealView C Library initialization. */
  98:.\Generated_Source\PSoC5/Cm3Start.c **** extern int __main(void);
  99:.\Generated_Source\PSoC5/Cm3Start.c **** 
 100:.\Generated_Source\PSoC5/Cm3Start.c **** /*******************************************************************************
 101:.\Generated_Source\PSoC5/Cm3Start.c **** *
 102:.\Generated_Source\PSoC5/Cm3Start.c **** * Default Rom Interrupt Vector table.
 103:.\Generated_Source\PSoC5/Cm3Start.c **** *
 104:.\Generated_Source\PSoC5/Cm3Start.c **** *******************************************************************************/
 105:.\Generated_Source\PSoC5/Cm3Start.c **** #pragma diag_suppress 1296
 106:.\Generated_Source\PSoC5/Cm3Start.c **** __attribute__ ((section(".romvectors")))
 107:.\Generated_Source\PSoC5/Cm3Start.c **** const cyisraddress RomVectors[NUM_VECTORS] =
 108:.\Generated_Source\PSoC5/Cm3Start.c **** {
 109:.\Generated_Source\PSoC5/Cm3Start.c ****     (cyisraddress)(uint32)&Image$$ARM_LIB_STACK$$ZI$$Limit,             /* The initial stack pointe
 110:.\Generated_Source\PSoC5/Cm3Start.c ****     (cyisraddress)Reset,                                                /* The reset handler       
 111:.\Generated_Source\PSoC5/Cm3Start.c ****     IntDefaultHandler,                                                  /* The NMI handler         
 112:.\Generated_Source\PSoC5/Cm3Start.c ****     IntDefaultHandler,                                                  /* The hard fault handler  
 113:.\Generated_Source\PSoC5/Cm3Start.c ****     IntDefaultHandler,                                                  /* The MPU fault handler   
 114:.\Generated_Source\PSoC5/Cm3Start.c ****     IntDefaultHandler,                                                  /* The bus fault handler   
 115:.\Generated_Source\PSoC5/Cm3Start.c ****     IntDefaultHandler,                                                  /* The usage fault handler 
 116:.\Generated_Source\PSoC5/Cm3Start.c ****     IntDefaultHandler,                                                  /* Reserved                
 117:.\Generated_Source\PSoC5/Cm3Start.c ****     IntDefaultHandler,                                                  /* Reserved                
 118:.\Generated_Source\PSoC5/Cm3Start.c ****     IntDefaultHandler,                                                  /* Reserved                
 119:.\Generated_Source\PSoC5/Cm3Start.c ****     IntDefaultHandler,                                                  /* Reserved                
 120:.\Generated_Source\PSoC5/Cm3Start.c ****     IntDefaultHandler,                                                  /* SVCall handler          
 121:.\Generated_Source\PSoC5/Cm3Start.c ****     IntDefaultHandler,                                                  /* Debug monitor handler   
 122:.\Generated_Source\PSoC5/Cm3Start.c ****     IntDefaultHandler,                                                  /* Reserved                
 123:.\Generated_Source\PSoC5/Cm3Start.c ****     IntDefaultHandler,                                                  /* The PendSV handler      
 124:.\Generated_Source\PSoC5/Cm3Start.c ****     IntDefaultHandler,                                                  /* The SysTick handler     
 125:.\Generated_Source\PSoC5/Cm3Start.c ****     IntDefaultHandler,                                                  /* External Interrupt(0)   
 126:.\Generated_Source\PSoC5/Cm3Start.c ****     IntDefaultHandler,                                                  /* External Interrupt(1)   
 127:.\Generated_Source\PSoC5/Cm3Start.c ****     IntDefaultHandler,                                                  /* External Interrupt(2)   
 128:.\Generated_Source\PSoC5/Cm3Start.c ****     IntDefaultHandler,                                                  /* External Interrupt(3)   
 129:.\Generated_Source\PSoC5/Cm3Start.c ****     IntDefaultHandler,                                                  /* External Interrupt(4)   
 130:.\Generated_Source\PSoC5/Cm3Start.c ****     IntDefaultHandler,                                                  /* External Interrupt(5)   
 131:.\Generated_Source\PSoC5/Cm3Start.c ****     IntDefaultHandler,                                                  /* External Interrupt(6)   
 132:.\Generated_Source\PSoC5/Cm3Start.c ****     IntDefaultHandler,                                                  /* External Interrupt(7)   
 133:.\Generated_Source\PSoC5/Cm3Start.c ****     IntDefaultHandler,                                                  /* External Interrupt(8)   
 134:.\Generated_Source\PSoC5/Cm3Start.c ****     IntDefaultHandler,                                                  /* External Interrupt(9)   
 135:.\Generated_Source\PSoC5/Cm3Start.c ****     IntDefaultHandler,                                                  /* External Interrupt(A)   
 136:.\Generated_Source\PSoC5/Cm3Start.c ****     IntDefaultHandler,                                                  /* External Interrupt(B)   
 137:.\Generated_Source\PSoC5/Cm3Start.c ****     IntDefaultHandler,                                                  /* External Interrupt(C)   
 138:.\Generated_Source\PSoC5/Cm3Start.c ****     IntDefaultHandler,                                                  /* External Interrupt(D)   
 139:.\Generated_Source\PSoC5/Cm3Start.c ****     IntDefaultHandler,                                                  /* External Interrupt(E)   
 140:.\Generated_Source\PSoC5/Cm3Start.c ****     IntDefaultHandler,                                                  /* External Interrupt(F)   
 141:.\Generated_Source\PSoC5/Cm3Start.c ****     IntDefaultHandler,                                                  /* External Interrupt(10)  
 142:.\Generated_Source\PSoC5/Cm3Start.c ****     IntDefaultHandler,                                                  /* External Interrupt(11)  
 143:.\Generated_Source\PSoC5/Cm3Start.c ****     IntDefaultHandler,                                                  /* External Interrupt(12)  
 144:.\Generated_Source\PSoC5/Cm3Start.c ****     IntDefaultHandler,                                                  /* External Interrupt(13)  
 145:.\Generated_Source\PSoC5/Cm3Start.c ****     IntDefaultHandler,                                                  /* External Interrupt(14)  
 146:.\Generated_Source\PSoC5/Cm3Start.c ****     IntDefaultHandler,                                                  /* External Interrupt(15)  
 147:.\Generated_Source\PSoC5/Cm3Start.c ****     IntDefaultHandler,                                                  /* External Interrupt(16)  
 148:.\Generated_Source\PSoC5/Cm3Start.c ****     IntDefaultHandler,                                                  /* External Interrupt(17)  
 149:.\Generated_Source\PSoC5/Cm3Start.c ****     IntDefaultHandler,                                                  /* External Interrupt(18)  
 150:.\Generated_Source\PSoC5/Cm3Start.c ****     IntDefaultHandler,                                                  /* External Interrupt(19)  
 151:.\Generated_Source\PSoC5/Cm3Start.c ****     IntDefaultHandler,                                                  /* External Interrupt(1A)  
 152:.\Generated_Source\PSoC5/Cm3Start.c ****     IntDefaultHandler,                                                  /* External Interrupt(1B)  
ARM GAS  C:\Users\Geo\AppData\Local\Temp\ccllDssh.s 			page 5


 153:.\Generated_Source\PSoC5/Cm3Start.c ****     IntDefaultHandler,                                                  /* External Interrupt(1C)  
 154:.\Generated_Source\PSoC5/Cm3Start.c ****     IntDefaultHandler,                                                  /* External Interrupt(1D)  
 155:.\Generated_Source\PSoC5/Cm3Start.c ****     IntDefaultHandler,                                                  /* External Interrupt(1E)  
 156:.\Generated_Source\PSoC5/Cm3Start.c ****     IntDefaultHandler                                                   /* External Interrupt(1F)  
 157:.\Generated_Source\PSoC5/Cm3Start.c **** };
 158:.\Generated_Source\PSoC5/Cm3Start.c **** 
 159:.\Generated_Source\PSoC5/Cm3Start.c **** 
 160:.\Generated_Source\PSoC5/Cm3Start.c **** /*******************************************************************************
 161:.\Generated_Source\PSoC5/Cm3Start.c **** * Function Name: Reset
 162:.\Generated_Source\PSoC5/Cm3Start.c **** ********************************************************************************
 163:.\Generated_Source\PSoC5/Cm3Start.c **** * Summary:
 164:.\Generated_Source\PSoC5/Cm3Start.c **** *   This function handles the reset interrupt for the RVDS/MDK toolchains.  
 165:.\Generated_Source\PSoC5/Cm3Start.c **** *   This is the first bit of code that is executed at startup.
 166:.\Generated_Source\PSoC5/Cm3Start.c **** *   
 167:.\Generated_Source\PSoC5/Cm3Start.c **** *
 168:.\Generated_Source\PSoC5/Cm3Start.c **** * Parameters:
 169:.\Generated_Source\PSoC5/Cm3Start.c **** *   void.
 170:.\Generated_Source\PSoC5/Cm3Start.c **** *
 171:.\Generated_Source\PSoC5/Cm3Start.c **** *
 172:.\Generated_Source\PSoC5/Cm3Start.c **** * Return:
 173:.\Generated_Source\PSoC5/Cm3Start.c **** *   void.
 174:.\Generated_Source\PSoC5/Cm3Start.c **** *   
 175:.\Generated_Source\PSoC5/Cm3Start.c **** *
 176:.\Generated_Source\PSoC5/Cm3Start.c **** *******************************************************************************/
 177:.\Generated_Source\PSoC5/Cm3Start.c **** __asm void Reset(void)
 178:.\Generated_Source\PSoC5/Cm3Start.c **** {
 179:.\Generated_Source\PSoC5/Cm3Start.c **** 	PRESERVE8 
 180:.\Generated_Source\PSoC5/Cm3Start.c **** 	EXTERN __main
 181:.\Generated_Source\PSoC5/Cm3Start.c **** 	EXTERN CyResetStatus
 182:.\Generated_Source\PSoC5/Cm3Start.c **** 	
 183:.\Generated_Source\PSoC5/Cm3Start.c **** #if (CYDEV_BOOTLOADER_ENABLE)
 184:.\Generated_Source\PSoC5/Cm3Start.c **** 	EXTERN CyBtldr_CheckLaunch
 185:.\Generated_Source\PSoC5/Cm3Start.c **** #endif
 186:.\Generated_Source\PSoC5/Cm3Start.c **** 
 187:.\Generated_Source\PSoC5/Cm3Start.c **** #if (CYDEV_PROJ_TYPE != CYDEV_PROJ_TYPE_LOADABLE)
 188:.\Generated_Source\PSoC5/Cm3Start.c ****   #if (CYDEV_DEBUGGING_ENABLE)
 189:.\Generated_Source\PSoC5/Cm3Start.c ****     ldr  r3, =0x400046e8 /* CYDEV_DEBUG_ENABLE_REGISTER */
 190:.\Generated_Source\PSoC5/Cm3Start.c ****     ldrb r4, [r3, #0]
 191:.\Generated_Source\PSoC5/Cm3Start.c ****     orr  r4, r4, #01
 192:.\Generated_Source\PSoC5/Cm3Start.c ****     strb r4, [r3, #0]
 193:.\Generated_Source\PSoC5/Cm3Start.c **** debugEnabled
 194:.\Generated_Source\PSoC5/Cm3Start.c ****   #endif
 195:.\Generated_Source\PSoC5/Cm3Start.c **** 	
 196:.\Generated_Source\PSoC5/Cm3Start.c ****     ldr  r3, =0x400046f8 /* CYREG_RESET_SR0 */
 197:.\Generated_Source\PSoC5/Cm3Start.c ****     ldrb r2, [r3, #0]
 198:.\Generated_Source\PSoC5/Cm3Start.c **** #endif
 199:.\Generated_Source\PSoC5/Cm3Start.c **** 	
 200:.\Generated_Source\PSoC5/Cm3Start.c ****     ldr  r3, =0x400076BC /* CYREG_PHUB_CFGMEM23_CFG1 */
 201:.\Generated_Source\PSoC5/Cm3Start.c ****     strb r2, [r3, #0]
 202:.\Generated_Source\PSoC5/Cm3Start.c **** 	
 203:.\Generated_Source\PSoC5/Cm3Start.c **** #if (CYDEV_BOOTLOADER_ENABLE)
 204:.\Generated_Source\PSoC5/Cm3Start.c ****     bl CyBtldr_CheckLaunch
 205:.\Generated_Source\PSoC5/Cm3Start.c **** #endif /* CYDEV_BOOTLOADER_ENABLE */
 206:.\Generated_Source\PSoC5/Cm3Start.c **** 
 207:.\Generated_Source\PSoC5/Cm3Start.c ****     /* Let RealView setup the libraries. */    
 208:.\Generated_Source\PSoC5/Cm3Start.c ****     bl __main
 209:.\Generated_Source\PSoC5/Cm3Start.c **** 
ARM GAS  C:\Users\Geo\AppData\Local\Temp\ccllDssh.s 			page 6


 210:.\Generated_Source\PSoC5/Cm3Start.c ****     ALIGN
 211:.\Generated_Source\PSoC5/Cm3Start.c **** }
 212:.\Generated_Source\PSoC5/Cm3Start.c **** 
 213:.\Generated_Source\PSoC5/Cm3Start.c **** 
 214:.\Generated_Source\PSoC5/Cm3Start.c **** /*******************************************************************************
 215:.\Generated_Source\PSoC5/Cm3Start.c **** * Function Name: $Sub$$main
 216:.\Generated_Source\PSoC5/Cm3Start.c **** ********************************************************************************
 217:.\Generated_Source\PSoC5/Cm3Start.c **** * Summary:
 218:.\Generated_Source\PSoC5/Cm3Start.c **** *   This function is called imediatly before the users main
 219:.\Generated_Source\PSoC5/Cm3Start.c **** *
 220:.\Generated_Source\PSoC5/Cm3Start.c **** *
 221:.\Generated_Source\PSoC5/Cm3Start.c **** * Parameters:
 222:.\Generated_Source\PSoC5/Cm3Start.c **** *   void.
 223:.\Generated_Source\PSoC5/Cm3Start.c **** *
 224:.\Generated_Source\PSoC5/Cm3Start.c **** *
 225:.\Generated_Source\PSoC5/Cm3Start.c **** * Return:
 226:.\Generated_Source\PSoC5/Cm3Start.c **** *   void.
 227:.\Generated_Source\PSoC5/Cm3Start.c **** *   
 228:.\Generated_Source\PSoC5/Cm3Start.c **** *
 229:.\Generated_Source\PSoC5/Cm3Start.c **** *******************************************************************************/
 230:.\Generated_Source\PSoC5/Cm3Start.c **** void $Sub$$main(void)
 231:.\Generated_Source\PSoC5/Cm3Start.c **** {
 232:.\Generated_Source\PSoC5/Cm3Start.c ****     initialize_psoc();
 233:.\Generated_Source\PSoC5/Cm3Start.c **** 
 234:.\Generated_Source\PSoC5/Cm3Start.c ****     /* Call original main */
 235:.\Generated_Source\PSoC5/Cm3Start.c ****     $Super$$main();
 236:.\Generated_Source\PSoC5/Cm3Start.c **** 
 237:.\Generated_Source\PSoC5/Cm3Start.c ****     /* If main returns it is undefined what we should do. */
 238:.\Generated_Source\PSoC5/Cm3Start.c ****     while (1);
 239:.\Generated_Source\PSoC5/Cm3Start.c **** }
 240:.\Generated_Source\PSoC5/Cm3Start.c **** 
 241:.\Generated_Source\PSoC5/Cm3Start.c **** #elif defined(__GNUC__)
 242:.\Generated_Source\PSoC5/Cm3Start.c **** 
 243:.\Generated_Source\PSoC5/Cm3Start.c **** extern unsigned long __cs3_interrupt_vector;
 244:.\Generated_Source\PSoC5/Cm3Start.c **** extern void __cs3_start_c(void);
 245:.\Generated_Source\PSoC5/Cm3Start.c **** 
 246:.\Generated_Source\PSoC5/Cm3Start.c **** #define RomVectors (cyisraddress)(&__cs3_interrupt_vector)
 247:.\Generated_Source\PSoC5/Cm3Start.c **** 
 248:.\Generated_Source\PSoC5/Cm3Start.c **** 
 249:.\Generated_Source\PSoC5/Cm3Start.c **** /*******************************************************************************
 250:.\Generated_Source\PSoC5/Cm3Start.c **** * Function Name: Reset
 251:.\Generated_Source\PSoC5/Cm3Start.c **** ********************************************************************************
 252:.\Generated_Source\PSoC5/Cm3Start.c **** * Summary:
 253:.\Generated_Source\PSoC5/Cm3Start.c **** *   This function handles the reset interrupt for the GCC toolchain.  This is 
 254:.\Generated_Source\PSoC5/Cm3Start.c **** *   the first bit of code that is executed at startup.
 255:.\Generated_Source\PSoC5/Cm3Start.c **** *
 256:.\Generated_Source\PSoC5/Cm3Start.c **** *
 257:.\Generated_Source\PSoC5/Cm3Start.c **** * Parameters:
 258:.\Generated_Source\PSoC5/Cm3Start.c **** *   void.
 259:.\Generated_Source\PSoC5/Cm3Start.c **** *
 260:.\Generated_Source\PSoC5/Cm3Start.c **** *
 261:.\Generated_Source\PSoC5/Cm3Start.c **** * Return:
 262:.\Generated_Source\PSoC5/Cm3Start.c **** *   void.
 263:.\Generated_Source\PSoC5/Cm3Start.c **** *
 264:.\Generated_Source\PSoC5/Cm3Start.c **** *
 265:.\Generated_Source\PSoC5/Cm3Start.c **** *******************************************************************************/
 266:.\Generated_Source\PSoC5/Cm3Start.c **** __attribute__ ((naked))
ARM GAS  C:\Users\Geo\AppData\Local\Temp\ccllDssh.s 			page 7


 267:.\Generated_Source\PSoC5/Cm3Start.c **** void Reset(void)
 268:.\Generated_Source\PSoC5/Cm3Start.c **** {
  65              		.loc 1 268 0
  66              		.cfi_startproc
  67              		@ Naked Function: prologue and epilogue provided by programmer.
  68              		@ args = 0, pretend = 0, frame = 0
  69              		@ frame_needed = 1, uses_anonymous_args = 0
 269:.\Generated_Source\PSoC5/Cm3Start.c ****     __asm volatile(
  70              		.loc 1 269 0
  71              	@ 269 ".\Generated_Source\PSoC5\Cm3Start.c" 1
  72 0000 054B     		    ldr  r3, =#1073759976
  73 0002 1C78     	    ldrb r4, [r3, #0]
  74 0004 44F00104 	    orr  r4, r4, #01
  75 0008 1C70     	    strb r4, [r3, #0]
  76              	debugEnabled:
  77 000a 044B     	    ldr  r3, =#1073759992
  78 000c 1A78     	    ldrb r2, [r3, #0]
  79 000e D2B2     	    uxtb r2, r2
  80 0010 034B     	    ldr  r3, =#1073772220
  81 0012 1A70     	    strb r2, [r3, #0]
  82 0014 FFF7FEFF 	    bl __cs3_start_c
  83              	
  84              	@ 0 "" 2
 270:.\Generated_Source\PSoC5/Cm3Start.c **** #if (CYDEV_PROJ_TYPE != CYDEV_PROJ_TYPE_LOADABLE)
 271:.\Generated_Source\PSoC5/Cm3Start.c ****   #if (CYDEV_DEBUGGING_ENABLE)
 272:.\Generated_Source\PSoC5/Cm3Start.c ****     "    ldr  r3, =%0\n"
 273:.\Generated_Source\PSoC5/Cm3Start.c ****     "    ldrb r4, [r3, #0]\n"
 274:.\Generated_Source\PSoC5/Cm3Start.c ****     "    orr  r4, r4, #01\n"
 275:.\Generated_Source\PSoC5/Cm3Start.c ****     "    strb r4, [r3, #0]\n"
 276:.\Generated_Source\PSoC5/Cm3Start.c ****     "debugEnabled:\n"
 277:.\Generated_Source\PSoC5/Cm3Start.c ****   #endif
 278:.\Generated_Source\PSoC5/Cm3Start.c **** 	
 279:.\Generated_Source\PSoC5/Cm3Start.c ****     "    ldr  r3, =%1\n"
 280:.\Generated_Source\PSoC5/Cm3Start.c ****     "    ldrb r2, [r3, #0]\n"
 281:.\Generated_Source\PSoC5/Cm3Start.c ****     "    uxtb r2, r2\n"
 282:.\Generated_Source\PSoC5/Cm3Start.c **** #endif
 283:.\Generated_Source\PSoC5/Cm3Start.c **** 	
 284:.\Generated_Source\PSoC5/Cm3Start.c ****     "    ldr  r3, =%2\n"
 285:.\Generated_Source\PSoC5/Cm3Start.c ****     "    strb r2, [r3, #0]\n"
 286:.\Generated_Source\PSoC5/Cm3Start.c **** 	
 287:.\Generated_Source\PSoC5/Cm3Start.c **** #if (CYDEV_BOOTLOADER_ENABLE)
 288:.\Generated_Source\PSoC5/Cm3Start.c ****     "    bl CyBtldr_CheckLaunch\n"
 289:.\Generated_Source\PSoC5/Cm3Start.c **** #endif /* CYDEV_BOOTLOADER_ENABLE */
 290:.\Generated_Source\PSoC5/Cm3Start.c **** 
 291:.\Generated_Source\PSoC5/Cm3Start.c ****     /* Let RealView setup the libraries. */    
 292:.\Generated_Source\PSoC5/Cm3Start.c ****     "    bl __cs3_start_c\n" : : "i" (CYDEV_DEBUG_ENABLE_REGISTER), "i" (CYREG_RESET_SR0), "i" (CYR
 293:.\Generated_Source\PSoC5/Cm3Start.c **** }
  85              		.loc 1 293 0
  86              		.thumb
  87              		.cfi_endproc
  88              	.LFE1:
  89              		.size	Reset, .-Reset
  90              		.section	.text.initialize_psoc,"ax",%progbits
  91              		.align	2
  92              		.global	initialize_psoc
  93              		.thumb
  94              		.thumb_func
ARM GAS  C:\Users\Geo\AppData\Local\Temp\ccllDssh.s 			page 8


  95              		.type	initialize_psoc, %function
  96              	initialize_psoc:
  97              	.LFB2:
 294:.\Generated_Source\PSoC5/Cm3Start.c **** 
 295:.\Generated_Source\PSoC5/Cm3Start.c **** #endif /* __GNUC__ */
 296:.\Generated_Source\PSoC5/Cm3Start.c **** 
 297:.\Generated_Source\PSoC5/Cm3Start.c **** /*******************************************************************************
 298:.\Generated_Source\PSoC5/Cm3Start.c **** * Function Name: initialize_psoc
 299:.\Generated_Source\PSoC5/Cm3Start.c **** ********************************************************************************
 300:.\Generated_Source\PSoC5/Cm3Start.c **** * Summary:
 301:.\Generated_Source\PSoC5/Cm3Start.c **** *   This function used to initialize the PSoC chip before calling main.
 302:.\Generated_Source\PSoC5/Cm3Start.c **** *
 303:.\Generated_Source\PSoC5/Cm3Start.c **** *
 304:.\Generated_Source\PSoC5/Cm3Start.c **** * Parameters:
 305:.\Generated_Source\PSoC5/Cm3Start.c **** *   void.
 306:.\Generated_Source\PSoC5/Cm3Start.c **** *
 307:.\Generated_Source\PSoC5/Cm3Start.c **** *
 308:.\Generated_Source\PSoC5/Cm3Start.c **** * Return:
 309:.\Generated_Source\PSoC5/Cm3Start.c **** *   void.
 310:.\Generated_Source\PSoC5/Cm3Start.c **** *
 311:.\Generated_Source\PSoC5/Cm3Start.c **** *
 312:.\Generated_Source\PSoC5/Cm3Start.c **** *******************************************************************************/
 313:.\Generated_Source\PSoC5/Cm3Start.c **** #if (defined(__GNUC__) && !defined(__ARMCC_VERSION))
 314:.\Generated_Source\PSoC5/Cm3Start.c **** __attribute__ ((constructor(101)))
 315:.\Generated_Source\PSoC5/Cm3Start.c **** #endif
 316:.\Generated_Source\PSoC5/Cm3Start.c **** void initialize_psoc(void)
 317:.\Generated_Source\PSoC5/Cm3Start.c **** {
  98              		.loc 1 317 0
  99              		.cfi_startproc
 100              		@ args = 0, pretend = 0, frame = 8
 101              		@ frame_needed = 1, uses_anonymous_args = 0
 102 0000 80B5     		push	{r7, lr}
 103              	.LCFI2:
 104              		.cfi_def_cfa_offset 8
 105 0002 82B0     		sub	sp, sp, #8
 106              	.LCFI3:
 107              		.cfi_def_cfa_offset 16
 108 0004 00AF     		add	r7, sp, #0
 109              		.cfi_offset 14, -4
 110              		.cfi_offset 7, -8
 111              	.LCFI4:
 112              		.cfi_def_cfa_register 7
 318:.\Generated_Source\PSoC5/Cm3Start.c ****     unsigned long index;
 319:.\Generated_Source\PSoC5/Cm3Start.c **** 
 320:.\Generated_Source\PSoC5/Cm3Start.c ****     /* Set Priority group 5. */
 321:.\Generated_Source\PSoC5/Cm3Start.c ****     /* Writes to the NVIC_APINT register require the VECTKEY in the upper half */
 322:.\Generated_Source\PSoC5/Cm3Start.c ****     *NVIC_APINT = NVIC_APINT_VECTKEY | NVIC_APINT_PRIGROUP_3_5;
 113              		.loc 1 322 0
 114 0006 4EF60C53 		movw	r3, #:lower16:-536810228
 115 000a CEF20003 		movt	r3, #:upper16:-536810228
 116 000e 40F20042 		movw	r2, #:lower16:100271104
 117 0012 C0F2FA52 		movt	r2, #:upper16:100271104
 118 0016 1A60     		str	r2, [r3, #0]
 323:.\Generated_Source\PSoC5/Cm3Start.c ****     *NVIC_CFG_CTRL |= NVIC_CFG_STACKALIGN;
 119              		.loc 1 323 0
 120 0018 4EF61453 		movw	r3, #:lower16:-536810220
 121 001c CEF20003 		movt	r3, #:upper16:-536810220
ARM GAS  C:\Users\Geo\AppData\Local\Temp\ccllDssh.s 			page 9


 122 0020 4EF61452 		movw	r2, #:lower16:-536810220
 123 0024 CEF20002 		movt	r2, #:upper16:-536810220
 124 0028 1268     		ldr	r2, [r2, #0]
 125 002a 42F40072 		orr	r2, r2, #512
 126 002e 1A60     		str	r2, [r3, #0]
 324:.\Generated_Source\PSoC5/Cm3Start.c **** 	
 325:.\Generated_Source\PSoC5/Cm3Start.c ****     /* Set Ram interrupt vectors to default functions. */
 326:.\Generated_Source\PSoC5/Cm3Start.c ****     for(index = 0; index < NUM_VECTORS; index++)
 127              		.loc 1 326 0
 128 0030 4FF00003 		mov	r3, #0
 129 0034 7B60     		str	r3, [r7, #4]
 130 0036 14E0     		b	.L7
 131              	.L8:
 327:.\Generated_Source\PSoC5/Cm3Start.c ****     {
 328:.\Generated_Source\PSoC5/Cm3Start.c ****         CyRamVectors[index] = RomVectors[index];
 132              		.loc 1 328 0
 133 0038 7A68     		ldr	r2, [r7, #4]
 134 003a 7B68     		ldr	r3, [r7, #4]
 135 003c 4FEA8301 		lsl	r1, r3, #2
 136 0040 40F20003 		movw	r3, #:lower16:__cs3_interrupt_vector
 137 0044 C0F20003 		movt	r3, #:upper16:__cs3_interrupt_vector
 138 0048 0B44     		add	r3, r1, r3
 139 004a 1B68     		ldr	r3, [r3, #0]
 140 004c 1946     		mov	r1, r3
 141 004e 40F20003 		movw	r3, #:lower16:CyRamVectors
 142 0052 C0F20003 		movt	r3, #:upper16:CyRamVectors
 143 0056 43F82210 		str	r1, [r3, r2, lsl #2]
 144              		.loc 1 326 0
 145 005a 7B68     		ldr	r3, [r7, #4]
 146 005c 03F10103 		add	r3, r3, #1
 147 0060 7B60     		str	r3, [r7, #4]
 148              	.L7:
 149 0062 7B68     		ldr	r3, [r7, #4]
 150 0064 2F2B     		cmp	r3, #47
 151 0066 E7D9     		bls	.L8
 329:.\Generated_Source\PSoC5/Cm3Start.c ****     }
 330:.\Generated_Source\PSoC5/Cm3Start.c **** 
 331:.\Generated_Source\PSoC5/Cm3Start.c ****     /* ResetStatus was stored in CFGMEM to avoid being cleared while SRAM gets cleared */
 332:.\Generated_Source\PSoC5/Cm3Start.c ****     CyResetStatus = CY_GET_REG8(CYREG_PHUB_CFGMEM23_CFG1);
 152              		.loc 1 332 0
 153 0068 47F2BC63 		movw	r3, #:lower16:1073772220
 154 006c C4F20003 		movt	r3, #:upper16:1073772220
 155 0070 1B78     		ldrb	r3, [r3, #0]
 156 0072 DAB2     		uxtb	r2, r3
 157 0074 40F20003 		movw	r3, #:lower16:CyResetStatus
 158 0078 C0F20003 		movt	r3, #:upper16:CyResetStatus
 159 007c 1A70     		strb	r2, [r3, #0]
 333:.\Generated_Source\PSoC5/Cm3Start.c **** 
 334:.\Generated_Source\PSoC5/Cm3Start.c ****     /* Point NVIC at the RAM vector table. */
 335:.\Generated_Source\PSoC5/Cm3Start.c ****     *CYINT_VECT_TABLE = CyRamVectors;
 160              		.loc 1 335 0
 161 007e 4EF60853 		movw	r3, #:lower16:-536810232
 162 0082 CEF20003 		movt	r3, #:upper16:-536810232
 163 0086 40F20002 		movw	r2, #:lower16:CyRamVectors
 164 008a C0F20002 		movt	r2, #:upper16:CyRamVectors
 165 008e 1A60     		str	r2, [r3, #0]
 336:.\Generated_Source\PSoC5/Cm3Start.c **** 
ARM GAS  C:\Users\Geo\AppData\Local\Temp\ccllDssh.s 			page 10


 337:.\Generated_Source\PSoC5/Cm3Start.c ****     /* Initialize the configuration registers. */
 338:.\Generated_Source\PSoC5/Cm3Start.c ****     cyfitter_cfg();
 166              		.loc 1 338 0
 167 0090 FFF7FEFF 		bl	cyfitter_cfg
 339:.\Generated_Source\PSoC5/Cm3Start.c **** 
 340:.\Generated_Source\PSoC5/Cm3Start.c ****     /* Setup DMA td linked list. */
 341:.\Generated_Source\PSoC5/Cm3Start.c ****     CyDmacConfigure();
 168              		.loc 1 341 0
 169 0094 FFF7FEFF 		bl	CyDmacConfigure
 342:.\Generated_Source\PSoC5/Cm3Start.c **** }
 170              		.loc 1 342 0
 171 0098 07F10807 		add	r7, r7, #8
 172 009c BD46     		mov	sp, r7
 173 009e 80BD     		pop	{r7, pc}
 174              		.cfi_endproc
 175              	.LFE2:
 176              		.size	initialize_psoc, .-initialize_psoc
 177              		.section	.init_array,"aw",%init_array
 178              		.align	2
 179 0000 00000000 		.word	initialize_psoc(target1)
 180              		.text
 181              	.Letext0:
 182              		.section	.debug_loc,"",%progbits
 183              	.Ldebug_loc0:
 184              	.LLST0:
 185 0000 00000000 		.4byte	.LFB0
 186 0004 02000000 		.4byte	.LCFI0
 187 0008 0100     		.2byte	0x1
 188 000a 5D       		.byte	0x5d
 189 000b 02000000 		.4byte	.LCFI0
 190 000f 04000000 		.4byte	.LCFI1
 191 0013 0200     		.2byte	0x2
 192 0015 7D       		.byte	0x7d
 193 0016 04       		.sleb128 4
 194 0017 04000000 		.4byte	.LCFI1
 195 001b 06000000 		.4byte	.LFE0
 196 001f 0200     		.2byte	0x2
 197 0021 77       		.byte	0x77
 198 0022 04       		.sleb128 4
 199 0023 00000000 		.4byte	0x0
 200 0027 00000000 		.4byte	0x0
 201              	.LLST2:
 202 002b 00000000 		.4byte	.LFB2
 203 002f 02000000 		.4byte	.LCFI2
 204 0033 0100     		.2byte	0x1
 205 0035 5D       		.byte	0x5d
 206 0036 02000000 		.4byte	.LCFI2
 207 003a 04000000 		.4byte	.LCFI3
 208 003e 0200     		.2byte	0x2
 209 0040 7D       		.byte	0x7d
 210 0041 08       		.sleb128 8
 211 0042 04000000 		.4byte	.LCFI3
 212 0046 06000000 		.4byte	.LCFI4
 213 004a 0200     		.2byte	0x2
 214 004c 7D       		.byte	0x7d
 215 004d 10       		.sleb128 16
 216 004e 06000000 		.4byte	.LCFI4
ARM GAS  C:\Users\Geo\AppData\Local\Temp\ccllDssh.s 			page 11


 217 0052 A0000000 		.4byte	.LFE2
 218 0056 0200     		.2byte	0x2
 219 0058 77       		.byte	0x77
 220 0059 10       		.sleb128 16
 221 005a 00000000 		.4byte	0x0
 222 005e 00000000 		.4byte	0x0
 223              		.file 2 "./Generated_Source/PSoC5/cytypes.h"
 224              		.file 3 "./Generated_Source/PSoC5/CYLIB.H"
 225              		.section	.debug_info
 226 0000 25010000 		.4byte	0x125
 227 0004 0200     		.2byte	0x2
 228 0006 00000000 		.4byte	.Ldebug_abbrev0
 229 000a 04       		.byte	0x4
 230 000b 01       		.uleb128 0x1
 231 000c 75000000 		.4byte	.LASF17
 232 0010 01       		.byte	0x1
 233 0011 62010000 		.4byte	.LASF18
 234 0015 B4000000 		.4byte	.LASF19
 235 0019 00000000 		.4byte	0x0
 236 001d 00000000 		.4byte	0x0
 237 0021 00000000 		.4byte	.Ldebug_ranges0+0x0
 238 0025 00000000 		.4byte	.Ldebug_line0
 239 0029 02       		.uleb128 0x2
 240 002a 01       		.byte	0x1
 241 002b 06       		.byte	0x6
 242 002c 43010000 		.4byte	.LASF0
 243 0030 02       		.uleb128 0x2
 244 0031 01       		.byte	0x1
 245 0032 08       		.byte	0x8
 246 0033 81000000 		.4byte	.LASF1
 247 0037 02       		.uleb128 0x2
 248 0038 02       		.byte	0x2
 249 0039 05       		.byte	0x5
 250 003a AA000000 		.4byte	.LASF2
 251 003e 02       		.uleb128 0x2
 252 003f 02       		.byte	0x2
 253 0040 07       		.byte	0x7
 254 0041 30010000 		.4byte	.LASF3
 255 0045 02       		.uleb128 0x2
 256 0046 04       		.byte	0x4
 257 0047 05       		.byte	0x5
 258 0048 94000000 		.4byte	.LASF4
 259 004c 02       		.uleb128 0x2
 260 004d 04       		.byte	0x4
 261 004e 07       		.byte	0x7
 262 004f 4C000000 		.4byte	.LASF5
 263 0053 02       		.uleb128 0x2
 264 0054 08       		.byte	0x8
 265 0055 05       		.byte	0x5
 266 0056 00000000 		.4byte	.LASF6
 267 005a 02       		.uleb128 0x2
 268 005b 08       		.byte	0x8
 269 005c 07       		.byte	0x7
 270 005d 5E000000 		.4byte	.LASF7
 271 0061 03       		.uleb128 0x3
 272 0062 04       		.byte	0x4
 273 0063 05       		.byte	0x5
ARM GAS  C:\Users\Geo\AppData\Local\Temp\ccllDssh.s 			page 12


 274 0064 696E7400 		.ascii	"int\000"
 275 0068 02       		.uleb128 0x2
 276 0069 04       		.byte	0x4
 277 006a 07       		.byte	0x7
 278 006b 0E000000 		.4byte	.LASF8
 279 006f 02       		.uleb128 0x2
 280 0070 01       		.byte	0x1
 281 0071 08       		.byte	0x8
 282 0072 8F000000 		.4byte	.LASF9
 283 0076 04       		.uleb128 0x4
 284 0077 46000000 		.4byte	.LASF10
 285 007b 02       		.byte	0x2
 286 007c 51       		.byte	0x51
 287 007d 30000000 		.4byte	0x30
 288 0081 05       		.uleb128 0x5
 289 0082 9D000000 		.4byte	.LASF11
 290 0086 02       		.byte	0x2
 291 0087 0801     		.2byte	0x108
 292 0089 8D000000 		.4byte	0x8d
 293 008d 06       		.uleb128 0x6
 294 008e 04       		.byte	0x4
 295 008f 93000000 		.4byte	0x93
 296 0093 07       		.uleb128 0x7
 297 0094 01       		.byte	0x1
 298 0095 08       		.uleb128 0x8
 299 0096 04       		.byte	0x4
 300 0097 07       		.byte	0x7
 301 0098 09       		.uleb128 0x9
 302 0099 01       		.byte	0x1
 303 009a 1E010000 		.4byte	.LASF12
 304 009e 01       		.byte	0x1
 305 009f 4E       		.byte	0x4e
 306 00a0 01       		.byte	0x1
 307 00a1 00000000 		.4byte	.LFB0
 308 00a5 06000000 		.4byte	.LFE0
 309 00a9 00000000 		.4byte	.LLST0
 310 00ad 0A       		.uleb128 0xa
 311 00ae 01       		.byte	0x1
 312 00af 5C010000 		.4byte	.LASF13
 313 00b3 01       		.byte	0x1
 314 00b4 0B01     		.2byte	0x10b
 315 00b6 01       		.byte	0x1
 316 00b7 00000000 		.4byte	.LFB1
 317 00bb 18000000 		.4byte	.LFE1
 318 00bf 01       		.byte	0x1
 319 00c0 5D       		.byte	0x5d
 320 00c1 0B       		.uleb128 0xb
 321 00c2 01       		.byte	0x1
 322 00c3 0E010000 		.4byte	.LASF20
 323 00c7 01       		.byte	0x1
 324 00c8 3C01     		.2byte	0x13c
 325 00ca 01       		.byte	0x1
 326 00cb 00000000 		.4byte	.LFB2
 327 00cf A0000000 		.4byte	.LFE2
 328 00d3 2B000000 		.4byte	.LLST2
 329 00d7 EB000000 		.4byte	0xeb
 330 00db 0C       		.uleb128 0xc
ARM GAS  C:\Users\Geo\AppData\Local\Temp\ccllDssh.s 			page 13


 331 00dc 1B000000 		.4byte	.LASF21
 332 00e0 01       		.byte	0x1
 333 00e1 3E01     		.2byte	0x13e
 334 00e3 4C000000 		.4byte	0x4c
 335 00e7 02       		.byte	0x2
 336 00e8 91       		.byte	0x91
 337 00e9 74       		.sleb128 -12
 338 00ea 00       		.byte	0x0
 339 00eb 0D       		.uleb128 0xd
 340 00ec 38000000 		.4byte	.LASF14
 341 00f0 03       		.byte	0x3
 342 00f1 8C01     		.2byte	0x18c
 343 00f3 76000000 		.4byte	0x76
 344 00f7 01       		.byte	0x1
 345 00f8 01       		.byte	0x1
 346 00f9 0E       		.uleb128 0xe
 347 00fa 81000000 		.4byte	0x81
 348 00fe 09010000 		.4byte	0x109
 349 0102 0F       		.uleb128 0xf
 350 0103 95000000 		.4byte	0x95
 351 0107 2F       		.byte	0x2f
 352 0108 00       		.byte	0x0
 353 0109 10       		.uleb128 0x10
 354 010a 4F010000 		.4byte	.LASF15
 355 010e 01       		.byte	0x1
 356 010f 36       		.byte	0x36
 357 0110 F9000000 		.4byte	0xf9
 358 0114 01       		.byte	0x1
 359 0115 05       		.byte	0x5
 360 0116 03       		.byte	0x3
 361 0117 00000000 		.4byte	CyRamVectors
 362 011b 11       		.uleb128 0x11
 363 011c 21000000 		.4byte	.LASF16
 364 0120 01       		.byte	0x1
 365 0121 F3       		.byte	0xf3
 366 0122 4C000000 		.4byte	0x4c
 367 0126 01       		.byte	0x1
 368 0127 01       		.byte	0x1
 369 0128 00       		.byte	0x0
 370              		.section	.debug_abbrev
 371 0000 01       		.uleb128 0x1
 372 0001 11       		.uleb128 0x11
 373 0002 01       		.byte	0x1
 374 0003 25       		.uleb128 0x25
 375 0004 0E       		.uleb128 0xe
 376 0005 13       		.uleb128 0x13
 377 0006 0B       		.uleb128 0xb
 378 0007 03       		.uleb128 0x3
 379 0008 0E       		.uleb128 0xe
 380 0009 1B       		.uleb128 0x1b
 381 000a 0E       		.uleb128 0xe
 382 000b 11       		.uleb128 0x11
 383 000c 01       		.uleb128 0x1
 384 000d 52       		.uleb128 0x52
 385 000e 01       		.uleb128 0x1
 386 000f 55       		.uleb128 0x55
 387 0010 06       		.uleb128 0x6
ARM GAS  C:\Users\Geo\AppData\Local\Temp\ccllDssh.s 			page 14


 388 0011 10       		.uleb128 0x10
 389 0012 06       		.uleb128 0x6
 390 0013 00       		.byte	0x0
 391 0014 00       		.byte	0x0
 392 0015 02       		.uleb128 0x2
 393 0016 24       		.uleb128 0x24
 394 0017 00       		.byte	0x0
 395 0018 0B       		.uleb128 0xb
 396 0019 0B       		.uleb128 0xb
 397 001a 3E       		.uleb128 0x3e
 398 001b 0B       		.uleb128 0xb
 399 001c 03       		.uleb128 0x3
 400 001d 0E       		.uleb128 0xe
 401 001e 00       		.byte	0x0
 402 001f 00       		.byte	0x0
 403 0020 03       		.uleb128 0x3
 404 0021 24       		.uleb128 0x24
 405 0022 00       		.byte	0x0
 406 0023 0B       		.uleb128 0xb
 407 0024 0B       		.uleb128 0xb
 408 0025 3E       		.uleb128 0x3e
 409 0026 0B       		.uleb128 0xb
 410 0027 03       		.uleb128 0x3
 411 0028 08       		.uleb128 0x8
 412 0029 00       		.byte	0x0
 413 002a 00       		.byte	0x0
 414 002b 04       		.uleb128 0x4
 415 002c 16       		.uleb128 0x16
 416 002d 00       		.byte	0x0
 417 002e 03       		.uleb128 0x3
 418 002f 0E       		.uleb128 0xe
 419 0030 3A       		.uleb128 0x3a
 420 0031 0B       		.uleb128 0xb
 421 0032 3B       		.uleb128 0x3b
 422 0033 0B       		.uleb128 0xb
 423 0034 49       		.uleb128 0x49
 424 0035 13       		.uleb128 0x13
 425 0036 00       		.byte	0x0
 426 0037 00       		.byte	0x0
 427 0038 05       		.uleb128 0x5
 428 0039 16       		.uleb128 0x16
 429 003a 00       		.byte	0x0
 430 003b 03       		.uleb128 0x3
 431 003c 0E       		.uleb128 0xe
 432 003d 3A       		.uleb128 0x3a
 433 003e 0B       		.uleb128 0xb
 434 003f 3B       		.uleb128 0x3b
 435 0040 05       		.uleb128 0x5
 436 0041 49       		.uleb128 0x49
 437 0042 13       		.uleb128 0x13
 438 0043 00       		.byte	0x0
 439 0044 00       		.byte	0x0
 440 0045 06       		.uleb128 0x6
 441 0046 0F       		.uleb128 0xf
 442 0047 00       		.byte	0x0
 443 0048 0B       		.uleb128 0xb
 444 0049 0B       		.uleb128 0xb
ARM GAS  C:\Users\Geo\AppData\Local\Temp\ccllDssh.s 			page 15


 445 004a 49       		.uleb128 0x49
 446 004b 13       		.uleb128 0x13
 447 004c 00       		.byte	0x0
 448 004d 00       		.byte	0x0
 449 004e 07       		.uleb128 0x7
 450 004f 15       		.uleb128 0x15
 451 0050 00       		.byte	0x0
 452 0051 27       		.uleb128 0x27
 453 0052 0C       		.uleb128 0xc
 454 0053 00       		.byte	0x0
 455 0054 00       		.byte	0x0
 456 0055 08       		.uleb128 0x8
 457 0056 24       		.uleb128 0x24
 458 0057 00       		.byte	0x0
 459 0058 0B       		.uleb128 0xb
 460 0059 0B       		.uleb128 0xb
 461 005a 3E       		.uleb128 0x3e
 462 005b 0B       		.uleb128 0xb
 463 005c 00       		.byte	0x0
 464 005d 00       		.byte	0x0
 465 005e 09       		.uleb128 0x9
 466 005f 2E       		.uleb128 0x2e
 467 0060 00       		.byte	0x0
 468 0061 3F       		.uleb128 0x3f
 469 0062 0C       		.uleb128 0xc
 470 0063 03       		.uleb128 0x3
 471 0064 0E       		.uleb128 0xe
 472 0065 3A       		.uleb128 0x3a
 473 0066 0B       		.uleb128 0xb
 474 0067 3B       		.uleb128 0x3b
 475 0068 0B       		.uleb128 0xb
 476 0069 27       		.uleb128 0x27
 477 006a 0C       		.uleb128 0xc
 478 006b 11       		.uleb128 0x11
 479 006c 01       		.uleb128 0x1
 480 006d 12       		.uleb128 0x12
 481 006e 01       		.uleb128 0x1
 482 006f 40       		.uleb128 0x40
 483 0070 06       		.uleb128 0x6
 484 0071 00       		.byte	0x0
 485 0072 00       		.byte	0x0
 486 0073 0A       		.uleb128 0xa
 487 0074 2E       		.uleb128 0x2e
 488 0075 00       		.byte	0x0
 489 0076 3F       		.uleb128 0x3f
 490 0077 0C       		.uleb128 0xc
 491 0078 03       		.uleb128 0x3
 492 0079 0E       		.uleb128 0xe
 493 007a 3A       		.uleb128 0x3a
 494 007b 0B       		.uleb128 0xb
 495 007c 3B       		.uleb128 0x3b
 496 007d 05       		.uleb128 0x5
 497 007e 27       		.uleb128 0x27
 498 007f 0C       		.uleb128 0xc
 499 0080 11       		.uleb128 0x11
 500 0081 01       		.uleb128 0x1
 501 0082 12       		.uleb128 0x12
ARM GAS  C:\Users\Geo\AppData\Local\Temp\ccllDssh.s 			page 16


 502 0083 01       		.uleb128 0x1
 503 0084 40       		.uleb128 0x40
 504 0085 0A       		.uleb128 0xa
 505 0086 00       		.byte	0x0
 506 0087 00       		.byte	0x0
 507 0088 0B       		.uleb128 0xb
 508 0089 2E       		.uleb128 0x2e
 509 008a 01       		.byte	0x1
 510 008b 3F       		.uleb128 0x3f
 511 008c 0C       		.uleb128 0xc
 512 008d 03       		.uleb128 0x3
 513 008e 0E       		.uleb128 0xe
 514 008f 3A       		.uleb128 0x3a
 515 0090 0B       		.uleb128 0xb
 516 0091 3B       		.uleb128 0x3b
 517 0092 05       		.uleb128 0x5
 518 0093 27       		.uleb128 0x27
 519 0094 0C       		.uleb128 0xc
 520 0095 11       		.uleb128 0x11
 521 0096 01       		.uleb128 0x1
 522 0097 12       		.uleb128 0x12
 523 0098 01       		.uleb128 0x1
 524 0099 40       		.uleb128 0x40
 525 009a 06       		.uleb128 0x6
 526 009b 01       		.uleb128 0x1
 527 009c 13       		.uleb128 0x13
 528 009d 00       		.byte	0x0
 529 009e 00       		.byte	0x0
 530 009f 0C       		.uleb128 0xc
 531 00a0 34       		.uleb128 0x34
 532 00a1 00       		.byte	0x0
 533 00a2 03       		.uleb128 0x3
 534 00a3 0E       		.uleb128 0xe
 535 00a4 3A       		.uleb128 0x3a
 536 00a5 0B       		.uleb128 0xb
 537 00a6 3B       		.uleb128 0x3b
 538 00a7 05       		.uleb128 0x5
 539 00a8 49       		.uleb128 0x49
 540 00a9 13       		.uleb128 0x13
 541 00aa 02       		.uleb128 0x2
 542 00ab 0A       		.uleb128 0xa
 543 00ac 00       		.byte	0x0
 544 00ad 00       		.byte	0x0
 545 00ae 0D       		.uleb128 0xd
 546 00af 34       		.uleb128 0x34
 547 00b0 00       		.byte	0x0
 548 00b1 03       		.uleb128 0x3
 549 00b2 0E       		.uleb128 0xe
 550 00b3 3A       		.uleb128 0x3a
 551 00b4 0B       		.uleb128 0xb
 552 00b5 3B       		.uleb128 0x3b
 553 00b6 05       		.uleb128 0x5
 554 00b7 49       		.uleb128 0x49
 555 00b8 13       		.uleb128 0x13
 556 00b9 3F       		.uleb128 0x3f
 557 00ba 0C       		.uleb128 0xc
 558 00bb 3C       		.uleb128 0x3c
ARM GAS  C:\Users\Geo\AppData\Local\Temp\ccllDssh.s 			page 17


 559 00bc 0C       		.uleb128 0xc
 560 00bd 00       		.byte	0x0
 561 00be 00       		.byte	0x0
 562 00bf 0E       		.uleb128 0xe
 563 00c0 01       		.uleb128 0x1
 564 00c1 01       		.byte	0x1
 565 00c2 49       		.uleb128 0x49
 566 00c3 13       		.uleb128 0x13
 567 00c4 01       		.uleb128 0x1
 568 00c5 13       		.uleb128 0x13
 569 00c6 00       		.byte	0x0
 570 00c7 00       		.byte	0x0
 571 00c8 0F       		.uleb128 0xf
 572 00c9 21       		.uleb128 0x21
 573 00ca 00       		.byte	0x0
 574 00cb 49       		.uleb128 0x49
 575 00cc 13       		.uleb128 0x13
 576 00cd 2F       		.uleb128 0x2f
 577 00ce 0B       		.uleb128 0xb
 578 00cf 00       		.byte	0x0
 579 00d0 00       		.byte	0x0
 580 00d1 10       		.uleb128 0x10
 581 00d2 34       		.uleb128 0x34
 582 00d3 00       		.byte	0x0
 583 00d4 03       		.uleb128 0x3
 584 00d5 0E       		.uleb128 0xe
 585 00d6 3A       		.uleb128 0x3a
 586 00d7 0B       		.uleb128 0xb
 587 00d8 3B       		.uleb128 0x3b
 588 00d9 0B       		.uleb128 0xb
 589 00da 49       		.uleb128 0x49
 590 00db 13       		.uleb128 0x13
 591 00dc 3F       		.uleb128 0x3f
 592 00dd 0C       		.uleb128 0xc
 593 00de 02       		.uleb128 0x2
 594 00df 0A       		.uleb128 0xa
 595 00e0 00       		.byte	0x0
 596 00e1 00       		.byte	0x0
 597 00e2 11       		.uleb128 0x11
 598 00e3 34       		.uleb128 0x34
 599 00e4 00       		.byte	0x0
 600 00e5 03       		.uleb128 0x3
 601 00e6 0E       		.uleb128 0xe
 602 00e7 3A       		.uleb128 0x3a
 603 00e8 0B       		.uleb128 0xb
 604 00e9 3B       		.uleb128 0x3b
 605 00ea 0B       		.uleb128 0xb
 606 00eb 49       		.uleb128 0x49
 607 00ec 13       		.uleb128 0x13
 608 00ed 3F       		.uleb128 0x3f
 609 00ee 0C       		.uleb128 0xc
 610 00ef 3C       		.uleb128 0x3c
 611 00f0 0C       		.uleb128 0xc
 612 00f1 00       		.byte	0x0
 613 00f2 00       		.byte	0x0
 614 00f3 00       		.byte	0x0
 615              		.section	.debug_pubnames,"",%progbits
ARM GAS  C:\Users\Geo\AppData\Local\Temp\ccllDssh.s 			page 18


 616 0000 53000000 		.4byte	0x53
 617 0004 0200     		.2byte	0x2
 618 0006 00000000 		.4byte	.Ldebug_info0
 619 000a 29010000 		.4byte	0x129
 620 000e 98000000 		.4byte	0x98
 621 0012 496E7444 		.ascii	"IntDefaultHandler\000"
 621      65666175 
 621      6C744861 
 621      6E646C65 
 621      7200
 622 0024 AD000000 		.4byte	0xad
 623 0028 52657365 		.ascii	"Reset\000"
 623      7400
 624 002e C1000000 		.4byte	0xc1
 625 0032 696E6974 		.ascii	"initialize_psoc\000"
 625      69616C69 
 625      7A655F70 
 625      736F6300 
 626 0042 09010000 		.4byte	0x109
 627 0046 43795261 		.ascii	"CyRamVectors\000"
 627      6D566563 
 627      746F7273 
 627      00
 628 0053 00000000 		.4byte	0x0
 629              		.section	.debug_aranges,"",%progbits
 630 0000 2C000000 		.4byte	0x2c
 631 0004 0200     		.2byte	0x2
 632 0006 00000000 		.4byte	.Ldebug_info0
 633 000a 04       		.byte	0x4
 634 000b 00       		.byte	0x0
 635 000c 0000     		.2byte	0x0
 636 000e 0000     		.2byte	0x0
 637 0010 00000000 		.4byte	.LFB0
 638 0014 06000000 		.4byte	.LFE0-.LFB0
 639 0018 00000000 		.4byte	.LFB1
 640 001c 18000000 		.4byte	.LFE1-.LFB1
 641 0020 00000000 		.4byte	.LFB2
 642 0024 A0000000 		.4byte	.LFE2-.LFB2
 643 0028 00000000 		.4byte	0x0
 644 002c 00000000 		.4byte	0x0
 645              		.section	.debug_ranges,"",%progbits
 646              	.Ldebug_ranges0:
 647 0000 00000000 		.4byte	.Ltext0
 648 0004 00000000 		.4byte	.Letext0
 649 0008 00000000 		.4byte	.LFB0
 650 000c 06000000 		.4byte	.LFE0
 651 0010 00000000 		.4byte	.LFB1
 652 0014 18000000 		.4byte	.LFE1
 653 0018 00000000 		.4byte	.LFB2
 654 001c A0000000 		.4byte	.LFE2
 655 0020 00000000 		.4byte	0x0
 656 0024 00000000 		.4byte	0x0
 657              		.section	.debug_str,"MS",%progbits,1
 658              	.LASF6:
 659 0000 6C6F6E67 		.ascii	"long long int\000"
 659      206C6F6E 
 659      6720696E 
ARM GAS  C:\Users\Geo\AppData\Local\Temp\ccllDssh.s 			page 19


 659      7400
 660              	.LASF8:
 661 000e 756E7369 		.ascii	"unsigned int\000"
 661      676E6564 
 661      20696E74 
 661      00
 662              	.LASF21:
 663 001b 696E6465 		.ascii	"index\000"
 663      7800
 664              	.LASF16:
 665 0021 5F5F6373 		.ascii	"__cs3_interrupt_vector\000"
 665      335F696E 
 665      74657272 
 665      7570745F 
 665      76656374 
 666              	.LASF14:
 667 0038 43795265 		.ascii	"CyResetStatus\000"
 667      73657453 
 667      74617475 
 667      7300
 668              	.LASF10:
 669 0046 75696E74 		.ascii	"uint8\000"
 669      3800
 670              	.LASF5:
 671 004c 6C6F6E67 		.ascii	"long unsigned int\000"
 671      20756E73 
 671      69676E65 
 671      6420696E 
 671      7400
 672              	.LASF7:
 673 005e 6C6F6E67 		.ascii	"long long unsigned int\000"
 673      206C6F6E 
 673      6720756E 
 673      7369676E 
 673      65642069 
 674              	.LASF17:
 675 0075 474E5520 		.ascii	"GNU C 4.4.1\000"
 675      4320342E 
 675      342E3100 
 676              	.LASF1:
 677 0081 756E7369 		.ascii	"unsigned char\000"
 677      676E6564 
 677      20636861 
 677      7200
 678              	.LASF9:
 679 008f 63686172 		.ascii	"char\000"
 679      00
 680              	.LASF4:
 681 0094 6C6F6E67 		.ascii	"long int\000"
 681      20696E74 
 681      00
 682              	.LASF11:
 683 009d 63796973 		.ascii	"cyisraddress\000"
 683      72616464 
 683      72657373 
 683      00
 684              	.LASF2:
ARM GAS  C:\Users\Geo\AppData\Local\Temp\ccllDssh.s 			page 20


 685 00aa 73686F72 		.ascii	"short int\000"
 685      7420696E 
 685      7400
 686              	.LASF19:
 687 00b4 433A5C55 		.ascii	"C:\\Users\\Geo\\Documents\\Projects\\Electric Skate"
 687      73657273 
 687      5C47656F 
 687      5C446F63 
 687      756D656E 
 688 00e2 626F6172 		.ascii	"board\\Firmware\\PSoC\\Skateboard Remote.cydsn\000"
 688      645C4669 
 688      726D7761 
 688      72655C50 
 688      536F435C 
 689              	.LASF20:
 690 010e 696E6974 		.ascii	"initialize_psoc\000"
 690      69616C69 
 690      7A655F70 
 690      736F6300 
 691              	.LASF12:
 692 011e 496E7444 		.ascii	"IntDefaultHandler\000"
 692      65666175 
 692      6C744861 
 692      6E646C65 
 692      7200
 693              	.LASF3:
 694 0130 73686F72 		.ascii	"short unsigned int\000"
 694      7420756E 
 694      7369676E 
 694      65642069 
 694      6E7400
 695              	.LASF0:
 696 0143 7369676E 		.ascii	"signed char\000"
 696      65642063 
 696      68617200 
 697              	.LASF15:
 698 014f 43795261 		.ascii	"CyRamVectors\000"
 698      6D566563 
 698      746F7273 
 698      00
 699              	.LASF13:
 700 015c 52657365 		.ascii	"Reset\000"
 700      7400
 701              	.LASF18:
 702 0162 2E5C4765 		.ascii	".\\Generated_Source\\PSoC5\\Cm3Start.c\000"
 702      6E657261 
 702      7465645F 
 702      536F7572 
 702      63655C50 
 703              		.ident	"GCC: (Sourcery G++ Lite 2010q1-188) 4.4.1"
