ARM GAS  C:\Users\Geo\AppData\Local\Temp\ccaHP1gM.s 			page 1


   1              		.syntax unified
   2              		.cpu cortex-m3
   3              		.fpu softvfp
   4              		.eabi_attribute 20, 1
   5              		.eabi_attribute 21, 1
   6              		.eabi_attribute 23, 3
   7              		.eabi_attribute 24, 1
   8              		.eabi_attribute 25, 1
   9              		.eabi_attribute 26, 1
  10              		.eabi_attribute 30, 6
  11              		.eabi_attribute 18, 4
  12              		.thumb
  13              		.file	"UartDebug_INT.c"
  14              		.section	.debug_abbrev,"",%progbits
  15              	.Ldebug_abbrev0:
  16              		.section	.debug_info,"",%progbits
  17              	.Ldebug_info0:
  18              		.section	.debug_line,"",%progbits
  19              	.Ldebug_line0:
  20 0000 8A000000 		.text
  20      02006600 
  20      00000201 
  20      FB0E0D00 
  20      01010101 
  21              	.Ltext0:
  22              		.cfi_sections	.debug_frame
  23              		.section	.text.UartDebug_TXISR,"ax",%progbits
  24              		.align	2
  25              		.global	UartDebug_TXISR
  26              		.thumb
  27              		.thumb_func
  28              		.type	UartDebug_TXISR, %function
  29              	UartDebug_TXISR:
  30              	.LFB0:
  31              		.file 1 ".\\Generated_Source\\PSoC5\\UartDebug_INT.c"
   1:.\Generated_Source\PSoC5/UartDebug_INT.c **** /*******************************************************************************
   2:.\Generated_Source\PSoC5/UartDebug_INT.c **** * File Name: UartDebug_INT.c
   3:.\Generated_Source\PSoC5/UartDebug_INT.c **** * Version 2.10
   4:.\Generated_Source\PSoC5/UartDebug_INT.c **** *
   5:.\Generated_Source\PSoC5/UartDebug_INT.c **** * Description:
   6:.\Generated_Source\PSoC5/UartDebug_INT.c **** *  This file provides all Interrupt Service functionality of the UART component
   7:.\Generated_Source\PSoC5/UartDebug_INT.c **** *
   8:.\Generated_Source\PSoC5/UartDebug_INT.c **** * Note:
   9:.\Generated_Source\PSoC5/UartDebug_INT.c **** *  Any unusual or non-standard behavior should be noted here. Other-
  10:.\Generated_Source\PSoC5/UartDebug_INT.c **** *  wise, this section should remain blank.
  11:.\Generated_Source\PSoC5/UartDebug_INT.c **** *
  12:.\Generated_Source\PSoC5/UartDebug_INT.c **** *******************************************************************************
  13:.\Generated_Source\PSoC5/UartDebug_INT.c **** * Copyright 2008-2011, Cypress Semiconductor Corporation.  All rights reserved.
  14:.\Generated_Source\PSoC5/UartDebug_INT.c **** * You may use this file only in accordance with the license, terms, conditions,
  15:.\Generated_Source\PSoC5/UartDebug_INT.c **** * disclaimers, and limitations in the end user license agreement accompanying
  16:.\Generated_Source\PSoC5/UartDebug_INT.c **** * the software package with which this file was provided.
  17:.\Generated_Source\PSoC5/UartDebug_INT.c **** ********************************************************************************/
  18:.\Generated_Source\PSoC5/UartDebug_INT.c **** 
  19:.\Generated_Source\PSoC5/UartDebug_INT.c **** #include "UartDebug.h"
  20:.\Generated_Source\PSoC5/UartDebug_INT.c **** #include "CyLib.h"
  21:.\Generated_Source\PSoC5/UartDebug_INT.c **** 
  22:.\Generated_Source\PSoC5/UartDebug_INT.c **** 
ARM GAS  C:\Users\Geo\AppData\Local\Temp\ccaHP1gM.s 			page 2


  23:.\Generated_Source\PSoC5/UartDebug_INT.c **** /***************************************
  24:.\Generated_Source\PSoC5/UartDebug_INT.c **** * Custom Declratations
  25:.\Generated_Source\PSoC5/UartDebug_INT.c **** ***************************************/
  26:.\Generated_Source\PSoC5/UartDebug_INT.c **** /* `#START CUSTOM_DECLARATIONS` Place your declaration here */
  27:.\Generated_Source\PSoC5/UartDebug_INT.c **** 
  28:.\Generated_Source\PSoC5/UartDebug_INT.c **** /* `#END` */
  29:.\Generated_Source\PSoC5/UartDebug_INT.c **** 
  30:.\Generated_Source\PSoC5/UartDebug_INT.c **** #if( (UartDebug_RX_ENABLED || UartDebug_HD_ENABLED) && \
  31:.\Generated_Source\PSoC5/UartDebug_INT.c ****      (UartDebug_RXBUFFERSIZE > UartDebug_FIFO_LENGTH))
  32:.\Generated_Source\PSoC5/UartDebug_INT.c **** 
  33:.\Generated_Source\PSoC5/UartDebug_INT.c ****     extern volatile uint8 UartDebug_rxBuffer[];
  34:.\Generated_Source\PSoC5/UartDebug_INT.c ****     extern volatile uint8 UartDebug_rxBufferRead;
  35:.\Generated_Source\PSoC5/UartDebug_INT.c ****     extern volatile uint8 UartDebug_rxBufferWrite;
  36:.\Generated_Source\PSoC5/UartDebug_INT.c ****     extern volatile uint8 UartDebug_rxBufferLoopDetect;
  37:.\Generated_Source\PSoC5/UartDebug_INT.c ****     extern volatile uint8 UartDebug_rxBufferOverflow;
  38:.\Generated_Source\PSoC5/UartDebug_INT.c ****     #if (UartDebug_RXHW_ADDRESS_ENABLED)
  39:.\Generated_Source\PSoC5/UartDebug_INT.c ****         extern volatile uint8 UartDebug_rxAddressMode;
  40:.\Generated_Source\PSoC5/UartDebug_INT.c ****         extern volatile uint8 UartDebug_rxAddressDetected;
  41:.\Generated_Source\PSoC5/UartDebug_INT.c ****     #endif /* End EnableHWAddress */    
  42:.\Generated_Source\PSoC5/UartDebug_INT.c **** 
  43:.\Generated_Source\PSoC5/UartDebug_INT.c ****     /*******************************************************************************
  44:.\Generated_Source\PSoC5/UartDebug_INT.c ****     * Function Name: UartDebug_RXISR
  45:.\Generated_Source\PSoC5/UartDebug_INT.c ****     ********************************************************************************
  46:.\Generated_Source\PSoC5/UartDebug_INT.c ****     *
  47:.\Generated_Source\PSoC5/UartDebug_INT.c ****     * Summary:
  48:.\Generated_Source\PSoC5/UartDebug_INT.c ****     *  Interrupt Service Routine for RX portion of the UART
  49:.\Generated_Source\PSoC5/UartDebug_INT.c ****     *
  50:.\Generated_Source\PSoC5/UartDebug_INT.c ****     * Parameters:
  51:.\Generated_Source\PSoC5/UartDebug_INT.c ****     *  None.
  52:.\Generated_Source\PSoC5/UartDebug_INT.c ****     *
  53:.\Generated_Source\PSoC5/UartDebug_INT.c ****     * Return:
  54:.\Generated_Source\PSoC5/UartDebug_INT.c ****     *  None.
  55:.\Generated_Source\PSoC5/UartDebug_INT.c ****     *
  56:.\Generated_Source\PSoC5/UartDebug_INT.c ****     * Global Variables:
  57:.\Generated_Source\PSoC5/UartDebug_INT.c ****     *  UartDebug_rxBuffer - RAM buffer pointer for save received data.
  58:.\Generated_Source\PSoC5/UartDebug_INT.c ****     *  UartDebug_rxBufferWrite - cyclic index for write to rxBuffer, 
  59:.\Generated_Source\PSoC5/UartDebug_INT.c ****     *     increments after each byte saved to buffer.
  60:.\Generated_Source\PSoC5/UartDebug_INT.c ****     *  UartDebug_rxBufferRead - cyclic index for read from rxBuffer, 
  61:.\Generated_Source\PSoC5/UartDebug_INT.c ****     *     checked to detect overflow condition.
  62:.\Generated_Source\PSoC5/UartDebug_INT.c ****     *  UartDebug_rxBufferOverflow - software overflow flag. Set to one
  63:.\Generated_Source\PSoC5/UartDebug_INT.c ****     *     when UartDebug_rxBufferWrite index overtakes 
  64:.\Generated_Source\PSoC5/UartDebug_INT.c ****     *     UartDebug_rxBufferRead index.
  65:.\Generated_Source\PSoC5/UartDebug_INT.c ****     *  UartDebug_rxBufferLoopDetect - additional variable to detect overflow.
  66:.\Generated_Source\PSoC5/UartDebug_INT.c ****     *     Set to one when UartDebug_rxBufferWrite is equal to 
  67:.\Generated_Source\PSoC5/UartDebug_INT.c ****     *    UartDebug_rxBufferRead
  68:.\Generated_Source\PSoC5/UartDebug_INT.c ****     *  UartDebug_rxAddressMode - this variable contains the Address mode, 
  69:.\Generated_Source\PSoC5/UartDebug_INT.c ****     *     selected in customizer or set by UART_SetRxAddressMode() API.
  70:.\Generated_Source\PSoC5/UartDebug_INT.c ****     *  UartDebug_rxAddressDetected - set to 1 when correct address received,
  71:.\Generated_Source\PSoC5/UartDebug_INT.c ****     *     and analysed to store following addressed data bytes to the buffer.
  72:.\Generated_Source\PSoC5/UartDebug_INT.c ****     *     When not correct address received, set to 0 to skip following data bytes.
  73:.\Generated_Source\PSoC5/UartDebug_INT.c ****     *
  74:.\Generated_Source\PSoC5/UartDebug_INT.c ****     *******************************************************************************/
  75:.\Generated_Source\PSoC5/UartDebug_INT.c ****     CY_ISR(UartDebug_RXISR)
  76:.\Generated_Source\PSoC5/UartDebug_INT.c ****     {
  77:.\Generated_Source\PSoC5/UartDebug_INT.c ****         uint8 readData;
  78:.\Generated_Source\PSoC5/UartDebug_INT.c ****         uint8 increment_pointer = 0;
  79:.\Generated_Source\PSoC5/UartDebug_INT.c **** 
ARM GAS  C:\Users\Geo\AppData\Local\Temp\ccaHP1gM.s 			page 3


  80:.\Generated_Source\PSoC5/UartDebug_INT.c ****         /* User code required at start of ISR */
  81:.\Generated_Source\PSoC5/UartDebug_INT.c ****         /* `#START UartDebug_RXISR_START` */
  82:.\Generated_Source\PSoC5/UartDebug_INT.c **** 
  83:.\Generated_Source\PSoC5/UartDebug_INT.c ****         /* `#END` */
  84:.\Generated_Source\PSoC5/UartDebug_INT.c **** 
  85:.\Generated_Source\PSoC5/UartDebug_INT.c ****         readData = UartDebug_RXSTATUS_REG;
  86:.\Generated_Source\PSoC5/UartDebug_INT.c **** 
  87:.\Generated_Source\PSoC5/UartDebug_INT.c ****         if((readData & (UartDebug_RX_STS_BREAK | UartDebug_RX_STS_PAR_ERROR |
  88:.\Generated_Source\PSoC5/UartDebug_INT.c ****                         UartDebug_RX_STS_STOP_ERROR | UartDebug_RX_STS_OVERRUN)) != 0)
  89:.\Generated_Source\PSoC5/UartDebug_INT.c ****         {
  90:.\Generated_Source\PSoC5/UartDebug_INT.c ****             /* ERROR handling. */
  91:.\Generated_Source\PSoC5/UartDebug_INT.c ****             /* `#START UartDebug_RXISR_ERROR` */
  92:.\Generated_Source\PSoC5/UartDebug_INT.c **** 
  93:.\Generated_Source\PSoC5/UartDebug_INT.c ****             /* `#END` */
  94:.\Generated_Source\PSoC5/UartDebug_INT.c ****         }
  95:.\Generated_Source\PSoC5/UartDebug_INT.c **** 
  96:.\Generated_Source\PSoC5/UartDebug_INT.c ****         while(readData & UartDebug_RX_STS_FIFO_NOTEMPTY)
  97:.\Generated_Source\PSoC5/UartDebug_INT.c ****         {
  98:.\Generated_Source\PSoC5/UartDebug_INT.c ****             
  99:.\Generated_Source\PSoC5/UartDebug_INT.c ****             #if (UartDebug_RXHW_ADDRESS_ENABLED)
 100:.\Generated_Source\PSoC5/UartDebug_INT.c ****                 if(UartDebug_rxAddressMode == UartDebug__B_UART__AM_SW_DETECT_TO_BUFFER) 
 101:.\Generated_Source\PSoC5/UartDebug_INT.c ****                 {
 102:.\Generated_Source\PSoC5/UartDebug_INT.c ****                     if((readData & UartDebug_RX_STS_MRKSPC) != 0u )
 103:.\Generated_Source\PSoC5/UartDebug_INT.c ****                     {  
 104:.\Generated_Source\PSoC5/UartDebug_INT.c ****                         if ((readData & UartDebug_RX_STS_ADDR_MATCH) != 0)
 105:.\Generated_Source\PSoC5/UartDebug_INT.c ****                         {
 106:.\Generated_Source\PSoC5/UartDebug_INT.c ****                             UartDebug_rxAddressDetected = 1u;
 107:.\Generated_Source\PSoC5/UartDebug_INT.c ****                         }
 108:.\Generated_Source\PSoC5/UartDebug_INT.c ****                         else
 109:.\Generated_Source\PSoC5/UartDebug_INT.c ****                         {
 110:.\Generated_Source\PSoC5/UartDebug_INT.c ****                             UartDebug_rxAddressDetected = 0u;
 111:.\Generated_Source\PSoC5/UartDebug_INT.c ****                         }
 112:.\Generated_Source\PSoC5/UartDebug_INT.c ****                     }
 113:.\Generated_Source\PSoC5/UartDebug_INT.c **** 
 114:.\Generated_Source\PSoC5/UartDebug_INT.c ****                     readData = UartDebug_RXDATA_REG;
 115:.\Generated_Source\PSoC5/UartDebug_INT.c ****                     if(UartDebug_rxAddressDetected != 0u)
 116:.\Generated_Source\PSoC5/UartDebug_INT.c ****                     {   /* store only addressed data */
 117:.\Generated_Source\PSoC5/UartDebug_INT.c ****                         UartDebug_rxBuffer[UartDebug_rxBufferWrite] = readData;
 118:.\Generated_Source\PSoC5/UartDebug_INT.c ****                         increment_pointer = 1u;
 119:.\Generated_Source\PSoC5/UartDebug_INT.c ****                     }
 120:.\Generated_Source\PSoC5/UartDebug_INT.c ****                 }
 121:.\Generated_Source\PSoC5/UartDebug_INT.c ****                 else /* without software addressing */
 122:.\Generated_Source\PSoC5/UartDebug_INT.c ****                 {
 123:.\Generated_Source\PSoC5/UartDebug_INT.c ****                     UartDebug_rxBuffer[UartDebug_rxBufferWrite] = UartDebug_RXDATA_REG;
 124:.\Generated_Source\PSoC5/UartDebug_INT.c ****                     increment_pointer = 1u;
 125:.\Generated_Source\PSoC5/UartDebug_INT.c ****                 }
 126:.\Generated_Source\PSoC5/UartDebug_INT.c ****             #else  /* without addressing */
 127:.\Generated_Source\PSoC5/UartDebug_INT.c ****                 UartDebug_rxBuffer[UartDebug_rxBufferWrite] = UartDebug_RXDATA_REG;
 128:.\Generated_Source\PSoC5/UartDebug_INT.c ****                 increment_pointer = 1u;
 129:.\Generated_Source\PSoC5/UartDebug_INT.c ****             #endif /* End SW_DETECT_TO_BUFFER */
 130:.\Generated_Source\PSoC5/UartDebug_INT.c ****             
 131:.\Generated_Source\PSoC5/UartDebug_INT.c ****             /* do not increment buffer pointer when skip not adderessed data */
 132:.\Generated_Source\PSoC5/UartDebug_INT.c ****             if( increment_pointer != 0u )
 133:.\Generated_Source\PSoC5/UartDebug_INT.c ****             {
 134:.\Generated_Source\PSoC5/UartDebug_INT.c ****                 if(UartDebug_rxBufferLoopDetect)
 135:.\Generated_Source\PSoC5/UartDebug_INT.c ****                 {   /* Set Software Buffer status Overflow */
 136:.\Generated_Source\PSoC5/UartDebug_INT.c ****                     UartDebug_rxBufferOverflow = 1u;
ARM GAS  C:\Users\Geo\AppData\Local\Temp\ccaHP1gM.s 			page 4


 137:.\Generated_Source\PSoC5/UartDebug_INT.c ****                 }
 138:.\Generated_Source\PSoC5/UartDebug_INT.c ****                 /* Set next pointer. */
 139:.\Generated_Source\PSoC5/UartDebug_INT.c ****                 UartDebug_rxBufferWrite++;
 140:.\Generated_Source\PSoC5/UartDebug_INT.c **** 
 141:.\Generated_Source\PSoC5/UartDebug_INT.c ****                 /* Check pointer for a loop condition */
 142:.\Generated_Source\PSoC5/UartDebug_INT.c ****                 if(UartDebug_rxBufferWrite >= UartDebug_RXBUFFERSIZE)
 143:.\Generated_Source\PSoC5/UartDebug_INT.c ****                 {
 144:.\Generated_Source\PSoC5/UartDebug_INT.c ****                     UartDebug_rxBufferWrite = 0u;
 145:.\Generated_Source\PSoC5/UartDebug_INT.c ****                 }
 146:.\Generated_Source\PSoC5/UartDebug_INT.c ****                 /* Detect pre-overload condition and set flag */
 147:.\Generated_Source\PSoC5/UartDebug_INT.c ****                 if(UartDebug_rxBufferWrite == UartDebug_rxBufferRead)
 148:.\Generated_Source\PSoC5/UartDebug_INT.c ****                 {
 149:.\Generated_Source\PSoC5/UartDebug_INT.c ****                     UartDebug_rxBufferLoopDetect = 1u;
 150:.\Generated_Source\PSoC5/UartDebug_INT.c ****                     /* When Hardware Flow Control selected */
 151:.\Generated_Source\PSoC5/UartDebug_INT.c ****                     #if(UartDebug_FLOW_CONTROL != 0u)
 152:.\Generated_Source\PSoC5/UartDebug_INT.c ****                     /* Disable RX interrupt mask, it will be enabled when user read data from the b
 153:.\Generated_Source\PSoC5/UartDebug_INT.c ****                         UartDebug_RXSTATUS_MASK_REG  &= ~UartDebug_RX_STS_FIFO_NOTEMPTY;
 154:.\Generated_Source\PSoC5/UartDebug_INT.c ****                         CyIntClearPending(UartDebug_RX_VECT_NUM); 
 155:.\Generated_Source\PSoC5/UartDebug_INT.c ****                         break; /* Break the reading of the FIFO loop, leave the data there for gene
 156:.\Generated_Source\PSoC5/UartDebug_INT.c ****                     #endif /* End UartDebug_FLOW_CONTROL != 0 */    
 157:.\Generated_Source\PSoC5/UartDebug_INT.c ****                 }
 158:.\Generated_Source\PSoC5/UartDebug_INT.c ****             }
 159:.\Generated_Source\PSoC5/UartDebug_INT.c **** 
 160:.\Generated_Source\PSoC5/UartDebug_INT.c ****             /* Check again if there is data. */
 161:.\Generated_Source\PSoC5/UartDebug_INT.c ****             readData = UartDebug_RXSTATUS_REG;
 162:.\Generated_Source\PSoC5/UartDebug_INT.c ****         }
 163:.\Generated_Source\PSoC5/UartDebug_INT.c **** 
 164:.\Generated_Source\PSoC5/UartDebug_INT.c ****         /* User code required at end of ISR (Optional) */
 165:.\Generated_Source\PSoC5/UartDebug_INT.c ****         /* `#START UartDebug_RXISR_END` */
 166:.\Generated_Source\PSoC5/UartDebug_INT.c **** 
 167:.\Generated_Source\PSoC5/UartDebug_INT.c ****         /* `#END` */
 168:.\Generated_Source\PSoC5/UartDebug_INT.c **** 
 169:.\Generated_Source\PSoC5/UartDebug_INT.c ****         /* PSoC3 ES1, ES2 RTC ISR PATCH  */
 170:.\Generated_Source\PSoC5/UartDebug_INT.c ****         #if(CY_PSOC3_ES2 && (UartDebug_RXInternalInterrupt__ES2_PATCH))
 171:.\Generated_Source\PSoC5/UartDebug_INT.c ****             UartDebug_ISR_PATCH();
 172:.\Generated_Source\PSoC5/UartDebug_INT.c ****         #endif /* End CY_PSOC3_ES2*/
 173:.\Generated_Source\PSoC5/UartDebug_INT.c ****     }
 174:.\Generated_Source\PSoC5/UartDebug_INT.c **** 
 175:.\Generated_Source\PSoC5/UartDebug_INT.c **** #endif /* End UartDebug_RX_ENABLED && (UartDebug_RXBUFFERSIZE > UartDebug_FIFO_LENGTH) */
 176:.\Generated_Source\PSoC5/UartDebug_INT.c **** 
 177:.\Generated_Source\PSoC5/UartDebug_INT.c **** 
 178:.\Generated_Source\PSoC5/UartDebug_INT.c **** #if(UartDebug_TX_ENABLED && (UartDebug_TXBUFFERSIZE > UartDebug_FIFO_LENGTH))
 179:.\Generated_Source\PSoC5/UartDebug_INT.c **** 
 180:.\Generated_Source\PSoC5/UartDebug_INT.c ****     extern volatile uint8 UartDebug_txBuffer[];
 181:.\Generated_Source\PSoC5/UartDebug_INT.c ****     extern volatile uint8 UartDebug_txBufferRead;
 182:.\Generated_Source\PSoC5/UartDebug_INT.c ****     extern uint8 UartDebug_txBufferWrite;
 183:.\Generated_Source\PSoC5/UartDebug_INT.c **** 
 184:.\Generated_Source\PSoC5/UartDebug_INT.c **** 
 185:.\Generated_Source\PSoC5/UartDebug_INT.c ****     /*******************************************************************************
 186:.\Generated_Source\PSoC5/UartDebug_INT.c ****     * Function Name: UartDebug_TXISR
 187:.\Generated_Source\PSoC5/UartDebug_INT.c ****     ********************************************************************************
 188:.\Generated_Source\PSoC5/UartDebug_INT.c ****     *
 189:.\Generated_Source\PSoC5/UartDebug_INT.c ****     * Summary:
 190:.\Generated_Source\PSoC5/UartDebug_INT.c ****     * Interrupt Service Routine for the TX portion of the UART
 191:.\Generated_Source\PSoC5/UartDebug_INT.c ****     *
 192:.\Generated_Source\PSoC5/UartDebug_INT.c ****     * Parameters:
 193:.\Generated_Source\PSoC5/UartDebug_INT.c ****     *  None.
ARM GAS  C:\Users\Geo\AppData\Local\Temp\ccaHP1gM.s 			page 5


 194:.\Generated_Source\PSoC5/UartDebug_INT.c ****     *
 195:.\Generated_Source\PSoC5/UartDebug_INT.c ****     * Return:
 196:.\Generated_Source\PSoC5/UartDebug_INT.c ****     *  None.
 197:.\Generated_Source\PSoC5/UartDebug_INT.c ****     *
 198:.\Generated_Source\PSoC5/UartDebug_INT.c ****     * Global Variables:
 199:.\Generated_Source\PSoC5/UartDebug_INT.c ****     *  UartDebug_txBuffer - RAM buffer pointer for transmit data from.
 200:.\Generated_Source\PSoC5/UartDebug_INT.c ****     *  UartDebug_txBufferRead - cyclic index for read and transmit data 
 201:.\Generated_Source\PSoC5/UartDebug_INT.c ****     *     from txBuffer, increments after each transmited byte.
 202:.\Generated_Source\PSoC5/UartDebug_INT.c ****     *  UartDebug_rxBufferWrite - cyclic index for write to txBuffer, 
 203:.\Generated_Source\PSoC5/UartDebug_INT.c ****     *     checked to detect available for transmission bytes.
 204:.\Generated_Source\PSoC5/UartDebug_INT.c ****     *
 205:.\Generated_Source\PSoC5/UartDebug_INT.c ****     *******************************************************************************/
 206:.\Generated_Source\PSoC5/UartDebug_INT.c ****     CY_ISR(UartDebug_TXISR)
 207:.\Generated_Source\PSoC5/UartDebug_INT.c ****     {
  32              		.loc 1 207 0
  33              		.cfi_startproc
  34              		@ args = 0, pretend = 0, frame = 0
  35              		@ frame_needed = 1, uses_anonymous_args = 0
  36              		@ link register save eliminated.
  37 0000 80B4     		push	{r7}
  38              	.LCFI0:
  39              		.cfi_def_cfa_offset 4
  40 0002 00AF     		add	r7, sp, #0
  41              		.cfi_offset 7, -4
  42              	.LCFI1:
  43              		.cfi_def_cfa_register 7
 208:.\Generated_Source\PSoC5/UartDebug_INT.c **** 
 209:.\Generated_Source\PSoC5/UartDebug_INT.c ****         /* User code required at start of ISR */
 210:.\Generated_Source\PSoC5/UartDebug_INT.c ****         /* `#START UartDebug_TXISR_START` */
 211:.\Generated_Source\PSoC5/UartDebug_INT.c **** 
 212:.\Generated_Source\PSoC5/UartDebug_INT.c ****         /* `#END` */
 213:.\Generated_Source\PSoC5/UartDebug_INT.c **** 
 214:.\Generated_Source\PSoC5/UartDebug_INT.c ****         while((UartDebug_txBufferRead != UartDebug_txBufferWrite) && \
  44              		.loc 1 214 0
  45 0004 2EE0     		b	.L2
  46              	.L5:
 215:.\Generated_Source\PSoC5/UartDebug_INT.c ****              !(UartDebug_TXSTATUS_REG & UartDebug_TX_STS_FIFO_FULL))
 216:.\Generated_Source\PSoC5/UartDebug_INT.c ****         {
 217:.\Generated_Source\PSoC5/UartDebug_INT.c ****             /* Check pointer. */
 218:.\Generated_Source\PSoC5/UartDebug_INT.c ****             if(UartDebug_txBufferRead >= UartDebug_TXBUFFERSIZE)
  47              		.loc 1 218 0
  48 0006 40F20003 		movw	r3, #:lower16:UartDebug_txBufferRead
  49 000a C0F20003 		movt	r3, #:upper16:UartDebug_txBufferRead
  50 000e 1B78     		ldrb	r3, [r3, #0]
  51 0010 DBB2     		uxtb	r3, r3
  52 0012 312B     		cmp	r3, #49
  53 0014 06D9     		bls	.L3
 219:.\Generated_Source\PSoC5/UartDebug_INT.c ****             {
 220:.\Generated_Source\PSoC5/UartDebug_INT.c ****                 UartDebug_txBufferRead = 0u;
  54              		.loc 1 220 0
  55 0016 40F20003 		movw	r3, #:lower16:UartDebug_txBufferRead
  56 001a C0F20003 		movt	r3, #:upper16:UartDebug_txBufferRead
  57 001e 4FF00002 		mov	r2, #0
  58 0022 1A70     		strb	r2, [r3, #0]
  59              	.L3:
 221:.\Generated_Source\PSoC5/UartDebug_INT.c ****             }
 222:.\Generated_Source\PSoC5/UartDebug_INT.c **** 
ARM GAS  C:\Users\Geo\AppData\Local\Temp\ccaHP1gM.s 			page 6


 223:.\Generated_Source\PSoC5/UartDebug_INT.c ****             UartDebug_TXDATA_REG = UartDebug_txBuffer[UartDebug_txBufferRead];
  60              		.loc 1 223 0
  61 0024 46F24443 		movw	r3, #:lower16:1073767492
  62 0028 C4F20003 		movt	r3, #:upper16:1073767492
  63 002c 40F20002 		movw	r2, #:lower16:UartDebug_txBufferRead
  64 0030 C0F20002 		movt	r2, #:upper16:UartDebug_txBufferRead
  65 0034 1278     		ldrb	r2, [r2, #0]
  66 0036 D2B2     		uxtb	r2, r2
  67 0038 1146     		mov	r1, r2
  68 003a 40F20002 		movw	r2, #:lower16:UartDebug_txBuffer
  69 003e C0F20002 		movt	r2, #:upper16:UartDebug_txBuffer
  70 0042 525C     		ldrb	r2, [r2, r1]
  71 0044 D2B2     		uxtb	r2, r2
  72 0046 1A70     		strb	r2, [r3, #0]
 224:.\Generated_Source\PSoC5/UartDebug_INT.c **** 
 225:.\Generated_Source\PSoC5/UartDebug_INT.c ****             /* Set next pointer. */
 226:.\Generated_Source\PSoC5/UartDebug_INT.c ****             UartDebug_txBufferRead++;
  73              		.loc 1 226 0
  74 0048 40F20003 		movw	r3, #:lower16:UartDebug_txBufferRead
  75 004c C0F20003 		movt	r3, #:upper16:UartDebug_txBufferRead
  76 0050 1B78     		ldrb	r3, [r3, #0]
  77 0052 DBB2     		uxtb	r3, r3
  78 0054 03F10103 		add	r3, r3, #1
  79 0058 DAB2     		uxtb	r2, r3
  80 005a 40F20003 		movw	r3, #:lower16:UartDebug_txBufferRead
  81 005e C0F20003 		movt	r3, #:upper16:UartDebug_txBufferRead
  82 0062 1A70     		strb	r2, [r3, #0]
  83              	.L2:
  84              		.loc 1 214 0
  85 0064 40F20003 		movw	r3, #:lower16:UartDebug_txBufferRead
  86 0068 C0F20003 		movt	r3, #:upper16:UartDebug_txBufferRead
  87 006c 1B78     		ldrb	r3, [r3, #0]
  88 006e DAB2     		uxtb	r2, r3
  89 0070 40F20003 		movw	r3, #:lower16:UartDebug_txBufferWrite
  90 0074 C0F20003 		movt	r3, #:upper16:UartDebug_txBufferWrite
  91 0078 1B78     		ldrb	r3, [r3, #0]	@ zero_extendqisi2
  92 007a 9A42     		cmp	r2, r3
  93 007c 09D0     		beq	.L6
  94              		.loc 1 215 0
  95 007e 46F26443 		movw	r3, #:lower16:1073767524
  96 0082 C4F20003 		movt	r3, #:upper16:1073767524
  97 0086 1B78     		ldrb	r3, [r3, #0]
  98 0088 DBB2     		uxtb	r3, r3
  99 008a 03F00403 		and	r3, r3, #4
 100              		.loc 1 214 0
 101 008e 002B     		cmp	r3, #0
 102 0090 B9D0     		beq	.L5
 103              	.L6:
 227:.\Generated_Source\PSoC5/UartDebug_INT.c ****         }
 228:.\Generated_Source\PSoC5/UartDebug_INT.c **** 
 229:.\Generated_Source\PSoC5/UartDebug_INT.c ****         /* User code required at end of ISR (Optional) */
 230:.\Generated_Source\PSoC5/UartDebug_INT.c ****         /* `#START UartDebug_TXISR_END` */
 231:.\Generated_Source\PSoC5/UartDebug_INT.c **** 
 232:.\Generated_Source\PSoC5/UartDebug_INT.c ****         /* `#END` */
 233:.\Generated_Source\PSoC5/UartDebug_INT.c ****         
 234:.\Generated_Source\PSoC5/UartDebug_INT.c ****         /* PSoC3 ES1, ES2 RTC ISR PATCH  */
 235:.\Generated_Source\PSoC5/UartDebug_INT.c ****         #if(CY_PSOC3_ES2 && (UartDebug_TXInternalInterrupt__ES2_PATCH))
ARM GAS  C:\Users\Geo\AppData\Local\Temp\ccaHP1gM.s 			page 7


 236:.\Generated_Source\PSoC5/UartDebug_INT.c ****             UartDebug_ISR_PATCH();
 237:.\Generated_Source\PSoC5/UartDebug_INT.c ****         #endif /* End CY_PSOC3_ES2*/
 238:.\Generated_Source\PSoC5/UartDebug_INT.c ****     }
 104              		.loc 1 238 0
 105 0092 BD46     		mov	sp, r7
 106 0094 80BC     		pop	{r7}
 107 0096 7047     		bx	lr
 108              		.cfi_endproc
 109              	.LFE0:
 110              		.size	UartDebug_TXISR, .-UartDebug_TXISR
 111              		.text
 112              	.Letext0:
 113              		.section	.debug_loc,"",%progbits
 114              	.Ldebug_loc0:
 115              	.LLST0:
 116 0000 00000000 		.4byte	.LFB0
 117 0004 02000000 		.4byte	.LCFI0
 118 0008 0100     		.2byte	0x1
 119 000a 5D       		.byte	0x5d
 120 000b 02000000 		.4byte	.LCFI0
 121 000f 04000000 		.4byte	.LCFI1
 122 0013 0200     		.2byte	0x2
 123 0015 7D       		.byte	0x7d
 124 0016 04       		.sleb128 4
 125 0017 04000000 		.4byte	.LCFI1
 126 001b 98000000 		.4byte	.LFE0
 127 001f 0200     		.2byte	0x2
 128 0021 77       		.byte	0x77
 129 0022 04       		.sleb128 4
 130 0023 00000000 		.4byte	0x0
 131 0027 00000000 		.4byte	0x0
 132              		.file 2 ".\\Generated_Source\\PSoC5\\/cytypes.h"
 133              		.section	.debug_info
 134 0000 D2000000 		.4byte	0xd2
 135 0004 0200     		.2byte	0x2
 136 0006 00000000 		.4byte	.Ldebug_abbrev0
 137 000a 04       		.byte	0x4
 138 000b 01       		.uleb128 0x1
 139 000c AD000000 		.4byte	.LASF13
 140 0010 01       		.byte	0x1
 141 0011 3E000000 		.4byte	.LASF14
 142 0015 D5000000 		.4byte	.LASF15
 143 0019 00000000 		.4byte	0x0
 144 001d 00000000 		.4byte	0x0
 145 0021 00000000 		.4byte	.Ldebug_ranges0+0x0
 146 0025 00000000 		.4byte	.Ldebug_line0
 147 0029 02       		.uleb128 0x2
 148 002a 01       		.byte	0x1
 149 002b 06       		.byte	0x6
 150 002c 42010000 		.4byte	.LASF0
 151 0030 02       		.uleb128 0x2
 152 0031 01       		.byte	0x1
 153 0032 08       		.byte	0x8
 154 0033 B9000000 		.4byte	.LASF1
 155 0037 02       		.uleb128 0x2
 156 0038 02       		.byte	0x2
 157 0039 05       		.byte	0x5
ARM GAS  C:\Users\Geo\AppData\Local\Temp\ccaHP1gM.s 			page 8


 158 003a 4E010000 		.4byte	.LASF2
 159 003e 02       		.uleb128 0x2
 160 003f 02       		.byte	0x2
 161 0040 07       		.byte	0x7
 162 0041 2F010000 		.4byte	.LASF3
 163 0045 02       		.uleb128 0x2
 164 0046 04       		.byte	0x4
 165 0047 05       		.byte	0x5
 166 0048 CC000000 		.4byte	.LASF4
 167 004c 02       		.uleb128 0x2
 168 004d 04       		.byte	0x4
 169 004e 07       		.byte	0x7
 170 004f 6D000000 		.4byte	.LASF5
 171 0053 02       		.uleb128 0x2
 172 0054 08       		.byte	0x8
 173 0055 05       		.byte	0x5
 174 0056 00000000 		.4byte	.LASF6
 175 005a 02       		.uleb128 0x2
 176 005b 08       		.byte	0x8
 177 005c 07       		.byte	0x7
 178 005d 7F000000 		.4byte	.LASF7
 179 0061 03       		.uleb128 0x3
 180 0062 04       		.byte	0x4
 181 0063 05       		.byte	0x5
 182 0064 696E7400 		.ascii	"int\000"
 183 0068 02       		.uleb128 0x2
 184 0069 04       		.byte	0x4
 185 006a 07       		.byte	0x7
 186 006b 0E000000 		.4byte	.LASF8
 187 006f 02       		.uleb128 0x2
 188 0070 01       		.byte	0x1
 189 0071 08       		.byte	0x8
 190 0072 C7000000 		.4byte	.LASF9
 191 0076 04       		.uleb128 0x4
 192 0077 67000000 		.4byte	.LASF16
 193 007b 02       		.byte	0x2
 194 007c 51       		.byte	0x51
 195 007d 30000000 		.4byte	0x30
 196 0081 05       		.uleb128 0x5
 197 0082 76000000 		.4byte	0x76
 198 0086 06       		.uleb128 0x6
 199 0087 04       		.byte	0x4
 200 0088 07       		.byte	0x7
 201 0089 07       		.uleb128 0x7
 202 008a 01       		.byte	0x1
 203 008b 2E000000 		.4byte	.LASF17
 204 008f 01       		.byte	0x1
 205 0090 CE       		.byte	0xce
 206 0091 01       		.byte	0x1
 207 0092 00000000 		.4byte	.LFB0
 208 0096 98000000 		.4byte	.LFE0
 209 009a 00000000 		.4byte	.LLST0
 210 009e 08       		.uleb128 0x8
 211 009f 76000000 		.4byte	0x76
 212 00a3 A9000000 		.4byte	0xa9
 213 00a7 09       		.uleb128 0x9
 214 00a8 00       		.byte	0x0
ARM GAS  C:\Users\Geo\AppData\Local\Temp\ccaHP1gM.s 			page 9


 215 00a9 0A       		.uleb128 0xa
 216 00aa 1B000000 		.4byte	.LASF10
 217 00ae 01       		.byte	0x1
 218 00af B4       		.byte	0xb4
 219 00b0 B6000000 		.4byte	0xb6
 220 00b4 01       		.byte	0x1
 221 00b5 01       		.byte	0x1
 222 00b6 05       		.uleb128 0x5
 223 00b7 9E000000 		.4byte	0x9e
 224 00bb 0A       		.uleb128 0xa
 225 00bc 96000000 		.4byte	.LASF11
 226 00c0 01       		.byte	0x1
 227 00c1 B5       		.byte	0xb5
 228 00c2 81000000 		.4byte	0x81
 229 00c6 01       		.byte	0x1
 230 00c7 01       		.byte	0x1
 231 00c8 0A       		.uleb128 0xa
 232 00c9 58010000 		.4byte	.LASF12
 233 00cd 01       		.byte	0x1
 234 00ce B6       		.byte	0xb6
 235 00cf 76000000 		.4byte	0x76
 236 00d3 01       		.byte	0x1
 237 00d4 01       		.byte	0x1
 238 00d5 00       		.byte	0x0
 239              		.section	.debug_abbrev
 240 0000 01       		.uleb128 0x1
 241 0001 11       		.uleb128 0x11
 242 0002 01       		.byte	0x1
 243 0003 25       		.uleb128 0x25
 244 0004 0E       		.uleb128 0xe
 245 0005 13       		.uleb128 0x13
 246 0006 0B       		.uleb128 0xb
 247 0007 03       		.uleb128 0x3
 248 0008 0E       		.uleb128 0xe
 249 0009 1B       		.uleb128 0x1b
 250 000a 0E       		.uleb128 0xe
 251 000b 11       		.uleb128 0x11
 252 000c 01       		.uleb128 0x1
 253 000d 52       		.uleb128 0x52
 254 000e 01       		.uleb128 0x1
 255 000f 55       		.uleb128 0x55
 256 0010 06       		.uleb128 0x6
 257 0011 10       		.uleb128 0x10
 258 0012 06       		.uleb128 0x6
 259 0013 00       		.byte	0x0
 260 0014 00       		.byte	0x0
 261 0015 02       		.uleb128 0x2
 262 0016 24       		.uleb128 0x24
 263 0017 00       		.byte	0x0
 264 0018 0B       		.uleb128 0xb
 265 0019 0B       		.uleb128 0xb
 266 001a 3E       		.uleb128 0x3e
 267 001b 0B       		.uleb128 0xb
 268 001c 03       		.uleb128 0x3
 269 001d 0E       		.uleb128 0xe
 270 001e 00       		.byte	0x0
 271 001f 00       		.byte	0x0
ARM GAS  C:\Users\Geo\AppData\Local\Temp\ccaHP1gM.s 			page 10


 272 0020 03       		.uleb128 0x3
 273 0021 24       		.uleb128 0x24
 274 0022 00       		.byte	0x0
 275 0023 0B       		.uleb128 0xb
 276 0024 0B       		.uleb128 0xb
 277 0025 3E       		.uleb128 0x3e
 278 0026 0B       		.uleb128 0xb
 279 0027 03       		.uleb128 0x3
 280 0028 08       		.uleb128 0x8
 281 0029 00       		.byte	0x0
 282 002a 00       		.byte	0x0
 283 002b 04       		.uleb128 0x4
 284 002c 16       		.uleb128 0x16
 285 002d 00       		.byte	0x0
 286 002e 03       		.uleb128 0x3
 287 002f 0E       		.uleb128 0xe
 288 0030 3A       		.uleb128 0x3a
 289 0031 0B       		.uleb128 0xb
 290 0032 3B       		.uleb128 0x3b
 291 0033 0B       		.uleb128 0xb
 292 0034 49       		.uleb128 0x49
 293 0035 13       		.uleb128 0x13
 294 0036 00       		.byte	0x0
 295 0037 00       		.byte	0x0
 296 0038 05       		.uleb128 0x5
 297 0039 35       		.uleb128 0x35
 298 003a 00       		.byte	0x0
 299 003b 49       		.uleb128 0x49
 300 003c 13       		.uleb128 0x13
 301 003d 00       		.byte	0x0
 302 003e 00       		.byte	0x0
 303 003f 06       		.uleb128 0x6
 304 0040 24       		.uleb128 0x24
 305 0041 00       		.byte	0x0
 306 0042 0B       		.uleb128 0xb
 307 0043 0B       		.uleb128 0xb
 308 0044 3E       		.uleb128 0x3e
 309 0045 0B       		.uleb128 0xb
 310 0046 00       		.byte	0x0
 311 0047 00       		.byte	0x0
 312 0048 07       		.uleb128 0x7
 313 0049 2E       		.uleb128 0x2e
 314 004a 00       		.byte	0x0
 315 004b 3F       		.uleb128 0x3f
 316 004c 0C       		.uleb128 0xc
 317 004d 03       		.uleb128 0x3
 318 004e 0E       		.uleb128 0xe
 319 004f 3A       		.uleb128 0x3a
 320 0050 0B       		.uleb128 0xb
 321 0051 3B       		.uleb128 0x3b
 322 0052 0B       		.uleb128 0xb
 323 0053 27       		.uleb128 0x27
 324 0054 0C       		.uleb128 0xc
 325 0055 11       		.uleb128 0x11
 326 0056 01       		.uleb128 0x1
 327 0057 12       		.uleb128 0x12
 328 0058 01       		.uleb128 0x1
ARM GAS  C:\Users\Geo\AppData\Local\Temp\ccaHP1gM.s 			page 11


 329 0059 40       		.uleb128 0x40
 330 005a 06       		.uleb128 0x6
 331 005b 00       		.byte	0x0
 332 005c 00       		.byte	0x0
 333 005d 08       		.uleb128 0x8
 334 005e 01       		.uleb128 0x1
 335 005f 01       		.byte	0x1
 336 0060 49       		.uleb128 0x49
 337 0061 13       		.uleb128 0x13
 338 0062 01       		.uleb128 0x1
 339 0063 13       		.uleb128 0x13
 340 0064 00       		.byte	0x0
 341 0065 00       		.byte	0x0
 342 0066 09       		.uleb128 0x9
 343 0067 21       		.uleb128 0x21
 344 0068 00       		.byte	0x0
 345 0069 00       		.byte	0x0
 346 006a 00       		.byte	0x0
 347 006b 0A       		.uleb128 0xa
 348 006c 34       		.uleb128 0x34
 349 006d 00       		.byte	0x0
 350 006e 03       		.uleb128 0x3
 351 006f 0E       		.uleb128 0xe
 352 0070 3A       		.uleb128 0x3a
 353 0071 0B       		.uleb128 0xb
 354 0072 3B       		.uleb128 0x3b
 355 0073 0B       		.uleb128 0xb
 356 0074 49       		.uleb128 0x49
 357 0075 13       		.uleb128 0x13
 358 0076 3F       		.uleb128 0x3f
 359 0077 0C       		.uleb128 0xc
 360 0078 3C       		.uleb128 0x3c
 361 0079 0C       		.uleb128 0xc
 362 007a 00       		.byte	0x0
 363 007b 00       		.byte	0x0
 364 007c 00       		.byte	0x0
 365              		.section	.debug_pubnames,"",%progbits
 366 0000 22000000 		.4byte	0x22
 367 0004 0200     		.2byte	0x2
 368 0006 00000000 		.4byte	.Ldebug_info0
 369 000a D6000000 		.4byte	0xd6
 370 000e 89000000 		.4byte	0x89
 371 0012 55617274 		.ascii	"UartDebug_TXISR\000"
 371      44656275 
 371      675F5458 
 371      49535200 
 372 0022 00000000 		.4byte	0x0
 373              		.section	.debug_aranges,"",%progbits
 374 0000 1C000000 		.4byte	0x1c
 375 0004 0200     		.2byte	0x2
 376 0006 00000000 		.4byte	.Ldebug_info0
 377 000a 04       		.byte	0x4
 378 000b 00       		.byte	0x0
 379 000c 0000     		.2byte	0x0
 380 000e 0000     		.2byte	0x0
 381 0010 00000000 		.4byte	.LFB0
 382 0014 98000000 		.4byte	.LFE0-.LFB0
ARM GAS  C:\Users\Geo\AppData\Local\Temp\ccaHP1gM.s 			page 12


 383 0018 00000000 		.4byte	0x0
 384 001c 00000000 		.4byte	0x0
 385              		.section	.debug_ranges,"",%progbits
 386              	.Ldebug_ranges0:
 387 0000 00000000 		.4byte	.Ltext0
 388 0004 00000000 		.4byte	.Letext0
 389 0008 00000000 		.4byte	.LFB0
 390 000c 98000000 		.4byte	.LFE0
 391 0010 00000000 		.4byte	0x0
 392 0014 00000000 		.4byte	0x0
 393              		.section	.debug_str,"MS",%progbits,1
 394              	.LASF6:
 395 0000 6C6F6E67 		.ascii	"long long int\000"
 395      206C6F6E 
 395      6720696E 
 395      7400
 396              	.LASF8:
 397 000e 756E7369 		.ascii	"unsigned int\000"
 397      676E6564 
 397      20696E74 
 397      00
 398              	.LASF10:
 399 001b 55617274 		.ascii	"UartDebug_txBuffer\000"
 399      44656275 
 399      675F7478 
 399      42756666 
 399      657200
 400              	.LASF17:
 401 002e 55617274 		.ascii	"UartDebug_TXISR\000"
 401      44656275 
 401      675F5458 
 401      49535200 
 402              	.LASF14:
 403 003e 2E5C4765 		.ascii	".\\Generated_Source\\PSoC5\\UartDebug_INT.c\000"
 403      6E657261 
 403      7465645F 
 403      536F7572 
 403      63655C50 
 404              	.LASF16:
 405 0067 75696E74 		.ascii	"uint8\000"
 405      3800
 406              	.LASF5:
 407 006d 6C6F6E67 		.ascii	"long unsigned int\000"
 407      20756E73 
 407      69676E65 
 407      6420696E 
 407      7400
 408              	.LASF7:
 409 007f 6C6F6E67 		.ascii	"long long unsigned int\000"
 409      206C6F6E 
 409      6720756E 
 409      7369676E 
 409      65642069 
 410              	.LASF11:
 411 0096 55617274 		.ascii	"UartDebug_txBufferRead\000"
 411      44656275 
 411      675F7478 
ARM GAS  C:\Users\Geo\AppData\Local\Temp\ccaHP1gM.s 			page 13


 411      42756666 
 411      65725265 
 412              	.LASF13:
 413 00ad 474E5520 		.ascii	"GNU C 4.4.1\000"
 413      4320342E 
 413      342E3100 
 414              	.LASF1:
 415 00b9 756E7369 		.ascii	"unsigned char\000"
 415      676E6564 
 415      20636861 
 415      7200
 416              	.LASF9:
 417 00c7 63686172 		.ascii	"char\000"
 417      00
 418              	.LASF4:
 419 00cc 6C6F6E67 		.ascii	"long int\000"
 419      20696E74 
 419      00
 420              	.LASF15:
 421 00d5 433A5C55 		.ascii	"C:\\Users\\Geo\\Documents\\Projects\\Electric Skate"
 421      73657273 
 421      5C47656F 
 421      5C446F63 
 421      756D656E 
 422 0103 626F6172 		.ascii	"board\\Firmware\\PSoC\\Skateboard Remote.cydsn\000"
 422      645C4669 
 422      726D7761 
 422      72655C50 
 422      536F435C 
 423              	.LASF3:
 424 012f 73686F72 		.ascii	"short unsigned int\000"
 424      7420756E 
 424      7369676E 
 424      65642069 
 424      6E7400
 425              	.LASF0:
 426 0142 7369676E 		.ascii	"signed char\000"
 426      65642063 
 426      68617200 
 427              	.LASF2:
 428 014e 73686F72 		.ascii	"short int\000"
 428      7420696E 
 428      7400
 429              	.LASF12:
 430 0158 55617274 		.ascii	"UartDebug_txBufferWrite\000"
 430      44656275 
 430      675F7478 
 430      42756666 
 430      65725772 
 431              		.ident	"GCC: (Sourcery G++ Lite 2010q1-188) 4.4.1"
