ARM GAS  C:\Users\Geo\AppData\Local\Temp\ccJnckxe.s 			page 1


   1              		.syntax unified
   2              		.cpu cortex-m3
   3              		.fpu softvfp
   4              		.eabi_attribute 20, 1
   5              		.eabi_attribute 21, 1
   6              		.eabi_attribute 23, 3
   7              		.eabi_attribute 24, 1
   8              		.eabi_attribute 25, 1
   9              		.eabi_attribute 26, 1
  10              		.eabi_attribute 30, 6
  11              		.eabi_attribute 18, 4
  12              		.thumb
  13              		.file	"ADC_SAR_INT.c"
  14              		.section	.debug_abbrev,"",%progbits
  15              	.Ldebug_abbrev0:
  16              		.section	.debug_info,"",%progbits
  17              	.Ldebug_info0:
  18              		.section	.debug_line,"",%progbits
  19              	.Ldebug_line0:
  20 0000 55000000 		.text
  20      02003D00 
  20      00000201 
  20      FB0E0D00 
  20      01010101 
  21              	.Ltext0:
  22              		.cfi_sections	.debug_frame
  23              		.section	.text.ADC_SAR_ISR,"ax",%progbits
  24              		.align	2
  25              		.global	ADC_SAR_ISR
  26              		.thumb
  27              		.thumb_func
  28              		.type	ADC_SAR_ISR, %function
  29              	ADC_SAR_ISR:
  30              	.LFB0:
  31              		.file 1 ".\\Generated_Source\\PSoC5\\ADC_SAR_INT.c"
   1:.\Generated_Source\PSoC5/ADC_SAR_INT.c **** /*******************************************************************************
   2:.\Generated_Source\PSoC5/ADC_SAR_INT.c **** * File Name: ADC_SAR_INT.c
   3:.\Generated_Source\PSoC5/ADC_SAR_INT.c **** * Version 1.71
   4:.\Generated_Source\PSoC5/ADC_SAR_INT.c **** *
   5:.\Generated_Source\PSoC5/ADC_SAR_INT.c **** *  Description:
   6:.\Generated_Source\PSoC5/ADC_SAR_INT.c **** *    This file contains the code that operates during the ADC_SAR interrupt
   7:.\Generated_Source\PSoC5/ADC_SAR_INT.c **** *    service routine.
   8:.\Generated_Source\PSoC5/ADC_SAR_INT.c **** *
   9:.\Generated_Source\PSoC5/ADC_SAR_INT.c **** *   Note:
  10:.\Generated_Source\PSoC5/ADC_SAR_INT.c **** *
  11:.\Generated_Source\PSoC5/ADC_SAR_INT.c **** *******************************************************************************
  12:.\Generated_Source\PSoC5/ADC_SAR_INT.c **** * Copyright 2008-2012, Cypress Semiconductor Corporation.  All rights reserved.
  13:.\Generated_Source\PSoC5/ADC_SAR_INT.c **** * You may use this file only in accordance with the license, terms, conditions,
  14:.\Generated_Source\PSoC5/ADC_SAR_INT.c **** * disclaimers, and limitations in the end user license agreement accompanying
  15:.\Generated_Source\PSoC5/ADC_SAR_INT.c **** * the software package with which this file was provided.
  16:.\Generated_Source\PSoC5/ADC_SAR_INT.c **** *******************************************************************************/
  17:.\Generated_Source\PSoC5/ADC_SAR_INT.c **** 
  18:.\Generated_Source\PSoC5/ADC_SAR_INT.c **** #include "ADC_SAR.h"
  19:.\Generated_Source\PSoC5/ADC_SAR_INT.c **** 
  20:.\Generated_Source\PSoC5/ADC_SAR_INT.c **** 
  21:.\Generated_Source\PSoC5/ADC_SAR_INT.c **** /******************************************************************************
  22:.\Generated_Source\PSoC5/ADC_SAR_INT.c **** * Custom Declarations and Variables
ARM GAS  C:\Users\Geo\AppData\Local\Temp\ccJnckxe.s 			page 2


  23:.\Generated_Source\PSoC5/ADC_SAR_INT.c **** * - add user inlcude files, prototypes and variables between the following
  24:.\Generated_Source\PSoC5/ADC_SAR_INT.c **** *   #START and #END tags
  25:.\Generated_Source\PSoC5/ADC_SAR_INT.c **** ******************************************************************************/
  26:.\Generated_Source\PSoC5/ADC_SAR_INT.c **** /* `#START ADC_SYS_VAR`  */
  27:.\Generated_Source\PSoC5/ADC_SAR_INT.c **** 
  28:.\Generated_Source\PSoC5/ADC_SAR_INT.c **** /* `#END`  */
  29:.\Generated_Source\PSoC5/ADC_SAR_INT.c **** 
  30:.\Generated_Source\PSoC5/ADC_SAR_INT.c **** 
  31:.\Generated_Source\PSoC5/ADC_SAR_INT.c **** /******************************************************************************
  32:.\Generated_Source\PSoC5/ADC_SAR_INT.c **** * Function Name: ADC_SAR_ISR
  33:.\Generated_Source\PSoC5/ADC_SAR_INT.c **** *******************************************************************************
  34:.\Generated_Source\PSoC5/ADC_SAR_INT.c **** *
  35:.\Generated_Source\PSoC5/ADC_SAR_INT.c **** * Summary:
  36:.\Generated_Source\PSoC5/ADC_SAR_INT.c **** *  Handle Interrupt Service Routine.
  37:.\Generated_Source\PSoC5/ADC_SAR_INT.c **** *
  38:.\Generated_Source\PSoC5/ADC_SAR_INT.c **** * Parameters:
  39:.\Generated_Source\PSoC5/ADC_SAR_INT.c **** *  None.
  40:.\Generated_Source\PSoC5/ADC_SAR_INT.c **** *
  41:.\Generated_Source\PSoC5/ADC_SAR_INT.c **** * Return:
  42:.\Generated_Source\PSoC5/ADC_SAR_INT.c **** *  None.
  43:.\Generated_Source\PSoC5/ADC_SAR_INT.c **** *
  44:.\Generated_Source\PSoC5/ADC_SAR_INT.c **** * Reentrant:
  45:.\Generated_Source\PSoC5/ADC_SAR_INT.c **** *  No.
  46:.\Generated_Source\PSoC5/ADC_SAR_INT.c **** *
  47:.\Generated_Source\PSoC5/ADC_SAR_INT.c **** ******************************************************************************/
  48:.\Generated_Source\PSoC5/ADC_SAR_INT.c **** CY_ISR( ADC_SAR_ISR )
  49:.\Generated_Source\PSoC5/ADC_SAR_INT.c **** {
  32              		.loc 1 49 0
  33              		.cfi_startproc
  34              		@ args = 0, pretend = 0, frame = 0
  35              		@ frame_needed = 1, uses_anonymous_args = 0
  36              		@ link register save eliminated.
  37 0000 80B4     		push	{r7}
  38              	.LCFI0:
  39              		.cfi_def_cfa_offset 4
  40 0002 00AF     		add	r7, sp, #0
  41              		.cfi_offset 7, -4
  42              	.LCFI1:
  43              		.cfi_def_cfa_register 7
  50:.\Generated_Source\PSoC5/ADC_SAR_INT.c ****     /**************************************************************************
  51:.\Generated_Source\PSoC5/ADC_SAR_INT.c ****       *  Custom Code
  52:.\Generated_Source\PSoC5/ADC_SAR_INT.c ****      *  - add user ISR code between the following #START and #END tags
  53:.\Generated_Source\PSoC5/ADC_SAR_INT.c ****      *************************************************************************/
  54:.\Generated_Source\PSoC5/ADC_SAR_INT.c ****       /* `#START MAIN_ADC_ISR`  */
  55:.\Generated_Source\PSoC5/ADC_SAR_INT.c **** 
  56:.\Generated_Source\PSoC5/ADC_SAR_INT.c ****       /* `#END`  */
  57:.\Generated_Source\PSoC5/ADC_SAR_INT.c **** 
  58:.\Generated_Source\PSoC5/ADC_SAR_INT.c **** }
  44              		.loc 1 58 0
  45 0004 BD46     		mov	sp, r7
  46 0006 80BC     		pop	{r7}
  47 0008 7047     		bx	lr
  48              		.cfi_endproc
  49              	.LFE0:
  50              		.size	ADC_SAR_ISR, .-ADC_SAR_ISR
  51 000a 00BF     		.text
  52              	.Letext0:
ARM GAS  C:\Users\Geo\AppData\Local\Temp\ccJnckxe.s 			page 3


  53              		.section	.debug_loc,"",%progbits
  54              	.Ldebug_loc0:
  55              	.LLST0:
  56 0000 00000000 		.4byte	.LFB0
  57 0004 02000000 		.4byte	.LCFI0
  58 0008 0100     		.2byte	0x1
  59 000a 5D       		.byte	0x5d
  60 000b 02000000 		.4byte	.LCFI0
  61 000f 04000000 		.4byte	.LCFI1
  62 0013 0200     		.2byte	0x2
  63 0015 7D       		.byte	0x7d
  64 0016 04       		.sleb128 4
  65 0017 04000000 		.4byte	.LCFI1
  66 001b 0A000000 		.4byte	.LFE0
  67 001f 0200     		.2byte	0x2
  68 0021 77       		.byte	0x77
  69 0022 04       		.sleb128 4
  70 0023 00000000 		.4byte	0x0
  71 0027 00000000 		.4byte	0x0
  72              		.section	.debug_info
  73 0000 88000000 		.4byte	0x88
  74 0004 0200     		.2byte	0x2
  75 0006 00000000 		.4byte	.Ldebug_abbrev0
  76 000a 04       		.byte	0x4
  77 000b 01       		.uleb128 0x1
  78 000c AE000000 		.4byte	.LASF10
  79 0010 01       		.byte	0x1
  80 0011 48000000 		.4byte	.LASF11
  81 0015 BA000000 		.4byte	.LASF12
  82 0019 00000000 		.4byte	0x0
  83 001d 00000000 		.4byte	0x0
  84 0021 00000000 		.4byte	.Ldebug_ranges0+0x0
  85 0025 00000000 		.4byte	.Ldebug_line0
  86 0029 02       		.uleb128 0x2
  87 002a 01       		.byte	0x1
  88 002b 06       		.byte	0x6
  89 002c 1F000000 		.4byte	.LASF0
  90 0030 02       		.uleb128 0x2
  91 0031 01       		.byte	0x1
  92 0032 08       		.byte	0x8
  93 0033 8B000000 		.4byte	.LASF1
  94 0037 02       		.uleb128 0x2
  95 0038 02       		.byte	0x2
  96 0039 05       		.byte	0x5
  97 003a 3E000000 		.4byte	.LASF2
  98 003e 02       		.uleb128 0x2
  99 003f 02       		.byte	0x2
 100 0040 07       		.byte	0x7
 101 0041 2B000000 		.4byte	.LASF3
 102 0045 02       		.uleb128 0x2
 103 0046 04       		.byte	0x4
 104 0047 05       		.byte	0x5
 105 0048 99000000 		.4byte	.LASF4
 106 004c 02       		.uleb128 0x2
 107 004d 04       		.byte	0x4
 108 004e 07       		.byte	0x7
 109 004f 0D000000 		.4byte	.LASF5
ARM GAS  C:\Users\Geo\AppData\Local\Temp\ccJnckxe.s 			page 4


 110 0053 02       		.uleb128 0x2
 111 0054 08       		.byte	0x8
 112 0055 05       		.byte	0x5
 113 0056 15010000 		.4byte	.LASF6
 114 005a 02       		.uleb128 0x2
 115 005b 08       		.byte	0x8
 116 005c 07       		.byte	0x7
 117 005d 74000000 		.4byte	.LASF7
 118 0061 03       		.uleb128 0x3
 119 0062 04       		.byte	0x4
 120 0063 05       		.byte	0x5
 121 0064 696E7400 		.ascii	"int\000"
 122 0068 02       		.uleb128 0x2
 123 0069 04       		.byte	0x4
 124 006a 07       		.byte	0x7
 125 006b 00000000 		.4byte	.LASF8
 126 006f 02       		.uleb128 0x2
 127 0070 01       		.byte	0x1
 128 0071 08       		.byte	0x8
 129 0072 6F000000 		.4byte	.LASF9
 130 0076 04       		.uleb128 0x4
 131 0077 01       		.byte	0x1
 132 0078 A2000000 		.4byte	.LASF13
 133 007c 01       		.byte	0x1
 134 007d 30       		.byte	0x30
 135 007e 01       		.byte	0x1
 136 007f 00000000 		.4byte	.LFB0
 137 0083 0A000000 		.4byte	.LFE0
 138 0087 00000000 		.4byte	.LLST0
 139 008b 00       		.byte	0x0
 140              		.section	.debug_abbrev
 141 0000 01       		.uleb128 0x1
 142 0001 11       		.uleb128 0x11
 143 0002 01       		.byte	0x1
 144 0003 25       		.uleb128 0x25
 145 0004 0E       		.uleb128 0xe
 146 0005 13       		.uleb128 0x13
 147 0006 0B       		.uleb128 0xb
 148 0007 03       		.uleb128 0x3
 149 0008 0E       		.uleb128 0xe
 150 0009 1B       		.uleb128 0x1b
 151 000a 0E       		.uleb128 0xe
 152 000b 11       		.uleb128 0x11
 153 000c 01       		.uleb128 0x1
 154 000d 52       		.uleb128 0x52
 155 000e 01       		.uleb128 0x1
 156 000f 55       		.uleb128 0x55
 157 0010 06       		.uleb128 0x6
 158 0011 10       		.uleb128 0x10
 159 0012 06       		.uleb128 0x6
 160 0013 00       		.byte	0x0
 161 0014 00       		.byte	0x0
 162 0015 02       		.uleb128 0x2
 163 0016 24       		.uleb128 0x24
 164 0017 00       		.byte	0x0
 165 0018 0B       		.uleb128 0xb
 166 0019 0B       		.uleb128 0xb
ARM GAS  C:\Users\Geo\AppData\Local\Temp\ccJnckxe.s 			page 5


 167 001a 3E       		.uleb128 0x3e
 168 001b 0B       		.uleb128 0xb
 169 001c 03       		.uleb128 0x3
 170 001d 0E       		.uleb128 0xe
 171 001e 00       		.byte	0x0
 172 001f 00       		.byte	0x0
 173 0020 03       		.uleb128 0x3
 174 0021 24       		.uleb128 0x24
 175 0022 00       		.byte	0x0
 176 0023 0B       		.uleb128 0xb
 177 0024 0B       		.uleb128 0xb
 178 0025 3E       		.uleb128 0x3e
 179 0026 0B       		.uleb128 0xb
 180 0027 03       		.uleb128 0x3
 181 0028 08       		.uleb128 0x8
 182 0029 00       		.byte	0x0
 183 002a 00       		.byte	0x0
 184 002b 04       		.uleb128 0x4
 185 002c 2E       		.uleb128 0x2e
 186 002d 00       		.byte	0x0
 187 002e 3F       		.uleb128 0x3f
 188 002f 0C       		.uleb128 0xc
 189 0030 03       		.uleb128 0x3
 190 0031 0E       		.uleb128 0xe
 191 0032 3A       		.uleb128 0x3a
 192 0033 0B       		.uleb128 0xb
 193 0034 3B       		.uleb128 0x3b
 194 0035 0B       		.uleb128 0xb
 195 0036 27       		.uleb128 0x27
 196 0037 0C       		.uleb128 0xc
 197 0038 11       		.uleb128 0x11
 198 0039 01       		.uleb128 0x1
 199 003a 12       		.uleb128 0x12
 200 003b 01       		.uleb128 0x1
 201 003c 40       		.uleb128 0x40
 202 003d 06       		.uleb128 0x6
 203 003e 00       		.byte	0x0
 204 003f 00       		.byte	0x0
 205 0040 00       		.byte	0x0
 206              		.section	.debug_pubnames,"",%progbits
 207 0000 1E000000 		.4byte	0x1e
 208 0004 0200     		.2byte	0x2
 209 0006 00000000 		.4byte	.Ldebug_info0
 210 000a 8C000000 		.4byte	0x8c
 211 000e 76000000 		.4byte	0x76
 212 0012 4144435F 		.ascii	"ADC_SAR_ISR\000"
 212      5341525F 
 212      49535200 
 213 001e 00000000 		.4byte	0x0
 214              		.section	.debug_aranges,"",%progbits
 215 0000 1C000000 		.4byte	0x1c
 216 0004 0200     		.2byte	0x2
 217 0006 00000000 		.4byte	.Ldebug_info0
 218 000a 04       		.byte	0x4
 219 000b 00       		.byte	0x0
 220 000c 0000     		.2byte	0x0
 221 000e 0000     		.2byte	0x0
ARM GAS  C:\Users\Geo\AppData\Local\Temp\ccJnckxe.s 			page 6


 222 0010 00000000 		.4byte	.LFB0
 223 0014 0A000000 		.4byte	.LFE0-.LFB0
 224 0018 00000000 		.4byte	0x0
 225 001c 00000000 		.4byte	0x0
 226              		.section	.debug_ranges,"",%progbits
 227              	.Ldebug_ranges0:
 228 0000 00000000 		.4byte	.Ltext0
 229 0004 00000000 		.4byte	.Letext0
 230 0008 00000000 		.4byte	.LFB0
 231 000c 0A000000 		.4byte	.LFE0
 232 0010 00000000 		.4byte	0x0
 233 0014 00000000 		.4byte	0x0
 234              		.section	.debug_str,"MS",%progbits,1
 235              	.LASF8:
 236 0000 756E7369 		.ascii	"unsigned int\000"
 236      676E6564 
 236      20696E74 
 236      00
 237              	.LASF5:
 238 000d 6C6F6E67 		.ascii	"long unsigned int\000"
 238      20756E73 
 238      69676E65 
 238      6420696E 
 238      7400
 239              	.LASF0:
 240 001f 7369676E 		.ascii	"signed char\000"
 240      65642063 
 240      68617200 
 241              	.LASF3:
 242 002b 73686F72 		.ascii	"short unsigned int\000"
 242      7420756E 
 242      7369676E 
 242      65642069 
 242      6E7400
 243              	.LASF2:
 244 003e 73686F72 		.ascii	"short int\000"
 244      7420696E 
 244      7400
 245              	.LASF11:
 246 0048 2E5C4765 		.ascii	".\\Generated_Source\\PSoC5\\ADC_SAR_INT.c\000"
 246      6E657261 
 246      7465645F 
 246      536F7572 
 246      63655C50 
 247              	.LASF9:
 248 006f 63686172 		.ascii	"char\000"
 248      00
 249              	.LASF7:
 250 0074 6C6F6E67 		.ascii	"long long unsigned int\000"
 250      206C6F6E 
 250      6720756E 
 250      7369676E 
 250      65642069 
 251              	.LASF1:
 252 008b 756E7369 		.ascii	"unsigned char\000"
 252      676E6564 
 252      20636861 
ARM GAS  C:\Users\Geo\AppData\Local\Temp\ccJnckxe.s 			page 7


 252      7200
 253              	.LASF4:
 254 0099 6C6F6E67 		.ascii	"long int\000"
 254      20696E74 
 254      00
 255              	.LASF13:
 256 00a2 4144435F 		.ascii	"ADC_SAR_ISR\000"
 256      5341525F 
 256      49535200 
 257              	.LASF10:
 258 00ae 474E5520 		.ascii	"GNU C 4.4.1\000"
 258      4320342E 
 258      342E3100 
 259              	.LASF12:
 260 00ba 433A5C55 		.ascii	"C:\\Users\\Geo\\Documents\\Projects\\Electric Skate"
 260      73657273 
 260      5C47656F 
 260      5C446F63 
 260      756D656E 
 261 00e8 626F6172 		.ascii	"board\\Code\\PSoC\\Skateboard Motherboard.cydsn\000"
 261      645C436F 
 261      64655C50 
 261      536F435C 
 261      536B6174 
 262              	.LASF6:
 263 0115 6C6F6E67 		.ascii	"long long int\000"
 263      206C6F6E 
 263      6720696E 
 263      7400
 264              		.ident	"GCC: (Sourcery G++ Lite 2010q1-188) 4.4.1"
