ARM GAS  C:\Users\Geo\AppData\Local\Temp\ccvYn43j.s 			page 1


   1              		.syntax unified
   2              		.cpu cortex-m3
   3              		.fpu softvfp
   4              		.eabi_attribute 20, 1
   5              		.eabi_attribute 21, 1
   6              		.eabi_attribute 23, 3
   7              		.eabi_attribute 24, 1
   8              		.eabi_attribute 25, 1
   9              		.eabi_attribute 26, 1
  10              		.eabi_attribute 30, 6
  11              		.eabi_attribute 18, 4
  12              		.thumb
  13              		.file	"ADC_SAR_PM.c"
  14              		.section	.debug_abbrev,"",%progbits
  15              	.Ldebug_abbrev0:
  16              		.section	.debug_info,"",%progbits
  17              	.Ldebug_info0:
  18              		.section	.debug_line,"",%progbits
  19              	.Ldebug_line0:
  20 0000 C3000000 		.text
  20      02007000 
  20      00000201 
  20      FB0E0D00 
  20      01010101 
  21              	.Ltext0:
  22              		.cfi_sections	.debug_frame
  23              		.bss
  24              		.align	2
  25              	ADC_SAR_backup:
  26 0000 00       		.space	1
  27 0001 000000   		.section	.text.ADC_SAR_SaveConfig,"ax",%progbits
  28              		.align	2
  29              		.global	ADC_SAR_SaveConfig
  30              		.thumb
  31              		.thumb_func
  32              		.type	ADC_SAR_SaveConfig, %function
  33              	ADC_SAR_SaveConfig:
  34              	.LFB0:
  35              		.file 1 ".\\Generated_Source\\PSoC5\\ADC_SAR_PM.c"
   1:.\Generated_Source\PSoC5/ADC_SAR_PM.c **** /*******************************************************************************
   2:.\Generated_Source\PSoC5/ADC_SAR_PM.c **** * File Name: ADC_SAR_PM.c
   3:.\Generated_Source\PSoC5/ADC_SAR_PM.c **** * Version 1.71
   4:.\Generated_Source\PSoC5/ADC_SAR_PM.c **** *
   5:.\Generated_Source\PSoC5/ADC_SAR_PM.c **** * Description:
   6:.\Generated_Source\PSoC5/ADC_SAR_PM.c **** *  This file provides Sleep/WakeUp APIs functionality.
   7:.\Generated_Source\PSoC5/ADC_SAR_PM.c **** *
   8:.\Generated_Source\PSoC5/ADC_SAR_PM.c **** * Note:
   9:.\Generated_Source\PSoC5/ADC_SAR_PM.c **** *
  10:.\Generated_Source\PSoC5/ADC_SAR_PM.c **** *******************************************************************************
  11:.\Generated_Source\PSoC5/ADC_SAR_PM.c **** * Copyright 2008-2012, Cypress Semiconductor Corporation.  All rights reserved.
  12:.\Generated_Source\PSoC5/ADC_SAR_PM.c **** * You may use this file only in accordance with the license, terms, conditions,
  13:.\Generated_Source\PSoC5/ADC_SAR_PM.c **** * disclaimers, and limitations in the end user license agreement accompanying
  14:.\Generated_Source\PSoC5/ADC_SAR_PM.c **** * the software package with which this file was provided.
  15:.\Generated_Source\PSoC5/ADC_SAR_PM.c **** ********************************************************************************/
  16:.\Generated_Source\PSoC5/ADC_SAR_PM.c **** 
  17:.\Generated_Source\PSoC5/ADC_SAR_PM.c **** #include "ADC_SAR.h"
  18:.\Generated_Source\PSoC5/ADC_SAR_PM.c **** 
ARM GAS  C:\Users\Geo\AppData\Local\Temp\ccvYn43j.s 			page 2


  19:.\Generated_Source\PSoC5/ADC_SAR_PM.c **** 
  20:.\Generated_Source\PSoC5/ADC_SAR_PM.c **** /***************************************
  21:.\Generated_Source\PSoC5/ADC_SAR_PM.c **** * Local data allocation
  22:.\Generated_Source\PSoC5/ADC_SAR_PM.c **** ***************************************/
  23:.\Generated_Source\PSoC5/ADC_SAR_PM.c **** 
  24:.\Generated_Source\PSoC5/ADC_SAR_PM.c **** static ADC_SAR_BACKUP_STRUCT  ADC_SAR_backup =
  25:.\Generated_Source\PSoC5/ADC_SAR_PM.c **** {
  26:.\Generated_Source\PSoC5/ADC_SAR_PM.c ****     ADC_SAR_DISABLED
  27:.\Generated_Source\PSoC5/ADC_SAR_PM.c **** };
  28:.\Generated_Source\PSoC5/ADC_SAR_PM.c ****     
  29:.\Generated_Source\PSoC5/ADC_SAR_PM.c **** 
  30:.\Generated_Source\PSoC5/ADC_SAR_PM.c **** /*******************************************************************************
  31:.\Generated_Source\PSoC5/ADC_SAR_PM.c **** * Function Name: ADC_SAR_SaveConfig
  32:.\Generated_Source\PSoC5/ADC_SAR_PM.c **** ********************************************************************************
  33:.\Generated_Source\PSoC5/ADC_SAR_PM.c **** *
  34:.\Generated_Source\PSoC5/ADC_SAR_PM.c **** * Summary:
  35:.\Generated_Source\PSoC5/ADC_SAR_PM.c **** *  Saves the current user configuration.
  36:.\Generated_Source\PSoC5/ADC_SAR_PM.c **** *  
  37:.\Generated_Source\PSoC5/ADC_SAR_PM.c **** * Parameters:  
  38:.\Generated_Source\PSoC5/ADC_SAR_PM.c **** *  None.
  39:.\Generated_Source\PSoC5/ADC_SAR_PM.c **** *
  40:.\Generated_Source\PSoC5/ADC_SAR_PM.c **** * Return: 
  41:.\Generated_Source\PSoC5/ADC_SAR_PM.c **** *  None.
  42:.\Generated_Source\PSoC5/ADC_SAR_PM.c **** *
  43:.\Generated_Source\PSoC5/ADC_SAR_PM.c **** *******************************************************************************/
  44:.\Generated_Source\PSoC5/ADC_SAR_PM.c **** void ADC_SAR_SaveConfig(void)
  45:.\Generated_Source\PSoC5/ADC_SAR_PM.c **** {
  36              		.loc 1 45 0
  37              		.cfi_startproc
  38              		@ args = 0, pretend = 0, frame = 0
  39              		@ frame_needed = 1, uses_anonymous_args = 0
  40              		@ link register save eliminated.
  41 0000 80B4     		push	{r7}
  42              	.LCFI0:
  43              		.cfi_def_cfa_offset 4
  44 0002 00AF     		add	r7, sp, #0
  45              		.cfi_offset 7, -4
  46              	.LCFI1:
  47              		.cfi_def_cfa_register 7
  46:.\Generated_Source\PSoC5/ADC_SAR_PM.c ****     /* All configuration registers are marked as [reset_all_retention] */
  47:.\Generated_Source\PSoC5/ADC_SAR_PM.c **** }
  48              		.loc 1 47 0
  49 0004 BD46     		mov	sp, r7
  50 0006 80BC     		pop	{r7}
  51 0008 7047     		bx	lr
  52              		.cfi_endproc
  53              	.LFE0:
  54              		.size	ADC_SAR_SaveConfig, .-ADC_SAR_SaveConfig
  55 000a 00BF     		.section	.text.ADC_SAR_RestoreConfig,"ax",%progbits
  56              		.align	2
  57              		.global	ADC_SAR_RestoreConfig
  58              		.thumb
  59              		.thumb_func
  60              		.type	ADC_SAR_RestoreConfig, %function
  61              	ADC_SAR_RestoreConfig:
  62              	.LFB1:
  48:.\Generated_Source\PSoC5/ADC_SAR_PM.c **** 
ARM GAS  C:\Users\Geo\AppData\Local\Temp\ccvYn43j.s 			page 3


  49:.\Generated_Source\PSoC5/ADC_SAR_PM.c **** 
  50:.\Generated_Source\PSoC5/ADC_SAR_PM.c **** /*******************************************************************************
  51:.\Generated_Source\PSoC5/ADC_SAR_PM.c **** * Function Name: ADC_SAR_RestoreConfig
  52:.\Generated_Source\PSoC5/ADC_SAR_PM.c **** ********************************************************************************
  53:.\Generated_Source\PSoC5/ADC_SAR_PM.c **** *
  54:.\Generated_Source\PSoC5/ADC_SAR_PM.c **** * Summary:
  55:.\Generated_Source\PSoC5/ADC_SAR_PM.c **** *  Restores the current user configuration.
  56:.\Generated_Source\PSoC5/ADC_SAR_PM.c **** *  
  57:.\Generated_Source\PSoC5/ADC_SAR_PM.c **** * Parameters:  
  58:.\Generated_Source\PSoC5/ADC_SAR_PM.c **** *  None.
  59:.\Generated_Source\PSoC5/ADC_SAR_PM.c **** *
  60:.\Generated_Source\PSoC5/ADC_SAR_PM.c **** * Return: 
  61:.\Generated_Source\PSoC5/ADC_SAR_PM.c **** *  None.
  62:.\Generated_Source\PSoC5/ADC_SAR_PM.c **** *
  63:.\Generated_Source\PSoC5/ADC_SAR_PM.c **** *******************************************************************************/
  64:.\Generated_Source\PSoC5/ADC_SAR_PM.c **** void ADC_SAR_RestoreConfig(void)
  65:.\Generated_Source\PSoC5/ADC_SAR_PM.c **** {
  63              		.loc 1 65 0
  64              		.cfi_startproc
  65              		@ args = 0, pretend = 0, frame = 0
  66              		@ frame_needed = 1, uses_anonymous_args = 0
  67              		@ link register save eliminated.
  68 0000 80B4     		push	{r7}
  69              	.LCFI2:
  70              		.cfi_def_cfa_offset 4
  71 0002 00AF     		add	r7, sp, #0
  72              		.cfi_offset 7, -4
  73              	.LCFI3:
  74              		.cfi_def_cfa_register 7
  66:.\Generated_Source\PSoC5/ADC_SAR_PM.c ****     /* All congiguration registers are marked as [reset_all_retention] */
  67:.\Generated_Source\PSoC5/ADC_SAR_PM.c **** }
  75              		.loc 1 67 0
  76 0004 BD46     		mov	sp, r7
  77 0006 80BC     		pop	{r7}
  78 0008 7047     		bx	lr
  79              		.cfi_endproc
  80              	.LFE1:
  81              		.size	ADC_SAR_RestoreConfig, .-ADC_SAR_RestoreConfig
  82 000a 00BF     		.section	.text.ADC_SAR_Sleep,"ax",%progbits
  83              		.align	2
  84              		.global	ADC_SAR_Sleep
  85              		.thumb
  86              		.thumb_func
  87              		.type	ADC_SAR_Sleep, %function
  88              	ADC_SAR_Sleep:
  89              	.LFB2:
  68:.\Generated_Source\PSoC5/ADC_SAR_PM.c **** 
  69:.\Generated_Source\PSoC5/ADC_SAR_PM.c **** 
  70:.\Generated_Source\PSoC5/ADC_SAR_PM.c **** /*******************************************************************************
  71:.\Generated_Source\PSoC5/ADC_SAR_PM.c **** * Function Name: ADC_SAR_Sleep
  72:.\Generated_Source\PSoC5/ADC_SAR_PM.c **** ********************************************************************************
  73:.\Generated_Source\PSoC5/ADC_SAR_PM.c **** *
  74:.\Generated_Source\PSoC5/ADC_SAR_PM.c **** * Summary:
  75:.\Generated_Source\PSoC5/ADC_SAR_PM.c **** *  Stops and saves the user configuration
  76:.\Generated_Source\PSoC5/ADC_SAR_PM.c **** *  
  77:.\Generated_Source\PSoC5/ADC_SAR_PM.c **** * Parameters:  
  78:.\Generated_Source\PSoC5/ADC_SAR_PM.c **** *  None.
ARM GAS  C:\Users\Geo\AppData\Local\Temp\ccvYn43j.s 			page 4


  79:.\Generated_Source\PSoC5/ADC_SAR_PM.c **** *
  80:.\Generated_Source\PSoC5/ADC_SAR_PM.c **** * Return: 
  81:.\Generated_Source\PSoC5/ADC_SAR_PM.c **** *  None.
  82:.\Generated_Source\PSoC5/ADC_SAR_PM.c **** *
  83:.\Generated_Source\PSoC5/ADC_SAR_PM.c **** * Global Variables:
  84:.\Generated_Source\PSoC5/ADC_SAR_PM.c **** *  ADC_SAR_backup - modified.
  85:.\Generated_Source\PSoC5/ADC_SAR_PM.c **** *
  86:.\Generated_Source\PSoC5/ADC_SAR_PM.c **** *******************************************************************************/
  87:.\Generated_Source\PSoC5/ADC_SAR_PM.c **** void ADC_SAR_Sleep(void)
  88:.\Generated_Source\PSoC5/ADC_SAR_PM.c **** {
  90              		.loc 1 88 0
  91              		.cfi_startproc
  92              		@ args = 0, pretend = 0, frame = 0
  93              		@ frame_needed = 1, uses_anonymous_args = 0
  94 0000 80B5     		push	{r7, lr}
  95              	.LCFI4:
  96              		.cfi_def_cfa_offset 8
  97 0002 00AF     		add	r7, sp, #0
  98              		.cfi_offset 14, -4
  99              		.cfi_offset 7, -8
 100              	.LCFI5:
 101              		.cfi_def_cfa_register 7
  89:.\Generated_Source\PSoC5/ADC_SAR_PM.c ****     if((ADC_SAR_PWRMGR_SAR_REG  & ADC_SAR_ACT_PWR_SAR_EN) != 0u) 
 102              		.loc 1 89 0
 103 0004 44F2AB33 		movw	r3, #:lower16:1073759147
 104 0008 C4F20003 		movt	r3, #:upper16:1073759147
 105 000c 1B78     		ldrb	r3, [r3, #0]
 106 000e DBB2     		uxtb	r3, r3
 107 0010 03F00103 		and	r3, r3, #1
 108 0014 DBB2     		uxtb	r3, r3
 109 0016 002B     		cmp	r3, #0
 110 0018 21D0     		beq	.L6
  90:.\Generated_Source\PSoC5/ADC_SAR_PM.c ****     {
  91:.\Generated_Source\PSoC5/ADC_SAR_PM.c ****         ADC_SAR_backup.enableState = ADC_SAR_ENABLED;
 111              		.loc 1 91 0
 112 001a 40F20003 		movw	r3, #:lower16:ADC_SAR_backup
 113 001e C0F20003 		movt	r3, #:upper16:ADC_SAR_backup
 114 0022 4FF00102 		mov	r2, #1
 115 0026 1A70     		strb	r2, [r3, #0]
  92:.\Generated_Source\PSoC5/ADC_SAR_PM.c ****         if((ADC_SAR_SAR_CSR0_REG & ADC_SAR_SAR_SOF_START_CONV) != 0u)
 116              		.loc 1 92 0
 117 0028 45F60013 		movw	r3, #:lower16:1073764608
 118 002c C4F20003 		movt	r3, #:upper16:1073764608
 119 0030 1B78     		ldrb	r3, [r3, #0]
 120 0032 DBB2     		uxtb	r3, r3
 121 0034 03F00103 		and	r3, r3, #1
 122 0038 DBB2     		uxtb	r3, r3
 123 003a 002B     		cmp	r3, #0
 124 003c 0CD0     		beq	.L7
  93:.\Generated_Source\PSoC5/ADC_SAR_PM.c ****         {
  94:.\Generated_Source\PSoC5/ADC_SAR_PM.c ****             ADC_SAR_backup.enableState |= ADC_SAR_STARTED;
 125              		.loc 1 94 0
 126 003e 40F20003 		movw	r3, #:lower16:ADC_SAR_backup
 127 0042 C0F20003 		movt	r3, #:upper16:ADC_SAR_backup
 128 0046 1B78     		ldrb	r3, [r3, #0]	@ zero_extendqisi2
 129 0048 43F00203 		orr	r3, r3, #2
 130 004c DAB2     		uxtb	r2, r3
ARM GAS  C:\Users\Geo\AppData\Local\Temp\ccvYn43j.s 			page 5


 131 004e 40F20003 		movw	r3, #:lower16:ADC_SAR_backup
 132 0052 C0F20003 		movt	r3, #:upper16:ADC_SAR_backup
 133 0056 1A70     		strb	r2, [r3, #0]
 134              	.L7:
  95:.\Generated_Source\PSoC5/ADC_SAR_PM.c ****         }
  96:.\Generated_Source\PSoC5/ADC_SAR_PM.c ****         ADC_SAR_Stop();
 135              		.loc 1 96 0
 136 0058 FFF7FEFF 		bl	ADC_SAR_Stop
 137 005c 06E0     		b	.L9
 138              	.L6:
  97:.\Generated_Source\PSoC5/ADC_SAR_PM.c ****     }
  98:.\Generated_Source\PSoC5/ADC_SAR_PM.c ****     else
  99:.\Generated_Source\PSoC5/ADC_SAR_PM.c ****     {
 100:.\Generated_Source\PSoC5/ADC_SAR_PM.c ****         ADC_SAR_backup.enableState = ADC_SAR_DISABLED;
 139              		.loc 1 100 0
 140 005e 40F20003 		movw	r3, #:lower16:ADC_SAR_backup
 141 0062 C0F20003 		movt	r3, #:upper16:ADC_SAR_backup
 142 0066 4FF00002 		mov	r2, #0
 143 006a 1A70     		strb	r2, [r3, #0]
 144              	.L9:
 101:.\Generated_Source\PSoC5/ADC_SAR_PM.c ****     }
 102:.\Generated_Source\PSoC5/ADC_SAR_PM.c ****     /*ADC_SAR_SaveConfig();*/
 103:.\Generated_Source\PSoC5/ADC_SAR_PM.c **** }
 145              		.loc 1 103 0
 146 006c 80BD     		pop	{r7, pc}
 147              		.cfi_endproc
 148              	.LFE2:
 149              		.size	ADC_SAR_Sleep, .-ADC_SAR_Sleep
 150 006e 00BF     		.section	.text.ADC_SAR_Wakeup,"ax",%progbits
 151              		.align	2
 152              		.global	ADC_SAR_Wakeup
 153              		.thumb
 154              		.thumb_func
 155              		.type	ADC_SAR_Wakeup, %function
 156              	ADC_SAR_Wakeup:
 157              	.LFB3:
 104:.\Generated_Source\PSoC5/ADC_SAR_PM.c **** 
 105:.\Generated_Source\PSoC5/ADC_SAR_PM.c **** 
 106:.\Generated_Source\PSoC5/ADC_SAR_PM.c **** /*******************************************************************************
 107:.\Generated_Source\PSoC5/ADC_SAR_PM.c **** * Function Name: ADC_SAR_Wakeup
 108:.\Generated_Source\PSoC5/ADC_SAR_PM.c **** ********************************************************************************
 109:.\Generated_Source\PSoC5/ADC_SAR_PM.c **** *
 110:.\Generated_Source\PSoC5/ADC_SAR_PM.c **** * Summary:
 111:.\Generated_Source\PSoC5/ADC_SAR_PM.c **** *  Restores and enables the user configuration
 112:.\Generated_Source\PSoC5/ADC_SAR_PM.c **** *  
 113:.\Generated_Source\PSoC5/ADC_SAR_PM.c **** * Parameters:  
 114:.\Generated_Source\PSoC5/ADC_SAR_PM.c **** *  None.
 115:.\Generated_Source\PSoC5/ADC_SAR_PM.c **** *
 116:.\Generated_Source\PSoC5/ADC_SAR_PM.c **** * Return: 
 117:.\Generated_Source\PSoC5/ADC_SAR_PM.c **** *  None.
 118:.\Generated_Source\PSoC5/ADC_SAR_PM.c **** *
 119:.\Generated_Source\PSoC5/ADC_SAR_PM.c **** * Global Variables:
 120:.\Generated_Source\PSoC5/ADC_SAR_PM.c **** *  ADC_SAR_backup - used. 
 121:.\Generated_Source\PSoC5/ADC_SAR_PM.c **** *
 122:.\Generated_Source\PSoC5/ADC_SAR_PM.c **** *******************************************************************************/
 123:.\Generated_Source\PSoC5/ADC_SAR_PM.c **** void ADC_SAR_Wakeup(void)
 124:.\Generated_Source\PSoC5/ADC_SAR_PM.c **** {
ARM GAS  C:\Users\Geo\AppData\Local\Temp\ccvYn43j.s 			page 6


 158              		.loc 1 124 0
 159              		.cfi_startproc
 160              		@ args = 0, pretend = 0, frame = 0
 161              		@ frame_needed = 1, uses_anonymous_args = 0
 162 0000 80B5     		push	{r7, lr}
 163              	.LCFI6:
 164              		.cfi_def_cfa_offset 8
 165 0002 00AF     		add	r7, sp, #0
 166              		.cfi_offset 14, -4
 167              		.cfi_offset 7, -8
 168              	.LCFI7:
 169              		.cfi_def_cfa_register 7
 125:.\Generated_Source\PSoC5/ADC_SAR_PM.c ****     /*ADC_SAR_RestoreConfig();*/
 126:.\Generated_Source\PSoC5/ADC_SAR_PM.c ****     if(ADC_SAR_backup.enableState != ADC_SAR_DISABLED)
 170              		.loc 1 126 0
 171 0004 40F20003 		movw	r3, #:lower16:ADC_SAR_backup
 172 0008 C0F20003 		movt	r3, #:upper16:ADC_SAR_backup
 173 000c 1B78     		ldrb	r3, [r3, #0]	@ zero_extendqisi2
 174 000e 002B     		cmp	r3, #0
 175 0010 0CD0     		beq	.L12
 127:.\Generated_Source\PSoC5/ADC_SAR_PM.c ****     {
 128:.\Generated_Source\PSoC5/ADC_SAR_PM.c ****         ADC_SAR_Enable();
 176              		.loc 1 128 0
 177 0012 FFF7FEFF 		bl	ADC_SAR_Enable
 129:.\Generated_Source\PSoC5/ADC_SAR_PM.c ****         if((ADC_SAR_backup.enableState & ADC_SAR_STARTED) != 0u)
 178              		.loc 1 129 0
 179 0016 40F20003 		movw	r3, #:lower16:ADC_SAR_backup
 180 001a C0F20003 		movt	r3, #:upper16:ADC_SAR_backup
 181 001e 1B78     		ldrb	r3, [r3, #0]	@ zero_extendqisi2
 182 0020 03F00203 		and	r3, r3, #2
 183 0024 002B     		cmp	r3, #0
 184 0026 01D0     		beq	.L12
 130:.\Generated_Source\PSoC5/ADC_SAR_PM.c ****         {
 131:.\Generated_Source\PSoC5/ADC_SAR_PM.c ****             ADC_SAR_StartConvert();
 185              		.loc 1 131 0
 186 0028 FFF7FEFF 		bl	ADC_SAR_StartConvert
 187              	.L12:
 132:.\Generated_Source\PSoC5/ADC_SAR_PM.c ****         }
 133:.\Generated_Source\PSoC5/ADC_SAR_PM.c ****     } 
 134:.\Generated_Source\PSoC5/ADC_SAR_PM.c **** }
 188              		.loc 1 134 0
 189 002c 80BD     		pop	{r7, pc}
 190              		.cfi_endproc
 191              	.LFE3:
 192              		.size	ADC_SAR_Wakeup, .-ADC_SAR_Wakeup
 193 002e 00BF     		.text
 194              	.Letext0:
 195              		.section	.debug_loc,"",%progbits
 196              	.Ldebug_loc0:
 197              	.LLST0:
 198 0000 00000000 		.4byte	.LFB0
 199 0004 02000000 		.4byte	.LCFI0
 200 0008 0100     		.2byte	0x1
 201 000a 5D       		.byte	0x5d
 202 000b 02000000 		.4byte	.LCFI0
 203 000f 04000000 		.4byte	.LCFI1
 204 0013 0200     		.2byte	0x2
ARM GAS  C:\Users\Geo\AppData\Local\Temp\ccvYn43j.s 			page 7


 205 0015 7D       		.byte	0x7d
 206 0016 04       		.sleb128 4
 207 0017 04000000 		.4byte	.LCFI1
 208 001b 0A000000 		.4byte	.LFE0
 209 001f 0200     		.2byte	0x2
 210 0021 77       		.byte	0x77
 211 0022 04       		.sleb128 4
 212 0023 00000000 		.4byte	0x0
 213 0027 00000000 		.4byte	0x0
 214              	.LLST1:
 215 002b 00000000 		.4byte	.LFB1
 216 002f 02000000 		.4byte	.LCFI2
 217 0033 0100     		.2byte	0x1
 218 0035 5D       		.byte	0x5d
 219 0036 02000000 		.4byte	.LCFI2
 220 003a 04000000 		.4byte	.LCFI3
 221 003e 0200     		.2byte	0x2
 222 0040 7D       		.byte	0x7d
 223 0041 04       		.sleb128 4
 224 0042 04000000 		.4byte	.LCFI3
 225 0046 0A000000 		.4byte	.LFE1
 226 004a 0200     		.2byte	0x2
 227 004c 77       		.byte	0x77
 228 004d 04       		.sleb128 4
 229 004e 00000000 		.4byte	0x0
 230 0052 00000000 		.4byte	0x0
 231              	.LLST2:
 232 0056 00000000 		.4byte	.LFB2
 233 005a 02000000 		.4byte	.LCFI4
 234 005e 0100     		.2byte	0x1
 235 0060 5D       		.byte	0x5d
 236 0061 02000000 		.4byte	.LCFI4
 237 0065 04000000 		.4byte	.LCFI5
 238 0069 0200     		.2byte	0x2
 239 006b 7D       		.byte	0x7d
 240 006c 08       		.sleb128 8
 241 006d 04000000 		.4byte	.LCFI5
 242 0071 6E000000 		.4byte	.LFE2
 243 0075 0200     		.2byte	0x2
 244 0077 77       		.byte	0x77
 245 0078 08       		.sleb128 8
 246 0079 00000000 		.4byte	0x0
 247 007d 00000000 		.4byte	0x0
 248              	.LLST3:
 249 0081 00000000 		.4byte	.LFB3
 250 0085 02000000 		.4byte	.LCFI6
 251 0089 0100     		.2byte	0x1
 252 008b 5D       		.byte	0x5d
 253 008c 02000000 		.4byte	.LCFI6
 254 0090 04000000 		.4byte	.LCFI7
 255 0094 0200     		.2byte	0x2
 256 0096 7D       		.byte	0x7d
 257 0097 08       		.sleb128 8
 258 0098 04000000 		.4byte	.LCFI7
 259 009c 2E000000 		.4byte	.LFE3
 260 00a0 0200     		.2byte	0x2
 261 00a2 77       		.byte	0x77
ARM GAS  C:\Users\Geo\AppData\Local\Temp\ccvYn43j.s 			page 8


 262 00a3 08       		.sleb128 8
 263 00a4 00000000 		.4byte	0x0
 264 00a8 00000000 		.4byte	0x0
 265              		.file 2 ".\\Generated_Source\\PSoC5\\/cytypes.h"
 266              		.file 3 ".\\Generated_Source\\PSoC5\\/ADC_SAR.h"
 267              		.section	.debug_info
 268 0000 09010000 		.4byte	0x109
 269 0004 0200     		.2byte	0x2
 270 0006 00000000 		.4byte	.Ldebug_abbrev0
 271 000a 04       		.byte	0x4
 272 000b 01       		.uleb128 0x1
 273 000c 0C010000 		.4byte	.LASF16
 274 0010 01       		.byte	0x1
 275 0011 AF000000 		.4byte	.LASF17
 276 0015 42010000 		.4byte	.LASF18
 277 0019 00000000 		.4byte	0x0
 278 001d 00000000 		.4byte	0x0
 279 0021 00000000 		.4byte	.Ldebug_ranges0+0x0
 280 0025 00000000 		.4byte	.Ldebug_line0
 281 0029 02       		.uleb128 0x2
 282 002a 01       		.byte	0x1
 283 002b 06       		.byte	0x6
 284 002c 9D010000 		.4byte	.LASF0
 285 0030 02       		.uleb128 0x2
 286 0031 01       		.byte	0x1
 287 0032 08       		.byte	0x8
 288 0033 6E000000 		.4byte	.LASF1
 289 0037 02       		.uleb128 0x2
 290 0038 02       		.byte	0x2
 291 0039 05       		.byte	0x5
 292 003a 1D010000 		.4byte	.LASF2
 293 003e 02       		.uleb128 0x2
 294 003f 02       		.byte	0x2
 295 0040 07       		.byte	0x7
 296 0041 8E000000 		.4byte	.LASF3
 297 0045 02       		.uleb128 0x2
 298 0046 04       		.byte	0x4
 299 0047 05       		.byte	0x5
 300 0048 2D010000 		.4byte	.LASF4
 301 004c 02       		.uleb128 0x2
 302 004d 04       		.byte	0x4
 303 004e 07       		.byte	0x7
 304 004f 7C000000 		.4byte	.LASF5
 305 0053 02       		.uleb128 0x2
 306 0054 08       		.byte	0x8
 307 0055 05       		.byte	0x5
 308 0056 00000000 		.4byte	.LASF6
 309 005a 02       		.uleb128 0x2
 310 005b 08       		.byte	0x8
 311 005c 07       		.byte	0x7
 312 005d F5000000 		.4byte	.LASF7
 313 0061 03       		.uleb128 0x3
 314 0062 04       		.byte	0x4
 315 0063 05       		.byte	0x5
 316 0064 696E7400 		.ascii	"int\000"
 317 0068 02       		.uleb128 0x2
 318 0069 04       		.byte	0x4
ARM GAS  C:\Users\Geo\AppData\Local\Temp\ccvYn43j.s 			page 9


 319 006a 07       		.byte	0x7
 320 006b E8000000 		.4byte	.LASF8
 321 006f 02       		.uleb128 0x2
 322 0070 01       		.byte	0x1
 323 0071 08       		.byte	0x8
 324 0072 18010000 		.4byte	.LASF9
 325 0076 04       		.uleb128 0x4
 326 0077 27010000 		.4byte	.LASF10
 327 007b 02       		.byte	0x2
 328 007c 51       		.byte	0x51
 329 007d 30000000 		.4byte	0x30
 330 0081 05       		.uleb128 0x5
 331 0082 33000000 		.4byte	.LASF19
 332 0086 01       		.byte	0x1
 333 0087 03       		.byte	0x3
 334 0088 2C       		.byte	0x2c
 335 0089 9C000000 		.4byte	0x9c
 336 008d 06       		.uleb128 0x6
 337 008e 36010000 		.4byte	.LASF20
 338 0092 03       		.byte	0x3
 339 0093 2D       		.byte	0x2d
 340 0094 76000000 		.4byte	0x76
 341 0098 02       		.byte	0x2
 342 0099 23       		.byte	0x23
 343 009a 00       		.uleb128 0x0
 344 009b 00       		.byte	0x0
 345 009c 04       		.uleb128 0x4
 346 009d 0E000000 		.4byte	.LASF11
 347 00a1 03       		.byte	0x3
 348 00a2 2E       		.byte	0x2e
 349 00a3 81000000 		.4byte	0x81
 350 00a7 07       		.uleb128 0x7
 351 00a8 01       		.byte	0x1
 352 00a9 D5000000 		.4byte	.LASF12
 353 00ad 01       		.byte	0x1
 354 00ae 2C       		.byte	0x2c
 355 00af 01       		.byte	0x1
 356 00b0 00000000 		.4byte	.LFB0
 357 00b4 0A000000 		.4byte	.LFE0
 358 00b8 00000000 		.4byte	.LLST0
 359 00bc 07       		.uleb128 0x7
 360 00bd 01       		.byte	0x1
 361 00be 58000000 		.4byte	.LASF13
 362 00c2 01       		.byte	0x1
 363 00c3 40       		.byte	0x40
 364 00c4 01       		.byte	0x1
 365 00c5 00000000 		.4byte	.LFB1
 366 00c9 0A000000 		.4byte	.LFE1
 367 00cd 2B000000 		.4byte	.LLST1
 368 00d1 07       		.uleb128 0x7
 369 00d2 01       		.byte	0x1
 370 00d3 A1000000 		.4byte	.LASF14
 371 00d7 01       		.byte	0x1
 372 00d8 57       		.byte	0x57
 373 00d9 01       		.byte	0x1
 374 00da 00000000 		.4byte	.LFB2
 375 00de 6E000000 		.4byte	.LFE2
ARM GAS  C:\Users\Geo\AppData\Local\Temp\ccvYn43j.s 			page 10


 376 00e2 56000000 		.4byte	.LLST2
 377 00e6 07       		.uleb128 0x7
 378 00e7 01       		.byte	0x1
 379 00e8 49000000 		.4byte	.LASF15
 380 00ec 01       		.byte	0x1
 381 00ed 7B       		.byte	0x7b
 382 00ee 01       		.byte	0x1
 383 00ef 00000000 		.4byte	.LFB3
 384 00f3 2E000000 		.4byte	.LFE3
 385 00f7 81000000 		.4byte	.LLST3
 386 00fb 08       		.uleb128 0x8
 387 00fc 24000000 		.4byte	.LASF21
 388 0100 01       		.byte	0x1
 389 0101 18       		.byte	0x18
 390 0102 9C000000 		.4byte	0x9c
 391 0106 05       		.byte	0x5
 392 0107 03       		.byte	0x3
 393 0108 00000000 		.4byte	ADC_SAR_backup
 394 010c 00       		.byte	0x0
 395              		.section	.debug_abbrev
 396 0000 01       		.uleb128 0x1
 397 0001 11       		.uleb128 0x11
 398 0002 01       		.byte	0x1
 399 0003 25       		.uleb128 0x25
 400 0004 0E       		.uleb128 0xe
 401 0005 13       		.uleb128 0x13
 402 0006 0B       		.uleb128 0xb
 403 0007 03       		.uleb128 0x3
 404 0008 0E       		.uleb128 0xe
 405 0009 1B       		.uleb128 0x1b
 406 000a 0E       		.uleb128 0xe
 407 000b 11       		.uleb128 0x11
 408 000c 01       		.uleb128 0x1
 409 000d 52       		.uleb128 0x52
 410 000e 01       		.uleb128 0x1
 411 000f 55       		.uleb128 0x55
 412 0010 06       		.uleb128 0x6
 413 0011 10       		.uleb128 0x10
 414 0012 06       		.uleb128 0x6
 415 0013 00       		.byte	0x0
 416 0014 00       		.byte	0x0
 417 0015 02       		.uleb128 0x2
 418 0016 24       		.uleb128 0x24
 419 0017 00       		.byte	0x0
 420 0018 0B       		.uleb128 0xb
 421 0019 0B       		.uleb128 0xb
 422 001a 3E       		.uleb128 0x3e
 423 001b 0B       		.uleb128 0xb
 424 001c 03       		.uleb128 0x3
 425 001d 0E       		.uleb128 0xe
 426 001e 00       		.byte	0x0
 427 001f 00       		.byte	0x0
 428 0020 03       		.uleb128 0x3
 429 0021 24       		.uleb128 0x24
 430 0022 00       		.byte	0x0
 431 0023 0B       		.uleb128 0xb
 432 0024 0B       		.uleb128 0xb
ARM GAS  C:\Users\Geo\AppData\Local\Temp\ccvYn43j.s 			page 11


 433 0025 3E       		.uleb128 0x3e
 434 0026 0B       		.uleb128 0xb
 435 0027 03       		.uleb128 0x3
 436 0028 08       		.uleb128 0x8
 437 0029 00       		.byte	0x0
 438 002a 00       		.byte	0x0
 439 002b 04       		.uleb128 0x4
 440 002c 16       		.uleb128 0x16
 441 002d 00       		.byte	0x0
 442 002e 03       		.uleb128 0x3
 443 002f 0E       		.uleb128 0xe
 444 0030 3A       		.uleb128 0x3a
 445 0031 0B       		.uleb128 0xb
 446 0032 3B       		.uleb128 0x3b
 447 0033 0B       		.uleb128 0xb
 448 0034 49       		.uleb128 0x49
 449 0035 13       		.uleb128 0x13
 450 0036 00       		.byte	0x0
 451 0037 00       		.byte	0x0
 452 0038 05       		.uleb128 0x5
 453 0039 13       		.uleb128 0x13
 454 003a 01       		.byte	0x1
 455 003b 03       		.uleb128 0x3
 456 003c 0E       		.uleb128 0xe
 457 003d 0B       		.uleb128 0xb
 458 003e 0B       		.uleb128 0xb
 459 003f 3A       		.uleb128 0x3a
 460 0040 0B       		.uleb128 0xb
 461 0041 3B       		.uleb128 0x3b
 462 0042 0B       		.uleb128 0xb
 463 0043 01       		.uleb128 0x1
 464 0044 13       		.uleb128 0x13
 465 0045 00       		.byte	0x0
 466 0046 00       		.byte	0x0
 467 0047 06       		.uleb128 0x6
 468 0048 0D       		.uleb128 0xd
 469 0049 00       		.byte	0x0
 470 004a 03       		.uleb128 0x3
 471 004b 0E       		.uleb128 0xe
 472 004c 3A       		.uleb128 0x3a
 473 004d 0B       		.uleb128 0xb
 474 004e 3B       		.uleb128 0x3b
 475 004f 0B       		.uleb128 0xb
 476 0050 49       		.uleb128 0x49
 477 0051 13       		.uleb128 0x13
 478 0052 38       		.uleb128 0x38
 479 0053 0A       		.uleb128 0xa
 480 0054 00       		.byte	0x0
 481 0055 00       		.byte	0x0
 482 0056 07       		.uleb128 0x7
 483 0057 2E       		.uleb128 0x2e
 484 0058 00       		.byte	0x0
 485 0059 3F       		.uleb128 0x3f
 486 005a 0C       		.uleb128 0xc
 487 005b 03       		.uleb128 0x3
 488 005c 0E       		.uleb128 0xe
 489 005d 3A       		.uleb128 0x3a
ARM GAS  C:\Users\Geo\AppData\Local\Temp\ccvYn43j.s 			page 12


 490 005e 0B       		.uleb128 0xb
 491 005f 3B       		.uleb128 0x3b
 492 0060 0B       		.uleb128 0xb
 493 0061 27       		.uleb128 0x27
 494 0062 0C       		.uleb128 0xc
 495 0063 11       		.uleb128 0x11
 496 0064 01       		.uleb128 0x1
 497 0065 12       		.uleb128 0x12
 498 0066 01       		.uleb128 0x1
 499 0067 40       		.uleb128 0x40
 500 0068 06       		.uleb128 0x6
 501 0069 00       		.byte	0x0
 502 006a 00       		.byte	0x0
 503 006b 08       		.uleb128 0x8
 504 006c 34       		.uleb128 0x34
 505 006d 00       		.byte	0x0
 506 006e 03       		.uleb128 0x3
 507 006f 0E       		.uleb128 0xe
 508 0070 3A       		.uleb128 0x3a
 509 0071 0B       		.uleb128 0xb
 510 0072 3B       		.uleb128 0x3b
 511 0073 0B       		.uleb128 0xb
 512 0074 49       		.uleb128 0x49
 513 0075 13       		.uleb128 0x13
 514 0076 02       		.uleb128 0x2
 515 0077 0A       		.uleb128 0xa
 516 0078 00       		.byte	0x0
 517 0079 00       		.byte	0x0
 518 007a 00       		.byte	0x0
 519              		.section	.debug_pubnames,"",%progbits
 520 0000 64000000 		.4byte	0x64
 521 0004 0200     		.2byte	0x2
 522 0006 00000000 		.4byte	.Ldebug_info0
 523 000a 0D010000 		.4byte	0x10d
 524 000e A7000000 		.4byte	0xa7
 525 0012 4144435F 		.ascii	"ADC_SAR_SaveConfig\000"
 525      5341525F 
 525      53617665 
 525      436F6E66 
 525      696700
 526 0025 BC000000 		.4byte	0xbc
 527 0029 4144435F 		.ascii	"ADC_SAR_RestoreConfig\000"
 527      5341525F 
 527      52657374 
 527      6F726543 
 527      6F6E6669 
 528 003f D1000000 		.4byte	0xd1
 529 0043 4144435F 		.ascii	"ADC_SAR_Sleep\000"
 529      5341525F 
 529      536C6565 
 529      7000
 530 0051 E6000000 		.4byte	0xe6
 531 0055 4144435F 		.ascii	"ADC_SAR_Wakeup\000"
 531      5341525F 
 531      57616B65 
 531      757000
 532 0064 00000000 		.4byte	0x0
ARM GAS  C:\Users\Geo\AppData\Local\Temp\ccvYn43j.s 			page 13


 533              		.section	.debug_aranges,"",%progbits
 534 0000 34000000 		.4byte	0x34
 535 0004 0200     		.2byte	0x2
 536 0006 00000000 		.4byte	.Ldebug_info0
 537 000a 04       		.byte	0x4
 538 000b 00       		.byte	0x0
 539 000c 0000     		.2byte	0x0
 540 000e 0000     		.2byte	0x0
 541 0010 00000000 		.4byte	.LFB0
 542 0014 0A000000 		.4byte	.LFE0-.LFB0
 543 0018 00000000 		.4byte	.LFB1
 544 001c 0A000000 		.4byte	.LFE1-.LFB1
 545 0020 00000000 		.4byte	.LFB2
 546 0024 6E000000 		.4byte	.LFE2-.LFB2
 547 0028 00000000 		.4byte	.LFB3
 548 002c 2E000000 		.4byte	.LFE3-.LFB3
 549 0030 00000000 		.4byte	0x0
 550 0034 00000000 		.4byte	0x0
 551              		.section	.debug_ranges,"",%progbits
 552              	.Ldebug_ranges0:
 553 0000 00000000 		.4byte	.Ltext0
 554 0004 00000000 		.4byte	.Letext0
 555 0008 00000000 		.4byte	.LFB0
 556 000c 0A000000 		.4byte	.LFE0
 557 0010 00000000 		.4byte	.LFB1
 558 0014 0A000000 		.4byte	.LFE1
 559 0018 00000000 		.4byte	.LFB2
 560 001c 6E000000 		.4byte	.LFE2
 561 0020 00000000 		.4byte	.LFB3
 562 0024 2E000000 		.4byte	.LFE3
 563 0028 00000000 		.4byte	0x0
 564 002c 00000000 		.4byte	0x0
 565              		.section	.debug_str,"MS",%progbits,1
 566              	.LASF6:
 567 0000 6C6F6E67 		.ascii	"long long int\000"
 567      206C6F6E 
 567      6720696E 
 567      7400
 568              	.LASF11:
 569 000e 4144435F 		.ascii	"ADC_SAR_BACKUP_STRUCT\000"
 569      5341525F 
 569      4241434B 
 569      55505F53 
 569      54525543 
 570              	.LASF21:
 571 0024 4144435F 		.ascii	"ADC_SAR_backup\000"
 571      5341525F 
 571      6261636B 
 571      757000
 572              	.LASF19:
 573 0033 5F414443 		.ascii	"_ADC_SAR_BackupStruct\000"
 573      5F534152 
 573      5F426163 
 573      6B757053 
 573      74727563 
 574              	.LASF15:
 575 0049 4144435F 		.ascii	"ADC_SAR_Wakeup\000"
ARM GAS  C:\Users\Geo\AppData\Local\Temp\ccvYn43j.s 			page 14


 575      5341525F 
 575      57616B65 
 575      757000
 576              	.LASF13:
 577 0058 4144435F 		.ascii	"ADC_SAR_RestoreConfig\000"
 577      5341525F 
 577      52657374 
 577      6F726543 
 577      6F6E6669 
 578              	.LASF1:
 579 006e 756E7369 		.ascii	"unsigned char\000"
 579      676E6564 
 579      20636861 
 579      7200
 580              	.LASF5:
 581 007c 6C6F6E67 		.ascii	"long unsigned int\000"
 581      20756E73 
 581      69676E65 
 581      6420696E 
 581      7400
 582              	.LASF3:
 583 008e 73686F72 		.ascii	"short unsigned int\000"
 583      7420756E 
 583      7369676E 
 583      65642069 
 583      6E7400
 584              	.LASF14:
 585 00a1 4144435F 		.ascii	"ADC_SAR_Sleep\000"
 585      5341525F 
 585      536C6565 
 585      7000
 586              	.LASF17:
 587 00af 2E5C4765 		.ascii	".\\Generated_Source\\PSoC5\\ADC_SAR_PM.c\000"
 587      6E657261 
 587      7465645F 
 587      536F7572 
 587      63655C50 
 588              	.LASF12:
 589 00d5 4144435F 		.ascii	"ADC_SAR_SaveConfig\000"
 589      5341525F 
 589      53617665 
 589      436F6E66 
 589      696700
 590              	.LASF8:
 591 00e8 756E7369 		.ascii	"unsigned int\000"
 591      676E6564 
 591      20696E74 
 591      00
 592              	.LASF7:
 593 00f5 6C6F6E67 		.ascii	"long long unsigned int\000"
 593      206C6F6E 
 593      6720756E 
 593      7369676E 
 593      65642069 
 594              	.LASF16:
 595 010c 474E5520 		.ascii	"GNU C 4.4.1\000"
 595      4320342E 
ARM GAS  C:\Users\Geo\AppData\Local\Temp\ccvYn43j.s 			page 15


 595      342E3100 
 596              	.LASF9:
 597 0118 63686172 		.ascii	"char\000"
 597      00
 598              	.LASF2:
 599 011d 73686F72 		.ascii	"short int\000"
 599      7420696E 
 599      7400
 600              	.LASF10:
 601 0127 75696E74 		.ascii	"uint8\000"
 601      3800
 602              	.LASF4:
 603 012d 6C6F6E67 		.ascii	"long int\000"
 603      20696E74 
 603      00
 604              	.LASF20:
 605 0136 656E6162 		.ascii	"enableState\000"
 605      6C655374 
 605      61746500 
 606              	.LASF18:
 607 0142 433A5C55 		.ascii	"C:\\Users\\Geo\\Documents\\Projects\\Electric Skate"
 607      73657273 
 607      5C47656F 
 607      5C446F63 
 607      756D656E 
 608 0170 626F6172 		.ascii	"board\\Code\\PSoC\\Skateboard Motherboard.cydsn\000"
 608      645C436F 
 608      64655C50 
 608      536F435C 
 608      536B6174 
 609              	.LASF0:
 610 019d 7369676E 		.ascii	"signed char\000"
 610      65642063 
 610      68617200 
 611              		.ident	"GCC: (Sourcery G++ Lite 2010q1-188) 4.4.1"
