ARM GAS  C:\Users\Geo\AppData\Local\Temp\cc2Zl8dQ.s 			page 1


   1              		.syntax unified
   2              		.cpu cortex-m3
   3              		.fpu softvfp
   4              		.eabi_attribute 20, 1
   5              		.eabi_attribute 21, 1
   6              		.eabi_attribute 23, 3
   7              		.eabi_attribute 24, 1
   8              		.eabi_attribute 25, 1
   9              		.eabi_attribute 26, 1
  10              		.eabi_attribute 30, 6
  11              		.eabi_attribute 18, 4
  12              		.thumb
  13              		.file	"Comms.c"
  14              		.section	.debug_abbrev,"",%progbits
  15              	.Ldebug_abbrev0:
  16              		.section	.debug_info,"",%progbits
  17              	.Ldebug_info0:
  18              		.section	.debug_line,"",%progbits
  19              	.Ldebug_line0:
  20 0000 EF010000 		.text
  20      02001C01 
  20      00000201 
  20      FB0E0D00 
  20      01010101 
  21              	.Ltext0:
  22              		.cfi_sections	.debug_frame
  23              		.comm	debugBuff,200,4
  24              		.bss
  25              	_newPacketFlag:
  26 0000 00       		.space	1
  27              	_unreadDataFlag:
  28 0001 00       		.space	1
  29              	_commsPacketBufferOverrunFlag:
  30 0002 00       		.space	1
  31              	_commsInitCompleteFlag:
  32 0003 00       		.space	1
  33              	_commsTimeoutFlag:
  34 0004 00       		.space	1
  35 0005 000000   		.align	2
  36              	_packetBuffer:
  37 0008 00000000 		.space	100
  37      00000000 
  37      00000000 
  37      00000000 
  37      00000000 
  38              		.align	2
  39              	_idenChars:
  40 006c 00000000 		.space	4
  41              		.align	1
  42              	_timeoutCounter:
  43 0070 0000     		.space	2
  44              		.section	.text.Comms_Init,"ax",%progbits
  45              		.align	2
  46              		.global	Comms_Init
  47              		.thumb
  48              		.thumb_func
  49              		.type	Comms_Init, %function
ARM GAS  C:\Users\Geo\AppData\Local\Temp\cc2Zl8dQ.s 			page 2


  50              	Comms_Init:
  51              	.LFB29:
  52              		.file 1 ".\\Comms.c"
   1:.\Comms.c     **** //!
   2:.\Comms.c     **** //! @file 		Comms.c
   3:.\Comms.c     **** //! @author 	Geoffrey Hunter (gbmhunter@gmail.com)
   4:.\Comms.c     **** //! @date 		22/12/2010
   5:.\Comms.c     **** //! @brief 		Controls the comms between board and remote. Common to both platforms.
   6:.\Comms.c     **** //! @details
   7:.\Comms.c     **** //!		<b>Last Modified:			</b> 24/05/2011								\n
   8:.\Comms.c     **** //!		<b>Version:					</b> v1.0									\n
   9:.\Comms.c     **** //!		<b>Company:					</b> CladLabs								\n
  10:.\Comms.c     **** //!		<b>Project:					</b> Electric Skateboard - Skateboard Remote\n
  11:.\Comms.c     **** //!		<b>Computer Architecture:	</b> ARM									\n
  12:.\Comms.c     **** //!		<b>Compiler:				</b> GCC									\n
  13:.\Comms.c     **** //! 	<b>uC Model:				</b> PSoC5									\n
  14:.\Comms.c     **** //!		<b>Documentation Format:	</b> Doxygen								\n
  15:.\Comms.c     **** //!		
  16:.\Comms.c     **** //!		
  17:.\Comms.c     **** //!
  18:.\Comms.c     **** 
  19:.\Comms.c     **** //===============================================================================================//
  20:.\Comms.c     **** //======================================= FILE INCLUSIONS =======================================//
  21:.\Comms.c     **** //===============================================================================================//
  22:.\Comms.c     **** 
  23:.\Comms.c     **** #include <device.h>
  24:.\Comms.c     **** #include "../common/PublicObjects.h"
  25:.\Comms.c     **** #include "Config.h"
  26:.\Comms.c     **** #include "Comms.h"
  27:.\Comms.c     **** 
  28:.\Comms.c     **** 
  29:.\Comms.c     **** // Bit positions of data in rx packet
  30:.\Comms.c     **** 
  31:.\Comms.c     **** #define MS1_BP 5	// Higher byte of motor speed
  32:.\Comms.c     **** #define MS0_BP 6	// Lower byte of motor speed
  33:.\Comms.c     **** 
  34:.\Comms.c     **** typedef enum {
  35:.\Comms.c     **** 	idle,
  36:.\Comms.c     **** 	secondIdenChar,
  37:.\Comms.c     **** 	thirdIdenChar,
  38:.\Comms.c     **** 	packetDataCount,
  39:.\Comms.c     **** 	packetData,
  40:.\Comms.c     **** 	receivingChecksum,
  41:.\Comms.c     **** 	packetComplete
  42:.\Comms.c     **** } commsStates_t;
  43:.\Comms.c     **** 
  44:.\Comms.c     **** typedef enum {
  45:.\Comms.c     **** 	xbeeInit,
  46:.\Comms.c     **** 	xbeeOn
  47:.\Comms.c     **** } xbeeStates_t;
  48:.\Comms.c     **** 
  49:.\Comms.c     **** //===============================================================================================//
  50:.\Comms.c     **** //=============================== PRIVATE FUNCTION PROTOTYPES ===================================//
  51:.\Comms.c     **** //===============================================================================================//
  52:.\Comms.c     **** 
  53:.\Comms.c     **** void Comms_RetrieveData();
  54:.\Comms.c     **** uint8 Comms_DecodePacket();
ARM GAS  C:\Users\Geo\AppData\Local\Temp\cc2Zl8dQ.s 			page 3


  55:.\Comms.c     **** 
  56:.\Comms.c     **** //===============================================================================================//
  57:.\Comms.c     **** //==================================== PRIVATE VARIABLES ========================================//
  58:.\Comms.c     **** //===============================================================================================//
  59:.\Comms.c     **** 
  60:.\Comms.c     **** //flags
  61:.\Comms.c     **** static bool_t _newPacketFlag = FALSE;
  62:.\Comms.c     **** // Set when a byte has not been read from a new data packet
  63:.\Comms.c     **** static bool_t _unreadDataFlag = FALSE;
  64:.\Comms.c     **** static bool_t _commsPacketBufferOverrunFlag = FALSE;
  65:.\Comms.c     **** static bool_t _commsInitCompleteFlag = FALSE;
  66:.\Comms.c     **** static bool_t _commsTimeoutFlag = FALSE;
  67:.\Comms.c     **** 
  68:.\Comms.c     **** //rx variables
  69:.\Comms.c     **** //static commsData_t _commsData;
  70:.\Comms.c     **** static uint8_t _packetBuffer[configCOMM_BUFFER_SIZE];
  71:.\Comms.c     **** static uint8_t* _idenChars;
  72:.\Comms.c     **** 
  73:.\Comms.c     **** // counter for comms timeout
  74:.\Comms.c     **** static uint16_t _timeoutCounter = 0;
  75:.\Comms.c     **** 
  76:.\Comms.c     **** /***Function Definitions***/
  77:.\Comms.c     **** 
  78:.\Comms.c     **** void Comms_Init(uint8_t* idenCharsIn)
  79:.\Comms.c     **** {
  53              		.loc 1 79 0
  54              		.cfi_startproc
  55              		@ args = 0, pretend = 0, frame = 8
  56              		@ frame_needed = 1, uses_anonymous_args = 0
  57 0000 80B5     		push	{r7, lr}
  58              	.LCFI0:
  59              		.cfi_def_cfa_offset 8
  60 0002 82B0     		sub	sp, sp, #8
  61              	.LCFI1:
  62              		.cfi_def_cfa_offset 16
  63 0004 00AF     		add	r7, sp, #0
  64              		.cfi_offset 14, -4
  65              		.cfi_offset 7, -8
  66              	.LCFI2:
  67              		.cfi_def_cfa_register 7
  68 0006 7860     		str	r0, [r7, #4]
  80:.\Comms.c     **** 	//led_on(0);
  81:.\Comms.c     **** 	_idenChars = idenCharsIn;
  69              		.loc 1 81 0
  70 0008 40F20003 		movw	r3, #:lower16:_idenChars
  71 000c C0F20003 		movt	r3, #:upper16:_idenChars
  72 0010 7A68     		ldr	r2, [r7, #4]
  73 0012 1A60     		str	r2, [r3, #0]
  82:.\Comms.c     **** 	
  83:.\Comms.c     **** 	// Intialise uart used to communicate with comms
  84:.\Comms.c     **** 	UartXbee_Start();
  74              		.loc 1 84 0
  75 0014 FFF7FEFF 		bl	UartXbee_Start
  85:.\Comms.c     **** 	
  86:.\Comms.c     **** 	// Wake-up Xbee
  87:.\Comms.c     **** 	//PinXbeeSleep_Write(1);
  88:.\Comms.c     **** 
ARM GAS  C:\Users\Geo\AppData\Local\Temp\cc2Zl8dQ.s 			page 4


  89:.\Comms.c     **** 	//Signal that intialisation is complete
  90:.\Comms.c     **** 	_commsInitCompleteFlag = TRUE;
  76              		.loc 1 90 0
  77 0018 40F20003 		movw	r3, #:lower16:_commsInitCompleteFlag
  78 001c C0F20003 		movt	r3, #:upper16:_commsInitCompleteFlag
  79 0020 4FF00102 		mov	r2, #1
  80 0024 1A70     		strb	r2, [r3, #0]
  91:.\Comms.c     **** }
  81              		.loc 1 91 0
  82 0026 07F10807 		add	r7, r7, #8
  83 002a BD46     		mov	sp, r7
  84 002c 80BD     		pop	{r7, pc}
  85              		.cfi_endproc
  86              	.LFE29:
  87              		.size	Comms_Init, .-Comms_Init
  88              		.global	__aeabi_i2d
  89              		.global	__aeabi_dcmpge
  90 002e 00BF     		.section	.text.Comms_Run,"ax",%progbits
  91              		.align	2
  92              		.global	Comms_Run
  93              		.thumb
  94              		.thumb_func
  95              		.type	Comms_Run, %function
  96              	Comms_Run:
  97              	.LFB30:
  92:.\Comms.c     **** 
  93:.\Comms.c     **** //! @brief		State machine for comms to remote control.
  94:.\Comms.c     **** //! @note		Call once per main loop tick
  95:.\Comms.c     **** void Comms_Run(void)
  96:.\Comms.c     **** {
  98              		.loc 1 96 0
  99              		.cfi_startproc
 100              		@ args = 0, pretend = 0, frame = 0
 101              		@ frame_needed = 1, uses_anonymous_args = 0
 102 0000 98B5     		push	{r3, r4, r7, lr}
 103              	.LCFI3:
 104              		.cfi_def_cfa_offset 16
 105 0002 00AF     		add	r7, sp, #0
 106              		.cfi_offset 14, -4
 107              		.cfi_offset 7, -8
 108              		.cfi_offset 4, -12
 109              		.cfi_offset 3, -16
 110              	.LCFI4:
 111              		.cfi_def_cfa_register 7
  97:.\Comms.c     **** 	
  98:.\Comms.c     **** 	static xbeeStates_t xbeeState = xbeeInit;
  99:.\Comms.c     **** 	static xbeeStates_t prevxbeeState = xbeeInit;
 100:.\Comms.c     **** 	
 101:.\Comms.c     **** 	switch(xbeeState)
 112              		.loc 1 101 0
 113 0004 40F20003 		movw	r3, #:lower16:xbeeState.3008
 114 0008 C0F20003 		movt	r3, #:upper16:xbeeState.3008
 115 000c 1B78     		ldrb	r3, [r3, #0]	@ zero_extendqisi2
 116 000e 002B     		cmp	r3, #0
 117 0010 02D0     		beq	.L5
 118 0012 012B     		cmp	r3, #1
 119 0014 0AD0     		beq	.L6
ARM GAS  C:\Users\Geo\AppData\Local\Temp\cc2Zl8dQ.s 			page 5


 120 0016 76E0     		b	.L11
 121              	.L5:
 102:.\Comms.c     **** 	{
 103:.\Comms.c     **** 		case xbeeInit:
 104:.\Comms.c     **** 			#if(configDEBUG_COMMS == 1) 
 105:.\Comms.c     **** 				UartDebug_PutString("COMMS: Entering xbeeInit state.\r\n");
 106:.\Comms.c     **** 			#endif
 107:.\Comms.c     **** 			// Intialise uart used to communicate with comms
 108:.\Comms.c     **** 			UartXbee_Start();
 122              		.loc 1 108 0
 123 0018 FFF7FEFF 		bl	UartXbee_Start
 109:.\Comms.c     **** 			// Go to on state
 110:.\Comms.c     **** 			xbeeState = xbeeOn;
 124              		.loc 1 110 0
 125 001c 40F20003 		movw	r3, #:lower16:xbeeState.3008
 126 0020 C0F20003 		movt	r3, #:upper16:xbeeState.3008
 127 0024 4FF00102 		mov	r2, #1
 128 0028 1A70     		strb	r2, [r3, #0]
 111:.\Comms.c     **** 			break;
 129              		.loc 1 111 0
 130 002a 6CE0     		b	.L11
 131              	.L6:
 112:.\Comms.c     **** 		case xbeeOn:
 113:.\Comms.c     **** 			if(prevxbeeState != xbeeState)
 132              		.loc 1 113 0
 133 002c 40F20003 		movw	r3, #:lower16:prevxbeeState.3009
 134 0030 C0F20003 		movt	r3, #:upper16:prevxbeeState.3009
 135 0034 1A78     		ldrb	r2, [r3, #0]	@ zero_extendqisi2
 136 0036 40F20003 		movw	r3, #:lower16:xbeeState.3008
 137 003a C0F20003 		movt	r3, #:upper16:xbeeState.3008
 138 003e 1B78     		ldrb	r3, [r3, #0]	@ zero_extendqisi2
 139 0040 9A42     		cmp	r2, r3
 140 0042 09D0     		beq	.L7
 114:.\Comms.c     **** 			{
 115:.\Comms.c     **** 				#if(configDEBUG_COMMS == 1) 
 116:.\Comms.c     **** 					UartDebug_PutString("COMMS: Entering xbeeOn state.\r\n");
 117:.\Comms.c     **** 				#endif
 118:.\Comms.c     **** 				prevxbeeState = xbeeState;
 141              		.loc 1 118 0
 142 0044 40F20003 		movw	r3, #:lower16:xbeeState.3008
 143 0048 C0F20003 		movt	r3, #:upper16:xbeeState.3008
 144 004c 1A78     		ldrb	r2, [r3, #0]	@ zero_extendqisi2
 145 004e 40F20003 		movw	r3, #:lower16:prevxbeeState.3009
 146 0052 C0F20003 		movt	r3, #:upper16:prevxbeeState.3009
 147 0056 1A70     		strb	r2, [r3, #0]
 148              	.L7:
 119:.\Comms.c     **** 			}
 120:.\Comms.c     **** 			// Check for data
 121:.\Comms.c     **** 			Comms_RetrieveData();
 149              		.loc 1 121 0
 150 0058 FFF7FEFF 		bl	Comms_RetrieveData
 122:.\Comms.c     **** 			
 123:.\Comms.c     **** 			//Decode if their are new packets present
 124:.\Comms.c     **** 			if(_newPacketFlag)
 151              		.loc 1 124 0
 152 005c 40F20003 		movw	r3, #:lower16:_newPacketFlag
 153 0060 C0F20003 		movt	r3, #:upper16:_newPacketFlag
ARM GAS  C:\Users\Geo\AppData\Local\Temp\cc2Zl8dQ.s 			page 6


 154 0064 1B78     		ldrb	r3, [r3, #0]	@ zero_extendqisi2
 155 0066 002B     		cmp	r3, #0
 156 0068 1CD0     		beq	.L8
 125:.\Comms.c     **** 			{
 126:.\Comms.c     **** 				// Reset timeout counter
 127:.\Comms.c     **** 				_timeoutCounter = 0;
 157              		.loc 1 127 0
 158 006a 40F20003 		movw	r3, #:lower16:_timeoutCounter
 159 006e C0F20003 		movt	r3, #:upper16:_timeoutCounter
 160 0072 4FF00002 		mov	r2, #0
 161 0076 1A80     		strh	r2, [r3, #0]	@ movhi
 128:.\Comms.c     **** 				// Set timeout flag to false when new packet arrives
 129:.\Comms.c     **** 				_commsTimeoutFlag = FALSE;
 162              		.loc 1 129 0
 163 0078 40F20003 		movw	r3, #:lower16:_commsTimeoutFlag
 164 007c C0F20003 		movt	r3, #:upper16:_commsTimeoutFlag
 165 0080 4FF00002 		mov	r2, #0
 166 0084 1A70     		strb	r2, [r3, #0]
 130:.\Comms.c     **** 				_newPacketFlag = FALSE;
 167              		.loc 1 130 0
 168 0086 40F20003 		movw	r3, #:lower16:_newPacketFlag
 169 008a C0F20003 		movt	r3, #:upper16:_newPacketFlag
 170 008e 4FF00002 		mov	r2, #0
 171 0092 1A70     		strb	r2, [r3, #0]
 131:.\Comms.c     **** 				// Set unread data flag (cleared when comms_get_byte is called)
 132:.\Comms.c     **** 				_unreadDataFlag = TRUE;
 172              		.loc 1 132 0
 173 0094 40F20003 		movw	r3, #:lower16:_unreadDataFlag
 174 0098 C0F20003 		movt	r3, #:upper16:_unreadDataFlag
 175 009c 4FF00102 		mov	r2, #1
 176 00a0 1A70     		strb	r2, [r3, #0]
 177 00a2 30E0     		b	.L11
 178              	.L8:
 133:.\Comms.c     **** 			}
 134:.\Comms.c     **** 			else
 135:.\Comms.c     **** 			{
 136:.\Comms.c     **** 				// Increment timeout counter if no packet arrived
 137:.\Comms.c     **** 				_timeoutCounter++;
 179              		.loc 1 137 0
 180 00a4 40F20003 		movw	r3, #:lower16:_timeoutCounter
 181 00a8 C0F20003 		movt	r3, #:upper16:_timeoutCounter
 182 00ac 1B88     		ldrh	r3, [r3, #0]
 183 00ae 03F10103 		add	r3, r3, #1
 184 00b2 9AB2     		uxth	r2, r3
 185 00b4 40F20003 		movw	r3, #:lower16:_timeoutCounter
 186 00b8 C0F20003 		movt	r3, #:upper16:_timeoutCounter
 187 00bc 1A80     		strh	r2, [r3, #0]	@ movhi
 138:.\Comms.c     **** 				// Set flag if timeout counter has reached the limit without being reset by a new packet arrivi
 139:.\Comms.c     **** 				if(_timeoutCounter >= configCOMMS_TIMEOUT_PERIOD_MS/configMAIN_TICK_PERIOD_MS)
 188              		.loc 1 139 0
 189 00be 40F20003 		movw	r3, #:lower16:_timeoutCounter
 190 00c2 C0F20003 		movt	r3, #:upper16:_timeoutCounter
 191 00c6 1B88     		ldrh	r3, [r3, #0]
 192 00c8 1846     		mov	r0, r3
 193 00ca FFF7FEFF 		bl	__aeabi_i2d
 194 00ce 0246     		mov	r2, r0
 195 00d0 0B46     		mov	r3, r1
ARM GAS  C:\Users\Geo\AppData\Local\Temp\cc2Zl8dQ.s 			page 7


 196 00d2 4FF00001 		mov	r1, #0
 197 00d6 0C46     		mov	r4, r1
 198 00d8 1046     		mov	r0, r2
 199 00da 1946     		mov	r1, r3
 200 00dc 0AA3     		adr	r3, .L12
 201 00de D3E90023 		ldrd	r2, [r3]
 202 00e2 FFF7FEFF 		bl	__aeabi_dcmpge
 203 00e6 0346     		mov	r3, r0
 204 00e8 002B     		cmp	r3, #0
 205 00ea 02D0     		beq	.L9
 206              	.L10:
 207 00ec 4FF00103 		mov	r3, #1
 208 00f0 1C46     		mov	r4, r3
 209              	.L9:
 210 00f2 E3B2     		uxtb	r3, r4
 211 00f4 002B     		cmp	r3, #0
 212 00f6 06D0     		beq	.L11
 140:.\Comms.c     **** 				{
 141:.\Comms.c     **** 					_commsTimeoutFlag = TRUE;
 213              		.loc 1 141 0
 214 00f8 40F20003 		movw	r3, #:lower16:_commsTimeoutFlag
 215 00fc C0F20003 		movt	r3, #:upper16:_commsTimeoutFlag
 216 0100 4FF00102 		mov	r2, #1
 217 0104 1A70     		strb	r2, [r3, #0]
 218              	.L11:
 142:.\Comms.c     **** 				} 
 143:.\Comms.c     **** 			}
 144:.\Comms.c     **** 			
 145:.\Comms.c     **** 			break;
 146:.\Comms.c     **** 	}
 147:.\Comms.c     **** }
 219              		.loc 1 147 0
 220 0106 98BD     		pop	{r3, r4, r7, pc}
 221              	.L13:
 222              		.align	3
 223              	.L12:
 224 0108 00000000 		.word	0
 225 010c 00804140 		.word	1078034432
 226              		.cfi_endproc
 227              	.LFE30:
 228              		.size	Comms_Run, .-Comms_Run
 229              		.section	.rodata
 230              		.align	2
 231              	.LC0:
 232 0000 434F4D4D 		.ascii	"COMMS: Error - Packet buffer overrun before message"
 232      533A2045 
 232      72726F72 
 232      202D2050 
 232      61636B65 
 233 0033 20776173 		.ascii	" was dound\015\012\000"
 233      20646F75 
 233      6E640D0A 
 233      00
 234              		.section	.text.Comms_RetrieveData,"ax",%progbits
 235              		.align	2
 236              		.global	Comms_RetrieveData
 237              		.thumb
ARM GAS  C:\Users\Geo\AppData\Local\Temp\cc2Zl8dQ.s 			page 8


 238              		.thumb_func
 239              		.type	Comms_RetrieveData, %function
 240              	Comms_RetrieveData:
 241              	.LFB31:
 148:.\Comms.c     **** 
 149:.\Comms.c     **** //! @brief		Checks the rx uart buffer and decodes if data present
 150:.\Comms.c     **** void Comms_RetrieveData()
 151:.\Comms.c     **** {
 242              		.loc 1 151 0
 243              		.cfi_startproc
 244              		@ args = 0, pretend = 0, frame = 0
 245              		@ frame_needed = 1, uses_anonymous_args = 0
 246 0000 80B5     		push	{r7, lr}
 247              	.LCFI5:
 248              		.cfi_def_cfa_offset 8
 249 0002 00AF     		add	r7, sp, #0
 250              		.cfi_offset 14, -4
 251              		.cfi_offset 7, -8
 252              	.LCFI6:
 253              		.cfi_def_cfa_register 7
 152:.\Comms.c     **** 	static commsStates_t commsState = idle;
 153:.\Comms.c     **** 	static uint8_t packetBufferPos = 0;
 154:.\Comms.c     **** 	static uint8_t numOfDataBytes = 0;
 155:.\Comms.c     **** 	static uint8_t rxDataByte;
 156:.\Comms.c     **** 
 157:.\Comms.c     **** 	while(UartXbee_GetRxBufferSize() != 0)
 254              		.loc 1 157 0
 255 0004 77E1     		b	.L15
 256              	.L32:
 158:.\Comms.c     **** 	{
 159:.\Comms.c     **** 		rxDataByte = UartXbee_GetChar();
 257              		.loc 1 159 0
 258 0006 FFF7FEFF 		bl	UartXbee_GetChar
 259 000a 0346     		mov	r3, r0
 260 000c 1A46     		mov	r2, r3
 261 000e 40F20003 		movw	r3, #:lower16:rxDataByte.3038
 262 0012 C0F20003 		movt	r3, #:upper16:rxDataByte.3038
 263 0016 1A70     		strb	r2, [r3, #0]
 160:.\Comms.c     **** 		
 161:.\Comms.c     **** 		switch(commsState){
 264              		.loc 1 161 0
 265 0018 40F20003 		movw	r3, #:lower16:commsState.3035
 266 001c C0F20003 		movt	r3, #:upper16:commsState.3035
 267 0020 1B78     		ldrb	r3, [r3, #0]	@ zero_extendqisi2
 268 0022 062B     		cmp	r3, #6
 269 0024 00F23D81 		bhi	.L16
 270 0028 01A2     		adr	r2, .L24
 271 002a 52F823F0 		ldr	pc, [r2, r3, lsl #2]
 272 002e 00BF     		.align	2
 273              	.L24:
 274 0030 4D000000 		.word	.L17+1
 275 0034 CF000000 		.word	.L18+1
 276 0038 47010000 		.word	.L19+1
 277 003c BF010000 		.word	.L20+1
 278 0040 1D020000 		.word	.L21+1
 279 0044 75020000 		.word	.L22+1
 280 0048 85020000 		.word	.L23+1
ARM GAS  C:\Users\Geo\AppData\Local\Temp\cc2Zl8dQ.s 			page 9


 281              	.L17:
 162:.\Comms.c     **** 			case idle:
 163:.\Comms.c     **** 				
 164:.\Comms.c     **** 				packetBufferPos = 0;
 282              		.loc 1 164 0
 283 004c 40F20003 		movw	r3, #:lower16:packetBufferPos.3036
 284 0050 C0F20003 		movt	r3, #:upper16:packetBufferPos.3036
 285 0054 4FF00002 		mov	r2, #0
 286 0058 1A70     		strb	r2, [r3, #0]
 165:.\Comms.c     **** 				numOfDataBytes = 0;
 287              		.loc 1 165 0
 288 005a 40F20003 		movw	r3, #:lower16:numOfDataBytes.3037
 289 005e C0F20003 		movt	r3, #:upper16:numOfDataBytes.3037
 290 0062 4FF00002 		mov	r2, #0
 291 0066 1A70     		strb	r2, [r3, #0]
 166:.\Comms.c     **** 				if(rxDataByte == _idenChars[0])
 292              		.loc 1 166 0
 293 0068 40F20003 		movw	r3, #:lower16:_idenChars
 294 006c C0F20003 		movt	r3, #:upper16:_idenChars
 295 0070 1B68     		ldr	r3, [r3, #0]
 296 0072 1A78     		ldrb	r2, [r3, #0]	@ zero_extendqisi2
 297 0074 40F20003 		movw	r3, #:lower16:rxDataByte.3038
 298 0078 C0F20003 		movt	r3, #:upper16:rxDataByte.3038
 299 007c 1B78     		ldrb	r3, [r3, #0]	@ zero_extendqisi2
 300 007e 9A42     		cmp	r2, r3
 301 0080 40F01781 		bne	.L34
 167:.\Comms.c     **** 				{
 168:.\Comms.c     **** 					_packetBuffer[packetBufferPos] = rxDataByte;
 302              		.loc 1 168 0
 303 0084 40F20003 		movw	r3, #:lower16:packetBufferPos.3036
 304 0088 C0F20003 		movt	r3, #:upper16:packetBufferPos.3036
 305 008c 1B78     		ldrb	r3, [r3, #0]	@ zero_extendqisi2
 306 008e 1A46     		mov	r2, r3
 307 0090 40F20003 		movw	r3, #:lower16:rxDataByte.3038
 308 0094 C0F20003 		movt	r3, #:upper16:rxDataByte.3038
 309 0098 1978     		ldrb	r1, [r3, #0]	@ zero_extendqisi2
 310 009a 40F20003 		movw	r3, #:lower16:_packetBuffer
 311 009e C0F20003 		movt	r3, #:upper16:_packetBuffer
 312 00a2 9954     		strb	r1, [r3, r2]
 169:.\Comms.c     **** 					packetBufferPos++;
 313              		.loc 1 169 0
 314 00a4 40F20003 		movw	r3, #:lower16:packetBufferPos.3036
 315 00a8 C0F20003 		movt	r3, #:upper16:packetBufferPos.3036
 316 00ac 1B78     		ldrb	r3, [r3, #0]	@ zero_extendqisi2
 317 00ae 03F10103 		add	r3, r3, #1
 318 00b2 DAB2     		uxtb	r2, r3
 319 00b4 40F20003 		movw	r3, #:lower16:packetBufferPos.3036
 320 00b8 C0F20003 		movt	r3, #:upper16:packetBufferPos.3036
 321 00bc 1A70     		strb	r2, [r3, #0]
 170:.\Comms.c     **** 					commsState = secondIdenChar;
 322              		.loc 1 170 0
 323 00be 40F20003 		movw	r3, #:lower16:commsState.3035
 324 00c2 C0F20003 		movt	r3, #:upper16:commsState.3035
 325 00c6 4FF00102 		mov	r2, #1
 326 00ca 1A70     		strb	r2, [r3, #0]
 171:.\Comms.c     **** 				}
 172:.\Comms.c     **** 				break;
ARM GAS  C:\Users\Geo\AppData\Local\Temp\cc2Zl8dQ.s 			page 10


 327              		.loc 1 172 0
 328 00cc F4E0     		b	.L26
 329              	.L18:
 173:.\Comms.c     **** 			case secondIdenChar:
 174:.\Comms.c     **** 				if(rxDataByte == _idenChars[1])
 330              		.loc 1 174 0
 331 00ce 40F20003 		movw	r3, #:lower16:_idenChars
 332 00d2 C0F20003 		movt	r3, #:upper16:_idenChars
 333 00d6 1B68     		ldr	r3, [r3, #0]
 334 00d8 03F10103 		add	r3, r3, #1
 335 00dc 1A78     		ldrb	r2, [r3, #0]	@ zero_extendqisi2
 336 00de 40F20003 		movw	r3, #:lower16:rxDataByte.3038
 337 00e2 C0F20003 		movt	r3, #:upper16:rxDataByte.3038
 338 00e6 1B78     		ldrb	r3, [r3, #0]	@ zero_extendqisi2
 339 00e8 9A42     		cmp	r2, r3
 340 00ea 24D1     		bne	.L27
 175:.\Comms.c     **** 				{
 176:.\Comms.c     **** 					_packetBuffer[packetBufferPos] = rxDataByte;
 341              		.loc 1 176 0
 342 00ec 40F20003 		movw	r3, #:lower16:packetBufferPos.3036
 343 00f0 C0F20003 		movt	r3, #:upper16:packetBufferPos.3036
 344 00f4 1B78     		ldrb	r3, [r3, #0]	@ zero_extendqisi2
 345 00f6 1A46     		mov	r2, r3
 346 00f8 40F20003 		movw	r3, #:lower16:rxDataByte.3038
 347 00fc C0F20003 		movt	r3, #:upper16:rxDataByte.3038
 348 0100 1978     		ldrb	r1, [r3, #0]	@ zero_extendqisi2
 349 0102 40F20003 		movw	r3, #:lower16:_packetBuffer
 350 0106 C0F20003 		movt	r3, #:upper16:_packetBuffer
 351 010a 9954     		strb	r1, [r3, r2]
 177:.\Comms.c     **** 					packetBufferPos++;
 352              		.loc 1 177 0
 353 010c 40F20003 		movw	r3, #:lower16:packetBufferPos.3036
 354 0110 C0F20003 		movt	r3, #:upper16:packetBufferPos.3036
 355 0114 1B78     		ldrb	r3, [r3, #0]	@ zero_extendqisi2
 356 0116 03F10103 		add	r3, r3, #1
 357 011a DAB2     		uxtb	r2, r3
 358 011c 40F20003 		movw	r3, #:lower16:packetBufferPos.3036
 359 0120 C0F20003 		movt	r3, #:upper16:packetBufferPos.3036
 360 0124 1A70     		strb	r2, [r3, #0]
 178:.\Comms.c     **** 					commsState = thirdIdenChar;
 361              		.loc 1 178 0
 362 0126 40F20003 		movw	r3, #:lower16:commsState.3035
 363 012a C0F20003 		movt	r3, #:upper16:commsState.3035
 364 012e 4FF00202 		mov	r2, #2
 365 0132 1A70     		strb	r2, [r3, #0]
 179:.\Comms.c     **** 				}
 180:.\Comms.c     **** 				else
 181:.\Comms.c     **** 				{
 182:.\Comms.c     **** 					// Go back to idle state if header not valid
 183:.\Comms.c     **** 					commsState = idle;
 184:.\Comms.c     **** 				}
 185:.\Comms.c     **** 				break;
 366              		.loc 1 185 0
 367 0134 C0E0     		b	.L26
 368              	.L27:
 369              		.loc 1 183 0
 370 0136 40F20003 		movw	r3, #:lower16:commsState.3035
ARM GAS  C:\Users\Geo\AppData\Local\Temp\cc2Zl8dQ.s 			page 11


 371 013a C0F20003 		movt	r3, #:upper16:commsState.3035
 372 013e 4FF00002 		mov	r2, #0
 373 0142 1A70     		strb	r2, [r3, #0]
 374              		.loc 1 185 0
 375 0144 B8E0     		b	.L26
 376              	.L19:
 186:.\Comms.c     **** 			case thirdIdenChar:
 187:.\Comms.c     **** 				if(rxDataByte == _idenChars[2])
 377              		.loc 1 187 0
 378 0146 40F20003 		movw	r3, #:lower16:_idenChars
 379 014a C0F20003 		movt	r3, #:upper16:_idenChars
 380 014e 1B68     		ldr	r3, [r3, #0]
 381 0150 03F10203 		add	r3, r3, #2
 382 0154 1A78     		ldrb	r2, [r3, #0]	@ zero_extendqisi2
 383 0156 40F20003 		movw	r3, #:lower16:rxDataByte.3038
 384 015a C0F20003 		movt	r3, #:upper16:rxDataByte.3038
 385 015e 1B78     		ldrb	r3, [r3, #0]	@ zero_extendqisi2
 386 0160 9A42     		cmp	r2, r3
 387 0162 24D1     		bne	.L29
 188:.\Comms.c     **** 				{
 189:.\Comms.c     **** 					_packetBuffer[packetBufferPos] = rxDataByte;
 388              		.loc 1 189 0
 389 0164 40F20003 		movw	r3, #:lower16:packetBufferPos.3036
 390 0168 C0F20003 		movt	r3, #:upper16:packetBufferPos.3036
 391 016c 1B78     		ldrb	r3, [r3, #0]	@ zero_extendqisi2
 392 016e 1A46     		mov	r2, r3
 393 0170 40F20003 		movw	r3, #:lower16:rxDataByte.3038
 394 0174 C0F20003 		movt	r3, #:upper16:rxDataByte.3038
 395 0178 1978     		ldrb	r1, [r3, #0]	@ zero_extendqisi2
 396 017a 40F20003 		movw	r3, #:lower16:_packetBuffer
 397 017e C0F20003 		movt	r3, #:upper16:_packetBuffer
 398 0182 9954     		strb	r1, [r3, r2]
 190:.\Comms.c     **** 					packetBufferPos++;
 399              		.loc 1 190 0
 400 0184 40F20003 		movw	r3, #:lower16:packetBufferPos.3036
 401 0188 C0F20003 		movt	r3, #:upper16:packetBufferPos.3036
 402 018c 1B78     		ldrb	r3, [r3, #0]	@ zero_extendqisi2
 403 018e 03F10103 		add	r3, r3, #1
 404 0192 DAB2     		uxtb	r2, r3
 405 0194 40F20003 		movw	r3, #:lower16:packetBufferPos.3036
 406 0198 C0F20003 		movt	r3, #:upper16:packetBufferPos.3036
 407 019c 1A70     		strb	r2, [r3, #0]
 191:.\Comms.c     **** 					commsState = packetDataCount;
 408              		.loc 1 191 0
 409 019e 40F20003 		movw	r3, #:lower16:commsState.3035
 410 01a2 C0F20003 		movt	r3, #:upper16:commsState.3035
 411 01a6 4FF00302 		mov	r2, #3
 412 01aa 1A70     		strb	r2, [r3, #0]
 192:.\Comms.c     **** 				}
 193:.\Comms.c     **** 				else
 194:.\Comms.c     **** 				{
 195:.\Comms.c     **** 					// Go back to idle state if header not valid
 196:.\Comms.c     **** 					commsState = idle;
 197:.\Comms.c     **** 				}
 198:.\Comms.c     **** 				break;
 413              		.loc 1 198 0
 414 01ac 84E0     		b	.L26
ARM GAS  C:\Users\Geo\AppData\Local\Temp\cc2Zl8dQ.s 			page 12


 415              	.L29:
 416              		.loc 1 196 0
 417 01ae 40F20003 		movw	r3, #:lower16:commsState.3035
 418 01b2 C0F20003 		movt	r3, #:upper16:commsState.3035
 419 01b6 4FF00002 		mov	r2, #0
 420 01ba 1A70     		strb	r2, [r3, #0]
 421              		.loc 1 198 0
 422 01bc 7CE0     		b	.L26
 423              	.L20:
 199:.\Comms.c     **** 			case packetDataCount:
 200:.\Comms.c     **** 				commsState = packetData;
 424              		.loc 1 200 0
 425 01be 40F20003 		movw	r3, #:lower16:commsState.3035
 426 01c2 C0F20003 		movt	r3, #:upper16:commsState.3035
 427 01c6 4FF00402 		mov	r2, #4
 428 01ca 1A70     		strb	r2, [r3, #0]
 201:.\Comms.c     **** 				_packetBuffer[packetBufferPos] = rxDataByte;
 429              		.loc 1 201 0
 430 01cc 40F20003 		movw	r3, #:lower16:packetBufferPos.3036
 431 01d0 C0F20003 		movt	r3, #:upper16:packetBufferPos.3036
 432 01d4 1B78     		ldrb	r3, [r3, #0]	@ zero_extendqisi2
 433 01d6 1A46     		mov	r2, r3
 434 01d8 40F20003 		movw	r3, #:lower16:rxDataByte.3038
 435 01dc C0F20003 		movt	r3, #:upper16:rxDataByte.3038
 436 01e0 1978     		ldrb	r1, [r3, #0]	@ zero_extendqisi2
 437 01e2 40F20003 		movw	r3, #:lower16:_packetBuffer
 438 01e6 C0F20003 		movt	r3, #:upper16:_packetBuffer
 439 01ea 9954     		strb	r1, [r3, r2]
 202:.\Comms.c     **** 				numOfDataBytes = rxDataByte;
 440              		.loc 1 202 0
 441 01ec 40F20003 		movw	r3, #:lower16:rxDataByte.3038
 442 01f0 C0F20003 		movt	r3, #:upper16:rxDataByte.3038
 443 01f4 1A78     		ldrb	r2, [r3, #0]	@ zero_extendqisi2
 444 01f6 40F20003 		movw	r3, #:lower16:numOfDataBytes.3037
 445 01fa C0F20003 		movt	r3, #:upper16:numOfDataBytes.3037
 446 01fe 1A70     		strb	r2, [r3, #0]
 203:.\Comms.c     **** 				packetBufferPos++;
 447              		.loc 1 203 0
 448 0200 40F20003 		movw	r3, #:lower16:packetBufferPos.3036
 449 0204 C0F20003 		movt	r3, #:upper16:packetBufferPos.3036
 450 0208 1B78     		ldrb	r3, [r3, #0]	@ zero_extendqisi2
 451 020a 03F10103 		add	r3, r3, #1
 452 020e DAB2     		uxtb	r2, r3
 453 0210 40F20003 		movw	r3, #:lower16:packetBufferPos.3036
 454 0214 C0F20003 		movt	r3, #:upper16:packetBufferPos.3036
 455 0218 1A70     		strb	r2, [r3, #0]
 204:.\Comms.c     **** 				break;
 456              		.loc 1 204 0
 457 021a 4DE0     		b	.L26
 458              	.L21:
 205:.\Comms.c     **** 
 206:.\Comms.c     **** 			case packetData:
 207:.\Comms.c     **** 				
 208:.\Comms.c     **** 				_packetBuffer[packetBufferPos] = rxDataByte;
 459              		.loc 1 208 0
 460 021c 40F20003 		movw	r3, #:lower16:packetBufferPos.3036
 461 0220 C0F20003 		movt	r3, #:upper16:packetBufferPos.3036
ARM GAS  C:\Users\Geo\AppData\Local\Temp\cc2Zl8dQ.s 			page 13


 462 0224 1B78     		ldrb	r3, [r3, #0]	@ zero_extendqisi2
 463 0226 1A46     		mov	r2, r3
 464 0228 40F20003 		movw	r3, #:lower16:rxDataByte.3038
 465 022c C0F20003 		movt	r3, #:upper16:rxDataByte.3038
 466 0230 1978     		ldrb	r1, [r3, #0]	@ zero_extendqisi2
 467 0232 40F20003 		movw	r3, #:lower16:_packetBuffer
 468 0236 C0F20003 		movt	r3, #:upper16:_packetBuffer
 469 023a 9954     		strb	r1, [r3, r2]
 209:.\Comms.c     **** 				packetBufferPos++;
 470              		.loc 1 209 0
 471 023c 40F20003 		movw	r3, #:lower16:packetBufferPos.3036
 472 0240 C0F20003 		movt	r3, #:upper16:packetBufferPos.3036
 473 0244 1B78     		ldrb	r3, [r3, #0]	@ zero_extendqisi2
 474 0246 03F10103 		add	r3, r3, #1
 475 024a DAB2     		uxtb	r2, r3
 476 024c 40F20003 		movw	r3, #:lower16:packetBufferPos.3036
 477 0250 C0F20003 		movt	r3, #:upper16:packetBufferPos.3036
 478 0254 1A70     		strb	r2, [r3, #0]
 210:.\Comms.c     **** 				if(packetBufferPos >= configCOMMS_RX_MSG_LENGTH	- 1) //! @todo Fix
 479              		.loc 1 210 0
 480 0256 40F20003 		movw	r3, #:lower16:packetBufferPos.3036
 481 025a C0F20003 		movt	r3, #:upper16:packetBufferPos.3036
 482 025e 1B78     		ldrb	r3, [r3, #0]	@ zero_extendqisi2
 483 0260 062B     		cmp	r3, #6
 484 0262 28D9     		bls	.L35
 211:.\Comms.c     **** 				{
 212:.\Comms.c     **** 					commsState = packetComplete;
 485              		.loc 1 212 0
 486 0264 40F20003 		movw	r3, #:lower16:commsState.3035
 487 0268 C0F20003 		movt	r3, #:upper16:commsState.3035
 488 026c 4FF00602 		mov	r2, #6
 489 0270 1A70     		strb	r2, [r3, #0]
 213:.\Comms.c     **** 				}
 214:.\Comms.c     **** 				
 215:.\Comms.c     **** 				break;
 490              		.loc 1 215 0
 491 0272 21E0     		b	.L26
 492              	.L22:
 216:.\Comms.c     **** 			case receivingChecksum:
 217:.\Comms.c     **** 				commsState = packetComplete;
 493              		.loc 1 217 0
 494 0274 40F20003 		movw	r3, #:lower16:commsState.3035
 495 0278 C0F20003 		movt	r3, #:upper16:commsState.3035
 496 027c 4FF00602 		mov	r2, #6
 497 0280 1A70     		strb	r2, [r3, #0]
 218:.\Comms.c     **** 				break;
 498              		.loc 1 218 0
 499 0282 19E0     		b	.L26
 500              	.L23:
 219:.\Comms.c     **** 			case packetComplete:
 220:.\Comms.c     **** 				// Set new packet flag true so comms decode can be called
 221:.\Comms.c     **** 				_newPacketFlag = TRUE;
 501              		.loc 1 221 0
 502 0284 40F20003 		movw	r3, #:lower16:_newPacketFlag
 503 0288 C0F20003 		movt	r3, #:upper16:_newPacketFlag
 504 028c 4FF00102 		mov	r2, #1
 505 0290 1A70     		strb	r2, [r3, #0]
ARM GAS  C:\Users\Geo\AppData\Local\Temp\cc2Zl8dQ.s 			page 14


 222:.\Comms.c     **** 				commsState = idle;
 506              		.loc 1 222 0
 507 0292 40F20003 		movw	r3, #:lower16:commsState.3035
 508 0296 C0F20003 		movt	r3, #:upper16:commsState.3035
 509 029a 4FF00002 		mov	r2, #0
 510 029e 1A70     		strb	r2, [r3, #0]
 223:.\Comms.c     **** 				break;
 511              		.loc 1 223 0
 512 02a0 0AE0     		b	.L26
 513              	.L16:
 224:.\Comms.c     **** 			default:
 225:.\Comms.c     **** 				commsState = idle;
 514              		.loc 1 225 0
 515 02a2 40F20003 		movw	r3, #:lower16:commsState.3035
 516 02a6 C0F20003 		movt	r3, #:upper16:commsState.3035
 517 02aa 4FF00002 		mov	r2, #0
 518 02ae 1A70     		strb	r2, [r3, #0]
 519 02b0 02E0     		b	.L26
 520              	.L34:
 521              		.loc 1 172 0
 522 02b2 00BF     		nop
 523 02b4 00E0     		b	.L26
 524              	.L35:
 525              		.loc 1 215 0
 526 02b6 00BF     		nop
 527              	.L26:
 226:.\Comms.c     **** 				break;
 227:.\Comms.c     **** 		}
 228:.\Comms.c     **** 		
 229:.\Comms.c     **** 		//packetBufferPos++;
 230:.\Comms.c     **** 		if(packetBufferPos > configCOMM_BUFFER_SIZE)					//Resets packet buffer index (shouldn't happen)
 528              		.loc 1 230 0
 529 02b8 40F20003 		movw	r3, #:lower16:packetBufferPos.3036
 530 02bc C0F20003 		movt	r3, #:upper16:packetBufferPos.3036
 531 02c0 1B78     		ldrb	r3, [r3, #0]	@ zero_extendqisi2
 532 02c2 642B     		cmp	r3, #100
 533 02c4 17D9     		bls	.L15
 231:.\Comms.c     **** 		{
 232:.\Comms.c     **** 			#if(configDEBUG_COMMS_ERRORS == 1)
 233:.\Comms.c     **** 				UartDebug_PutString("COMMS: Error - Packet buffer overrun before message was dound\r\n");
 534              		.loc 1 233 0
 535 02c6 40F20000 		movw	r0, #:lower16:.LC0
 536 02ca C0F20000 		movt	r0, #:upper16:.LC0
 537 02ce FFF7FEFF 		bl	UartDebug_PutString
 234:.\Comms.c     **** 			#endif
 235:.\Comms.c     **** 			packetBufferPos = 0;
 538              		.loc 1 235 0
 539 02d2 40F20003 		movw	r3, #:lower16:packetBufferPos.3036
 540 02d6 C0F20003 		movt	r3, #:upper16:packetBufferPos.3036
 541 02da 4FF00002 		mov	r2, #0
 542 02de 1A70     		strb	r2, [r3, #0]
 236:.\Comms.c     **** 			_commsPacketBufferOverrunFlag = TRUE;
 543              		.loc 1 236 0
 544 02e0 40F20003 		movw	r3, #:lower16:_commsPacketBufferOverrunFlag
 545 02e4 C0F20003 		movt	r3, #:upper16:_commsPacketBufferOverrunFlag
 546 02e8 4FF00102 		mov	r2, #1
 547 02ec 1A70     		strb	r2, [r3, #0]
ARM GAS  C:\Users\Geo\AppData\Local\Temp\cc2Zl8dQ.s 			page 15


 237:.\Comms.c     **** 			PinLedGreen_Write(0);
 548              		.loc 1 237 0
 549 02ee 4FF00000 		mov	r0, #0
 550 02f2 FFF7FEFF 		bl	PinLedGreen_Write
 551              	.L15:
 552              		.loc 1 157 0
 553 02f6 FFF7FEFF 		bl	UartXbee_GetRxBufferSize
 554 02fa 0346     		mov	r3, r0
 555 02fc 002B     		cmp	r3, #0
 556 02fe 7FF482AE 		bne	.L32
 238:.\Comms.c     **** 		}
 239:.\Comms.c     **** 	}
 240:.\Comms.c     **** }
 557              		.loc 1 240 0
 558 0302 80BD     		pop	{r7, pc}
 559              		.cfi_endproc
 560              	.LFE31:
 561              		.size	Comms_RetrieveData, .-Comms_RetrieveData
 562              		.section	.text.Comms_GetByte,"ax",%progbits
 563              		.align	2
 564              		.global	Comms_GetByte
 565              		.thumb
 566              		.thumb_func
 567              		.type	Comms_GetByte, %function
 568              	Comms_GetByte:
 569              	.LFB32:
 241:.\Comms.c     **** 
 242:.\Comms.c     **** uint8_t Comms_GetByte(uint8_t byteNum)
 243:.\Comms.c     **** {
 570              		.loc 1 243 0
 571              		.cfi_startproc
 572              		@ args = 0, pretend = 0, frame = 8
 573              		@ frame_needed = 1, uses_anonymous_args = 0
 574              		@ link register save eliminated.
 575 0000 80B4     		push	{r7}
 576              	.LCFI7:
 577              		.cfi_def_cfa_offset 4
 578 0002 83B0     		sub	sp, sp, #12
 579              	.LCFI8:
 580              		.cfi_def_cfa_offset 16
 581 0004 00AF     		add	r7, sp, #0
 582              		.cfi_offset 7, -4
 583              	.LCFI9:
 584              		.cfi_def_cfa_register 7
 585 0006 0346     		mov	r3, r0
 586 0008 FB71     		strb	r3, [r7, #7]
 244:.\Comms.c     **** 	// Return requested byter
 245:.\Comms.c     **** 	return _packetBuffer[byteNum];
 587              		.loc 1 245 0
 588 000a FA79     		ldrb	r2, [r7, #7]	@ zero_extendqisi2
 589 000c 40F20003 		movw	r3, #:lower16:_packetBuffer
 590 0010 C0F20003 		movt	r3, #:upper16:_packetBuffer
 591 0014 9B5C     		ldrb	r3, [r3, r2]	@ zero_extendqisi2
 246:.\Comms.c     **** }
 592              		.loc 1 246 0
 593 0016 1846     		mov	r0, r3
 594 0018 07F10C07 		add	r7, r7, #12
ARM GAS  C:\Users\Geo\AppData\Local\Temp\cc2Zl8dQ.s 			page 16


 595 001c BD46     		mov	sp, r7
 596 001e 80BC     		pop	{r7}
 597 0020 7047     		bx	lr
 598              		.cfi_endproc
 599              	.LFE32:
 600              		.size	Comms_GetByte, .-Comms_GetByte
 601 0022 00BF     		.section	.text.Comms_Send,"ax",%progbits
 602              		.align	2
 603              		.global	Comms_Send
 604              		.thumb
 605              		.thumb_func
 606              		.type	Comms_Send, %function
 607              	Comms_Send:
 608              	.LFB33:
 247:.\Comms.c     **** 
 248:.\Comms.c     **** //! @brief 		Function passes variables onto usart
 249:.\Comms.c     **** void Comms_Send(uint8_t *dataArray, uint8_t numOfBytes)
 250:.\Comms.c     **** {
 609              		.loc 1 250 0
 610              		.cfi_startproc
 611              		@ args = 0, pretend = 0, frame = 8
 612              		@ frame_needed = 1, uses_anonymous_args = 0
 613 0000 80B5     		push	{r7, lr}
 614              	.LCFI10:
 615              		.cfi_def_cfa_offset 8
 616 0002 82B0     		sub	sp, sp, #8
 617              	.LCFI11:
 618              		.cfi_def_cfa_offset 16
 619 0004 00AF     		add	r7, sp, #0
 620              		.cfi_offset 14, -4
 621              		.cfi_offset 7, -8
 622              	.LCFI12:
 623              		.cfi_def_cfa_register 7
 624 0006 7860     		str	r0, [r7, #4]
 625 0008 0B46     		mov	r3, r1
 626 000a FB70     		strb	r3, [r7, #3]
 251:.\Comms.c     **** 	UartXbee_PutArray(dataArray, numOfBytes);
 627              		.loc 1 251 0
 628 000c FB78     		ldrb	r3, [r7, #3]	@ zero_extendqisi2
 629 000e 7868     		ldr	r0, [r7, #4]
 630 0010 1946     		mov	r1, r3
 631 0012 FFF7FEFF 		bl	UartXbee_PutArray
 252:.\Comms.c     **** }
 632              		.loc 1 252 0
 633 0016 07F10807 		add	r7, r7, #8
 634 001a BD46     		mov	sp, r7
 635 001c 80BD     		pop	{r7, pc}
 636              		.cfi_endproc
 637              	.LFE33:
 638              		.size	Comms_Send, .-Comms_Send
 639 001e 00BF     		.section	.text.Comms_Timeout,"ax",%progbits
 640              		.align	2
 641              		.global	Comms_Timeout
 642              		.thumb
 643              		.thumb_func
 644              		.type	Comms_Timeout, %function
 645              	Comms_Timeout:
ARM GAS  C:\Users\Geo\AppData\Local\Temp\cc2Zl8dQ.s 			page 17


 646              	.LFB34:
 253:.\Comms.c     **** 
 254:.\Comms.c     **** // Returns true if comms has timeout because it has received a packet in COMMS_TIMEOUT_PERIOD
 255:.\Comms.c     **** uint8_t Comms_Timeout(void)
 256:.\Comms.c     **** {
 647              		.loc 1 256 0
 648              		.cfi_startproc
 649              		@ args = 0, pretend = 0, frame = 0
 650              		@ frame_needed = 1, uses_anonymous_args = 0
 651              		@ link register save eliminated.
 652 0000 80B4     		push	{r7}
 653              	.LCFI13:
 654              		.cfi_def_cfa_offset 4
 655 0002 00AF     		add	r7, sp, #0
 656              		.cfi_offset 7, -4
 657              	.LCFI14:
 658              		.cfi_def_cfa_register 7
 257:.\Comms.c     **** 	return _commsTimeoutFlag;
 659              		.loc 1 257 0
 660 0004 40F20003 		movw	r3, #:lower16:_commsTimeoutFlag
 661 0008 C0F20003 		movt	r3, #:upper16:_commsTimeoutFlag
 662 000c 1B78     		ldrb	r3, [r3, #0]	@ zero_extendqisi2
 258:.\Comms.c     **** }
 663              		.loc 1 258 0
 664 000e 1846     		mov	r0, r3
 665 0010 BD46     		mov	sp, r7
 666 0012 80BC     		pop	{r7}
 667 0014 7047     		bx	lr
 668              		.cfi_endproc
 669              	.LFE34:
 670              		.size	Comms_Timeout, .-Comms_Timeout
 671 0016 00BF     		.section	.text.Comms_IsNewPacket,"ax",%progbits
 672              		.align	2
 673              		.global	Comms_IsNewPacket
 674              		.thumb
 675              		.thumb_func
 676              		.type	Comms_IsNewPacket, %function
 677              	Comms_IsNewPacket:
 678              	.LFB35:
 259:.\Comms.c     **** 
 260:.\Comms.c     **** //! @brief 		Returns true if there is a new packet that hasn't been read
 261:.\Comms.c     **** bool_t Comms_IsNewPacket(void)
 262:.\Comms.c     **** {
 679              		.loc 1 262 0
 680              		.cfi_startproc
 681              		@ args = 0, pretend = 0, frame = 8
 682              		@ frame_needed = 1, uses_anonymous_args = 0
 683              		@ link register save eliminated.
 684 0000 80B4     		push	{r7}
 685              	.LCFI15:
 686              		.cfi_def_cfa_offset 4
 687 0002 83B0     		sub	sp, sp, #12
 688              	.LCFI16:
 689              		.cfi_def_cfa_offset 16
 690 0004 00AF     		add	r7, sp, #0
 691              		.cfi_offset 7, -4
 692              	.LCFI17:
ARM GAS  C:\Users\Geo\AppData\Local\Temp\cc2Zl8dQ.s 			page 18


 693              		.cfi_def_cfa_register 7
 263:.\Comms.c     **** 	bool_t tempVar = _unreadDataFlag;
 694              		.loc 1 263 0
 695 0006 40F20003 		movw	r3, #:lower16:_unreadDataFlag
 696 000a C0F20003 		movt	r3, #:upper16:_unreadDataFlag
 697 000e 1B78     		ldrb	r3, [r3, #0]
 698 0010 FB71     		strb	r3, [r7, #7]
 264:.\Comms.c     **** 	_unreadDataFlag = FALSE;
 699              		.loc 1 264 0
 700 0012 40F20003 		movw	r3, #:lower16:_unreadDataFlag
 701 0016 C0F20003 		movt	r3, #:upper16:_unreadDataFlag
 702 001a 4FF00002 		mov	r2, #0
 703 001e 1A70     		strb	r2, [r3, #0]
 265:.\Comms.c     **** 	return tempVar;
 704              		.loc 1 265 0
 705 0020 FB79     		ldrb	r3, [r7, #7]	@ zero_extendqisi2
 266:.\Comms.c     **** }
 706              		.loc 1 266 0
 707 0022 1846     		mov	r0, r3
 708 0024 07F10C07 		add	r7, r7, #12
 709 0028 BD46     		mov	sp, r7
 710 002a 80BC     		pop	{r7}
 711 002c 7047     		bx	lr
 712              		.cfi_endproc
 713              	.LFE35:
 714              		.size	Comms_IsNewPacket, .-Comms_IsNewPacket
 715 002e 00BF     		.bss
 716              	rxDataByte.3038:
 717 0072 00       		.space	1
 718              	commsState.3035:
 719 0073 00       		.space	1
 720              	packetBufferPos.3036:
 721 0074 00       		.space	1
 722              	numOfDataBytes.3037:
 723 0075 00       		.space	1
 724              	xbeeState.3008:
 725 0076 00       		.space	1
 726              	prevxbeeState.3009:
 727 0077 00       		.space	1
 728              		.text
 729              	.Letext0:
 730              		.section	.debug_loc,"",%progbits
 731              	.Ldebug_loc0:
 732              	.LLST0:
 733 0000 00000000 		.4byte	.LFB29
 734 0004 02000000 		.4byte	.LCFI0
 735 0008 0100     		.2byte	0x1
 736 000a 5D       		.byte	0x5d
 737 000b 02000000 		.4byte	.LCFI0
 738 000f 04000000 		.4byte	.LCFI1
 739 0013 0200     		.2byte	0x2
 740 0015 7D       		.byte	0x7d
 741 0016 08       		.sleb128 8
 742 0017 04000000 		.4byte	.LCFI1
 743 001b 06000000 		.4byte	.LCFI2
 744 001f 0200     		.2byte	0x2
 745 0021 7D       		.byte	0x7d
ARM GAS  C:\Users\Geo\AppData\Local\Temp\cc2Zl8dQ.s 			page 19


 746 0022 10       		.sleb128 16
 747 0023 06000000 		.4byte	.LCFI2
 748 0027 2E000000 		.4byte	.LFE29
 749 002b 0200     		.2byte	0x2
 750 002d 77       		.byte	0x77
 751 002e 10       		.sleb128 16
 752 002f 00000000 		.4byte	0x0
 753 0033 00000000 		.4byte	0x0
 754              	.LLST1:
 755 0037 00000000 		.4byte	.LFB30
 756 003b 02000000 		.4byte	.LCFI3
 757 003f 0100     		.2byte	0x1
 758 0041 5D       		.byte	0x5d
 759 0042 02000000 		.4byte	.LCFI3
 760 0046 04000000 		.4byte	.LCFI4
 761 004a 0200     		.2byte	0x2
 762 004c 7D       		.byte	0x7d
 763 004d 10       		.sleb128 16
 764 004e 04000000 		.4byte	.LCFI4
 765 0052 10010000 		.4byte	.LFE30
 766 0056 0200     		.2byte	0x2
 767 0058 77       		.byte	0x77
 768 0059 10       		.sleb128 16
 769 005a 00000000 		.4byte	0x0
 770 005e 00000000 		.4byte	0x0
 771              	.LLST2:
 772 0062 00000000 		.4byte	.LFB31
 773 0066 02000000 		.4byte	.LCFI5
 774 006a 0100     		.2byte	0x1
 775 006c 5D       		.byte	0x5d
 776 006d 02000000 		.4byte	.LCFI5
 777 0071 04000000 		.4byte	.LCFI6
 778 0075 0200     		.2byte	0x2
 779 0077 7D       		.byte	0x7d
 780 0078 08       		.sleb128 8
 781 0079 04000000 		.4byte	.LCFI6
 782 007d 04030000 		.4byte	.LFE31
 783 0081 0200     		.2byte	0x2
 784 0083 77       		.byte	0x77
 785 0084 08       		.sleb128 8
 786 0085 00000000 		.4byte	0x0
 787 0089 00000000 		.4byte	0x0
 788              	.LLST3:
 789 008d 00000000 		.4byte	.LFB32
 790 0091 02000000 		.4byte	.LCFI7
 791 0095 0100     		.2byte	0x1
 792 0097 5D       		.byte	0x5d
 793 0098 02000000 		.4byte	.LCFI7
 794 009c 04000000 		.4byte	.LCFI8
 795 00a0 0200     		.2byte	0x2
 796 00a2 7D       		.byte	0x7d
 797 00a3 04       		.sleb128 4
 798 00a4 04000000 		.4byte	.LCFI8
 799 00a8 06000000 		.4byte	.LCFI9
 800 00ac 0200     		.2byte	0x2
 801 00ae 7D       		.byte	0x7d
 802 00af 10       		.sleb128 16
ARM GAS  C:\Users\Geo\AppData\Local\Temp\cc2Zl8dQ.s 			page 20


 803 00b0 06000000 		.4byte	.LCFI9
 804 00b4 22000000 		.4byte	.LFE32
 805 00b8 0200     		.2byte	0x2
 806 00ba 77       		.byte	0x77
 807 00bb 10       		.sleb128 16
 808 00bc 00000000 		.4byte	0x0
 809 00c0 00000000 		.4byte	0x0
 810              	.LLST4:
 811 00c4 00000000 		.4byte	.LFB33
 812 00c8 02000000 		.4byte	.LCFI10
 813 00cc 0100     		.2byte	0x1
 814 00ce 5D       		.byte	0x5d
 815 00cf 02000000 		.4byte	.LCFI10
 816 00d3 04000000 		.4byte	.LCFI11
 817 00d7 0200     		.2byte	0x2
 818 00d9 7D       		.byte	0x7d
 819 00da 08       		.sleb128 8
 820 00db 04000000 		.4byte	.LCFI11
 821 00df 06000000 		.4byte	.LCFI12
 822 00e3 0200     		.2byte	0x2
 823 00e5 7D       		.byte	0x7d
 824 00e6 10       		.sleb128 16
 825 00e7 06000000 		.4byte	.LCFI12
 826 00eb 1E000000 		.4byte	.LFE33
 827 00ef 0200     		.2byte	0x2
 828 00f1 77       		.byte	0x77
 829 00f2 10       		.sleb128 16
 830 00f3 00000000 		.4byte	0x0
 831 00f7 00000000 		.4byte	0x0
 832              	.LLST5:
 833 00fb 00000000 		.4byte	.LFB34
 834 00ff 02000000 		.4byte	.LCFI13
 835 0103 0100     		.2byte	0x1
 836 0105 5D       		.byte	0x5d
 837 0106 02000000 		.4byte	.LCFI13
 838 010a 04000000 		.4byte	.LCFI14
 839 010e 0200     		.2byte	0x2
 840 0110 7D       		.byte	0x7d
 841 0111 04       		.sleb128 4
 842 0112 04000000 		.4byte	.LCFI14
 843 0116 16000000 		.4byte	.LFE34
 844 011a 0200     		.2byte	0x2
 845 011c 77       		.byte	0x77
 846 011d 04       		.sleb128 4
 847 011e 00000000 		.4byte	0x0
 848 0122 00000000 		.4byte	0x0
 849              	.LLST6:
 850 0126 00000000 		.4byte	.LFB35
 851 012a 02000000 		.4byte	.LCFI15
 852 012e 0100     		.2byte	0x1
 853 0130 5D       		.byte	0x5d
 854 0131 02000000 		.4byte	.LCFI15
 855 0135 04000000 		.4byte	.LCFI16
 856 0139 0200     		.2byte	0x2
 857 013b 7D       		.byte	0x7d
 858 013c 04       		.sleb128 4
 859 013d 04000000 		.4byte	.LCFI16
ARM GAS  C:\Users\Geo\AppData\Local\Temp\cc2Zl8dQ.s 			page 21


 860 0141 06000000 		.4byte	.LCFI17
 861 0145 0200     		.2byte	0x2
 862 0147 7D       		.byte	0x7d
 863 0148 10       		.sleb128 16
 864 0149 06000000 		.4byte	.LCFI17
 865 014d 2E000000 		.4byte	.LFE35
 866 0151 0200     		.2byte	0x2
 867 0153 77       		.byte	0x77
 868 0154 10       		.sleb128 16
 869 0155 00000000 		.4byte	0x0
 870 0159 00000000 		.4byte	0x0
 871              		.file 2 "c:\\program files (x86)\\cypress\\psoc creator\\2.0\\psoc creator\\import\\gnu_cs\\arm\\4
 872              		.file 3 ".\\/../common/PublicObjects.h"
 873              		.file 4 "./Generated_Source/PSoC5/core_cm3.h"
 874              		.file 5 ".\\/Config.h"
 875              		.section	.debug_info
 876 0000 47030000 		.4byte	0x347
 877 0004 0200     		.2byte	0x2
 878 0006 00000000 		.4byte	.Ldebug_abbrev0
 879 000a 04       		.byte	0x4
 880 000b 01       		.uleb128 0x1
 881 000c 00020000 		.4byte	.LASF52
 882 0010 01       		.byte	0x1
 883 0011 9C000000 		.4byte	.LASF53
 884 0015 85020000 		.4byte	.LASF54
 885 0019 00000000 		.4byte	0x0
 886 001d 00000000 		.4byte	0x0
 887 0021 00000000 		.4byte	.Ldebug_ranges0+0x0
 888 0025 00000000 		.4byte	.Ldebug_line0
 889 0029 02       		.uleb128 0x2
 890 002a 01       		.byte	0x1
 891 002b 06       		.byte	0x6
 892 002c F6020000 		.4byte	.LASF0
 893 0030 03       		.uleb128 0x3
 894 0031 C0010000 		.4byte	.LASF3
 895 0035 02       		.byte	0x2
 896 0036 2A       		.byte	0x2a
 897 0037 3B000000 		.4byte	0x3b
 898 003b 02       		.uleb128 0x2
 899 003c 01       		.byte	0x1
 900 003d 08       		.byte	0x8
 901 003e A6000000 		.4byte	.LASF1
 902 0042 02       		.uleb128 0x2
 903 0043 02       		.byte	0x2
 904 0044 05       		.byte	0x5
 905 0045 4B020000 		.4byte	.LASF2
 906 0049 03       		.uleb128 0x3
 907 004a 55020000 		.4byte	.LASF4
 908 004e 02       		.byte	0x2
 909 004f 36       		.byte	0x36
 910 0050 54000000 		.4byte	0x54
 911 0054 02       		.uleb128 0x2
 912 0055 02       		.byte	0x2
 913 0056 07       		.byte	0x7
 914 0057 E1000000 		.4byte	.LASF5
 915 005b 02       		.uleb128 0x2
 916 005c 04       		.byte	0x4
ARM GAS  C:\Users\Geo\AppData\Local\Temp\cc2Zl8dQ.s 			page 22


 917 005d 05       		.byte	0x5
 918 005e 7C020000 		.4byte	.LASF6
 919 0062 02       		.uleb128 0x2
 920 0063 04       		.byte	0x4
 921 0064 07       		.byte	0x7
 922 0065 CF000000 		.4byte	.LASF7
 923 0069 02       		.uleb128 0x2
 924 006a 08       		.byte	0x8
 925 006b 05       		.byte	0x5
 926 006c 00000000 		.4byte	.LASF8
 927 0070 02       		.uleb128 0x2
 928 0071 08       		.byte	0x8
 929 0072 07       		.byte	0x7
 930 0073 A9010000 		.4byte	.LASF9
 931 0077 04       		.uleb128 0x4
 932 0078 04       		.byte	0x4
 933 0079 05       		.byte	0x5
 934 007a 696E7400 		.ascii	"int\000"
 935 007e 02       		.uleb128 0x2
 936 007f 04       		.byte	0x4
 937 0080 07       		.byte	0x7
 938 0081 8C010000 		.4byte	.LASF10
 939 0085 02       		.uleb128 0x2
 940 0086 01       		.byte	0x1
 941 0087 08       		.byte	0x8
 942 0088 23020000 		.4byte	.LASF11
 943 008c 05       		.uleb128 0x5
 944 008d 04       		.byte	0x4
 945 008e 07       		.byte	0x7
 946 008f 06       		.uleb128 0x6
 947 0090 01       		.byte	0x1
 948 0091 03       		.byte	0x3
 949 0092 23       		.byte	0x23
 950 0093 A4000000 		.4byte	0xa4
 951 0097 07       		.uleb128 0x7
 952 0098 3D010000 		.4byte	.LASF12
 953 009c 00       		.sleb128 0
 954 009d 07       		.uleb128 0x7
 955 009e 56000000 		.4byte	.LASF13
 956 00a2 01       		.sleb128 1
 957 00a3 00       		.byte	0x0
 958 00a4 03       		.uleb128 0x3
 959 00a5 7A000000 		.4byte	.LASF14
 960 00a9 03       		.byte	0x3
 961 00aa 26       		.byte	0x26
 962 00ab 8F000000 		.4byte	0x8f
 963 00af 06       		.uleb128 0x6
 964 00b0 01       		.byte	0x1
 965 00b1 01       		.byte	0x1
 966 00b2 22       		.byte	0x22
 967 00b3 E2000000 		.4byte	0xe2
 968 00b7 07       		.uleb128 0x7
 969 00b8 75000000 		.4byte	.LASF15
 970 00bc 00       		.sleb128 0
 971 00bd 07       		.uleb128 0x7
 972 00be C8010000 		.4byte	.LASF16
 973 00c2 01       		.sleb128 1
ARM GAS  C:\Users\Geo\AppData\Local\Temp\cc2Zl8dQ.s 			page 23


 974 00c3 07       		.uleb128 0x7
 975 00c4 19000000 		.4byte	.LASF17
 976 00c8 02       		.sleb128 2
 977 00c9 07       		.uleb128 0x7
 978 00ca 99010000 		.4byte	.LASF18
 979 00ce 03       		.sleb128 3
 980 00cf 07       		.uleb128 0x7
 981 00d0 2A010000 		.4byte	.LASF19
 982 00d4 04       		.sleb128 4
 983 00d5 07       		.uleb128 0x7
 984 00d6 51010000 		.4byte	.LASF20
 985 00da 05       		.sleb128 5
 986 00db 07       		.uleb128 0x7
 987 00dc FE000000 		.4byte	.LASF21
 988 00e0 06       		.sleb128 6
 989 00e1 00       		.byte	0x0
 990 00e2 03       		.uleb128 0x3
 991 00e3 43010000 		.4byte	.LASF22
 992 00e7 01       		.byte	0x1
 993 00e8 2A       		.byte	0x2a
 994 00e9 AF000000 		.4byte	0xaf
 995 00ed 06       		.uleb128 0x6
 996 00ee 01       		.byte	0x1
 997 00ef 01       		.byte	0x1
 998 00f0 2C       		.byte	0x2c
 999 00f1 02010000 		.4byte	0x102
 1000 00f5 07       		.uleb128 0x7
 1001 00f6 14030000 		.4byte	.LASF23
 1002 00fa 00       		.sleb128 0
 1003 00fb 07       		.uleb128 0x7
 1004 00fc E4020000 		.4byte	.LASF24
 1005 0100 01       		.sleb128 1
 1006 0101 00       		.byte	0x0
 1007 0102 03       		.uleb128 0x3
 1008 0103 3B000000 		.4byte	.LASF25
 1009 0107 01       		.byte	0x1
 1010 0108 2F       		.byte	0x2f
 1011 0109 ED000000 		.4byte	0xed
 1012 010d 08       		.uleb128 0x8
 1013 010e 01       		.byte	0x1
 1014 010f D7010000 		.4byte	.LASF26
 1015 0113 01       		.byte	0x1
 1016 0114 4E       		.byte	0x4e
 1017 0115 01       		.byte	0x1
 1018 0116 00000000 		.4byte	.LFB29
 1019 011a 2E000000 		.4byte	.LFE29
 1020 011e 00000000 		.4byte	.LLST0
 1021 0122 35010000 		.4byte	0x135
 1022 0126 09       		.uleb128 0x9
 1023 0127 B4000000 		.4byte	.LASF34
 1024 012b 01       		.byte	0x1
 1025 012c 4E       		.byte	0x4e
 1026 012d 35010000 		.4byte	0x135
 1027 0131 02       		.byte	0x2
 1028 0132 91       		.byte	0x91
 1029 0133 74       		.sleb128 -12
 1030 0134 00       		.byte	0x0
ARM GAS  C:\Users\Geo\AppData\Local\Temp\cc2Zl8dQ.s 			page 24


 1031 0135 0A       		.uleb128 0xa
 1032 0136 04       		.byte	0x4
 1033 0137 30000000 		.4byte	0x30
 1034 013b 08       		.uleb128 0x8
 1035 013c 01       		.byte	0x1
 1036 013d 31000000 		.4byte	.LASF27
 1037 0141 01       		.byte	0x1
 1038 0142 5F       		.byte	0x5f
 1039 0143 01       		.byte	0x1
 1040 0144 00000000 		.4byte	.LFB30
 1041 0148 10010000 		.4byte	.LFE30
 1042 014c 37000000 		.4byte	.LLST1
 1043 0150 77010000 		.4byte	0x177
 1044 0154 0B       		.uleb128 0xb
 1045 0155 27000000 		.4byte	.LASF28
 1046 0159 01       		.byte	0x1
 1047 015a 62       		.byte	0x62
 1048 015b 02010000 		.4byte	0x102
 1049 015f 05       		.byte	0x5
 1050 0160 03       		.byte	0x3
 1051 0161 76000000 		.4byte	xbeeState.3008
 1052 0165 0B       		.uleb128 0xb
 1053 0166 5E020000 		.4byte	.LASF29
 1054 016a 01       		.byte	0x1
 1055 016b 63       		.byte	0x63
 1056 016c 02010000 		.4byte	0x102
 1057 0170 05       		.byte	0x5
 1058 0171 03       		.byte	0x3
 1059 0172 77000000 		.4byte	prevxbeeState.3009
 1060 0176 00       		.byte	0x0
 1061 0177 0C       		.uleb128 0xc
 1062 0178 01       		.byte	0x1
 1063 0179 71010000 		.4byte	.LASF55
 1064 017d 01       		.byte	0x1
 1065 017e 96       		.byte	0x96
 1066 017f 00000000 		.4byte	.LFB31
 1067 0183 04030000 		.4byte	.LFE31
 1068 0187 62000000 		.4byte	.LLST2
 1069 018b D4010000 		.4byte	0x1d4
 1070 018f 0B       		.uleb128 0xb
 1071 0190 EB020000 		.4byte	.LASF30
 1072 0194 01       		.byte	0x1
 1073 0195 98       		.byte	0x98
 1074 0196 E2000000 		.4byte	0xe2
 1075 019a 05       		.byte	0x5
 1076 019b 03       		.byte	0x3
 1077 019c 73000000 		.4byte	commsState.3035
 1078 01a0 0B       		.uleb128 0xb
 1079 01a1 6C020000 		.4byte	.LASF31
 1080 01a5 01       		.byte	0x1
 1081 01a6 99       		.byte	0x99
 1082 01a7 30000000 		.4byte	0x30
 1083 01ab 05       		.byte	0x5
 1084 01ac 03       		.byte	0x3
 1085 01ad 74000000 		.4byte	packetBufferPos.3036
 1086 01b1 0B       		.uleb128 0xb
 1087 01b2 66000000 		.4byte	.LASF32
ARM GAS  C:\Users\Geo\AppData\Local\Temp\cc2Zl8dQ.s 			page 25


 1088 01b6 01       		.byte	0x1
 1089 01b7 9A       		.byte	0x9a
 1090 01b8 30000000 		.4byte	0x30
 1091 01bc 05       		.byte	0x5
 1092 01bd 03       		.byte	0x3
 1093 01be 75000000 		.4byte	numOfDataBytes.3037
 1094 01c2 0B       		.uleb128 0xb
 1095 01c3 0E000000 		.4byte	.LASF33
 1096 01c7 01       		.byte	0x1
 1097 01c8 9B       		.byte	0x9b
 1098 01c9 30000000 		.4byte	0x30
 1099 01cd 05       		.byte	0x5
 1100 01ce 03       		.byte	0x3
 1101 01cf 72000000 		.4byte	rxDataByte.3038
 1102 01d3 00       		.byte	0x0
 1103 01d4 0D       		.uleb128 0xd
 1104 01d5 01       		.byte	0x1
 1105 01d6 63010000 		.4byte	.LASF39
 1106 01da 01       		.byte	0x1
 1107 01db F2       		.byte	0xf2
 1108 01dc 01       		.byte	0x1
 1109 01dd 30000000 		.4byte	0x30
 1110 01e1 00000000 		.4byte	.LFB32
 1111 01e5 22000000 		.4byte	.LFE32
 1112 01e9 8D000000 		.4byte	.LLST3
 1113 01ed 00020000 		.4byte	0x200
 1114 01f1 09       		.uleb128 0x9
 1115 01f2 35010000 		.4byte	.LASF35
 1116 01f6 01       		.byte	0x1
 1117 01f7 F2       		.byte	0xf2
 1118 01f8 30000000 		.4byte	0x30
 1119 01fc 02       		.byte	0x2
 1120 01fd 91       		.byte	0x91
 1121 01fe 77       		.sleb128 -9
 1122 01ff 00       		.byte	0x0
 1123 0200 08       		.uleb128 0x8
 1124 0201 01       		.byte	0x1
 1125 0202 5B000000 		.4byte	.LASF36
 1126 0206 01       		.byte	0x1
 1127 0207 F9       		.byte	0xf9
 1128 0208 01       		.byte	0x1
 1129 0209 00000000 		.4byte	.LFB33
 1130 020d 1E000000 		.4byte	.LFE33
 1131 0211 C4000000 		.4byte	.LLST4
 1132 0215 36020000 		.4byte	0x236
 1133 0219 09       		.uleb128 0x9
 1134 021a 28020000 		.4byte	.LASF37
 1135 021e 01       		.byte	0x1
 1136 021f F9       		.byte	0xf9
 1137 0220 35010000 		.4byte	0x135
 1138 0224 02       		.byte	0x2
 1139 0225 91       		.byte	0x91
 1140 0226 74       		.sleb128 -12
 1141 0227 09       		.uleb128 0x9
 1142 0228 91000000 		.4byte	.LASF38
 1143 022c 01       		.byte	0x1
 1144 022d F9       		.byte	0xf9
ARM GAS  C:\Users\Geo\AppData\Local\Temp\cc2Zl8dQ.s 			page 26


 1145 022e 30000000 		.4byte	0x30
 1146 0232 02       		.byte	0x2
 1147 0233 91       		.byte	0x91
 1148 0234 73       		.sleb128 -13
 1149 0235 00       		.byte	0x0
 1150 0236 0E       		.uleb128 0xe
 1151 0237 01       		.byte	0x1
 1152 0238 32020000 		.4byte	.LASF56
 1153 023c 01       		.byte	0x1
 1154 023d FF       		.byte	0xff
 1155 023e 01       		.byte	0x1
 1156 023f 30000000 		.4byte	0x30
 1157 0243 00000000 		.4byte	.LFB34
 1158 0247 16000000 		.4byte	.LFE34
 1159 024b FB000000 		.4byte	.LLST5
 1160 024f 0F       		.uleb128 0xf
 1161 0250 01       		.byte	0x1
 1162 0251 02030000 		.4byte	.LASF40
 1163 0255 01       		.byte	0x1
 1164 0256 0501     		.2byte	0x105
 1165 0258 01       		.byte	0x1
 1166 0259 A4000000 		.4byte	0xa4
 1167 025d 00000000 		.4byte	.LFB35
 1168 0261 2E000000 		.4byte	.LFE35
 1169 0265 26010000 		.4byte	.LLST6
 1170 0269 7D020000 		.4byte	0x27d
 1171 026d 10       		.uleb128 0x10
 1172 026e 84010000 		.4byte	.LASF41
 1173 0272 01       		.byte	0x1
 1174 0273 0701     		.2byte	0x107
 1175 0275 A4000000 		.4byte	0xa4
 1176 0279 02       		.byte	0x2
 1177 027a 91       		.byte	0x91
 1178 027b 77       		.sleb128 -9
 1179 027c 00       		.byte	0x0
 1180 027d 0B       		.uleb128 0xb
 1181 027e C0000000 		.4byte	.LASF42
 1182 0282 01       		.byte	0x1
 1183 0283 3D       		.byte	0x3d
 1184 0284 A4000000 		.4byte	0xa4
 1185 0288 05       		.byte	0x5
 1186 0289 03       		.byte	0x3
 1187 028a 00000000 		.4byte	_newPacketFlag
 1188 028e 0B       		.uleb128 0xb
 1189 028f 81000000 		.4byte	.LASF43
 1190 0293 01       		.byte	0x1
 1191 0294 3F       		.byte	0x3f
 1192 0295 A4000000 		.4byte	0xa4
 1193 0299 05       		.byte	0x5
 1194 029a 03       		.byte	0x3
 1195 029b 01000000 		.4byte	_unreadDataFlag
 1196 029f 0B       		.uleb128 0xb
 1197 02a0 E2010000 		.4byte	.LASF44
 1198 02a4 01       		.byte	0x1
 1199 02a5 40       		.byte	0x40
 1200 02a6 A4000000 		.4byte	0xa4
 1201 02aa 05       		.byte	0x5
ARM GAS  C:\Users\Geo\AppData\Local\Temp\cc2Zl8dQ.s 			page 27


 1202 02ab 03       		.byte	0x3
 1203 02ac 02000000 		.4byte	_commsPacketBufferOverrunFlag
 1204 02b0 0B       		.uleb128 0xb
 1205 02b1 0C020000 		.4byte	.LASF45
 1206 02b5 01       		.byte	0x1
 1207 02b6 41       		.byte	0x41
 1208 02b7 A4000000 		.4byte	0xa4
 1209 02bb 05       		.byte	0x5
 1210 02bc 03       		.byte	0x3
 1211 02bd 03000000 		.4byte	_commsInitCompleteFlag
 1212 02c1 0B       		.uleb128 0xb
 1213 02c2 1D030000 		.4byte	.LASF46
 1214 02c6 01       		.byte	0x1
 1215 02c7 42       		.byte	0x42
 1216 02c8 A4000000 		.4byte	0xa4
 1217 02cc 05       		.byte	0x5
 1218 02cd 03       		.byte	0x3
 1219 02ce 04000000 		.4byte	_commsTimeoutFlag
 1220 02d2 11       		.uleb128 0x11
 1221 02d3 30000000 		.4byte	0x30
 1222 02d7 E2020000 		.4byte	0x2e2
 1223 02db 12       		.uleb128 0x12
 1224 02dc 8C000000 		.4byte	0x8c
 1225 02e0 63       		.byte	0x63
 1226 02e1 00       		.byte	0x0
 1227 02e2 0B       		.uleb128 0xb
 1228 02e3 48000000 		.4byte	.LASF47
 1229 02e7 01       		.byte	0x1
 1230 02e8 46       		.byte	0x46
 1231 02e9 D2020000 		.4byte	0x2d2
 1232 02ed 05       		.byte	0x5
 1233 02ee 03       		.byte	0x3
 1234 02ef 08000000 		.4byte	_packetBuffer
 1235 02f3 0B       		.uleb128 0xb
 1236 02f4 40020000 		.4byte	.LASF48
 1237 02f8 01       		.byte	0x1
 1238 02f9 47       		.byte	0x47
 1239 02fa 35010000 		.4byte	0x135
 1240 02fe 05       		.byte	0x5
 1241 02ff 03       		.byte	0x3
 1242 0300 6C000000 		.4byte	_idenChars
 1243 0304 0B       		.uleb128 0xb
 1244 0305 0D010000 		.4byte	.LASF49
 1245 0309 01       		.byte	0x1
 1246 030a 4A       		.byte	0x4a
 1247 030b 49000000 		.4byte	0x49
 1248 030f 05       		.byte	0x5
 1249 0310 03       		.byte	0x3
 1250 0311 70000000 		.4byte	_timeoutCounter
 1251 0315 13       		.uleb128 0x13
 1252 0316 1D010000 		.4byte	.LASF50
 1253 031a 04       		.byte	0x4
 1254 031b CE06     		.2byte	0x6ce
 1255 031d 23030000 		.4byte	0x323
 1256 0321 01       		.byte	0x1
 1257 0322 01       		.byte	0x1
 1258 0323 14       		.uleb128 0x14
ARM GAS  C:\Users\Geo\AppData\Local\Temp\cc2Zl8dQ.s 			page 28


 1259 0324 77000000 		.4byte	0x77
 1260 0328 11       		.uleb128 0x11
 1261 0329 85000000 		.4byte	0x85
 1262 032d 38030000 		.4byte	0x338
 1263 0331 12       		.uleb128 0x12
 1264 0332 8C000000 		.4byte	0x8c
 1265 0336 C7       		.byte	0xc7
 1266 0337 00       		.byte	0x0
 1267 0338 15       		.uleb128 0x15
 1268 0339 F4000000 		.4byte	.LASF51
 1269 033d 05       		.byte	0x5
 1270 033e 2A       		.byte	0x2a
 1271 033f 28030000 		.4byte	0x328
 1272 0343 01       		.byte	0x1
 1273 0344 05       		.byte	0x5
 1274 0345 03       		.byte	0x3
 1275 0346 00000000 		.4byte	debugBuff
 1276 034a 00       		.byte	0x0
 1277              		.section	.debug_abbrev
 1278 0000 01       		.uleb128 0x1
 1279 0001 11       		.uleb128 0x11
 1280 0002 01       		.byte	0x1
 1281 0003 25       		.uleb128 0x25
 1282 0004 0E       		.uleb128 0xe
 1283 0005 13       		.uleb128 0x13
 1284 0006 0B       		.uleb128 0xb
 1285 0007 03       		.uleb128 0x3
 1286 0008 0E       		.uleb128 0xe
 1287 0009 1B       		.uleb128 0x1b
 1288 000a 0E       		.uleb128 0xe
 1289 000b 11       		.uleb128 0x11
 1290 000c 01       		.uleb128 0x1
 1291 000d 52       		.uleb128 0x52
 1292 000e 01       		.uleb128 0x1
 1293 000f 55       		.uleb128 0x55
 1294 0010 06       		.uleb128 0x6
 1295 0011 10       		.uleb128 0x10
 1296 0012 06       		.uleb128 0x6
 1297 0013 00       		.byte	0x0
 1298 0014 00       		.byte	0x0
 1299 0015 02       		.uleb128 0x2
 1300 0016 24       		.uleb128 0x24
 1301 0017 00       		.byte	0x0
 1302 0018 0B       		.uleb128 0xb
 1303 0019 0B       		.uleb128 0xb
 1304 001a 3E       		.uleb128 0x3e
 1305 001b 0B       		.uleb128 0xb
 1306 001c 03       		.uleb128 0x3
 1307 001d 0E       		.uleb128 0xe
 1308 001e 00       		.byte	0x0
 1309 001f 00       		.byte	0x0
 1310 0020 03       		.uleb128 0x3
 1311 0021 16       		.uleb128 0x16
 1312 0022 00       		.byte	0x0
 1313 0023 03       		.uleb128 0x3
 1314 0024 0E       		.uleb128 0xe
 1315 0025 3A       		.uleb128 0x3a
ARM GAS  C:\Users\Geo\AppData\Local\Temp\cc2Zl8dQ.s 			page 29


 1316 0026 0B       		.uleb128 0xb
 1317 0027 3B       		.uleb128 0x3b
 1318 0028 0B       		.uleb128 0xb
 1319 0029 49       		.uleb128 0x49
 1320 002a 13       		.uleb128 0x13
 1321 002b 00       		.byte	0x0
 1322 002c 00       		.byte	0x0
 1323 002d 04       		.uleb128 0x4
 1324 002e 24       		.uleb128 0x24
 1325 002f 00       		.byte	0x0
 1326 0030 0B       		.uleb128 0xb
 1327 0031 0B       		.uleb128 0xb
 1328 0032 3E       		.uleb128 0x3e
 1329 0033 0B       		.uleb128 0xb
 1330 0034 03       		.uleb128 0x3
 1331 0035 08       		.uleb128 0x8
 1332 0036 00       		.byte	0x0
 1333 0037 00       		.byte	0x0
 1334 0038 05       		.uleb128 0x5
 1335 0039 24       		.uleb128 0x24
 1336 003a 00       		.byte	0x0
 1337 003b 0B       		.uleb128 0xb
 1338 003c 0B       		.uleb128 0xb
 1339 003d 3E       		.uleb128 0x3e
 1340 003e 0B       		.uleb128 0xb
 1341 003f 00       		.byte	0x0
 1342 0040 00       		.byte	0x0
 1343 0041 06       		.uleb128 0x6
 1344 0042 04       		.uleb128 0x4
 1345 0043 01       		.byte	0x1
 1346 0044 0B       		.uleb128 0xb
 1347 0045 0B       		.uleb128 0xb
 1348 0046 3A       		.uleb128 0x3a
 1349 0047 0B       		.uleb128 0xb
 1350 0048 3B       		.uleb128 0x3b
 1351 0049 0B       		.uleb128 0xb
 1352 004a 01       		.uleb128 0x1
 1353 004b 13       		.uleb128 0x13
 1354 004c 00       		.byte	0x0
 1355 004d 00       		.byte	0x0
 1356 004e 07       		.uleb128 0x7
 1357 004f 28       		.uleb128 0x28
 1358 0050 00       		.byte	0x0
 1359 0051 03       		.uleb128 0x3
 1360 0052 0E       		.uleb128 0xe
 1361 0053 1C       		.uleb128 0x1c
 1362 0054 0D       		.uleb128 0xd
 1363 0055 00       		.byte	0x0
 1364 0056 00       		.byte	0x0
 1365 0057 08       		.uleb128 0x8
 1366 0058 2E       		.uleb128 0x2e
 1367 0059 01       		.byte	0x1
 1368 005a 3F       		.uleb128 0x3f
 1369 005b 0C       		.uleb128 0xc
 1370 005c 03       		.uleb128 0x3
 1371 005d 0E       		.uleb128 0xe
 1372 005e 3A       		.uleb128 0x3a
ARM GAS  C:\Users\Geo\AppData\Local\Temp\cc2Zl8dQ.s 			page 30


 1373 005f 0B       		.uleb128 0xb
 1374 0060 3B       		.uleb128 0x3b
 1375 0061 0B       		.uleb128 0xb
 1376 0062 27       		.uleb128 0x27
 1377 0063 0C       		.uleb128 0xc
 1378 0064 11       		.uleb128 0x11
 1379 0065 01       		.uleb128 0x1
 1380 0066 12       		.uleb128 0x12
 1381 0067 01       		.uleb128 0x1
 1382 0068 40       		.uleb128 0x40
 1383 0069 06       		.uleb128 0x6
 1384 006a 01       		.uleb128 0x1
 1385 006b 13       		.uleb128 0x13
 1386 006c 00       		.byte	0x0
 1387 006d 00       		.byte	0x0
 1388 006e 09       		.uleb128 0x9
 1389 006f 05       		.uleb128 0x5
 1390 0070 00       		.byte	0x0
 1391 0071 03       		.uleb128 0x3
 1392 0072 0E       		.uleb128 0xe
 1393 0073 3A       		.uleb128 0x3a
 1394 0074 0B       		.uleb128 0xb
 1395 0075 3B       		.uleb128 0x3b
 1396 0076 0B       		.uleb128 0xb
 1397 0077 49       		.uleb128 0x49
 1398 0078 13       		.uleb128 0x13
 1399 0079 02       		.uleb128 0x2
 1400 007a 0A       		.uleb128 0xa
 1401 007b 00       		.byte	0x0
 1402 007c 00       		.byte	0x0
 1403 007d 0A       		.uleb128 0xa
 1404 007e 0F       		.uleb128 0xf
 1405 007f 00       		.byte	0x0
 1406 0080 0B       		.uleb128 0xb
 1407 0081 0B       		.uleb128 0xb
 1408 0082 49       		.uleb128 0x49
 1409 0083 13       		.uleb128 0x13
 1410 0084 00       		.byte	0x0
 1411 0085 00       		.byte	0x0
 1412 0086 0B       		.uleb128 0xb
 1413 0087 34       		.uleb128 0x34
 1414 0088 00       		.byte	0x0
 1415 0089 03       		.uleb128 0x3
 1416 008a 0E       		.uleb128 0xe
 1417 008b 3A       		.uleb128 0x3a
 1418 008c 0B       		.uleb128 0xb
 1419 008d 3B       		.uleb128 0x3b
 1420 008e 0B       		.uleb128 0xb
 1421 008f 49       		.uleb128 0x49
 1422 0090 13       		.uleb128 0x13
 1423 0091 02       		.uleb128 0x2
 1424 0092 0A       		.uleb128 0xa
 1425 0093 00       		.byte	0x0
 1426 0094 00       		.byte	0x0
 1427 0095 0C       		.uleb128 0xc
 1428 0096 2E       		.uleb128 0x2e
 1429 0097 01       		.byte	0x1
ARM GAS  C:\Users\Geo\AppData\Local\Temp\cc2Zl8dQ.s 			page 31


 1430 0098 3F       		.uleb128 0x3f
 1431 0099 0C       		.uleb128 0xc
 1432 009a 03       		.uleb128 0x3
 1433 009b 0E       		.uleb128 0xe
 1434 009c 3A       		.uleb128 0x3a
 1435 009d 0B       		.uleb128 0xb
 1436 009e 3B       		.uleb128 0x3b
 1437 009f 0B       		.uleb128 0xb
 1438 00a0 11       		.uleb128 0x11
 1439 00a1 01       		.uleb128 0x1
 1440 00a2 12       		.uleb128 0x12
 1441 00a3 01       		.uleb128 0x1
 1442 00a4 40       		.uleb128 0x40
 1443 00a5 06       		.uleb128 0x6
 1444 00a6 01       		.uleb128 0x1
 1445 00a7 13       		.uleb128 0x13
 1446 00a8 00       		.byte	0x0
 1447 00a9 00       		.byte	0x0
 1448 00aa 0D       		.uleb128 0xd
 1449 00ab 2E       		.uleb128 0x2e
 1450 00ac 01       		.byte	0x1
 1451 00ad 3F       		.uleb128 0x3f
 1452 00ae 0C       		.uleb128 0xc
 1453 00af 03       		.uleb128 0x3
 1454 00b0 0E       		.uleb128 0xe
 1455 00b1 3A       		.uleb128 0x3a
 1456 00b2 0B       		.uleb128 0xb
 1457 00b3 3B       		.uleb128 0x3b
 1458 00b4 0B       		.uleb128 0xb
 1459 00b5 27       		.uleb128 0x27
 1460 00b6 0C       		.uleb128 0xc
 1461 00b7 49       		.uleb128 0x49
 1462 00b8 13       		.uleb128 0x13
 1463 00b9 11       		.uleb128 0x11
 1464 00ba 01       		.uleb128 0x1
 1465 00bb 12       		.uleb128 0x12
 1466 00bc 01       		.uleb128 0x1
 1467 00bd 40       		.uleb128 0x40
 1468 00be 06       		.uleb128 0x6
 1469 00bf 01       		.uleb128 0x1
 1470 00c0 13       		.uleb128 0x13
 1471 00c1 00       		.byte	0x0
 1472 00c2 00       		.byte	0x0
 1473 00c3 0E       		.uleb128 0xe
 1474 00c4 2E       		.uleb128 0x2e
 1475 00c5 00       		.byte	0x0
 1476 00c6 3F       		.uleb128 0x3f
 1477 00c7 0C       		.uleb128 0xc
 1478 00c8 03       		.uleb128 0x3
 1479 00c9 0E       		.uleb128 0xe
 1480 00ca 3A       		.uleb128 0x3a
 1481 00cb 0B       		.uleb128 0xb
 1482 00cc 3B       		.uleb128 0x3b
 1483 00cd 0B       		.uleb128 0xb
 1484 00ce 27       		.uleb128 0x27
 1485 00cf 0C       		.uleb128 0xc
 1486 00d0 49       		.uleb128 0x49
ARM GAS  C:\Users\Geo\AppData\Local\Temp\cc2Zl8dQ.s 			page 32


 1487 00d1 13       		.uleb128 0x13
 1488 00d2 11       		.uleb128 0x11
 1489 00d3 01       		.uleb128 0x1
 1490 00d4 12       		.uleb128 0x12
 1491 00d5 01       		.uleb128 0x1
 1492 00d6 40       		.uleb128 0x40
 1493 00d7 06       		.uleb128 0x6
 1494 00d8 00       		.byte	0x0
 1495 00d9 00       		.byte	0x0
 1496 00da 0F       		.uleb128 0xf
 1497 00db 2E       		.uleb128 0x2e
 1498 00dc 01       		.byte	0x1
 1499 00dd 3F       		.uleb128 0x3f
 1500 00de 0C       		.uleb128 0xc
 1501 00df 03       		.uleb128 0x3
 1502 00e0 0E       		.uleb128 0xe
 1503 00e1 3A       		.uleb128 0x3a
 1504 00e2 0B       		.uleb128 0xb
 1505 00e3 3B       		.uleb128 0x3b
 1506 00e4 05       		.uleb128 0x5
 1507 00e5 27       		.uleb128 0x27
 1508 00e6 0C       		.uleb128 0xc
 1509 00e7 49       		.uleb128 0x49
 1510 00e8 13       		.uleb128 0x13
 1511 00e9 11       		.uleb128 0x11
 1512 00ea 01       		.uleb128 0x1
 1513 00eb 12       		.uleb128 0x12
 1514 00ec 01       		.uleb128 0x1
 1515 00ed 40       		.uleb128 0x40
 1516 00ee 06       		.uleb128 0x6
 1517 00ef 01       		.uleb128 0x1
 1518 00f0 13       		.uleb128 0x13
 1519 00f1 00       		.byte	0x0
 1520 00f2 00       		.byte	0x0
 1521 00f3 10       		.uleb128 0x10
 1522 00f4 34       		.uleb128 0x34
 1523 00f5 00       		.byte	0x0
 1524 00f6 03       		.uleb128 0x3
 1525 00f7 0E       		.uleb128 0xe
 1526 00f8 3A       		.uleb128 0x3a
 1527 00f9 0B       		.uleb128 0xb
 1528 00fa 3B       		.uleb128 0x3b
 1529 00fb 05       		.uleb128 0x5
 1530 00fc 49       		.uleb128 0x49
 1531 00fd 13       		.uleb128 0x13
 1532 00fe 02       		.uleb128 0x2
 1533 00ff 0A       		.uleb128 0xa
 1534 0100 00       		.byte	0x0
 1535 0101 00       		.byte	0x0
 1536 0102 11       		.uleb128 0x11
 1537 0103 01       		.uleb128 0x1
 1538 0104 01       		.byte	0x1
 1539 0105 49       		.uleb128 0x49
 1540 0106 13       		.uleb128 0x13
 1541 0107 01       		.uleb128 0x1
 1542 0108 13       		.uleb128 0x13
 1543 0109 00       		.byte	0x0
ARM GAS  C:\Users\Geo\AppData\Local\Temp\cc2Zl8dQ.s 			page 33


 1544 010a 00       		.byte	0x0
 1545 010b 12       		.uleb128 0x12
 1546 010c 21       		.uleb128 0x21
 1547 010d 00       		.byte	0x0
 1548 010e 49       		.uleb128 0x49
 1549 010f 13       		.uleb128 0x13
 1550 0110 2F       		.uleb128 0x2f
 1551 0111 0B       		.uleb128 0xb
 1552 0112 00       		.byte	0x0
 1553 0113 00       		.byte	0x0
 1554 0114 13       		.uleb128 0x13
 1555 0115 34       		.uleb128 0x34
 1556 0116 00       		.byte	0x0
 1557 0117 03       		.uleb128 0x3
 1558 0118 0E       		.uleb128 0xe
 1559 0119 3A       		.uleb128 0x3a
 1560 011a 0B       		.uleb128 0xb
 1561 011b 3B       		.uleb128 0x3b
 1562 011c 05       		.uleb128 0x5
 1563 011d 49       		.uleb128 0x49
 1564 011e 13       		.uleb128 0x13
 1565 011f 3F       		.uleb128 0x3f
 1566 0120 0C       		.uleb128 0xc
 1567 0121 3C       		.uleb128 0x3c
 1568 0122 0C       		.uleb128 0xc
 1569 0123 00       		.byte	0x0
 1570 0124 00       		.byte	0x0
 1571 0125 14       		.uleb128 0x14
 1572 0126 35       		.uleb128 0x35
 1573 0127 00       		.byte	0x0
 1574 0128 49       		.uleb128 0x49
 1575 0129 13       		.uleb128 0x13
 1576 012a 00       		.byte	0x0
 1577 012b 00       		.byte	0x0
 1578 012c 15       		.uleb128 0x15
 1579 012d 34       		.uleb128 0x34
 1580 012e 00       		.byte	0x0
 1581 012f 03       		.uleb128 0x3
 1582 0130 0E       		.uleb128 0xe
 1583 0131 3A       		.uleb128 0x3a
 1584 0132 0B       		.uleb128 0xb
 1585 0133 3B       		.uleb128 0x3b
 1586 0134 0B       		.uleb128 0xb
 1587 0135 49       		.uleb128 0x49
 1588 0136 13       		.uleb128 0x13
 1589 0137 3F       		.uleb128 0x3f
 1590 0138 0C       		.uleb128 0xc
 1591 0139 02       		.uleb128 0x2
 1592 013a 0A       		.uleb128 0xa
 1593 013b 00       		.byte	0x0
 1594 013c 00       		.byte	0x0
 1595 013d 00       		.byte	0x0
 1596              		.section	.debug_pubnames,"",%progbits
 1597 0000 99000000 		.4byte	0x99
 1598 0004 0200     		.2byte	0x2
 1599 0006 00000000 		.4byte	.Ldebug_info0
 1600 000a 4B030000 		.4byte	0x34b
ARM GAS  C:\Users\Geo\AppData\Local\Temp\cc2Zl8dQ.s 			page 34


 1601 000e 0D010000 		.4byte	0x10d
 1602 0012 436F6D6D 		.ascii	"Comms_Init\000"
 1602      735F496E 
 1602      697400
 1603 001d 3B010000 		.4byte	0x13b
 1604 0021 436F6D6D 		.ascii	"Comms_Run\000"
 1604      735F5275 
 1604      6E00
 1605 002b 77010000 		.4byte	0x177
 1606 002f 436F6D6D 		.ascii	"Comms_RetrieveData\000"
 1606      735F5265 
 1606      74726965 
 1606      76654461 
 1606      746100
 1607 0042 D4010000 		.4byte	0x1d4
 1608 0046 436F6D6D 		.ascii	"Comms_GetByte\000"
 1608      735F4765 
 1608      74427974 
 1608      6500
 1609 0054 00020000 		.4byte	0x200
 1610 0058 436F6D6D 		.ascii	"Comms_Send\000"
 1610      735F5365 
 1610      6E6400
 1611 0063 36020000 		.4byte	0x236
 1612 0067 436F6D6D 		.ascii	"Comms_Timeout\000"
 1612      735F5469 
 1612      6D656F75 
 1612      7400
 1613 0075 4F020000 		.4byte	0x24f
 1614 0079 436F6D6D 		.ascii	"Comms_IsNewPacket\000"
 1614      735F4973 
 1614      4E657750 
 1614      61636B65 
 1614      7400
 1615 008b 38030000 		.4byte	0x338
 1616 008f 64656275 		.ascii	"debugBuff\000"
 1616      67427566 
 1616      6600
 1617 0099 00000000 		.4byte	0x0
 1618              		.section	.debug_aranges,"",%progbits
 1619 0000 4C000000 		.4byte	0x4c
 1620 0004 0200     		.2byte	0x2
 1621 0006 00000000 		.4byte	.Ldebug_info0
 1622 000a 04       		.byte	0x4
 1623 000b 00       		.byte	0x0
 1624 000c 0000     		.2byte	0x0
 1625 000e 0000     		.2byte	0x0
 1626 0010 00000000 		.4byte	.LFB29
 1627 0014 2E000000 		.4byte	.LFE29-.LFB29
 1628 0018 00000000 		.4byte	.LFB30
 1629 001c 10010000 		.4byte	.LFE30-.LFB30
 1630 0020 00000000 		.4byte	.LFB31
 1631 0024 04030000 		.4byte	.LFE31-.LFB31
 1632 0028 00000000 		.4byte	.LFB32
 1633 002c 22000000 		.4byte	.LFE32-.LFB32
 1634 0030 00000000 		.4byte	.LFB33
 1635 0034 1E000000 		.4byte	.LFE33-.LFB33
ARM GAS  C:\Users\Geo\AppData\Local\Temp\cc2Zl8dQ.s 			page 35


 1636 0038 00000000 		.4byte	.LFB34
 1637 003c 16000000 		.4byte	.LFE34-.LFB34
 1638 0040 00000000 		.4byte	.LFB35
 1639 0044 2E000000 		.4byte	.LFE35-.LFB35
 1640 0048 00000000 		.4byte	0x0
 1641 004c 00000000 		.4byte	0x0
 1642              		.section	.debug_ranges,"",%progbits
 1643              	.Ldebug_ranges0:
 1644 0000 00000000 		.4byte	.Ltext0
 1645 0004 00000000 		.4byte	.Letext0
 1646 0008 00000000 		.4byte	.LFB29
 1647 000c 2E000000 		.4byte	.LFE29
 1648 0010 00000000 		.4byte	.LFB30
 1649 0014 10010000 		.4byte	.LFE30
 1650 0018 00000000 		.4byte	.LFB31
 1651 001c 04030000 		.4byte	.LFE31
 1652 0020 00000000 		.4byte	.LFB32
 1653 0024 22000000 		.4byte	.LFE32
 1654 0028 00000000 		.4byte	.LFB33
 1655 002c 1E000000 		.4byte	.LFE33
 1656 0030 00000000 		.4byte	.LFB34
 1657 0034 16000000 		.4byte	.LFE34
 1658 0038 00000000 		.4byte	.LFB35
 1659 003c 2E000000 		.4byte	.LFE35
 1660 0040 00000000 		.4byte	0x0
 1661 0044 00000000 		.4byte	0x0
 1662              		.section	.debug_str,"MS",%progbits,1
 1663              	.LASF8:
 1664 0000 6C6F6E67 		.ascii	"long long int\000"
 1664      206C6F6E 
 1664      6720696E 
 1664      7400
 1665              	.LASF33:
 1666 000e 72784461 		.ascii	"rxDataByte\000"
 1666      74614279 
 1666      746500
 1667              	.LASF17:
 1668 0019 74686972 		.ascii	"thirdIdenChar\000"
 1668      64496465 
 1668      6E436861 
 1668      7200
 1669              	.LASF28:
 1670 0027 78626565 		.ascii	"xbeeState\000"
 1670      53746174 
 1670      6500
 1671              	.LASF27:
 1672 0031 436F6D6D 		.ascii	"Comms_Run\000"
 1672      735F5275 
 1672      6E00
 1673              	.LASF25:
 1674 003b 78626565 		.ascii	"xbeeStates_t\000"
 1674      53746174 
 1674      65735F74 
 1674      00
 1675              	.LASF47:
 1676 0048 5F706163 		.ascii	"_packetBuffer\000"
 1676      6B657442 
ARM GAS  C:\Users\Geo\AppData\Local\Temp\cc2Zl8dQ.s 			page 36


 1676      75666665 
 1676      7200
 1677              	.LASF13:
 1678 0056 54525545 		.ascii	"TRUE\000"
 1678      00
 1679              	.LASF36:
 1680 005b 436F6D6D 		.ascii	"Comms_Send\000"
 1680      735F5365 
 1680      6E6400
 1681              	.LASF32:
 1682 0066 6E756D4F 		.ascii	"numOfDataBytes\000"
 1682      66446174 
 1682      61427974 
 1682      657300
 1683              	.LASF15:
 1684 0075 69646C65 		.ascii	"idle\000"
 1684      00
 1685              	.LASF14:
 1686 007a 626F6F6C 		.ascii	"bool_t\000"
 1686      5F7400
 1687              	.LASF43:
 1688 0081 5F756E72 		.ascii	"_unreadDataFlag\000"
 1688      65616444 
 1688      61746146 
 1688      6C616700 
 1689              	.LASF38:
 1690 0091 6E756D4F 		.ascii	"numOfBytes\000"
 1690      66427974 
 1690      657300
 1691              	.LASF53:
 1692 009c 2E5C436F 		.ascii	".\\Comms.c\000"
 1692      6D6D732E 
 1692      6300
 1693              	.LASF1:
 1694 00a6 756E7369 		.ascii	"unsigned char\000"
 1694      676E6564 
 1694      20636861 
 1694      7200
 1695              	.LASF34:
 1696 00b4 6964656E 		.ascii	"idenCharsIn\000"
 1696      43686172 
 1696      73496E00 
 1697              	.LASF42:
 1698 00c0 5F6E6577 		.ascii	"_newPacketFlag\000"
 1698      5061636B 
 1698      6574466C 
 1698      616700
 1699              	.LASF7:
 1700 00cf 6C6F6E67 		.ascii	"long unsigned int\000"
 1700      20756E73 
 1700      69676E65 
 1700      6420696E 
 1700      7400
 1701              	.LASF5:
 1702 00e1 73686F72 		.ascii	"short unsigned int\000"
 1702      7420756E 
 1702      7369676E 
ARM GAS  C:\Users\Geo\AppData\Local\Temp\cc2Zl8dQ.s 			page 37


 1702      65642069 
 1702      6E7400
 1703              	.LASF51:
 1704 00f4 64656275 		.ascii	"debugBuff\000"
 1704      67427566 
 1704      6600
 1705              	.LASF21:
 1706 00fe 7061636B 		.ascii	"packetComplete\000"
 1706      6574436F 
 1706      6D706C65 
 1706      746500
 1707              	.LASF49:
 1708 010d 5F74696D 		.ascii	"_timeoutCounter\000"
 1708      656F7574 
 1708      436F756E 
 1708      74657200 
 1709              	.LASF50:
 1710 011d 49544D5F 		.ascii	"ITM_RxBuffer\000"
 1710      52784275 
 1710      66666572 
 1710      00
 1711              	.LASF19:
 1712 012a 7061636B 		.ascii	"packetData\000"
 1712      65744461 
 1712      746100
 1713              	.LASF35:
 1714 0135 62797465 		.ascii	"byteNum\000"
 1714      4E756D00 
 1715              	.LASF12:
 1716 013d 46414C53 		.ascii	"FALSE\000"
 1716      4500
 1717              	.LASF22:
 1718 0143 636F6D6D 		.ascii	"commsStates_t\000"
 1718      73537461 
 1718      7465735F 
 1718      7400
 1719              	.LASF20:
 1720 0151 72656365 		.ascii	"receivingChecksum\000"
 1720      6976696E 
 1720      67436865 
 1720      636B7375 
 1720      6D00
 1721              	.LASF39:
 1722 0163 436F6D6D 		.ascii	"Comms_GetByte\000"
 1722      735F4765 
 1722      74427974 
 1722      6500
 1723              	.LASF55:
 1724 0171 436F6D6D 		.ascii	"Comms_RetrieveData\000"
 1724      735F5265 
 1724      74726965 
 1724      76654461 
 1724      746100
 1725              	.LASF41:
 1726 0184 74656D70 		.ascii	"tempVar\000"
 1726      56617200 
 1727              	.LASF10:
ARM GAS  C:\Users\Geo\AppData\Local\Temp\cc2Zl8dQ.s 			page 38


 1728 018c 756E7369 		.ascii	"unsigned int\000"
 1728      676E6564 
 1728      20696E74 
 1728      00
 1729              	.LASF18:
 1730 0199 7061636B 		.ascii	"packetDataCount\000"
 1730      65744461 
 1730      7461436F 
 1730      756E7400 
 1731              	.LASF9:
 1732 01a9 6C6F6E67 		.ascii	"long long unsigned int\000"
 1732      206C6F6E 
 1732      6720756E 
 1732      7369676E 
 1732      65642069 
 1733              	.LASF3:
 1734 01c0 75696E74 		.ascii	"uint8_t\000"
 1734      385F7400 
 1735              	.LASF16:
 1736 01c8 7365636F 		.ascii	"secondIdenChar\000"
 1736      6E644964 
 1736      656E4368 
 1736      617200
 1737              	.LASF26:
 1738 01d7 436F6D6D 		.ascii	"Comms_Init\000"
 1738      735F496E 
 1738      697400
 1739              	.LASF44:
 1740 01e2 5F636F6D 		.ascii	"_commsPacketBufferOverrunFlag\000"
 1740      6D735061 
 1740      636B6574 
 1740      42756666 
 1740      65724F76 
 1741              	.LASF52:
 1742 0200 474E5520 		.ascii	"GNU C 4.4.1\000"
 1742      4320342E 
 1742      342E3100 
 1743              	.LASF45:
 1744 020c 5F636F6D 		.ascii	"_commsInitCompleteFlag\000"
 1744      6D73496E 
 1744      6974436F 
 1744      6D706C65 
 1744      7465466C 
 1745              	.LASF11:
 1746 0223 63686172 		.ascii	"char\000"
 1746      00
 1747              	.LASF37:
 1748 0228 64617461 		.ascii	"dataArray\000"
 1748      41727261 
 1748      7900
 1749              	.LASF56:
 1750 0232 436F6D6D 		.ascii	"Comms_Timeout\000"
 1750      735F5469 
 1750      6D656F75 
 1750      7400
 1751              	.LASF48:
 1752 0240 5F696465 		.ascii	"_idenChars\000"
ARM GAS  C:\Users\Geo\AppData\Local\Temp\cc2Zl8dQ.s 			page 39


 1752      6E436861 
 1752      727300
 1753              	.LASF2:
 1754 024b 73686F72 		.ascii	"short int\000"
 1754      7420696E 
 1754      7400
 1755              	.LASF4:
 1756 0255 75696E74 		.ascii	"uint16_t\000"
 1756      31365F74 
 1756      00
 1757              	.LASF29:
 1758 025e 70726576 		.ascii	"prevxbeeState\000"
 1758      78626565 
 1758      53746174 
 1758      6500
 1759              	.LASF31:
 1760 026c 7061636B 		.ascii	"packetBufferPos\000"
 1760      65744275 
 1760      66666572 
 1760      506F7300 
 1761              	.LASF6:
 1762 027c 6C6F6E67 		.ascii	"long int\000"
 1762      20696E74 
 1762      00
 1763              	.LASF54:
 1764 0285 433A5C55 		.ascii	"C:\\Users\\Geo\\Documents\\Projects\\Electric Skate"
 1764      73657273 
 1764      5C47656F 
 1764      5C446F63 
 1764      756D656E 
 1765 02b3 626F6172 		.ascii	"board\\Firmware\\PSoC\\Skateboard Motherboard.cydsn"
 1765      645C4669 
 1765      726D7761 
 1765      72655C50 
 1765      536F435C 
 1766 02e3 00       		.ascii	"\000"
 1767              	.LASF24:
 1768 02e4 78626565 		.ascii	"xbeeOn\000"
 1768      4F6E00
 1769              	.LASF30:
 1770 02eb 636F6D6D 		.ascii	"commsState\000"
 1770      73537461 
 1770      746500
 1771              	.LASF0:
 1772 02f6 7369676E 		.ascii	"signed char\000"
 1772      65642063 
 1772      68617200 
 1773              	.LASF40:
 1774 0302 436F6D6D 		.ascii	"Comms_IsNewPacket\000"
 1774      735F4973 
 1774      4E657750 
 1774      61636B65 
 1774      7400
 1775              	.LASF23:
 1776 0314 78626565 		.ascii	"xbeeInit\000"
 1776      496E6974 
 1776      00
ARM GAS  C:\Users\Geo\AppData\Local\Temp\cc2Zl8dQ.s 			page 40


 1777              	.LASF46:
 1778 031d 5F636F6D 		.ascii	"_commsTimeoutFlag\000"
 1778      6D735469 
 1778      6D656F75 
 1778      74466C61 
 1778      6700
 1779              		.ident	"GCC: (Sourcery G++ Lite 2010q1-188) 4.4.1"
