ARM GAS  C:\Users\Geo\AppData\Local\Temp\ccugGHKl.s 			page 1


   1              		.syntax unified
   2              		.cpu cortex-m3
   3              		.fpu softvfp
   4              		.eabi_attribute 20, 1
   5              		.eabi_attribute 21, 1
   6              		.eabi_attribute 23, 3
   7              		.eabi_attribute 24, 1
   8              		.eabi_attribute 25, 1
   9              		.eabi_attribute 26, 1
  10              		.eabi_attribute 30, 6
  11              		.eabi_attribute 18, 4
  12              		.thumb
  13              		.file	"Lights.c"
  14              		.section	.debug_abbrev,"",%progbits
  15              	.Ldebug_abbrev0:
  16              		.section	.debug_info,"",%progbits
  17              	.Ldebug_info0:
  18              		.section	.debug_line,"",%progbits
  19              	.Ldebug_line0:
  20 0000 A3010000 		.text
  20      02009300 
  20      00000201 
  20      FB0E0D00 
  20      01010101 
  21              	.Ltext0:
  22              		.cfi_sections	.debug_frame
  23              		.comm	debugBuff,200,4
  24              		.global	_errorFlash
  25              		.bss
  26              		.type	_errorFlash, %object
  27              		.size	_errorFlash, 1
  28              	_errorFlash:
  29 0000 00       		.space	1
  30              		.comm	ledModeArray,6,4
  31              		.comm	ledFlashRateMsArray,48,8
  32              		.global	ledPrevFlashCountArray
  33 0001 000000   		.align	2
  34              		.type	ledPrevFlashCountArray, %object
  35              		.size	ledPrevFlashCountArray, 24
  36              	ledPrevFlashCountArray:
  37 0004 00000000 		.space	24
  37      00000000 
  37      00000000 
  37      00000000 
  37      00000000 
  38              		.global	lightModeState
  39              		.type	lightModeState, %object
  40              		.size	lightModeState, 1
  41              	lightModeState:
  42 001c 00       		.space	1
  43              		.global	_highPowerLightsOn
  44              		.type	_highPowerLightsOn, %object
  45              		.size	_highPowerLightsOn, 1
  46              	_highPowerLightsOn:
  47 001d 00       		.space	1
  48              		.section	.text.Lights_AllOff,"ax",%progbits
  49              		.align	2
ARM GAS  C:\Users\Geo\AppData\Local\Temp\ccugGHKl.s 			page 2


  50              		.global	Lights_AllOff
  51              		.thumb
  52              		.thumb_func
  53              		.type	Lights_AllOff, %function
  54              	Lights_AllOff:
  55              	.LFB29:
  56              		.file 1 ".\\Lights.c"
   1:.\Lights.c    **** //!
   2:.\Lights.c    **** //! @file 		Lights.c
   3:.\Lights.c    **** //! @author 	Geoffrey Hunter (gbmhunter@gmail.com)
   4:.\Lights.c    **** //! @date 		14/05/2011
   5:.\Lights.c    **** //! @brief 		Main GPRS task and supporting functions.
   6:.\Lights.c    **** //! @details
   7:.\Lights.c    **** //!		<b>Last Modified:			</b> 14/05/2011								\n
   8:.\Lights.c    **** //!		<b>Version:					</b> v1.0									\n
   9:.\Lights.c    **** //!		<b>Company:					</b> CladLabs								\n
  10:.\Lights.c    **** //!		<b>Project:					</b> Electric Skateboard - Skateboard Remote\n
  11:.\Lights.c    **** //!		<b>Computer Architecture:	</b> ARM									\n
  12:.\Lights.c    **** //!		<b>Compiler:				</b> GCC									\n
  13:.\Lights.c    **** //! 	<b>uC Model:				</b> PSoC5									\n
  14:.\Lights.c    **** //!		<b>Documentation Format:	</b> Doxygen								\n
  15:.\Lights.c    **** //!		
  16:.\Lights.c    **** //!		Controls the led's on the board
  17:.\Lights.c    **** //!
  18:.\Lights.c    **** 
  19:.\Lights.c    **** //=================================================================================================
  20:.\Lights.c    **** //============================================ INFO ===============================================
  21:.\Lights.c    **** //=================================================================================================
  22:.\Lights.c    **** 
  23:.\Lights.c    **** //=================================================================================================
  24:.\Lights.c    **** //======================================= FILE INCLUSIONS =========================================
  25:.\Lights.c    **** //=================================================================================================
  26:.\Lights.c    **** 
  27:.\Lights.c    **** #include <device.h>
  28:.\Lights.c    **** 
  29:.\Lights.c    **** #include "Config.h"
  30:.\Lights.c    **** #include "../common/PublicObjects.h"
  31:.\Lights.c    **** #include "Lights.h"
  32:.\Lights.c    **** 
  33:.\Lights.c    **** //===============================================================================================//
  34:.\Lights.c    **** //=================================== PRECOMPILER CHECKS ========================================//
  35:.\Lights.c    **** //===============================================================================================//
  36:.\Lights.c    **** 
  37:.\Lights.c    **** //=================================================================================================
  38:.\Lights.c    **** //========================================== DEFINES ==============================================
  39:.\Lights.c    **** //=================================================================================================
  40:.\Lights.c    **** 
  41:.\Lights.c    **** //=================================================================================================
  42:.\Lights.c    **** //========================================== TYPEDEF's ============================================
  43:.\Lights.c    **** //=================================================================================================
  44:.\Lights.c    **** 
  45:.\Lights.c    **** typedef enum
  46:.\Lights.c    **** {
  47:.\Lights.c    **** 		alwaysOn,
  48:.\Lights.c    **** 		flashingSlow,
  49:.\Lights.c    **** 		flashingFast
  50:.\Lights.c    **** } lightModeStates_t;
ARM GAS  C:\Users\Geo\AppData\Local\Temp\ccugGHKl.s 			page 3


  51:.\Lights.c    **** 	
  52:.\Lights.c    **** //=================================================================================================
  53:.\Lights.c    **** //==================================== PRIVATE VARIABLES ==========================================
  54:.\Lights.c    **** //=================================================================================================
  55:.\Lights.c    **** 
  56:.\Lights.c    **** bool_t _errorFlash = FALSE;
  57:.\Lights.c    **** ledMode_t ledModeArray[configNUM_OF_LIGHTS];
  58:.\Lights.c    **** double ledFlashRateMsArray[configNUM_OF_LIGHTS];
  59:.\Lights.c    **** uint32 ledPrevFlashCountArray[configNUM_OF_LIGHTS] = {0};
  60:.\Lights.c    **** lightModeStates_t lightModeState = alwaysOn;
  61:.\Lights.c    **** bool_t _highPowerLightsOn = FALSE;
  62:.\Lights.c    **** 
  63:.\Lights.c    **** //=================================================================================================
  64:.\Lights.c    **** //=============================== PRIVATE FUNCTION PROTOTYPES =====================================
  65:.\Lights.c    **** //=================================================================================================
  66:.\Lights.c    **** 
  67:.\Lights.c    **** void Lights_SetLed(uint8 ledNum, uint8 offOn);
  68:.\Lights.c    **** void Lights_ToggleLed(uint8 ledNum);
  69:.\Lights.c    **** 
  70:.\Lights.c    **** //=================================================================================================
  71:.\Lights.c    **** //===================================== PUBLIC FUNCTIONS ==========================================
  72:.\Lights.c    **** //=================================================================================================
  73:.\Lights.c    **** 
  74:.\Lights.c    **** void Lights_AllOff(void)
  75:.\Lights.c    **** {
  57              		.loc 1 75 0
  58              		.cfi_startproc
  59              		@ args = 0, pretend = 0, frame = 8
  60              		@ frame_needed = 1, uses_anonymous_args = 0
  61 0000 80B5     		push	{r7, lr}
  62              	.LCFI0:
  63              		.cfi_def_cfa_offset 8
  64 0002 82B0     		sub	sp, sp, #8
  65              	.LCFI1:
  66              		.cfi_def_cfa_offset 16
  67 0004 00AF     		add	r7, sp, #0
  68              		.cfi_offset 14, -4
  69              		.cfi_offset 7, -8
  70              	.LCFI2:
  71              		.cfi_def_cfa_register 7
  76:.\Lights.c    **** 	uint8 x;
  77:.\Lights.c    **** 
  78:.\Lights.c    **** 	for(x = 0; x < configNUM_OF_LIGHTS; x++)
  72              		.loc 1 78 0
  73 0006 4FF00003 		mov	r3, #0
  74 000a FB71     		strb	r3, [r7, #7]
  75 000c 09E0     		b	.L2
  76              	.L3:
  79:.\Lights.c    **** 	{
  80:.\Lights.c    **** 		Lights_SetLed(x, 0);
  77              		.loc 1 80 0
  78 000e FB79     		ldrb	r3, [r7, #7]	@ zero_extendqisi2
  79 0010 1846     		mov	r0, r3
  80 0012 4FF00001 		mov	r1, #0
  81 0016 FFF7FEFF 		bl	Lights_SetLed
  82              		.loc 1 78 0
  83 001a FB79     		ldrb	r3, [r7, #7]
ARM GAS  C:\Users\Geo\AppData\Local\Temp\ccugGHKl.s 			page 4


  84 001c 03F10103 		add	r3, r3, #1
  85 0020 FB71     		strb	r3, [r7, #7]
  86              	.L2:
  87 0022 FB79     		ldrb	r3, [r7, #7]	@ zero_extendqisi2
  88 0024 052B     		cmp	r3, #5
  89 0026 F2D9     		bls	.L3
  81:.\Lights.c    **** 	}
  82:.\Lights.c    **** }
  90              		.loc 1 82 0
  91 0028 07F10807 		add	r7, r7, #8
  92 002c BD46     		mov	sp, r7
  93 002e 80BD     		pop	{r7, pc}
  94              		.cfi_endproc
  95              	.LFE29:
  96              		.size	Lights_AllOff, .-Lights_AllOff
  97              		.section	.text.Lights_AllOn,"ax",%progbits
  98              		.align	2
  99              		.global	Lights_AllOn
 100              		.thumb
 101              		.thumb_func
 102              		.type	Lights_AllOn, %function
 103              	Lights_AllOn:
 104              	.LFB30:
  83:.\Lights.c    **** 
  84:.\Lights.c    **** void Lights_AllOn(void)
  85:.\Lights.c    **** {
 105              		.loc 1 85 0
 106              		.cfi_startproc
 107              		@ args = 0, pretend = 0, frame = 8
 108              		@ frame_needed = 1, uses_anonymous_args = 0
 109 0000 80B5     		push	{r7, lr}
 110              	.LCFI3:
 111              		.cfi_def_cfa_offset 8
 112 0002 82B0     		sub	sp, sp, #8
 113              	.LCFI4:
 114              		.cfi_def_cfa_offset 16
 115 0004 00AF     		add	r7, sp, #0
 116              		.cfi_offset 14, -4
 117              		.cfi_offset 7, -8
 118              	.LCFI5:
 119              		.cfi_def_cfa_register 7
  86:.\Lights.c    **** 	uint8 x;
  87:.\Lights.c    **** 
  88:.\Lights.c    **** 	for(x = 0; x < configNUM_OF_LIGHTS; x++)
 120              		.loc 1 88 0
 121 0006 4FF00003 		mov	r3, #0
 122 000a FB71     		strb	r3, [r7, #7]
 123 000c 09E0     		b	.L6
 124              	.L7:
  89:.\Lights.c    **** 	{
  90:.\Lights.c    **** 		Lights_SetLed(x, 1);
 125              		.loc 1 90 0
 126 000e FB79     		ldrb	r3, [r7, #7]	@ zero_extendqisi2
 127 0010 1846     		mov	r0, r3
 128 0012 4FF00101 		mov	r1, #1
 129 0016 FFF7FEFF 		bl	Lights_SetLed
 130              		.loc 1 88 0
ARM GAS  C:\Users\Geo\AppData\Local\Temp\ccugGHKl.s 			page 5


 131 001a FB79     		ldrb	r3, [r7, #7]
 132 001c 03F10103 		add	r3, r3, #1
 133 0020 FB71     		strb	r3, [r7, #7]
 134              	.L6:
 135 0022 FB79     		ldrb	r3, [r7, #7]	@ zero_extendqisi2
 136 0024 052B     		cmp	r3, #5
 137 0026 F2D9     		bls	.L7
  91:.\Lights.c    **** 	}
  92:.\Lights.c    **** }
 138              		.loc 1 92 0
 139 0028 07F10807 		add	r7, r7, #8
 140 002c BD46     		mov	sp, r7
 141 002e 80BD     		pop	{r7, pc}
 142              		.cfi_endproc
 143              	.LFE30:
 144              		.size	Lights_AllOn, .-Lights_AllOn
 145              		.section	.text.Lights_FlashAllLeds,"ax",%progbits
 146              		.align	2
 147              		.global	Lights_FlashAllLeds
 148              		.thumb
 149              		.thumb_func
 150              		.type	Lights_FlashAllLeds, %function
 151              	Lights_FlashAllLeds:
 152              	.LFB31:
  93:.\Lights.c    **** 
  94:.\Lights.c    **** void Lights_FlashAllLeds(void)
  95:.\Lights.c    **** {
 153              		.loc 1 95 0
 154              		.cfi_startproc
 155              		@ args = 0, pretend = 0, frame = 8
 156              		@ frame_needed = 1, uses_anonymous_args = 0
 157 0000 80B5     		push	{r7, lr}
 158              	.LCFI6:
 159              		.cfi_def_cfa_offset 8
 160 0002 82B0     		sub	sp, sp, #8
 161              	.LCFI7:
 162              		.cfi_def_cfa_offset 16
 163 0004 00AF     		add	r7, sp, #0
 164              		.cfi_offset 14, -4
 165              		.cfi_offset 7, -8
 166              	.LCFI8:
 167              		.cfi_def_cfa_register 7
  96:.\Lights.c    **** 	uint8 x;
  97:.\Lights.c    **** 	
  98:.\Lights.c    **** 	for(x = 0; x < configNUM_OF_LIGHTS; x++)
 168              		.loc 1 98 0
 169 0006 4FF00003 		mov	r3, #0
 170 000a FB71     		strb	r3, [r7, #7]
 171 000c 09E0     		b	.L10
 172              	.L11:
  99:.\Lights.c    **** 	{
 100:.\Lights.c    **** 		Lights_SetLed(x, 1);
 173              		.loc 1 100 0
 174 000e FB79     		ldrb	r3, [r7, #7]	@ zero_extendqisi2
 175 0010 1846     		mov	r0, r3
 176 0012 4FF00101 		mov	r1, #1
 177 0016 FFF7FEFF 		bl	Lights_SetLed
ARM GAS  C:\Users\Geo\AppData\Local\Temp\ccugGHKl.s 			page 6


 178              		.loc 1 98 0
 179 001a FB79     		ldrb	r3, [r7, #7]
 180 001c 03F10103 		add	r3, r3, #1
 181 0020 FB71     		strb	r3, [r7, #7]
 182              	.L10:
 183 0022 FB79     		ldrb	r3, [r7, #7]	@ zero_extendqisi2
 184 0024 052B     		cmp	r3, #5
 185 0026 F2D9     		bls	.L11
 101:.\Lights.c    **** 	}
 102:.\Lights.c    **** 	
 103:.\Lights.c    **** 	CyDelay(500);
 186              		.loc 1 103 0
 187 0028 4FF4FA70 		mov	r0, #500
 188 002c FFF7FEFF 		bl	CyDelay
 104:.\Lights.c    **** 	
 105:.\Lights.c    **** 	for(x = 0; x < configNUM_OF_LIGHTS; x++)
 189              		.loc 1 105 0
 190 0030 4FF00003 		mov	r3, #0
 191 0034 FB71     		strb	r3, [r7, #7]
 192 0036 09E0     		b	.L12
 193              	.L13:
 106:.\Lights.c    **** 	{
 107:.\Lights.c    **** 		Lights_SetLed(x, 0);
 194              		.loc 1 107 0
 195 0038 FB79     		ldrb	r3, [r7, #7]	@ zero_extendqisi2
 196 003a 1846     		mov	r0, r3
 197 003c 4FF00001 		mov	r1, #0
 198 0040 FFF7FEFF 		bl	Lights_SetLed
 199              		.loc 1 105 0
 200 0044 FB79     		ldrb	r3, [r7, #7]
 201 0046 03F10103 		add	r3, r3, #1
 202 004a FB71     		strb	r3, [r7, #7]
 203              	.L12:
 204 004c FB79     		ldrb	r3, [r7, #7]	@ zero_extendqisi2
 205 004e 052B     		cmp	r3, #5
 206 0050 F2D9     		bls	.L13
 108:.\Lights.c    **** 	}
 109:.\Lights.c    **** 
 110:.\Lights.c    **** 	CyDelay(500);
 207              		.loc 1 110 0
 208 0052 4FF4FA70 		mov	r0, #500
 209 0056 FFF7FEFF 		bl	CyDelay
 111:.\Lights.c    **** }
 210              		.loc 1 111 0
 211 005a 07F10807 		add	r7, r7, #8
 212 005e BD46     		mov	sp, r7
 213 0060 80BD     		pop	{r7, pc}
 214              		.cfi_endproc
 215              	.LFE31:
 216              		.size	Lights_FlashAllLeds, .-Lights_FlashAllLeds
 217              		.global	__aeabi_ddiv
 218              		.global	__aeabi_d2uiz
 219 0062 00BF     		.section	.text.Lights_Run,"ax",%progbits
 220              		.align	2
 221              		.global	Lights_Run
 222              		.thumb
 223              		.thumb_func
ARM GAS  C:\Users\Geo\AppData\Local\Temp\ccugGHKl.s 			page 7


 224              		.type	Lights_Run, %function
 225              	Lights_Run:
 226              	.LFB32:
 112:.\Lights.c    **** 
 113:.\Lights.c    **** //! @brief		Main code loop
 114:.\Lights.c    **** void Lights_Run(void)
 115:.\Lights.c    **** {
 227              		.loc 1 115 0
 228              		.cfi_startproc
 229              		@ args = 0, pretend = 0, frame = 8
 230              		@ frame_needed = 1, uses_anonymous_args = 0
 231 0000 80B5     		push	{r7, lr}
 232              	.LCFI9:
 233              		.cfi_def_cfa_offset 8
 234 0002 82B0     		sub	sp, sp, #8
 235              	.LCFI10:
 236              		.cfi_def_cfa_offset 16
 237 0004 00AF     		add	r7, sp, #0
 238              		.cfi_offset 14, -4
 239              		.cfi_offset 7, -8
 240              	.LCFI11:
 241              		.cfi_def_cfa_register 7
 116:.\Lights.c    **** 	// Counter for main led state machine
 117:.\Lights.c    **** 	static uint32 counter = 0;
 118:.\Lights.c    **** 	
 119:.\Lights.c    **** 	uint8 x;
 120:.\Lights.c    **** 	
 121:.\Lights.c    **** 	for(x = 0; x < configNUM_OF_LIGHTS; x++)
 242              		.loc 1 121 0
 243 0006 4FF00003 		mov	r3, #0
 244 000a FB70     		strb	r3, [r7, #3]
 245 000c 63E0     		b	.L16
 246              	.L20:
 122:.\Lights.c    **** 	{
 123:.\Lights.c    **** 		if(ledModeArray[x] == OFF)
 247              		.loc 1 123 0
 248 000e FA78     		ldrb	r2, [r7, #3]	@ zero_extendqisi2
 249 0010 40F20003 		movw	r3, #:lower16:ledModeArray
 250 0014 C0F20003 		movt	r3, #:upper16:ledModeArray
 251 0018 9B5C     		ldrb	r3, [r3, r2]	@ zero_extendqisi2
 252 001a 002B     		cmp	r3, #0
 253 001c 05D1     		bne	.L17
 124:.\Lights.c    **** 			Lights_SetLed(x, 0);
 254              		.loc 1 124 0
 255 001e FB78     		ldrb	r3, [r7, #3]	@ zero_extendqisi2
 256 0020 1846     		mov	r0, r3
 257 0022 4FF00001 		mov	r1, #0
 258 0026 FFF7FEFF 		bl	Lights_SetLed
 259              	.L17:
 125:.\Lights.c    **** 		if(ledModeArray[x] == ON)
 260              		.loc 1 125 0
 261 002a FA78     		ldrb	r2, [r7, #3]	@ zero_extendqisi2
 262 002c 40F20003 		movw	r3, #:lower16:ledModeArray
 263 0030 C0F20003 		movt	r3, #:upper16:ledModeArray
 264 0034 9B5C     		ldrb	r3, [r3, r2]	@ zero_extendqisi2
 265 0036 012B     		cmp	r3, #1
 266 0038 05D1     		bne	.L18
ARM GAS  C:\Users\Geo\AppData\Local\Temp\ccugGHKl.s 			page 8


 126:.\Lights.c    **** 			Lights_SetLed(x, 1);
 267              		.loc 1 126 0
 268 003a FB78     		ldrb	r3, [r7, #3]	@ zero_extendqisi2
 269 003c 1846     		mov	r0, r3
 270 003e 4FF00101 		mov	r1, #1
 271 0042 FFF7FEFF 		bl	Lights_SetLed
 272              	.L18:
 127:.\Lights.c    **** 		if(ledModeArray[x] == FLASHING)
 273              		.loc 1 127 0
 274 0046 FA78     		ldrb	r2, [r7, #3]	@ zero_extendqisi2
 275 0048 40F20003 		movw	r3, #:lower16:ledModeArray
 276 004c C0F20003 		movt	r3, #:upper16:ledModeArray
 277 0050 9B5C     		ldrb	r3, [r3, r2]	@ zero_extendqisi2
 278 0052 022B     		cmp	r3, #2
 279 0054 3BD1     		bne	.L19
 280              	.LBB2:
 128:.\Lights.c    **** 		{
 129:.\Lights.c    **** 			uint32 numberOfCounts = (uint32)(ledFlashRateMsArray[x]/(2*configMAIN_TICK_PERIOD_MS));
 281              		.loc 1 129 0
 282 0056 FA78     		ldrb	r2, [r7, #3]	@ zero_extendqisi2
 283 0058 40F20003 		movw	r3, #:lower16:ledFlashRateMsArray
 284 005c C0F20003 		movt	r3, #:upper16:ledFlashRateMsArray
 285 0060 4FEAC202 		lsl	r2, r2, #3
 286 0064 1344     		add	r3, r2, r3
 287 0066 D3E90023 		ldrd	r2, [r3]
 288 006a 1046     		mov	r0, r2
 289 006c 1946     		mov	r1, r3
 290 006e 4FF00002 		mov	r2, #0
 291 0072 4FF08043 		mov	r3, #1073741824
 292 0076 03F55013 		add	r3, r3, #3407872
 293 007a FFF7FEFF 		bl	__aeabi_ddiv
 294 007e 0246     		mov	r2, r0
 295 0080 0B46     		mov	r3, r1
 296 0082 1046     		mov	r0, r2
 297 0084 1946     		mov	r1, r3
 298 0086 FFF7FEFF 		bl	__aeabi_d2uiz
 299 008a 0346     		mov	r3, r0
 300 008c 7B60     		str	r3, [r7, #4]
 130:.\Lights.c    **** 			if(counter > ledPrevFlashCountArray[x] + numberOfCounts)
 301              		.loc 1 130 0
 302 008e FA78     		ldrb	r2, [r7, #3]	@ zero_extendqisi2
 303 0090 40F20003 		movw	r3, #:lower16:ledPrevFlashCountArray
 304 0094 C0F20003 		movt	r3, #:upper16:ledPrevFlashCountArray
 305 0098 53F82220 		ldr	r2, [r3, r2, lsl #2]
 306 009c 7B68     		ldr	r3, [r7, #4]
 307 009e 1A44     		add	r2, r2, r3
 308 00a0 40F20003 		movw	r3, #:lower16:counter.3033
 309 00a4 C0F20003 		movt	r3, #:upper16:counter.3033
 310 00a8 1B68     		ldr	r3, [r3, #0]
 311 00aa 9A42     		cmp	r2, r3
 312 00ac 0FD2     		bcs	.L19
 131:.\Lights.c    **** 			{
 132:.\Lights.c    **** 				Lights_ToggleLed(x);
 313              		.loc 1 132 0
 314 00ae FB78     		ldrb	r3, [r7, #3]	@ zero_extendqisi2
 315 00b0 1846     		mov	r0, r3
 316 00b2 FFF7FEFF 		bl	Lights_ToggleLed
ARM GAS  C:\Users\Geo\AppData\Local\Temp\ccugGHKl.s 			page 9


 133:.\Lights.c    **** 				ledPrevFlashCountArray[x] = counter;
 317              		.loc 1 133 0
 318 00b6 FA78     		ldrb	r2, [r7, #3]	@ zero_extendqisi2
 319 00b8 40F20003 		movw	r3, #:lower16:counter.3033
 320 00bc C0F20003 		movt	r3, #:upper16:counter.3033
 321 00c0 1968     		ldr	r1, [r3, #0]
 322 00c2 40F20003 		movw	r3, #:lower16:ledPrevFlashCountArray
 323 00c6 C0F20003 		movt	r3, #:upper16:ledPrevFlashCountArray
 324 00ca 43F82210 		str	r1, [r3, r2, lsl #2]
 325              	.L19:
 326              	.LBE2:
 327              		.loc 1 121 0
 328 00ce FB78     		ldrb	r3, [r7, #3]
 329 00d0 03F10103 		add	r3, r3, #1
 330 00d4 FB70     		strb	r3, [r7, #3]
 331              	.L16:
 332 00d6 FB78     		ldrb	r3, [r7, #3]	@ zero_extendqisi2
 333 00d8 052B     		cmp	r3, #5
 334 00da 98D9     		bls	.L20
 134:.\Lights.c    **** 			}
 135:.\Lights.c    **** 		}
 136:.\Lights.c    **** 	}
 137:.\Lights.c    **** 	
 138:.\Lights.c    **** 	// Increment counter
 139:.\Lights.c    **** 	counter++;
 335              		.loc 1 139 0
 336 00dc 40F20003 		movw	r3, #:lower16:counter.3033
 337 00e0 C0F20003 		movt	r3, #:upper16:counter.3033
 338 00e4 1B68     		ldr	r3, [r3, #0]
 339 00e6 03F10102 		add	r2, r3, #1
 340 00ea 40F20003 		movw	r3, #:lower16:counter.3033
 341 00ee C0F20003 		movt	r3, #:upper16:counter.3033
 342 00f2 1A60     		str	r2, [r3, #0]
 140:.\Lights.c    **** }
 343              		.loc 1 140 0
 344 00f4 07F10807 		add	r7, r7, #8
 345 00f8 BD46     		mov	sp, r7
 346 00fa 80BD     		pop	{r7, pc}
 347              		.cfi_endproc
 348              	.LFE32:
 349              		.size	Lights_Run, .-Lights_Run
 350              		.section	.text.Lights_SetLedMode,"ax",%progbits
 351              		.align	2
 352              		.global	Lights_SetLedMode
 353              		.thumb
 354              		.thumb_func
 355              		.type	Lights_SetLedMode, %function
 356              	Lights_SetLedMode:
 357              	.LFB33:
 141:.\Lights.c    **** 
 142:.\Lights.c    **** void Lights_SetLedMode(led_t led, ledMode_t ledMode, double ledFlashRate)
 143:.\Lights.c    **** {
 358              		.loc 1 143 0
 359              		.cfi_startproc
 360              		@ args = 0, pretend = 0, frame = 16
 361              		@ frame_needed = 1, uses_anonymous_args = 0
 362              		@ link register save eliminated.
ARM GAS  C:\Users\Geo\AppData\Local\Temp\ccugGHKl.s 			page 10


 363 0000 80B4     		push	{r7}
 364              	.LCFI12:
 365              		.cfi_def_cfa_offset 4
 366 0002 85B0     		sub	sp, sp, #20
 367              	.LCFI13:
 368              		.cfi_def_cfa_offset 24
 369 0004 00AF     		add	r7, sp, #0
 370              		.cfi_offset 7, -4
 371              	.LCFI14:
 372              		.cfi_def_cfa_register 7
 373 0006 C7E90023 		strd	r2, [r7]
 374 000a 0346     		mov	r3, r0
 375 000c FB73     		strb	r3, [r7, #15]
 376 000e 0B46     		mov	r3, r1
 377 0010 BB73     		strb	r3, [r7, #14]
 144:.\Lights.c    **** 	ledModeArray[led] = ledMode;
 378              		.loc 1 144 0
 379 0012 FA7B     		ldrb	r2, [r7, #15]	@ zero_extendqisi2
 380 0014 40F20003 		movw	r3, #:lower16:ledModeArray
 381 0018 C0F20003 		movt	r3, #:upper16:ledModeArray
 382 001c B97B     		ldrb	r1, [r7, #14]
 383 001e 9954     		strb	r1, [r3, r2]
 145:.\Lights.c    **** 	ledFlashRateMsArray[led] = ledFlashRate;
 384              		.loc 1 145 0
 385 0020 FA7B     		ldrb	r2, [r7, #15]	@ zero_extendqisi2
 386 0022 40F20003 		movw	r3, #:lower16:ledFlashRateMsArray
 387 0026 C0F20003 		movt	r3, #:upper16:ledFlashRateMsArray
 388 002a 4FEAC202 		lsl	r2, r2, #3
 389 002e 02EB0301 		add	r1, r2, r3
 390 0032 D7E90023 		ldrd	r2, [r7]
 391 0036 C1E90023 		strd	r2, [r1]
 146:.\Lights.c    **** }
 392              		.loc 1 146 0
 393 003a 07F11407 		add	r7, r7, #20
 394 003e BD46     		mov	sp, r7
 395 0040 80BC     		pop	{r7}
 396 0042 7047     		bx	lr
 397              		.cfi_endproc
 398              	.LFE33:
 399              		.size	Lights_SetLedMode, .-Lights_SetLedMode
 400              		.section	.text.Lights_ChangeHighPowerLightMode,"ax",%progbits
 401              		.align	2
 402              		.global	Lights_ChangeHighPowerLightMode
 403              		.thumb
 404              		.thumb_func
 405              		.type	Lights_ChangeHighPowerLightMode, %function
 406              	Lights_ChangeHighPowerLightMode:
 407              	.LFB34:
 147:.\Lights.c    **** 
 148:.\Lights.c    **** void Lights_ChangeHighPowerLightMode(void)
 149:.\Lights.c    **** {
 408              		.loc 1 149 0
 409              		.cfi_startproc
 410              		@ args = 0, pretend = 0, frame = 0
 411              		@ frame_needed = 1, uses_anonymous_args = 0
 412              		@ link register save eliminated.
 413 0000 80B4     		push	{r7}
ARM GAS  C:\Users\Geo\AppData\Local\Temp\ccugGHKl.s 			page 11


 414              	.LCFI15:
 415              		.cfi_def_cfa_offset 4
 416 0002 00AF     		add	r7, sp, #0
 417              		.cfi_offset 7, -4
 418              	.LCFI16:
 419              		.cfi_def_cfa_register 7
 150:.\Lights.c    **** 	switch(lightModeState)
 420              		.loc 1 150 0
 421 0004 40F20003 		movw	r3, #:lower16:lightModeState
 422 0008 C0F20003 		movt	r3, #:upper16:lightModeState
 423 000c 1B78     		ldrb	r3, [r3, #0]	@ zero_extendqisi2
 424 000e 012B     		cmp	r3, #1
 425 0010 0BD0     		beq	.L27
 426 0012 022B     		cmp	r3, #2
 427 0014 11D0     		beq	.L28
 428 0016 002B     		cmp	r3, #0
 429 0018 16D1     		bne	.L29
 430              	.L26:
 151:.\Lights.c    **** 	{
 152:.\Lights.c    **** 		case alwaysOn:
 153:.\Lights.c    **** 			lightModeState = flashingSlow;
 431              		.loc 1 153 0
 432 001a 40F20003 		movw	r3, #:lower16:lightModeState
 433 001e C0F20003 		movt	r3, #:upper16:lightModeState
 434 0022 4FF00102 		mov	r2, #1
 435 0026 1A70     		strb	r2, [r3, #0]
 154:.\Lights.c    **** 			break;
 436              		.loc 1 154 0
 437 0028 0EE0     		b	.L29
 438              	.L27:
 155:.\Lights.c    **** 		case flashingSlow:
 156:.\Lights.c    **** 			lightModeState = flashingFast;
 439              		.loc 1 156 0
 440 002a 40F20003 		movw	r3, #:lower16:lightModeState
 441 002e C0F20003 		movt	r3, #:upper16:lightModeState
 442 0032 4FF00202 		mov	r2, #2
 443 0036 1A70     		strb	r2, [r3, #0]
 157:.\Lights.c    **** 			break;
 444              		.loc 1 157 0
 445 0038 06E0     		b	.L29
 446              	.L28:
 158:.\Lights.c    **** 		case flashingFast:
 159:.\Lights.c    **** 			lightModeState = alwaysOn;
 447              		.loc 1 159 0
 448 003a 40F20003 		movw	r3, #:lower16:lightModeState
 449 003e C0F20003 		movt	r3, #:upper16:lightModeState
 450 0042 4FF00002 		mov	r2, #0
 451 0046 1A70     		strb	r2, [r3, #0]
 452              	.L29:
 160:.\Lights.c    **** 			break;
 161:.\Lights.c    **** 	}
 162:.\Lights.c    **** }
 453              		.loc 1 162 0
 454 0048 BD46     		mov	sp, r7
 455 004a 80BC     		pop	{r7}
 456 004c 7047     		bx	lr
 457              		.cfi_endproc
ARM GAS  C:\Users\Geo\AppData\Local\Temp\ccugGHKl.s 			page 12


 458              	.LFE34:
 459              		.size	Lights_ChangeHighPowerLightMode, .-Lights_ChangeHighPowerLightMode
 460 004e 00BF     		.section	.text.Lights_TurnOnHighPowerLights,"ax",%progbits
 461              		.align	2
 462              		.global	Lights_TurnOnHighPowerLights
 463              		.thumb
 464              		.thumb_func
 465              		.type	Lights_TurnOnHighPowerLights, %function
 466              	Lights_TurnOnHighPowerLights:
 467              	.LFB35:
 163:.\Lights.c    **** 
 164:.\Lights.c    **** //! @brief		Turns on the high power lights according to the light mode state
 165:.\Lights.c    **** void Lights_TurnOnHighPowerLights(void)
 166:.\Lights.c    **** {
 468              		.loc 1 166 0
 469              		.cfi_startproc
 470              		@ args = 0, pretend = 0, frame = 0
 471              		@ frame_needed = 1, uses_anonymous_args = 0
 472 0000 80B5     		push	{r7, lr}
 473              	.LCFI17:
 474              		.cfi_def_cfa_offset 8
 475 0002 00AF     		add	r7, sp, #0
 476              		.cfi_offset 14, -4
 477              		.cfi_offset 7, -8
 478              	.LCFI18:
 479              		.cfi_def_cfa_register 7
 167:.\Lights.c    **** 	_highPowerLightsOn = TRUE;
 480              		.loc 1 167 0
 481 0004 40F20003 		movw	r3, #:lower16:_highPowerLightsOn
 482 0008 C0F20003 		movt	r3, #:upper16:_highPowerLightsOn
 483 000c 4FF00102 		mov	r2, #1
 484 0010 1A70     		strb	r2, [r3, #0]
 168:.\Lights.c    **** 	switch(lightModeState)
 485              		.loc 1 168 0
 486 0012 40F20003 		movw	r3, #:lower16:lightModeState
 487 0016 C0F20003 		movt	r3, #:upper16:lightModeState
 488 001a 1B78     		ldrb	r3, [r3, #0]	@ zero_extendqisi2
 489 001c 012B     		cmp	r3, #1
 490 001e 18D0     		beq	.L33
 491 0020 022B     		cmp	r3, #2
 492 0022 29D0     		beq	.L34
 493 0024 002B     		cmp	r3, #0
 494 0026 39D1     		bne	.L35
 495              	.L32:
 169:.\Lights.c    **** 	{
 170:.\Lights.c    **** 		case alwaysOn:
 171:.\Lights.c    **** 			Lights_SetLedMode(LIGHT_FRONT, ON, 0);
 496              		.loc 1 171 0
 497 0028 4FF00300 		mov	r0, #3
 498 002c 4FF00101 		mov	r1, #1
 499 0030 4FF00002 		mov	r2, #0
 500 0034 4FF00003 		mov	r3, #0
 501 0038 FFF7FEFF 		bl	Lights_SetLedMode
 172:.\Lights.c    **** 			Lights_SetLedMode(LIGHT_BACK, ON, 0);
 502              		.loc 1 172 0
 503 003c 4FF00400 		mov	r0, #4
 504 0040 4FF00101 		mov	r1, #1
ARM GAS  C:\Users\Geo\AppData\Local\Temp\ccugGHKl.s 			page 13


 505 0044 4FF00002 		mov	r2, #0
 506 0048 4FF00003 		mov	r3, #0
 507 004c FFF7FEFF 		bl	Lights_SetLedMode
 173:.\Lights.c    **** 			break;
 508              		.loc 1 173 0
 509 0050 24E0     		b	.L35
 510              	.L33:
 174:.\Lights.c    **** 		case flashingSlow:
 175:.\Lights.c    **** 			Lights_SetLedMode(LIGHT_FRONT, FLASHING, 1000);
 511              		.loc 1 175 0
 512 0052 4FF00300 		mov	r0, #3
 513 0056 4FF00201 		mov	r1, #2
 514 005a 11A3     		adr	r3, .L36
 515 005c D3E90023 		ldrd	r2, [r3]
 516 0060 FFF7FEFF 		bl	Lights_SetLedMode
 176:.\Lights.c    **** 			Lights_SetLedMode(LIGHT_BACK, FLASHING, 1000);
 517              		.loc 1 176 0
 518 0064 4FF00400 		mov	r0, #4
 519 0068 4FF00201 		mov	r1, #2
 520 006c 0CA3     		adr	r3, .L36
 521 006e D3E90023 		ldrd	r2, [r3]
 522 0072 FFF7FEFF 		bl	Lights_SetLedMode
 177:.\Lights.c    **** 			break;
 523              		.loc 1 177 0
 524 0076 11E0     		b	.L35
 525              	.L34:
 178:.\Lights.c    **** 		case flashingFast:
 179:.\Lights.c    **** 			Lights_SetLedMode(LIGHT_FRONT, FLASHING, 500);
 526              		.loc 1 179 0
 527 0078 4FF00300 		mov	r0, #3
 528 007c 4FF00201 		mov	r1, #2
 529 0080 09A3     		adr	r3, .L36+8
 530 0082 D3E90023 		ldrd	r2, [r3]
 531 0086 FFF7FEFF 		bl	Lights_SetLedMode
 180:.\Lights.c    **** 			Lights_SetLedMode(LIGHT_BACK, FLASHING, 500);
 532              		.loc 1 180 0
 533 008a 4FF00400 		mov	r0, #4
 534 008e 4FF00201 		mov	r1, #2
 535 0092 05A3     		adr	r3, .L36+8
 536 0094 D3E90023 		ldrd	r2, [r3]
 537 0098 FFF7FEFF 		bl	Lights_SetLedMode
 538              	.L35:
 181:.\Lights.c    **** 			break;
 182:.\Lights.c    **** 	}
 183:.\Lights.c    **** }
 539              		.loc 1 183 0
 540 009c 80BD     		pop	{r7, pc}
 541              	.L37:
 542 009e 00BF     		.align	3
 543              	.L36:
 544 00a0 00000000 		.word	0
 545 00a4 00408F40 		.word	1083129856
 546 00a8 00000000 		.word	0
 547 00ac 00407F40 		.word	1082081280
 548              		.cfi_endproc
 549              	.LFE35:
 550              		.size	Lights_TurnOnHighPowerLights, .-Lights_TurnOnHighPowerLights
ARM GAS  C:\Users\Geo\AppData\Local\Temp\ccugGHKl.s 			page 14


 551              		.section	.text.Lights_TurnOffHighPowerLights,"ax",%progbits
 552              		.align	2
 553              		.global	Lights_TurnOffHighPowerLights
 554              		.thumb
 555              		.thumb_func
 556              		.type	Lights_TurnOffHighPowerLights, %function
 557              	Lights_TurnOffHighPowerLights:
 558              	.LFB36:
 184:.\Lights.c    **** 
 185:.\Lights.c    **** //! @brief		Turns off the high power lights
 186:.\Lights.c    **** void Lights_TurnOffHighPowerLights(void)
 187:.\Lights.c    **** {
 559              		.loc 1 187 0
 560              		.cfi_startproc
 561              		@ args = 0, pretend = 0, frame = 0
 562              		@ frame_needed = 1, uses_anonymous_args = 0
 563 0000 80B5     		push	{r7, lr}
 564              	.LCFI19:
 565              		.cfi_def_cfa_offset 8
 566 0002 00AF     		add	r7, sp, #0
 567              		.cfi_offset 14, -4
 568              		.cfi_offset 7, -8
 569              	.LCFI20:
 570              		.cfi_def_cfa_register 7
 188:.\Lights.c    **** 	_highPowerLightsOn = FALSE;
 571              		.loc 1 188 0
 572 0004 40F20003 		movw	r3, #:lower16:_highPowerLightsOn
 573 0008 C0F20003 		movt	r3, #:upper16:_highPowerLightsOn
 574 000c 4FF00002 		mov	r2, #0
 575 0010 1A70     		strb	r2, [r3, #0]
 189:.\Lights.c    **** 	Lights_SetLedMode(LIGHT_FRONT, OFF, 0);
 576              		.loc 1 189 0
 577 0012 4FF00300 		mov	r0, #3
 578 0016 4FF00001 		mov	r1, #0
 579 001a 4FF00002 		mov	r2, #0
 580 001e 4FF00003 		mov	r3, #0
 581 0022 FFF7FEFF 		bl	Lights_SetLedMode
 190:.\Lights.c    **** 	Lights_SetLedMode(LIGHT_BACK, OFF, 0);
 582              		.loc 1 190 0
 583 0026 4FF00400 		mov	r0, #4
 584 002a 4FF00001 		mov	r1, #0
 585 002e 4FF00002 		mov	r2, #0
 586 0032 4FF00003 		mov	r3, #0
 587 0036 FFF7FEFF 		bl	Lights_SetLedMode
 191:.\Lights.c    **** }
 588              		.loc 1 191 0
 589 003a 80BD     		pop	{r7, pc}
 590              		.cfi_endproc
 591              	.LFE36:
 592              		.size	Lights_TurnOffHighPowerLights, .-Lights_TurnOffHighPowerLights
 593              		.section	.text.Lights_IsHighPowerLightsOn,"ax",%progbits
 594              		.align	2
 595              		.global	Lights_IsHighPowerLightsOn
 596              		.thumb
 597              		.thumb_func
 598              		.type	Lights_IsHighPowerLightsOn, %function
 599              	Lights_IsHighPowerLightsOn:
ARM GAS  C:\Users\Geo\AppData\Local\Temp\ccugGHKl.s 			page 15


 600              	.LFB37:
 192:.\Lights.c    **** 
 193:.\Lights.c    **** bool_t Lights_IsHighPowerLightsOn(void)
 194:.\Lights.c    **** {
 601              		.loc 1 194 0
 602              		.cfi_startproc
 603              		@ args = 0, pretend = 0, frame = 0
 604              		@ frame_needed = 1, uses_anonymous_args = 0
 605              		@ link register save eliminated.
 606 0000 80B4     		push	{r7}
 607              	.LCFI21:
 608              		.cfi_def_cfa_offset 4
 609 0002 00AF     		add	r7, sp, #0
 610              		.cfi_offset 7, -4
 611              	.LCFI22:
 612              		.cfi_def_cfa_register 7
 195:.\Lights.c    **** 	return _highPowerLightsOn;
 613              		.loc 1 195 0
 614 0004 40F20003 		movw	r3, #:lower16:_highPowerLightsOn
 615 0008 C0F20003 		movt	r3, #:upper16:_highPowerLightsOn
 616 000c 1B78     		ldrb	r3, [r3, #0]	@ zero_extendqisi2
 196:.\Lights.c    **** }
 617              		.loc 1 196 0
 618 000e 1846     		mov	r0, r3
 619 0010 BD46     		mov	sp, r7
 620 0012 80BC     		pop	{r7}
 621 0014 7047     		bx	lr
 622              		.cfi_endproc
 623              	.LFE37:
 624              		.size	Lights_IsHighPowerLightsOn, .-Lights_IsHighPowerLightsOn
 625 0016 00BF     		.section	.text.Lights_SetLed,"ax",%progbits
 626              		.align	2
 627              		.global	Lights_SetLed
 628              		.thumb
 629              		.thumb_func
 630              		.type	Lights_SetLed, %function
 631              	Lights_SetLed:
 632              	.LFB38:
 197:.\Lights.c    **** 
 198:.\Lights.c    **** //=================================================================================================
 199:.\Lights.c    **** //==================================== PRIVATE FUNCTIONS ==========================================
 200:.\Lights.c    **** //=================================================================================================
 201:.\Lights.c    **** 
 202:.\Lights.c    **** //===================================== DRIVER FUNCTIONS ========================================//
 203:.\Lights.c    **** 
 204:.\Lights.c    **** //! @brief		Controls the actual pin that drives the lights.
 205:.\Lights.c    **** //! @note		Some inversion takes place for leds in which the current in sunk. The acutal
 206:.\Lights.c    **** //!				'lights' are driven by N-Ch MOSFET's and hence the pin is driven high to turn them on
 207:.\Lights.c    **** void Lights_SetLed(uint8 ledNum, uint8 offOn)
 208:.\Lights.c    **** {
 633              		.loc 1 208 0
 634              		.cfi_startproc
 635              		@ args = 0, pretend = 0, frame = 8
 636              		@ frame_needed = 1, uses_anonymous_args = 0
 637 0000 80B5     		push	{r7, lr}
 638              	.LCFI23:
 639              		.cfi_def_cfa_offset 8
ARM GAS  C:\Users\Geo\AppData\Local\Temp\ccugGHKl.s 			page 16


 640 0002 82B0     		sub	sp, sp, #8
 641              	.LCFI24:
 642              		.cfi_def_cfa_offset 16
 643 0004 00AF     		add	r7, sp, #0
 644              		.cfi_offset 14, -4
 645              		.cfi_offset 7, -8
 646              	.LCFI25:
 647              		.cfi_def_cfa_register 7
 648 0006 0246     		mov	r2, r0
 649 0008 0B46     		mov	r3, r1
 650 000a FA71     		strb	r2, [r7, #7]
 651 000c BB71     		strb	r3, [r7, #6]
 209:.\Lights.c    **** 	switch(ledNum)
 652              		.loc 1 209 0
 653 000e FB79     		ldrb	r3, [r7, #7]	@ zero_extendqisi2
 654 0010 052B     		cmp	r3, #5
 655 0012 38D8     		bhi	.L51
 656 0014 01A2     		adr	r2, .L50
 657 0016 52F823F0 		ldr	pc, [r2, r3, lsl #2]
 658 001a 00BF     		.align	2
 659              	.L50:
 660 001c 35000000 		.word	.L44+1
 661 0020 47000000 		.word	.L45+1
 662 0024 59000000 		.word	.L46+1
 663 0028 6B000000 		.word	.L47+1
 664 002c 75000000 		.word	.L48+1
 665 0030 7F000000 		.word	.L49+1
 666              	.L44:
 210:.\Lights.c    **** 	{
 211:.\Lights.c    **** 		case LED_RED:
 212:.\Lights.c    **** 				PinLedRed_Write(!offOn);
 667              		.loc 1 212 0
 668 0034 BB79     		ldrb	r3, [r7, #6]	@ zero_extendqisi2
 669 0036 002B     		cmp	r3, #0
 670 0038 14BF     		ite	ne
 671 003a 0023     		movne	r3, #0
 672 003c 0123     		moveq	r3, #1
 673 003e 1846     		mov	r0, r3
 674 0040 FFF7FEFF 		bl	PinLedRed_Write
 213:.\Lights.c    **** 			break;
 675              		.loc 1 213 0
 676 0044 1FE0     		b	.L51
 677              	.L45:
 214:.\Lights.c    **** 		case LED_ORANGE:
 215:.\Lights.c    **** 				PinLedOrange_Write(!offOn);
 678              		.loc 1 215 0
 679 0046 BB79     		ldrb	r3, [r7, #6]	@ zero_extendqisi2
 680 0048 002B     		cmp	r3, #0
 681 004a 14BF     		ite	ne
 682 004c 0023     		movne	r3, #0
 683 004e 0123     		moveq	r3, #1
 684 0050 1846     		mov	r0, r3
 685 0052 FFF7FEFF 		bl	PinLedOrange_Write
 216:.\Lights.c    **** 			break;
 686              		.loc 1 216 0
 687 0056 16E0     		b	.L51
 688              	.L46:
ARM GAS  C:\Users\Geo\AppData\Local\Temp\ccugGHKl.s 			page 17


 217:.\Lights.c    **** 		case LED_GREEN:
 218:.\Lights.c    **** 				PinLedGreen_Write(!offOn);
 689              		.loc 1 218 0
 690 0058 BB79     		ldrb	r3, [r7, #6]	@ zero_extendqisi2
 691 005a 002B     		cmp	r3, #0
 692 005c 14BF     		ite	ne
 693 005e 0023     		movne	r3, #0
 694 0060 0123     		moveq	r3, #1
 695 0062 1846     		mov	r0, r3
 696 0064 FFF7FEFF 		bl	PinLedGreen_Write
 219:.\Lights.c    **** 			break;
 697              		.loc 1 219 0
 698 0068 0DE0     		b	.L51
 699              	.L47:
 220:.\Lights.c    **** 		case LIGHT_FRONT:
 221:.\Lights.c    **** 				PinLightFront_Write(offOn);
 700              		.loc 1 221 0
 701 006a BB79     		ldrb	r3, [r7, #6]	@ zero_extendqisi2
 702 006c 1846     		mov	r0, r3
 703 006e FFF7FEFF 		bl	PinLightFront_Write
 222:.\Lights.c    **** 			break;
 704              		.loc 1 222 0
 705 0072 08E0     		b	.L51
 706              	.L48:
 223:.\Lights.c    **** 		case LIGHT_BACK:
 224:.\Lights.c    **** 				PinLightRear_Write(offOn);
 707              		.loc 1 224 0
 708 0074 BB79     		ldrb	r3, [r7, #6]	@ zero_extendqisi2
 709 0076 1846     		mov	r0, r3
 710 0078 FFF7FEFF 		bl	PinLightRear_Write
 225:.\Lights.c    **** 			break;
 711              		.loc 1 225 0
 712 007c 03E0     		b	.L51
 713              	.L49:
 226:.\Lights.c    **** 		case LIGHT_SKIRTING:
 227:.\Lights.c    **** 				PinLightSkirting_Write(offOn);
 714              		.loc 1 227 0
 715 007e BB79     		ldrb	r3, [r7, #6]	@ zero_extendqisi2
 716 0080 1846     		mov	r0, r3
 717 0082 FFF7FEFF 		bl	PinLightSkirting_Write
 718              	.L51:
 228:.\Lights.c    **** 			break;
 229:.\Lights.c    **** 	}
 230:.\Lights.c    **** }
 719              		.loc 1 230 0
 720 0086 07F10807 		add	r7, r7, #8
 721 008a BD46     		mov	sp, r7
 722 008c 80BD     		pop	{r7, pc}
 723              		.cfi_endproc
 724              	.LFE38:
 725              		.size	Lights_SetLed, .-Lights_SetLed
 726 008e 00BF     		.section	.text.Lights_ToggleLed,"ax",%progbits
 727              		.align	2
 728              		.global	Lights_ToggleLed
 729              		.thumb
 730              		.thumb_func
 731              		.type	Lights_ToggleLed, %function
ARM GAS  C:\Users\Geo\AppData\Local\Temp\ccugGHKl.s 			page 18


 732              	Lights_ToggleLed:
 733              	.LFB39:
 231:.\Lights.c    **** 
 232:.\Lights.c    **** void Lights_ToggleLed(uint8 ledNum)
 233:.\Lights.c    **** {
 734              		.loc 1 233 0
 735              		.cfi_startproc
 736              		@ args = 0, pretend = 0, frame = 8
 737              		@ frame_needed = 1, uses_anonymous_args = 0
 738 0000 80B5     		push	{r7, lr}
 739              	.LCFI26:
 740              		.cfi_def_cfa_offset 8
 741 0002 82B0     		sub	sp, sp, #8
 742              	.LCFI27:
 743              		.cfi_def_cfa_offset 16
 744 0004 00AF     		add	r7, sp, #0
 745              		.cfi_offset 14, -4
 746              		.cfi_offset 7, -8
 747              	.LCFI28:
 748              		.cfi_def_cfa_register 7
 749 0006 0346     		mov	r3, r0
 750 0008 FB71     		strb	r3, [r7, #7]
 234:.\Lights.c    **** 	switch(ledNum)
 751              		.loc 1 234 0
 752 000a FB79     		ldrb	r3, [r7, #7]	@ zero_extendqisi2
 753 000c 052B     		cmp	r3, #5
 754 000e 50D8     		bhi	.L61
 755 0010 01A2     		adr	r2, .L60
 756 0012 52F823F0 		ldr	pc, [r2, r3, lsl #2]
 757 0016 00BF     		.align	2
 758              	.L60:
 759 0018 31000000 		.word	.L54+1
 760 001c 47000000 		.word	.L55+1
 761 0020 5D000000 		.word	.L56+1
 762 0024 73000000 		.word	.L57+1
 763 0028 89000000 		.word	.L58+1
 764 002c 9F000000 		.word	.L59+1
 765              	.L54:
 235:.\Lights.c    **** 	{
 236:.\Lights.c    **** 		case LED_RED:
 237:.\Lights.c    **** 				PinLedRed_Write(!PinLedRed_Read());
 766              		.loc 1 237 0
 767 0030 FFF7FEFF 		bl	PinLedRed_Read
 768 0034 0346     		mov	r3, r0
 769 0036 002B     		cmp	r3, #0
 770 0038 14BF     		ite	ne
 771 003a 0023     		movne	r3, #0
 772 003c 0123     		moveq	r3, #1
 773 003e 1846     		mov	r0, r3
 774 0040 FFF7FEFF 		bl	PinLedRed_Write
 238:.\Lights.c    **** 			break;
 775              		.loc 1 238 0
 776 0044 35E0     		b	.L61
 777              	.L55:
 239:.\Lights.c    **** 		case LED_ORANGE:
 240:.\Lights.c    **** 				PinLedOrange_Write(!PinLedOrange_Read());
 778              		.loc 1 240 0
ARM GAS  C:\Users\Geo\AppData\Local\Temp\ccugGHKl.s 			page 19


 779 0046 FFF7FEFF 		bl	PinLedOrange_Read
 780 004a 0346     		mov	r3, r0
 781 004c 002B     		cmp	r3, #0
 782 004e 14BF     		ite	ne
 783 0050 0023     		movne	r3, #0
 784 0052 0123     		moveq	r3, #1
 785 0054 1846     		mov	r0, r3
 786 0056 FFF7FEFF 		bl	PinLedOrange_Write
 241:.\Lights.c    **** 			break;
 787              		.loc 1 241 0
 788 005a 2AE0     		b	.L61
 789              	.L56:
 242:.\Lights.c    **** 		case LED_GREEN:
 243:.\Lights.c    **** 				PinLedGreen_Write(!PinLedGreen_Read());
 790              		.loc 1 243 0
 791 005c FFF7FEFF 		bl	PinLedGreen_Read
 792 0060 0346     		mov	r3, r0
 793 0062 002B     		cmp	r3, #0
 794 0064 14BF     		ite	ne
 795 0066 0023     		movne	r3, #0
 796 0068 0123     		moveq	r3, #1
 797 006a 1846     		mov	r0, r3
 798 006c FFF7FEFF 		bl	PinLedGreen_Write
 244:.\Lights.c    **** 			break;
 799              		.loc 1 244 0
 800 0070 1FE0     		b	.L61
 801              	.L57:
 245:.\Lights.c    **** 		case LIGHT_FRONT:
 246:.\Lights.c    **** 				PinLightFront_Write(!PinLightFront_Read());
 802              		.loc 1 246 0
 803 0072 FFF7FEFF 		bl	PinLightFront_Read
 804 0076 0346     		mov	r3, r0
 805 0078 002B     		cmp	r3, #0
 806 007a 14BF     		ite	ne
 807 007c 0023     		movne	r3, #0
 808 007e 0123     		moveq	r3, #1
 809 0080 1846     		mov	r0, r3
 810 0082 FFF7FEFF 		bl	PinLightFront_Write
 247:.\Lights.c    **** 			break;
 811              		.loc 1 247 0
 812 0086 14E0     		b	.L61
 813              	.L58:
 248:.\Lights.c    **** 		case LIGHT_BACK:
 249:.\Lights.c    **** 				PinLightRear_Write(!PinLightRear_Read());
 814              		.loc 1 249 0
 815 0088 FFF7FEFF 		bl	PinLightRear_Read
 816 008c 0346     		mov	r3, r0
 817 008e 002B     		cmp	r3, #0
 818 0090 14BF     		ite	ne
 819 0092 0023     		movne	r3, #0
 820 0094 0123     		moveq	r3, #1
 821 0096 1846     		mov	r0, r3
 822 0098 FFF7FEFF 		bl	PinLightRear_Write
 250:.\Lights.c    **** 			break;
 823              		.loc 1 250 0
 824 009c 09E0     		b	.L61
 825              	.L59:
ARM GAS  C:\Users\Geo\AppData\Local\Temp\ccugGHKl.s 			page 20


 251:.\Lights.c    **** 		case LIGHT_SKIRTING:
 252:.\Lights.c    **** 				PinLightSkirting_Write(!PinLightSkirting_Read());
 826              		.loc 1 252 0
 827 009e FFF7FEFF 		bl	PinLightSkirting_Read
 828 00a2 0346     		mov	r3, r0
 829 00a4 002B     		cmp	r3, #0
 830 00a6 14BF     		ite	ne
 831 00a8 0023     		movne	r3, #0
 832 00aa 0123     		moveq	r3, #1
 833 00ac 1846     		mov	r0, r3
 834 00ae FFF7FEFF 		bl	PinLightSkirting_Write
 835              	.L61:
 253:.\Lights.c    **** 			break;
 254:.\Lights.c    **** 	}
 255:.\Lights.c    **** }
 836              		.loc 1 255 0
 837 00b2 07F10807 		add	r7, r7, #8
 838 00b6 BD46     		mov	sp, r7
 839 00b8 80BD     		pop	{r7, pc}
 840              		.cfi_endproc
 841              	.LFE39:
 842              		.size	Lights_ToggleLed, .-Lights_ToggleLed
 843 00ba 00BF     		.bss
 844 001e 0000     		.align	2
 845              	counter.3033:
 846 0020 00000000 		.space	4
 847              		.text
 848              	.Letext0:
 849              		.section	.debug_loc,"",%progbits
 850              	.Ldebug_loc0:
 851              	.LLST0:
 852 0000 00000000 		.4byte	.LFB29
 853 0004 02000000 		.4byte	.LCFI0
 854 0008 0100     		.2byte	0x1
 855 000a 5D       		.byte	0x5d
 856 000b 02000000 		.4byte	.LCFI0
 857 000f 04000000 		.4byte	.LCFI1
 858 0013 0200     		.2byte	0x2
 859 0015 7D       		.byte	0x7d
 860 0016 08       		.sleb128 8
 861 0017 04000000 		.4byte	.LCFI1
 862 001b 06000000 		.4byte	.LCFI2
 863 001f 0200     		.2byte	0x2
 864 0021 7D       		.byte	0x7d
 865 0022 10       		.sleb128 16
 866 0023 06000000 		.4byte	.LCFI2
 867 0027 30000000 		.4byte	.LFE29
 868 002b 0200     		.2byte	0x2
 869 002d 77       		.byte	0x77
 870 002e 10       		.sleb128 16
 871 002f 00000000 		.4byte	0x0
 872 0033 00000000 		.4byte	0x0
 873              	.LLST1:
 874 0037 00000000 		.4byte	.LFB30
 875 003b 02000000 		.4byte	.LCFI3
 876 003f 0100     		.2byte	0x1
 877 0041 5D       		.byte	0x5d
ARM GAS  C:\Users\Geo\AppData\Local\Temp\ccugGHKl.s 			page 21


 878 0042 02000000 		.4byte	.LCFI3
 879 0046 04000000 		.4byte	.LCFI4
 880 004a 0200     		.2byte	0x2
 881 004c 7D       		.byte	0x7d
 882 004d 08       		.sleb128 8
 883 004e 04000000 		.4byte	.LCFI4
 884 0052 06000000 		.4byte	.LCFI5
 885 0056 0200     		.2byte	0x2
 886 0058 7D       		.byte	0x7d
 887 0059 10       		.sleb128 16
 888 005a 06000000 		.4byte	.LCFI5
 889 005e 30000000 		.4byte	.LFE30
 890 0062 0200     		.2byte	0x2
 891 0064 77       		.byte	0x77
 892 0065 10       		.sleb128 16
 893 0066 00000000 		.4byte	0x0
 894 006a 00000000 		.4byte	0x0
 895              	.LLST2:
 896 006e 00000000 		.4byte	.LFB31
 897 0072 02000000 		.4byte	.LCFI6
 898 0076 0100     		.2byte	0x1
 899 0078 5D       		.byte	0x5d
 900 0079 02000000 		.4byte	.LCFI6
 901 007d 04000000 		.4byte	.LCFI7
 902 0081 0200     		.2byte	0x2
 903 0083 7D       		.byte	0x7d
 904 0084 08       		.sleb128 8
 905 0085 04000000 		.4byte	.LCFI7
 906 0089 06000000 		.4byte	.LCFI8
 907 008d 0200     		.2byte	0x2
 908 008f 7D       		.byte	0x7d
 909 0090 10       		.sleb128 16
 910 0091 06000000 		.4byte	.LCFI8
 911 0095 62000000 		.4byte	.LFE31
 912 0099 0200     		.2byte	0x2
 913 009b 77       		.byte	0x77
 914 009c 10       		.sleb128 16
 915 009d 00000000 		.4byte	0x0
 916 00a1 00000000 		.4byte	0x0
 917              	.LLST3:
 918 00a5 00000000 		.4byte	.LFB32
 919 00a9 02000000 		.4byte	.LCFI9
 920 00ad 0100     		.2byte	0x1
 921 00af 5D       		.byte	0x5d
 922 00b0 02000000 		.4byte	.LCFI9
 923 00b4 04000000 		.4byte	.LCFI10
 924 00b8 0200     		.2byte	0x2
 925 00ba 7D       		.byte	0x7d
 926 00bb 08       		.sleb128 8
 927 00bc 04000000 		.4byte	.LCFI10
 928 00c0 06000000 		.4byte	.LCFI11
 929 00c4 0200     		.2byte	0x2
 930 00c6 7D       		.byte	0x7d
 931 00c7 10       		.sleb128 16
 932 00c8 06000000 		.4byte	.LCFI11
 933 00cc FC000000 		.4byte	.LFE32
 934 00d0 0200     		.2byte	0x2
ARM GAS  C:\Users\Geo\AppData\Local\Temp\ccugGHKl.s 			page 22


 935 00d2 77       		.byte	0x77
 936 00d3 10       		.sleb128 16
 937 00d4 00000000 		.4byte	0x0
 938 00d8 00000000 		.4byte	0x0
 939              	.LLST4:
 940 00dc 00000000 		.4byte	.LFB33
 941 00e0 02000000 		.4byte	.LCFI12
 942 00e4 0100     		.2byte	0x1
 943 00e6 5D       		.byte	0x5d
 944 00e7 02000000 		.4byte	.LCFI12
 945 00eb 04000000 		.4byte	.LCFI13
 946 00ef 0200     		.2byte	0x2
 947 00f1 7D       		.byte	0x7d
 948 00f2 04       		.sleb128 4
 949 00f3 04000000 		.4byte	.LCFI13
 950 00f7 06000000 		.4byte	.LCFI14
 951 00fb 0200     		.2byte	0x2
 952 00fd 7D       		.byte	0x7d
 953 00fe 18       		.sleb128 24
 954 00ff 06000000 		.4byte	.LCFI14
 955 0103 44000000 		.4byte	.LFE33
 956 0107 0200     		.2byte	0x2
 957 0109 77       		.byte	0x77
 958 010a 18       		.sleb128 24
 959 010b 00000000 		.4byte	0x0
 960 010f 00000000 		.4byte	0x0
 961              	.LLST5:
 962 0113 00000000 		.4byte	.LFB34
 963 0117 02000000 		.4byte	.LCFI15
 964 011b 0100     		.2byte	0x1
 965 011d 5D       		.byte	0x5d
 966 011e 02000000 		.4byte	.LCFI15
 967 0122 04000000 		.4byte	.LCFI16
 968 0126 0200     		.2byte	0x2
 969 0128 7D       		.byte	0x7d
 970 0129 04       		.sleb128 4
 971 012a 04000000 		.4byte	.LCFI16
 972 012e 4E000000 		.4byte	.LFE34
 973 0132 0200     		.2byte	0x2
 974 0134 77       		.byte	0x77
 975 0135 04       		.sleb128 4
 976 0136 00000000 		.4byte	0x0
 977 013a 00000000 		.4byte	0x0
 978              	.LLST6:
 979 013e 00000000 		.4byte	.LFB35
 980 0142 02000000 		.4byte	.LCFI17
 981 0146 0100     		.2byte	0x1
 982 0148 5D       		.byte	0x5d
 983 0149 02000000 		.4byte	.LCFI17
 984 014d 04000000 		.4byte	.LCFI18
 985 0151 0200     		.2byte	0x2
 986 0153 7D       		.byte	0x7d
 987 0154 08       		.sleb128 8
 988 0155 04000000 		.4byte	.LCFI18
 989 0159 B0000000 		.4byte	.LFE35
 990 015d 0200     		.2byte	0x2
 991 015f 77       		.byte	0x77
ARM GAS  C:\Users\Geo\AppData\Local\Temp\ccugGHKl.s 			page 23


 992 0160 08       		.sleb128 8
 993 0161 00000000 		.4byte	0x0
 994 0165 00000000 		.4byte	0x0
 995              	.LLST7:
 996 0169 00000000 		.4byte	.LFB36
 997 016d 02000000 		.4byte	.LCFI19
 998 0171 0100     		.2byte	0x1
 999 0173 5D       		.byte	0x5d
 1000 0174 02000000 		.4byte	.LCFI19
 1001 0178 04000000 		.4byte	.LCFI20
 1002 017c 0200     		.2byte	0x2
 1003 017e 7D       		.byte	0x7d
 1004 017f 08       		.sleb128 8
 1005 0180 04000000 		.4byte	.LCFI20
 1006 0184 3C000000 		.4byte	.LFE36
 1007 0188 0200     		.2byte	0x2
 1008 018a 77       		.byte	0x77
 1009 018b 08       		.sleb128 8
 1010 018c 00000000 		.4byte	0x0
 1011 0190 00000000 		.4byte	0x0
 1012              	.LLST8:
 1013 0194 00000000 		.4byte	.LFB37
 1014 0198 02000000 		.4byte	.LCFI21
 1015 019c 0100     		.2byte	0x1
 1016 019e 5D       		.byte	0x5d
 1017 019f 02000000 		.4byte	.LCFI21
 1018 01a3 04000000 		.4byte	.LCFI22
 1019 01a7 0200     		.2byte	0x2
 1020 01a9 7D       		.byte	0x7d
 1021 01aa 04       		.sleb128 4
 1022 01ab 04000000 		.4byte	.LCFI22
 1023 01af 16000000 		.4byte	.LFE37
 1024 01b3 0200     		.2byte	0x2
 1025 01b5 77       		.byte	0x77
 1026 01b6 04       		.sleb128 4
 1027 01b7 00000000 		.4byte	0x0
 1028 01bb 00000000 		.4byte	0x0
 1029              	.LLST9:
 1030 01bf 00000000 		.4byte	.LFB38
 1031 01c3 02000000 		.4byte	.LCFI23
 1032 01c7 0100     		.2byte	0x1
 1033 01c9 5D       		.byte	0x5d
 1034 01ca 02000000 		.4byte	.LCFI23
 1035 01ce 04000000 		.4byte	.LCFI24
 1036 01d2 0200     		.2byte	0x2
 1037 01d4 7D       		.byte	0x7d
 1038 01d5 08       		.sleb128 8
 1039 01d6 04000000 		.4byte	.LCFI24
 1040 01da 06000000 		.4byte	.LCFI25
 1041 01de 0200     		.2byte	0x2
 1042 01e0 7D       		.byte	0x7d
 1043 01e1 10       		.sleb128 16
 1044 01e2 06000000 		.4byte	.LCFI25
 1045 01e6 8E000000 		.4byte	.LFE38
 1046 01ea 0200     		.2byte	0x2
 1047 01ec 77       		.byte	0x77
 1048 01ed 10       		.sleb128 16
ARM GAS  C:\Users\Geo\AppData\Local\Temp\ccugGHKl.s 			page 24


 1049 01ee 00000000 		.4byte	0x0
 1050 01f2 00000000 		.4byte	0x0
 1051              	.LLST10:
 1052 01f6 00000000 		.4byte	.LFB39
 1053 01fa 02000000 		.4byte	.LCFI26
 1054 01fe 0100     		.2byte	0x1
 1055 0200 5D       		.byte	0x5d
 1056 0201 02000000 		.4byte	.LCFI26
 1057 0205 04000000 		.4byte	.LCFI27
 1058 0209 0200     		.2byte	0x2
 1059 020b 7D       		.byte	0x7d
 1060 020c 08       		.sleb128 8
 1061 020d 04000000 		.4byte	.LCFI27
 1062 0211 06000000 		.4byte	.LCFI28
 1063 0215 0200     		.2byte	0x2
 1064 0217 7D       		.byte	0x7d
 1065 0218 10       		.sleb128 16
 1066 0219 06000000 		.4byte	.LCFI28
 1067 021d BA000000 		.4byte	.LFE39
 1068 0221 0200     		.2byte	0x2
 1069 0223 77       		.byte	0x77
 1070 0224 10       		.sleb128 16
 1071 0225 00000000 		.4byte	0x0
 1072 0229 00000000 		.4byte	0x0
 1073              		.file 2 "./Generated_Source/PSoC5/cytypes.h"
 1074              		.file 3 ".\\/../common/PublicObjects.h"
 1075              		.file 4 ".\\/Lights.h"
 1076              		.file 5 "./Generated_Source/PSoC5/core_cm3.h"
 1077              		.file 6 ".\\/Config.h"
 1078              		.section	.debug_info
 1079 0000 C2030000 		.4byte	0x3c2
 1080 0004 0200     		.2byte	0x2
 1081 0006 00000000 		.4byte	.Ldebug_abbrev0
 1082 000a 04       		.byte	0x4
 1083 000b 01       		.uleb128 0x1
 1084 000c FD010000 		.4byte	.LASF53
 1085 0010 01       		.byte	0x1
 1086 0011 53000000 		.4byte	.LASF54
 1087 0015 84020000 		.4byte	.LASF55
 1088 0019 00000000 		.4byte	0x0
 1089 001d 00000000 		.4byte	0x0
 1090 0021 00000000 		.4byte	.Ldebug_ranges0+0x0
 1091 0025 00000000 		.4byte	.Ldebug_line0
 1092 0029 02       		.uleb128 0x2
 1093 002a 01       		.byte	0x1
 1094 002b 06       		.byte	0x6
 1095 002c EC000000 		.4byte	.LASF0
 1096 0030 02       		.uleb128 0x2
 1097 0031 01       		.byte	0x1
 1098 0032 08       		.byte	0x8
 1099 0033 F8000000 		.4byte	.LASF1
 1100 0037 02       		.uleb128 0x2
 1101 0038 02       		.byte	0x2
 1102 0039 05       		.byte	0x5
 1103 003a 2E020000 		.4byte	.LASF2
 1104 003e 02       		.uleb128 0x2
 1105 003f 02       		.byte	0x2
ARM GAS  C:\Users\Geo\AppData\Local\Temp\ccugGHKl.s 			page 25


 1106 0040 07       		.byte	0x7
 1107 0041 18010000 		.4byte	.LASF3
 1108 0045 02       		.uleb128 0x2
 1109 0046 04       		.byte	0x4
 1110 0047 05       		.byte	0x5
 1111 0048 6C020000 		.4byte	.LASF4
 1112 004c 02       		.uleb128 0x2
 1113 004d 04       		.byte	0x4
 1114 004e 07       		.byte	0x7
 1115 004f 06010000 		.4byte	.LASF5
 1116 0053 02       		.uleb128 0x2
 1117 0054 08       		.byte	0x8
 1118 0055 05       		.byte	0x5
 1119 0056 00000000 		.4byte	.LASF6
 1120 005a 02       		.uleb128 0x2
 1121 005b 08       		.byte	0x8
 1122 005c 07       		.byte	0x7
 1123 005d CA010000 		.4byte	.LASF7
 1124 0061 03       		.uleb128 0x3
 1125 0062 04       		.byte	0x4
 1126 0063 05       		.byte	0x5
 1127 0064 696E7400 		.ascii	"int\000"
 1128 0068 02       		.uleb128 0x2
 1129 0069 04       		.byte	0x4
 1130 006a 07       		.byte	0x7
 1131 006b A3010000 		.4byte	.LASF8
 1132 006f 02       		.uleb128 0x2
 1133 0070 01       		.byte	0x1
 1134 0071 08       		.byte	0x8
 1135 0072 37000000 		.4byte	.LASF9
 1136 0076 04       		.uleb128 0x4
 1137 0077 4B020000 		.4byte	.LASF10
 1138 007b 02       		.byte	0x2
 1139 007c 51       		.byte	0x51
 1140 007d 30000000 		.4byte	0x30
 1141 0081 04       		.uleb128 0x4
 1142 0082 82010000 		.4byte	.LASF11
 1143 0086 02       		.byte	0x2
 1144 0087 53       		.byte	0x53
 1145 0088 4C000000 		.4byte	0x4c
 1146 008c 05       		.uleb128 0x5
 1147 008d 04       		.byte	0x4
 1148 008e 07       		.byte	0x7
 1149 008f 06       		.uleb128 0x6
 1150 0090 01       		.byte	0x1
 1151 0091 03       		.byte	0x3
 1152 0092 23       		.byte	0x23
 1153 0093 A4000000 		.4byte	0xa4
 1154 0097 07       		.uleb128 0x7
 1155 0098 C4010000 		.4byte	.LASF12
 1156 009c 00       		.sleb128 0
 1157 009d 07       		.uleb128 0x7
 1158 009e 46020000 		.4byte	.LASF13
 1159 00a2 01       		.sleb128 1
 1160 00a3 00       		.byte	0x0
 1161 00a4 04       		.uleb128 0x4
 1162 00a5 9F000000 		.4byte	.LASF14
ARM GAS  C:\Users\Geo\AppData\Local\Temp\ccugGHKl.s 			page 26


 1163 00a9 03       		.byte	0x3
 1164 00aa 26       		.byte	0x26
 1165 00ab 8F000000 		.4byte	0x8f
 1166 00af 06       		.uleb128 0x6
 1167 00b0 01       		.byte	0x1
 1168 00b1 04       		.byte	0x4
 1169 00b2 24       		.byte	0x24
 1170 00b3 DC000000 		.4byte	0xdc
 1171 00b7 07       		.uleb128 0x7
 1172 00b8 2A030000 		.4byte	.LASF15
 1173 00bc 00       		.sleb128 0
 1174 00bd 07       		.uleb128 0x7
 1175 00be 5E000000 		.4byte	.LASF16
 1176 00c2 01       		.sleb128 1
 1177 00c3 07       		.uleb128 0x7
 1178 00c4 FA020000 		.4byte	.LASF17
 1179 00c8 02       		.sleb128 2
 1180 00c9 07       		.uleb128 0x7
 1181 00ca 22020000 		.4byte	.LASF18
 1182 00ce 03       		.sleb128 3
 1183 00cf 07       		.uleb128 0x7
 1184 00d0 42010000 		.4byte	.LASF19
 1185 00d4 04       		.sleb128 4
 1186 00d5 07       		.uleb128 0x7
 1187 00d6 D5000000 		.4byte	.LASF20
 1188 00da 05       		.sleb128 5
 1189 00db 00       		.byte	0x0
 1190 00dc 04       		.uleb128 0x4
 1191 00dd 99000000 		.4byte	.LASF21
 1192 00e1 04       		.byte	0x4
 1193 00e2 2B       		.byte	0x2b
 1194 00e3 AF000000 		.4byte	0xaf
 1195 00e7 06       		.uleb128 0x6
 1196 00e8 01       		.byte	0x1
 1197 00e9 04       		.byte	0x4
 1198 00ea 2E       		.byte	0x2e
 1199 00eb 01010000 		.4byte	0x101
 1200 00ef 08       		.uleb128 0x8
 1201 00f0 4F464600 		.ascii	"OFF\000"
 1202 00f4 00       		.sleb128 0
 1203 00f5 08       		.uleb128 0x8
 1204 00f6 4F4E00   		.ascii	"ON\000"
 1205 00f9 01       		.sleb128 1
 1206 00fa 07       		.uleb128 0x7
 1207 00fb 0E000000 		.4byte	.LASF22
 1208 00ff 02       		.sleb128 2
 1209 0100 00       		.byte	0x0
 1210 0101 04       		.uleb128 0x4
 1211 0102 3C000000 		.4byte	.LASF23
 1212 0106 04       		.byte	0x4
 1213 0107 32       		.byte	0x32
 1214 0108 E7000000 		.4byte	0xe7
 1215 010c 06       		.uleb128 0x6
 1216 010d 01       		.byte	0x1
 1217 010e 01       		.byte	0x1
 1218 010f 2E       		.byte	0x2e
 1219 0110 27010000 		.4byte	0x127
ARM GAS  C:\Users\Geo\AppData\Local\Temp\ccugGHKl.s 			page 27


 1220 0114 07       		.uleb128 0x7
 1221 0115 04030000 		.4byte	.LASF24
 1222 0119 00       		.sleb128 0
 1223 011a 07       		.uleb128 0x7
 1224 011b 96010000 		.4byte	.LASF25
 1225 011f 01       		.sleb128 1
 1226 0120 07       		.uleb128 0x7
 1227 0121 32030000 		.4byte	.LASF26
 1228 0125 02       		.sleb128 2
 1229 0126 00       		.byte	0x0
 1230 0127 04       		.uleb128 0x4
 1231 0128 87000000 		.4byte	.LASF27
 1232 012c 01       		.byte	0x1
 1233 012d 32       		.byte	0x32
 1234 012e 0C010000 		.4byte	0x10c
 1235 0132 09       		.uleb128 0x9
 1236 0133 01       		.byte	0x1
 1237 0134 38020000 		.4byte	.LASF28
 1238 0138 01       		.byte	0x1
 1239 0139 4A       		.byte	0x4a
 1240 013a 01       		.byte	0x1
 1241 013b 00000000 		.4byte	.LFB29
 1242 013f 30000000 		.4byte	.LFE29
 1243 0143 00000000 		.4byte	.LLST0
 1244 0147 58010000 		.4byte	0x158
 1245 014b 0A       		.uleb128 0xa
 1246 014c 7800     		.ascii	"x\000"
 1247 014e 01       		.byte	0x1
 1248 014f 4C       		.byte	0x4c
 1249 0150 76000000 		.4byte	0x76
 1250 0154 02       		.byte	0x2
 1251 0155 91       		.byte	0x91
 1252 0156 77       		.sleb128 -9
 1253 0157 00       		.byte	0x0
 1254 0158 09       		.uleb128 0x9
 1255 0159 01       		.byte	0x1
 1256 015a 89010000 		.4byte	.LASF29
 1257 015e 01       		.byte	0x1
 1258 015f 54       		.byte	0x54
 1259 0160 01       		.byte	0x1
 1260 0161 00000000 		.4byte	.LFB30
 1261 0165 30000000 		.4byte	.LFE30
 1262 0169 37000000 		.4byte	.LLST1
 1263 016d 7E010000 		.4byte	0x17e
 1264 0171 0A       		.uleb128 0xa
 1265 0172 7800     		.ascii	"x\000"
 1266 0174 01       		.byte	0x1
 1267 0175 56       		.byte	0x56
 1268 0176 76000000 		.4byte	0x76
 1269 017a 02       		.byte	0x2
 1270 017b 91       		.byte	0x91
 1271 017c 77       		.sleb128 -9
 1272 017d 00       		.byte	0x0
 1273 017e 09       		.uleb128 0x9
 1274 017f 01       		.byte	0x1
 1275 0180 4D010000 		.4byte	.LASF30
 1276 0184 01       		.byte	0x1
ARM GAS  C:\Users\Geo\AppData\Local\Temp\ccugGHKl.s 			page 28


 1277 0185 5E       		.byte	0x5e
 1278 0186 01       		.byte	0x1
 1279 0187 00000000 		.4byte	.LFB31
 1280 018b 62000000 		.4byte	.LFE31
 1281 018f 6E000000 		.4byte	.LLST2
 1282 0193 A4010000 		.4byte	0x1a4
 1283 0197 0A       		.uleb128 0xa
 1284 0198 7800     		.ascii	"x\000"
 1285 019a 01       		.byte	0x1
 1286 019b 60       		.byte	0x60
 1287 019c 76000000 		.4byte	0x76
 1288 01a0 02       		.byte	0x2
 1289 01a1 91       		.byte	0x91
 1290 01a2 77       		.sleb128 -9
 1291 01a3 00       		.byte	0x0
 1292 01a4 09       		.uleb128 0x9
 1293 01a5 01       		.byte	0x1
 1294 01a6 7C000000 		.4byte	.LASF31
 1295 01aa 01       		.byte	0x1
 1296 01ab 72       		.byte	0x72
 1297 01ac 01       		.byte	0x1
 1298 01ad 00000000 		.4byte	.LFB32
 1299 01b1 FC000000 		.4byte	.LFE32
 1300 01b5 A5000000 		.4byte	.LLST3
 1301 01b9 F3010000 		.4byte	0x1f3
 1302 01bd 0B       		.uleb128 0xb
 1303 01be E4000000 		.4byte	.LASF32
 1304 01c2 01       		.byte	0x1
 1305 01c3 75       		.byte	0x75
 1306 01c4 81000000 		.4byte	0x81
 1307 01c8 05       		.byte	0x5
 1308 01c9 03       		.byte	0x3
 1309 01ca 20000000 		.4byte	counter.3033
 1310 01ce 0A       		.uleb128 0xa
 1311 01cf 7800     		.ascii	"x\000"
 1312 01d1 01       		.byte	0x1
 1313 01d2 77       		.byte	0x77
 1314 01d3 76000000 		.4byte	0x76
 1315 01d7 02       		.byte	0x2
 1316 01d8 91       		.byte	0x91
 1317 01d9 73       		.sleb128 -13
 1318 01da 0C       		.uleb128 0xc
 1319 01db 56000000 		.4byte	.LBB2
 1320 01df CE000000 		.4byte	.LBE2
 1321 01e3 0B       		.uleb128 0xb
 1322 01e4 75020000 		.4byte	.LASF33
 1323 01e8 01       		.byte	0x1
 1324 01e9 81       		.byte	0x81
 1325 01ea 81000000 		.4byte	0x81
 1326 01ee 02       		.byte	0x2
 1327 01ef 91       		.byte	0x91
 1328 01f0 74       		.sleb128 -12
 1329 01f1 00       		.byte	0x0
 1330 01f2 00       		.byte	0x0
 1331 01f3 09       		.uleb128 0x9
 1332 01f4 01       		.byte	0x1
 1333 01f5 09020000 		.4byte	.LASF34
ARM GAS  C:\Users\Geo\AppData\Local\Temp\ccugGHKl.s 			page 29


 1334 01f9 01       		.byte	0x1
 1335 01fa 8E       		.byte	0x8e
 1336 01fb 01       		.byte	0x1
 1337 01fc 00000000 		.4byte	.LFB33
 1338 0200 44000000 		.4byte	.LFE33
 1339 0204 DC000000 		.4byte	.LLST4
 1340 0208 37020000 		.4byte	0x237
 1341 020c 0D       		.uleb128 0xd
 1342 020d 6C656400 		.ascii	"led\000"
 1343 0211 01       		.byte	0x1
 1344 0212 8E       		.byte	0x8e
 1345 0213 DC000000 		.4byte	0xdc
 1346 0217 02       		.byte	0x2
 1347 0218 91       		.byte	0x91
 1348 0219 77       		.sleb128 -9
 1349 021a 0E       		.uleb128 0xe
 1350 021b 61010000 		.4byte	.LASF35
 1351 021f 01       		.byte	0x1
 1352 0220 8E       		.byte	0x8e
 1353 0221 01010000 		.4byte	0x101
 1354 0225 02       		.byte	0x2
 1355 0226 91       		.byte	0x91
 1356 0227 76       		.sleb128 -10
 1357 0228 0E       		.uleb128 0xe
 1358 0229 46000000 		.4byte	.LASF36
 1359 022d 01       		.byte	0x1
 1360 022e 8E       		.byte	0x8e
 1361 022f 37020000 		.4byte	0x237
 1362 0233 02       		.byte	0x2
 1363 0234 91       		.byte	0x91
 1364 0235 68       		.sleb128 -24
 1365 0236 00       		.byte	0x0
 1366 0237 02       		.uleb128 0x2
 1367 0238 08       		.byte	0x8
 1368 0239 04       		.byte	0x4
 1369 023a 69010000 		.4byte	.LASF37
 1370 023e 0F       		.uleb128 0xf
 1371 023f 01       		.byte	0x1
 1372 0240 17000000 		.4byte	.LASF38
 1373 0244 01       		.byte	0x1
 1374 0245 94       		.byte	0x94
 1375 0246 01       		.byte	0x1
 1376 0247 00000000 		.4byte	.LFB34
 1377 024b 4E000000 		.4byte	.LFE34
 1378 024f 13010000 		.4byte	.LLST5
 1379 0253 0F       		.uleb128 0xf
 1380 0254 01       		.byte	0x1
 1381 0255 0D030000 		.4byte	.LASF39
 1382 0259 01       		.byte	0x1
 1383 025a A5       		.byte	0xa5
 1384 025b 01       		.byte	0x1
 1385 025c 00000000 		.4byte	.LFB35
 1386 0260 B0000000 		.4byte	.LFE35
 1387 0264 3E010000 		.4byte	.LLST6
 1388 0268 0F       		.uleb128 0xf
 1389 0269 01       		.byte	0x1
 1390 026a B7000000 		.4byte	.LASF40
ARM GAS  C:\Users\Geo\AppData\Local\Temp\ccugGHKl.s 			page 30


 1391 026e 01       		.byte	0x1
 1392 026f BA       		.byte	0xba
 1393 0270 01       		.byte	0x1
 1394 0271 00000000 		.4byte	.LFB36
 1395 0275 3C000000 		.4byte	.LFE36
 1396 0279 69010000 		.4byte	.LLST7
 1397 027d 10       		.uleb128 0x10
 1398 027e 01       		.byte	0x1
 1399 027f 51020000 		.4byte	.LASF56
 1400 0283 01       		.byte	0x1
 1401 0284 C1       		.byte	0xc1
 1402 0285 01       		.byte	0x1
 1403 0286 A4000000 		.4byte	0xa4
 1404 028a 00000000 		.4byte	.LFB37
 1405 028e 16000000 		.4byte	.LFE37
 1406 0292 94010000 		.4byte	.LLST8
 1407 0296 09       		.uleb128 0x9
 1408 0297 01       		.byte	0x1
 1409 0298 3F030000 		.4byte	.LASF41
 1410 029c 01       		.byte	0x1
 1411 029d CF       		.byte	0xcf
 1412 029e 01       		.byte	0x1
 1413 029f 00000000 		.4byte	.LFB38
 1414 02a3 8E000000 		.4byte	.LFE38
 1415 02a7 BF010000 		.4byte	.LLST9
 1416 02ab CC020000 		.4byte	0x2cc
 1417 02af 0E       		.uleb128 0xe
 1418 02b0 1B020000 		.4byte	.LASF42
 1419 02b4 01       		.byte	0x1
 1420 02b5 CF       		.byte	0xcf
 1421 02b6 76000000 		.4byte	0x76
 1422 02ba 02       		.byte	0x2
 1423 02bb 91       		.byte	0x91
 1424 02bc 77       		.sleb128 -9
 1425 02bd 0E       		.uleb128 0xe
 1426 02be 7C010000 		.4byte	.LASF43
 1427 02c2 01       		.byte	0x1
 1428 02c3 CF       		.byte	0xcf
 1429 02c4 76000000 		.4byte	0x76
 1430 02c8 02       		.byte	0x2
 1431 02c9 91       		.byte	0x91
 1432 02ca 76       		.sleb128 -10
 1433 02cb 00       		.byte	0x0
 1434 02cc 09       		.uleb128 0x9
 1435 02cd 01       		.byte	0x1
 1436 02ce A6000000 		.4byte	.LASF44
 1437 02d2 01       		.byte	0x1
 1438 02d3 E8       		.byte	0xe8
 1439 02d4 01       		.byte	0x1
 1440 02d5 00000000 		.4byte	.LFB39
 1441 02d9 BA000000 		.4byte	.LFE39
 1442 02dd F6010000 		.4byte	.LLST10
 1443 02e1 F4020000 		.4byte	0x2f4
 1444 02e5 0E       		.uleb128 0xe
 1445 02e6 1B020000 		.4byte	.LASF42
 1446 02ea 01       		.byte	0x1
 1447 02eb E8       		.byte	0xe8
ARM GAS  C:\Users\Geo\AppData\Local\Temp\ccugGHKl.s 			page 31


 1448 02ec 76000000 		.4byte	0x76
 1449 02f0 02       		.byte	0x2
 1450 02f1 91       		.byte	0x91
 1451 02f2 77       		.sleb128 -9
 1452 02f3 00       		.byte	0x0
 1453 02f4 11       		.uleb128 0x11
 1454 02f5 E1010000 		.4byte	.LASF45
 1455 02f9 05       		.byte	0x5
 1456 02fa CE06     		.2byte	0x6ce
 1457 02fc 02030000 		.4byte	0x302
 1458 0300 01       		.byte	0x1
 1459 0301 01       		.byte	0x1
 1460 0302 12       		.uleb128 0x12
 1461 0303 61000000 		.4byte	0x61
 1462 0307 13       		.uleb128 0x13
 1463 0308 6F000000 		.4byte	0x6f
 1464 030c 17030000 		.4byte	0x317
 1465 0310 14       		.uleb128 0x14
 1466 0311 8C000000 		.4byte	0x8c
 1467 0315 C7       		.byte	0xc7
 1468 0316 00       		.byte	0x0
 1469 0317 15       		.uleb128 0x15
 1470 0318 2B010000 		.4byte	.LASF46
 1471 031c 06       		.byte	0x6
 1472 031d 2A       		.byte	0x2a
 1473 031e 07030000 		.4byte	0x307
 1474 0322 01       		.byte	0x1
 1475 0323 05       		.byte	0x5
 1476 0324 03       		.byte	0x3
 1477 0325 00000000 		.4byte	debugBuff
 1478 0329 15       		.uleb128 0x15
 1479 032a 70010000 		.4byte	.LASF47
 1480 032e 01       		.byte	0x1
 1481 032f 38       		.byte	0x38
 1482 0330 A4000000 		.4byte	0xa4
 1483 0334 01       		.byte	0x1
 1484 0335 05       		.byte	0x5
 1485 0336 03       		.byte	0x3
 1486 0337 00000000 		.4byte	_errorFlash
 1487 033b 13       		.uleb128 0x13
 1488 033c 01010000 		.4byte	0x101
 1489 0340 4B030000 		.4byte	0x34b
 1490 0344 14       		.uleb128 0x14
 1491 0345 8C000000 		.4byte	0x8c
 1492 0349 05       		.byte	0x5
 1493 034a 00       		.byte	0x0
 1494 034b 15       		.uleb128 0x15
 1495 034c 35010000 		.4byte	.LASF48
 1496 0350 01       		.byte	0x1
 1497 0351 39       		.byte	0x39
 1498 0352 3B030000 		.4byte	0x33b
 1499 0356 01       		.byte	0x1
 1500 0357 05       		.byte	0x5
 1501 0358 03       		.byte	0x3
 1502 0359 00000000 		.4byte	ledModeArray
 1503 035d 13       		.uleb128 0x13
 1504 035e 37020000 		.4byte	0x237
ARM GAS  C:\Users\Geo\AppData\Local\Temp\ccugGHKl.s 			page 32


 1505 0362 6D030000 		.4byte	0x36d
 1506 0366 14       		.uleb128 0x14
 1507 0367 8C000000 		.4byte	0x8c
 1508 036b 05       		.byte	0x5
 1509 036c 00       		.byte	0x0
 1510 036d 15       		.uleb128 0x15
 1511 036e B0010000 		.4byte	.LASF49
 1512 0372 01       		.byte	0x1
 1513 0373 3A       		.byte	0x3a
 1514 0374 5D030000 		.4byte	0x35d
 1515 0378 01       		.byte	0x1
 1516 0379 05       		.byte	0x5
 1517 037a 03       		.byte	0x3
 1518 037b 00000000 		.4byte	ledFlashRateMsArray
 1519 037f 13       		.uleb128 0x13
 1520 0380 81000000 		.4byte	0x81
 1521 0384 8F030000 		.4byte	0x38f
 1522 0388 14       		.uleb128 0x14
 1523 0389 8C000000 		.4byte	0x8c
 1524 038d 05       		.byte	0x5
 1525 038e 00       		.byte	0x0
 1526 038f 15       		.uleb128 0x15
 1527 0390 E3020000 		.4byte	.LASF50
 1528 0394 01       		.byte	0x1
 1529 0395 3B       		.byte	0x3b
 1530 0396 7F030000 		.4byte	0x37f
 1531 039a 01       		.byte	0x1
 1532 039b 05       		.byte	0x5
 1533 039c 03       		.byte	0x3
 1534 039d 00000000 		.4byte	ledPrevFlashCountArray
 1535 03a1 15       		.uleb128 0x15
 1536 03a2 EE010000 		.4byte	.LASF51
 1537 03a6 01       		.byte	0x1
 1538 03a7 3C       		.byte	0x3c
 1539 03a8 27010000 		.4byte	0x127
 1540 03ac 01       		.byte	0x1
 1541 03ad 05       		.byte	0x5
 1542 03ae 03       		.byte	0x3
 1543 03af 00000000 		.4byte	lightModeState
 1544 03b3 15       		.uleb128 0x15
 1545 03b4 69000000 		.4byte	.LASF52
 1546 03b8 01       		.byte	0x1
 1547 03b9 3D       		.byte	0x3d
 1548 03ba A4000000 		.4byte	0xa4
 1549 03be 01       		.byte	0x1
 1550 03bf 05       		.byte	0x5
 1551 03c0 03       		.byte	0x3
 1552 03c1 00000000 		.4byte	_highPowerLightsOn
 1553 03c5 00       		.byte	0x0
 1554              		.section	.debug_abbrev
 1555 0000 01       		.uleb128 0x1
 1556 0001 11       		.uleb128 0x11
 1557 0002 01       		.byte	0x1
 1558 0003 25       		.uleb128 0x25
 1559 0004 0E       		.uleb128 0xe
 1560 0005 13       		.uleb128 0x13
 1561 0006 0B       		.uleb128 0xb
ARM GAS  C:\Users\Geo\AppData\Local\Temp\ccugGHKl.s 			page 33


 1562 0007 03       		.uleb128 0x3
 1563 0008 0E       		.uleb128 0xe
 1564 0009 1B       		.uleb128 0x1b
 1565 000a 0E       		.uleb128 0xe
 1566 000b 11       		.uleb128 0x11
 1567 000c 01       		.uleb128 0x1
 1568 000d 52       		.uleb128 0x52
 1569 000e 01       		.uleb128 0x1
 1570 000f 55       		.uleb128 0x55
 1571 0010 06       		.uleb128 0x6
 1572 0011 10       		.uleb128 0x10
 1573 0012 06       		.uleb128 0x6
 1574 0013 00       		.byte	0x0
 1575 0014 00       		.byte	0x0
 1576 0015 02       		.uleb128 0x2
 1577 0016 24       		.uleb128 0x24
 1578 0017 00       		.byte	0x0
 1579 0018 0B       		.uleb128 0xb
 1580 0019 0B       		.uleb128 0xb
 1581 001a 3E       		.uleb128 0x3e
 1582 001b 0B       		.uleb128 0xb
 1583 001c 03       		.uleb128 0x3
 1584 001d 0E       		.uleb128 0xe
 1585 001e 00       		.byte	0x0
 1586 001f 00       		.byte	0x0
 1587 0020 03       		.uleb128 0x3
 1588 0021 24       		.uleb128 0x24
 1589 0022 00       		.byte	0x0
 1590 0023 0B       		.uleb128 0xb
 1591 0024 0B       		.uleb128 0xb
 1592 0025 3E       		.uleb128 0x3e
 1593 0026 0B       		.uleb128 0xb
 1594 0027 03       		.uleb128 0x3
 1595 0028 08       		.uleb128 0x8
 1596 0029 00       		.byte	0x0
 1597 002a 00       		.byte	0x0
 1598 002b 04       		.uleb128 0x4
 1599 002c 16       		.uleb128 0x16
 1600 002d 00       		.byte	0x0
 1601 002e 03       		.uleb128 0x3
 1602 002f 0E       		.uleb128 0xe
 1603 0030 3A       		.uleb128 0x3a
 1604 0031 0B       		.uleb128 0xb
 1605 0032 3B       		.uleb128 0x3b
 1606 0033 0B       		.uleb128 0xb
 1607 0034 49       		.uleb128 0x49
 1608 0035 13       		.uleb128 0x13
 1609 0036 00       		.byte	0x0
 1610 0037 00       		.byte	0x0
 1611 0038 05       		.uleb128 0x5
 1612 0039 24       		.uleb128 0x24
 1613 003a 00       		.byte	0x0
 1614 003b 0B       		.uleb128 0xb
 1615 003c 0B       		.uleb128 0xb
 1616 003d 3E       		.uleb128 0x3e
 1617 003e 0B       		.uleb128 0xb
 1618 003f 00       		.byte	0x0
ARM GAS  C:\Users\Geo\AppData\Local\Temp\ccugGHKl.s 			page 34


 1619 0040 00       		.byte	0x0
 1620 0041 06       		.uleb128 0x6
 1621 0042 04       		.uleb128 0x4
 1622 0043 01       		.byte	0x1
 1623 0044 0B       		.uleb128 0xb
 1624 0045 0B       		.uleb128 0xb
 1625 0046 3A       		.uleb128 0x3a
 1626 0047 0B       		.uleb128 0xb
 1627 0048 3B       		.uleb128 0x3b
 1628 0049 0B       		.uleb128 0xb
 1629 004a 01       		.uleb128 0x1
 1630 004b 13       		.uleb128 0x13
 1631 004c 00       		.byte	0x0
 1632 004d 00       		.byte	0x0
 1633 004e 07       		.uleb128 0x7
 1634 004f 28       		.uleb128 0x28
 1635 0050 00       		.byte	0x0
 1636 0051 03       		.uleb128 0x3
 1637 0052 0E       		.uleb128 0xe
 1638 0053 1C       		.uleb128 0x1c
 1639 0054 0D       		.uleb128 0xd
 1640 0055 00       		.byte	0x0
 1641 0056 00       		.byte	0x0
 1642 0057 08       		.uleb128 0x8
 1643 0058 28       		.uleb128 0x28
 1644 0059 00       		.byte	0x0
 1645 005a 03       		.uleb128 0x3
 1646 005b 08       		.uleb128 0x8
 1647 005c 1C       		.uleb128 0x1c
 1648 005d 0D       		.uleb128 0xd
 1649 005e 00       		.byte	0x0
 1650 005f 00       		.byte	0x0
 1651 0060 09       		.uleb128 0x9
 1652 0061 2E       		.uleb128 0x2e
 1653 0062 01       		.byte	0x1
 1654 0063 3F       		.uleb128 0x3f
 1655 0064 0C       		.uleb128 0xc
 1656 0065 03       		.uleb128 0x3
 1657 0066 0E       		.uleb128 0xe
 1658 0067 3A       		.uleb128 0x3a
 1659 0068 0B       		.uleb128 0xb
 1660 0069 3B       		.uleb128 0x3b
 1661 006a 0B       		.uleb128 0xb
 1662 006b 27       		.uleb128 0x27
 1663 006c 0C       		.uleb128 0xc
 1664 006d 11       		.uleb128 0x11
 1665 006e 01       		.uleb128 0x1
 1666 006f 12       		.uleb128 0x12
 1667 0070 01       		.uleb128 0x1
 1668 0071 40       		.uleb128 0x40
 1669 0072 06       		.uleb128 0x6
 1670 0073 01       		.uleb128 0x1
 1671 0074 13       		.uleb128 0x13
 1672 0075 00       		.byte	0x0
 1673 0076 00       		.byte	0x0
 1674 0077 0A       		.uleb128 0xa
 1675 0078 34       		.uleb128 0x34
ARM GAS  C:\Users\Geo\AppData\Local\Temp\ccugGHKl.s 			page 35


 1676 0079 00       		.byte	0x0
 1677 007a 03       		.uleb128 0x3
 1678 007b 08       		.uleb128 0x8
 1679 007c 3A       		.uleb128 0x3a
 1680 007d 0B       		.uleb128 0xb
 1681 007e 3B       		.uleb128 0x3b
 1682 007f 0B       		.uleb128 0xb
 1683 0080 49       		.uleb128 0x49
 1684 0081 13       		.uleb128 0x13
 1685 0082 02       		.uleb128 0x2
 1686 0083 0A       		.uleb128 0xa
 1687 0084 00       		.byte	0x0
 1688 0085 00       		.byte	0x0
 1689 0086 0B       		.uleb128 0xb
 1690 0087 34       		.uleb128 0x34
 1691 0088 00       		.byte	0x0
 1692 0089 03       		.uleb128 0x3
 1693 008a 0E       		.uleb128 0xe
 1694 008b 3A       		.uleb128 0x3a
 1695 008c 0B       		.uleb128 0xb
 1696 008d 3B       		.uleb128 0x3b
 1697 008e 0B       		.uleb128 0xb
 1698 008f 49       		.uleb128 0x49
 1699 0090 13       		.uleb128 0x13
 1700 0091 02       		.uleb128 0x2
 1701 0092 0A       		.uleb128 0xa
 1702 0093 00       		.byte	0x0
 1703 0094 00       		.byte	0x0
 1704 0095 0C       		.uleb128 0xc
 1705 0096 0B       		.uleb128 0xb
 1706 0097 01       		.byte	0x1
 1707 0098 11       		.uleb128 0x11
 1708 0099 01       		.uleb128 0x1
 1709 009a 12       		.uleb128 0x12
 1710 009b 01       		.uleb128 0x1
 1711 009c 00       		.byte	0x0
 1712 009d 00       		.byte	0x0
 1713 009e 0D       		.uleb128 0xd
 1714 009f 05       		.uleb128 0x5
 1715 00a0 00       		.byte	0x0
 1716 00a1 03       		.uleb128 0x3
 1717 00a2 08       		.uleb128 0x8
 1718 00a3 3A       		.uleb128 0x3a
 1719 00a4 0B       		.uleb128 0xb
 1720 00a5 3B       		.uleb128 0x3b
 1721 00a6 0B       		.uleb128 0xb
 1722 00a7 49       		.uleb128 0x49
 1723 00a8 13       		.uleb128 0x13
 1724 00a9 02       		.uleb128 0x2
 1725 00aa 0A       		.uleb128 0xa
 1726 00ab 00       		.byte	0x0
 1727 00ac 00       		.byte	0x0
 1728 00ad 0E       		.uleb128 0xe
 1729 00ae 05       		.uleb128 0x5
 1730 00af 00       		.byte	0x0
 1731 00b0 03       		.uleb128 0x3
 1732 00b1 0E       		.uleb128 0xe
ARM GAS  C:\Users\Geo\AppData\Local\Temp\ccugGHKl.s 			page 36


 1733 00b2 3A       		.uleb128 0x3a
 1734 00b3 0B       		.uleb128 0xb
 1735 00b4 3B       		.uleb128 0x3b
 1736 00b5 0B       		.uleb128 0xb
 1737 00b6 49       		.uleb128 0x49
 1738 00b7 13       		.uleb128 0x13
 1739 00b8 02       		.uleb128 0x2
 1740 00b9 0A       		.uleb128 0xa
 1741 00ba 00       		.byte	0x0
 1742 00bb 00       		.byte	0x0
 1743 00bc 0F       		.uleb128 0xf
 1744 00bd 2E       		.uleb128 0x2e
 1745 00be 00       		.byte	0x0
 1746 00bf 3F       		.uleb128 0x3f
 1747 00c0 0C       		.uleb128 0xc
 1748 00c1 03       		.uleb128 0x3
 1749 00c2 0E       		.uleb128 0xe
 1750 00c3 3A       		.uleb128 0x3a
 1751 00c4 0B       		.uleb128 0xb
 1752 00c5 3B       		.uleb128 0x3b
 1753 00c6 0B       		.uleb128 0xb
 1754 00c7 27       		.uleb128 0x27
 1755 00c8 0C       		.uleb128 0xc
 1756 00c9 11       		.uleb128 0x11
 1757 00ca 01       		.uleb128 0x1
 1758 00cb 12       		.uleb128 0x12
 1759 00cc 01       		.uleb128 0x1
 1760 00cd 40       		.uleb128 0x40
 1761 00ce 06       		.uleb128 0x6
 1762 00cf 00       		.byte	0x0
 1763 00d0 00       		.byte	0x0
 1764 00d1 10       		.uleb128 0x10
 1765 00d2 2E       		.uleb128 0x2e
 1766 00d3 00       		.byte	0x0
 1767 00d4 3F       		.uleb128 0x3f
 1768 00d5 0C       		.uleb128 0xc
 1769 00d6 03       		.uleb128 0x3
 1770 00d7 0E       		.uleb128 0xe
 1771 00d8 3A       		.uleb128 0x3a
 1772 00d9 0B       		.uleb128 0xb
 1773 00da 3B       		.uleb128 0x3b
 1774 00db 0B       		.uleb128 0xb
 1775 00dc 27       		.uleb128 0x27
 1776 00dd 0C       		.uleb128 0xc
 1777 00de 49       		.uleb128 0x49
 1778 00df 13       		.uleb128 0x13
 1779 00e0 11       		.uleb128 0x11
 1780 00e1 01       		.uleb128 0x1
 1781 00e2 12       		.uleb128 0x12
 1782 00e3 01       		.uleb128 0x1
 1783 00e4 40       		.uleb128 0x40
 1784 00e5 06       		.uleb128 0x6
 1785 00e6 00       		.byte	0x0
 1786 00e7 00       		.byte	0x0
 1787 00e8 11       		.uleb128 0x11
 1788 00e9 34       		.uleb128 0x34
 1789 00ea 00       		.byte	0x0
ARM GAS  C:\Users\Geo\AppData\Local\Temp\ccugGHKl.s 			page 37


 1790 00eb 03       		.uleb128 0x3
 1791 00ec 0E       		.uleb128 0xe
 1792 00ed 3A       		.uleb128 0x3a
 1793 00ee 0B       		.uleb128 0xb
 1794 00ef 3B       		.uleb128 0x3b
 1795 00f0 05       		.uleb128 0x5
 1796 00f1 49       		.uleb128 0x49
 1797 00f2 13       		.uleb128 0x13
 1798 00f3 3F       		.uleb128 0x3f
 1799 00f4 0C       		.uleb128 0xc
 1800 00f5 3C       		.uleb128 0x3c
 1801 00f6 0C       		.uleb128 0xc
 1802 00f7 00       		.byte	0x0
 1803 00f8 00       		.byte	0x0
 1804 00f9 12       		.uleb128 0x12
 1805 00fa 35       		.uleb128 0x35
 1806 00fb 00       		.byte	0x0
 1807 00fc 49       		.uleb128 0x49
 1808 00fd 13       		.uleb128 0x13
 1809 00fe 00       		.byte	0x0
 1810 00ff 00       		.byte	0x0
 1811 0100 13       		.uleb128 0x13
 1812 0101 01       		.uleb128 0x1
 1813 0102 01       		.byte	0x1
 1814 0103 49       		.uleb128 0x49
 1815 0104 13       		.uleb128 0x13
 1816 0105 01       		.uleb128 0x1
 1817 0106 13       		.uleb128 0x13
 1818 0107 00       		.byte	0x0
 1819 0108 00       		.byte	0x0
 1820 0109 14       		.uleb128 0x14
 1821 010a 21       		.uleb128 0x21
 1822 010b 00       		.byte	0x0
 1823 010c 49       		.uleb128 0x49
 1824 010d 13       		.uleb128 0x13
 1825 010e 2F       		.uleb128 0x2f
 1826 010f 0B       		.uleb128 0xb
 1827 0110 00       		.byte	0x0
 1828 0111 00       		.byte	0x0
 1829 0112 15       		.uleb128 0x15
 1830 0113 34       		.uleb128 0x34
 1831 0114 00       		.byte	0x0
 1832 0115 03       		.uleb128 0x3
 1833 0116 0E       		.uleb128 0xe
 1834 0117 3A       		.uleb128 0x3a
 1835 0118 0B       		.uleb128 0xb
 1836 0119 3B       		.uleb128 0x3b
 1837 011a 0B       		.uleb128 0xb
 1838 011b 49       		.uleb128 0x49
 1839 011c 13       		.uleb128 0x13
 1840 011d 3F       		.uleb128 0x3f
 1841 011e 0C       		.uleb128 0xc
 1842 011f 02       		.uleb128 0x2
 1843 0120 0A       		.uleb128 0xa
 1844 0121 00       		.byte	0x0
 1845 0122 00       		.byte	0x0
 1846 0123 00       		.byte	0x0
ARM GAS  C:\Users\Geo\AppData\Local\Temp\ccugGHKl.s 			page 38


 1847              		.section	.debug_pubnames,"",%progbits
 1848 0000 A7010000 		.4byte	0x1a7
 1849 0004 0200     		.2byte	0x2
 1850 0006 00000000 		.4byte	.Ldebug_info0
 1851 000a C6030000 		.4byte	0x3c6
 1852 000e 32010000 		.4byte	0x132
 1853 0012 4C696768 		.ascii	"Lights_AllOff\000"
 1853      74735F41 
 1853      6C6C4F66 
 1853      6600
 1854 0020 58010000 		.4byte	0x158
 1855 0024 4C696768 		.ascii	"Lights_AllOn\000"
 1855      74735F41 
 1855      6C6C4F6E 
 1855      00
 1856 0031 7E010000 		.4byte	0x17e
 1857 0035 4C696768 		.ascii	"Lights_FlashAllLeds\000"
 1857      74735F46 
 1857      6C617368 
 1857      416C6C4C 
 1857      65647300 
 1858 0049 A4010000 		.4byte	0x1a4
 1859 004d 4C696768 		.ascii	"Lights_Run\000"
 1859      74735F52 
 1859      756E00
 1860 0058 F3010000 		.4byte	0x1f3
 1861 005c 4C696768 		.ascii	"Lights_SetLedMode\000"
 1861      74735F53 
 1861      65744C65 
 1861      644D6F64 
 1861      6500
 1862 006e 3E020000 		.4byte	0x23e
 1863 0072 4C696768 		.ascii	"Lights_ChangeHighPowerLightMode\000"
 1863      74735F43 
 1863      68616E67 
 1863      65486967 
 1863      68506F77 
 1864 0092 53020000 		.4byte	0x253
 1865 0096 4C696768 		.ascii	"Lights_TurnOnHighPowerLights\000"
 1865      74735F54 
 1865      75726E4F 
 1865      6E486967 
 1865      68506F77 
 1866 00b3 68020000 		.4byte	0x268
 1867 00b7 4C696768 		.ascii	"Lights_TurnOffHighPowerLights\000"
 1867      74735F54 
 1867      75726E4F 
 1867      66664869 
 1867      6768506F 
 1868 00d5 7D020000 		.4byte	0x27d
 1869 00d9 4C696768 		.ascii	"Lights_IsHighPowerLightsOn\000"
 1869      74735F49 
 1869      73486967 
 1869      68506F77 
 1869      65724C69 
 1870 00f4 96020000 		.4byte	0x296
 1871 00f8 4C696768 		.ascii	"Lights_SetLed\000"
ARM GAS  C:\Users\Geo\AppData\Local\Temp\ccugGHKl.s 			page 39


 1871      74735F53 
 1871      65744C65 
 1871      6400
 1872 0106 CC020000 		.4byte	0x2cc
 1873 010a 4C696768 		.ascii	"Lights_ToggleLed\000"
 1873      74735F54 
 1873      6F67676C 
 1873      654C6564 
 1873      00
 1874 011b 17030000 		.4byte	0x317
 1875 011f 64656275 		.ascii	"debugBuff\000"
 1875      67427566 
 1875      6600
 1876 0129 29030000 		.4byte	0x329
 1877 012d 5F657272 		.ascii	"_errorFlash\000"
 1877      6F72466C 
 1877      61736800 
 1878 0139 4B030000 		.4byte	0x34b
 1879 013d 6C65644D 		.ascii	"ledModeArray\000"
 1879      6F646541 
 1879      72726179 
 1879      00
 1880 014a 6D030000 		.4byte	0x36d
 1881 014e 6C656446 		.ascii	"ledFlashRateMsArray\000"
 1881      6C617368 
 1881      52617465 
 1881      4D734172 
 1881      72617900 
 1882 0162 8F030000 		.4byte	0x38f
 1883 0166 6C656450 		.ascii	"ledPrevFlashCountArray\000"
 1883      72657646 
 1883      6C617368 
 1883      436F756E 
 1883      74417272 
 1884 017d A1030000 		.4byte	0x3a1
 1885 0181 6C696768 		.ascii	"lightModeState\000"
 1885      744D6F64 
 1885      65537461 
 1885      746500
 1886 0190 B3030000 		.4byte	0x3b3
 1887 0194 5F686967 		.ascii	"_highPowerLightsOn\000"
 1887      68506F77 
 1887      65724C69 
 1887      67687473 
 1887      4F6E00
 1888 01a7 00000000 		.4byte	0x0
 1889              		.section	.debug_aranges,"",%progbits
 1890 0000 6C000000 		.4byte	0x6c
 1891 0004 0200     		.2byte	0x2
 1892 0006 00000000 		.4byte	.Ldebug_info0
 1893 000a 04       		.byte	0x4
 1894 000b 00       		.byte	0x0
 1895 000c 0000     		.2byte	0x0
 1896 000e 0000     		.2byte	0x0
 1897 0010 00000000 		.4byte	.LFB29
 1898 0014 30000000 		.4byte	.LFE29-.LFB29
 1899 0018 00000000 		.4byte	.LFB30
ARM GAS  C:\Users\Geo\AppData\Local\Temp\ccugGHKl.s 			page 40


 1900 001c 30000000 		.4byte	.LFE30-.LFB30
 1901 0020 00000000 		.4byte	.LFB31
 1902 0024 62000000 		.4byte	.LFE31-.LFB31
 1903 0028 00000000 		.4byte	.LFB32
 1904 002c FC000000 		.4byte	.LFE32-.LFB32
 1905 0030 00000000 		.4byte	.LFB33
 1906 0034 44000000 		.4byte	.LFE33-.LFB33
 1907 0038 00000000 		.4byte	.LFB34
 1908 003c 4E000000 		.4byte	.LFE34-.LFB34
 1909 0040 00000000 		.4byte	.LFB35
 1910 0044 B0000000 		.4byte	.LFE35-.LFB35
 1911 0048 00000000 		.4byte	.LFB36
 1912 004c 3C000000 		.4byte	.LFE36-.LFB36
 1913 0050 00000000 		.4byte	.LFB37
 1914 0054 16000000 		.4byte	.LFE37-.LFB37
 1915 0058 00000000 		.4byte	.LFB38
 1916 005c 8E000000 		.4byte	.LFE38-.LFB38
 1917 0060 00000000 		.4byte	.LFB39
 1918 0064 BA000000 		.4byte	.LFE39-.LFB39
 1919 0068 00000000 		.4byte	0x0
 1920 006c 00000000 		.4byte	0x0
 1921              		.section	.debug_ranges,"",%progbits
 1922              	.Ldebug_ranges0:
 1923 0000 00000000 		.4byte	.Ltext0
 1924 0004 00000000 		.4byte	.Letext0
 1925 0008 00000000 		.4byte	.LFB29
 1926 000c 30000000 		.4byte	.LFE29
 1927 0010 00000000 		.4byte	.LFB30
 1928 0014 30000000 		.4byte	.LFE30
 1929 0018 00000000 		.4byte	.LFB31
 1930 001c 62000000 		.4byte	.LFE31
 1931 0020 00000000 		.4byte	.LFB32
 1932 0024 FC000000 		.4byte	.LFE32
 1933 0028 00000000 		.4byte	.LFB33
 1934 002c 44000000 		.4byte	.LFE33
 1935 0030 00000000 		.4byte	.LFB34
 1936 0034 4E000000 		.4byte	.LFE34
 1937 0038 00000000 		.4byte	.LFB35
 1938 003c B0000000 		.4byte	.LFE35
 1939 0040 00000000 		.4byte	.LFB36
 1940 0044 3C000000 		.4byte	.LFE36
 1941 0048 00000000 		.4byte	.LFB37
 1942 004c 16000000 		.4byte	.LFE37
 1943 0050 00000000 		.4byte	.LFB38
 1944 0054 8E000000 		.4byte	.LFE38
 1945 0058 00000000 		.4byte	.LFB39
 1946 005c BA000000 		.4byte	.LFE39
 1947 0060 00000000 		.4byte	0x0
 1948 0064 00000000 		.4byte	0x0
 1949              		.section	.debug_str,"MS",%progbits,1
 1950              	.LASF6:
 1951 0000 6C6F6E67 		.ascii	"long long int\000"
 1951      206C6F6E 
 1951      6720696E 
 1951      7400
 1952              	.LASF22:
 1953 000e 464C4153 		.ascii	"FLASHING\000"
ARM GAS  C:\Users\Geo\AppData\Local\Temp\ccugGHKl.s 			page 41


 1953      48494E47 
 1953      00
 1954              	.LASF38:
 1955 0017 4C696768 		.ascii	"Lights_ChangeHighPowerLightMode\000"
 1955      74735F43 
 1955      68616E67 
 1955      65486967 
 1955      68506F77 
 1956              	.LASF9:
 1957 0037 63686172 		.ascii	"char\000"
 1957      00
 1958              	.LASF23:
 1959 003c 6C65644D 		.ascii	"ledMode_t\000"
 1959      6F64655F 
 1959      7400
 1960              	.LASF36:
 1961 0046 6C656446 		.ascii	"ledFlashRate\000"
 1961      6C617368 
 1961      52617465 
 1961      00
 1962              	.LASF54:
 1963 0053 2E5C4C69 		.ascii	".\\Lights.c\000"
 1963      67687473 
 1963      2E6300
 1964              	.LASF16:
 1965 005e 4C45445F 		.ascii	"LED_ORANGE\000"
 1965      4F52414E 
 1965      474500
 1966              	.LASF52:
 1967 0069 5F686967 		.ascii	"_highPowerLightsOn\000"
 1967      68506F77 
 1967      65724C69 
 1967      67687473 
 1967      4F6E00
 1968              	.LASF31:
 1969 007c 4C696768 		.ascii	"Lights_Run\000"
 1969      74735F52 
 1969      756E00
 1970              	.LASF27:
 1971 0087 6C696768 		.ascii	"lightModeStates_t\000"
 1971      744D6F64 
 1971      65537461 
 1971      7465735F 
 1971      7400
 1972              	.LASF21:
 1973 0099 6C65645F 		.ascii	"led_t\000"
 1973      7400
 1974              	.LASF14:
 1975 009f 626F6F6C 		.ascii	"bool_t\000"
 1975      5F7400
 1976              	.LASF44:
 1977 00a6 4C696768 		.ascii	"Lights_ToggleLed\000"
 1977      74735F54 
 1977      6F67676C 
 1977      654C6564 
 1977      00
 1978              	.LASF40:
ARM GAS  C:\Users\Geo\AppData\Local\Temp\ccugGHKl.s 			page 42


 1979 00b7 4C696768 		.ascii	"Lights_TurnOffHighPowerLights\000"
 1979      74735F54 
 1979      75726E4F 
 1979      66664869 
 1979      6768506F 
 1980              	.LASF20:
 1981 00d5 4C494748 		.ascii	"LIGHT_SKIRTING\000"
 1981      545F534B 
 1981      49525449 
 1981      4E4700
 1982              	.LASF32:
 1983 00e4 636F756E 		.ascii	"counter\000"
 1983      74657200 
 1984              	.LASF0:
 1985 00ec 7369676E 		.ascii	"signed char\000"
 1985      65642063 
 1985      68617200 
 1986              	.LASF1:
 1987 00f8 756E7369 		.ascii	"unsigned char\000"
 1987      676E6564 
 1987      20636861 
 1987      7200
 1988              	.LASF5:
 1989 0106 6C6F6E67 		.ascii	"long unsigned int\000"
 1989      20756E73 
 1989      69676E65 
 1989      6420696E 
 1989      7400
 1990              	.LASF3:
 1991 0118 73686F72 		.ascii	"short unsigned int\000"
 1991      7420756E 
 1991      7369676E 
 1991      65642069 
 1991      6E7400
 1992              	.LASF46:
 1993 012b 64656275 		.ascii	"debugBuff\000"
 1993      67427566 
 1993      6600
 1994              	.LASF48:
 1995 0135 6C65644D 		.ascii	"ledModeArray\000"
 1995      6F646541 
 1995      72726179 
 1995      00
 1996              	.LASF19:
 1997 0142 4C494748 		.ascii	"LIGHT_BACK\000"
 1997      545F4241 
 1997      434B00
 1998              	.LASF30:
 1999 014d 4C696768 		.ascii	"Lights_FlashAllLeds\000"
 1999      74735F46 
 1999      6C617368 
 1999      416C6C4C 
 1999      65647300 
 2000              	.LASF35:
 2001 0161 6C65644D 		.ascii	"ledMode\000"
 2001      6F646500 
 2002              	.LASF37:
ARM GAS  C:\Users\Geo\AppData\Local\Temp\ccugGHKl.s 			page 43


 2003 0169 646F7562 		.ascii	"double\000"
 2003      6C6500
 2004              	.LASF47:
 2005 0170 5F657272 		.ascii	"_errorFlash\000"
 2005      6F72466C 
 2005      61736800 
 2006              	.LASF43:
 2007 017c 6F66664F 		.ascii	"offOn\000"
 2007      6E00
 2008              	.LASF11:
 2009 0182 75696E74 		.ascii	"uint32\000"
 2009      333200
 2010              	.LASF29:
 2011 0189 4C696768 		.ascii	"Lights_AllOn\000"
 2011      74735F41 
 2011      6C6C4F6E 
 2011      00
 2012              	.LASF25:
 2013 0196 666C6173 		.ascii	"flashingSlow\000"
 2013      68696E67 
 2013      536C6F77 
 2013      00
 2014              	.LASF8:
 2015 01a3 756E7369 		.ascii	"unsigned int\000"
 2015      676E6564 
 2015      20696E74 
 2015      00
 2016              	.LASF49:
 2017 01b0 6C656446 		.ascii	"ledFlashRateMsArray\000"
 2017      6C617368 
 2017      52617465 
 2017      4D734172 
 2017      72617900 
 2018              	.LASF12:
 2019 01c4 46414C53 		.ascii	"FALSE\000"
 2019      4500
 2020              	.LASF7:
 2021 01ca 6C6F6E67 		.ascii	"long long unsigned int\000"
 2021      206C6F6E 
 2021      6720756E 
 2021      7369676E 
 2021      65642069 
 2022              	.LASF45:
 2023 01e1 49544D5F 		.ascii	"ITM_RxBuffer\000"
 2023      52784275 
 2023      66666572 
 2023      00
 2024              	.LASF51:
 2025 01ee 6C696768 		.ascii	"lightModeState\000"
 2025      744D6F64 
 2025      65537461 
 2025      746500
 2026              	.LASF53:
 2027 01fd 474E5520 		.ascii	"GNU C 4.4.1\000"
 2027      4320342E 
 2027      342E3100 
 2028              	.LASF34:
ARM GAS  C:\Users\Geo\AppData\Local\Temp\ccugGHKl.s 			page 44


 2029 0209 4C696768 		.ascii	"Lights_SetLedMode\000"
 2029      74735F53 
 2029      65744C65 
 2029      644D6F64 
 2029      6500
 2030              	.LASF42:
 2031 021b 6C65644E 		.ascii	"ledNum\000"
 2031      756D00
 2032              	.LASF18:
 2033 0222 4C494748 		.ascii	"LIGHT_FRONT\000"
 2033      545F4652 
 2033      4F4E5400 
 2034              	.LASF2:
 2035 022e 73686F72 		.ascii	"short int\000"
 2035      7420696E 
 2035      7400
 2036              	.LASF28:
 2037 0238 4C696768 		.ascii	"Lights_AllOff\000"
 2037      74735F41 
 2037      6C6C4F66 
 2037      6600
 2038              	.LASF13:
 2039 0246 54525545 		.ascii	"TRUE\000"
 2039      00
 2040              	.LASF10:
 2041 024b 75696E74 		.ascii	"uint8\000"
 2041      3800
 2042              	.LASF56:
 2043 0251 4C696768 		.ascii	"Lights_IsHighPowerLightsOn\000"
 2043      74735F49 
 2043      73486967 
 2043      68506F77 
 2043      65724C69 
 2044              	.LASF4:
 2045 026c 6C6F6E67 		.ascii	"long int\000"
 2045      20696E74 
 2045      00
 2046              	.LASF33:
 2047 0275 6E756D62 		.ascii	"numberOfCounts\000"
 2047      65724F66 
 2047      436F756E 
 2047      747300
 2048              	.LASF55:
 2049 0284 433A5C55 		.ascii	"C:\\Users\\Geo\\Documents\\Projects\\Electric Skate"
 2049      73657273 
 2049      5C47656F 
 2049      5C446F63 
 2049      756D656E 
 2050 02b2 626F6172 		.ascii	"board\\Firmware\\PSoC\\Skateboard Motherboard.cydsn"
 2050      645C4669 
 2050      726D7761 
 2050      72655C50 
 2050      536F435C 
 2051 02e2 00       		.ascii	"\000"
 2052              	.LASF50:
 2053 02e3 6C656450 		.ascii	"ledPrevFlashCountArray\000"
 2053      72657646 
ARM GAS  C:\Users\Geo\AppData\Local\Temp\ccugGHKl.s 			page 45


 2053      6C617368 
 2053      436F756E 
 2053      74417272 
 2054              	.LASF17:
 2055 02fa 4C45445F 		.ascii	"LED_GREEN\000"
 2055      47524545 
 2055      4E00
 2056              	.LASF24:
 2057 0304 616C7761 		.ascii	"alwaysOn\000"
 2057      79734F6E 
 2057      00
 2058              	.LASF39:
 2059 030d 4C696768 		.ascii	"Lights_TurnOnHighPowerLights\000"
 2059      74735F54 
 2059      75726E4F 
 2059      6E486967 
 2059      68506F77 
 2060              	.LASF15:
 2061 032a 4C45445F 		.ascii	"LED_RED\000"
 2061      52454400 
 2062              	.LASF26:
 2063 0332 666C6173 		.ascii	"flashingFast\000"
 2063      68696E67 
 2063      46617374 
 2063      00
 2064              	.LASF41:
 2065 033f 4C696768 		.ascii	"Lights_SetLed\000"
 2065      74735F53 
 2065      65744C65 
 2065      6400
 2066              		.ident	"GCC: (Sourcery G++ Lite 2010q1-188) 4.4.1"
