ARM GAS  C:\Users\Geo\AppData\Local\Temp\ccwhaDRz.s 			page 1


   1              		.syntax unified
   2              		.cpu cortex-m3
   3              		.fpu softvfp
   4              		.eabi_attribute 20, 1
   5              		.eabi_attribute 21, 1
   6              		.eabi_attribute 23, 3
   7              		.eabi_attribute 24, 1
   8              		.eabi_attribute 25, 1
   9              		.eabi_attribute 26, 1
  10              		.eabi_attribute 30, 6
  11              		.eabi_attribute 18, 4
  12              		.thumb
  13              		.file	"Motor.c"
  14              		.section	.debug_abbrev,"",%progbits
  15              	.Ldebug_abbrev0:
  16              		.section	.debug_info,"",%progbits
  17              	.Ldebug_info0:
  18              		.section	.debug_line,"",%progbits
  19              	.Ldebug_line0:
  20 0000 C7010000 		.text
  20      02001C01 
  20      00000201 
  20      FB0E0D00 
  20      01010101 
  21              	.Ltext0:
  22              		.cfi_sections	.debug_frame
  23              		.comm	debugBuff,200,4
  24              		.bss
  25              	_turnOnMotorFlag:
  26 0000 00       		.space	1
  27              	_turnOffMotorFlag:
  28 0001 00       		.space	1
  29 0002 00000000 		.align	3
  29      0000
  30              	_motorSetSpeed:
  31 0008 00000000 		.space	8
  31      00000000 
  32              		.section	.text.Motor_Run,"ax",%progbits
  33              		.align	2
  34              		.global	Motor_Run
  35              		.thumb
  36              		.thumb_func
  37              		.type	Motor_Run, %function
  38              	Motor_Run:
  39              	.LFB29:
  40              		.file 1 ".\\Motor.c"
   1:.\Motor.c     **** //!
   2:.\Motor.c     **** //! @file 		Motor.c
   3:.\Motor.c     **** //! @author 	Geoffrey Hunter (gbmhunter@gmail.com)
   4:.\Motor.c     **** //! @date 		14/05/2011
   5:.\Motor.c     **** //! @brief 		Motor control functions
   6:.\Motor.c     **** //! @details
   7:.\Motor.c     **** //!		<b>Last Modified:			</b> 14/05/2011								\n
   8:.\Motor.c     **** //!		<b>Version:					</b> v1.0									\n
   9:.\Motor.c     **** //!		<b>Company:					</b> CladLabs								\n
  10:.\Motor.c     **** //!		<b>Project:					</b> Electric Skateboard - Skateboard Remote\n
  11:.\Motor.c     **** //!		<b>Computer Architecture:	</b> ARM									\n
ARM GAS  C:\Users\Geo\AppData\Local\Temp\ccwhaDRz.s 			page 2


  12:.\Motor.c     **** //!		<b>Compiler:				</b> GCC									\n
  13:.\Motor.c     **** //! 	<b>uC Model:				</b> PSoC5									\n
  14:.\Motor.c     **** //!		<b>Documentation Format:	</b> Doxygen								\n
  15:.\Motor.c     **** //!		
  16:.\Motor.c     **** //!		Controls the motor speed and states
  17:.\Motor.c     **** //!
  18:.\Motor.c     **** 
  19:.\Motor.c     **** //=================================================================================================
  20:.\Motor.c     **** //============================================ INFO ===============================================
  21:.\Motor.c     **** //=================================================================================================
  22:.\Motor.c     **** 
  23:.\Motor.c     **** //=================================================================================================
  24:.\Motor.c     **** //======================================= FILE INCLUSIONS =========================================
  25:.\Motor.c     **** //=================================================================================================
  26:.\Motor.c     **** 
  27:.\Motor.c     **** #include <device.h>						// PSoC creator files
  28:.\Motor.c     **** #include <stdio.h>						// Used for snprintf() function
  29:.\Motor.c     **** #include <stdlib.h>						// Used for abs() function
  30:.\Motor.c     **** #include "../common/PublicObjects.h"
  31:.\Motor.c     **** #include "Comms.h"
  32:.\Motor.c     **** 
  33:.\Motor.c     **** #include "Config.h"
  34:.\Motor.c     **** #include "Motor.h"
  35:.\Motor.c     **** 
  36:.\Motor.c     **** typedef enum
  37:.\Motor.c     **** {
  38:.\Motor.c     **** 	motorInit,
  39:.\Motor.c     **** 	motorOff,
  40:.\Motor.c     **** 	motorOn
  41:.\Motor.c     **** } motorStates_t;
  42:.\Motor.c     **** 
  43:.\Motor.c     **** //=================================================================================================
  44:.\Motor.c     **** //==================================== PRIVATE VARIABLES ==========================================
  45:.\Motor.c     **** //=================================================================================================
  46:.\Motor.c     **** 
  47:.\Motor.c     **** static bool_t _turnOnMotorFlag = FALSE;
  48:.\Motor.c     **** static bool_t _turnOffMotorFlag = FALSE;
  49:.\Motor.c     **** 
  50:.\Motor.c     **** //static double _motorSetValue = 0.0;
  51:.\Motor.c     **** //static double _motorCurrentValue = 0.0;
  52:.\Motor.c     **** static double _motorSetSpeed = 0.0;
  53:.\Motor.c     **** 
  54:.\Motor.c     **** //=================================================================================================
  55:.\Motor.c     **** //=============================== PRIVATE FUNCTION PROTOTYPES =====================================
  56:.\Motor.c     **** //=================================================================================================
  57:.\Motor.c     **** 
  58:.\Motor.c     **** double Motor_Convert16BitSpeedToPercentage(uint16_t speed);
  59:.\Motor.c     **** void Motor_ControlMotorSpeed(uint32_t currentStateCount);
  60:.\Motor.c     **** 
  61:.\Motor.c     **** //=================================================================================================
  62:.\Motor.c     **** //===================================== PUBLIC FUNCTIONS ==========================================
  63:.\Motor.c     **** //=================================================================================================
  64:.\Motor.c     **** 
  65:.\Motor.c     **** //! @brief		Updates the motor speed from the current value retrieved by the comms
  66:.\Motor.c     **** void Motor_Run(void)
  67:.\Motor.c     **** {
  41              		.loc 1 67 0
ARM GAS  C:\Users\Geo\AppData\Local\Temp\ccwhaDRz.s 			page 3


  42              		.cfi_startproc
  43              		@ args = 0, pretend = 0, frame = 0
  44              		@ frame_needed = 1, uses_anonymous_args = 0
  45 0000 98B5     		push	{r3, r4, r7, lr}
  46              	.LCFI0:
  47              		.cfi_def_cfa_offset 16
  48 0002 00AF     		add	r7, sp, #0
  49              		.cfi_offset 14, -4
  50              		.cfi_offset 7, -8
  51              		.cfi_offset 4, -12
  52              		.cfi_offset 3, -16
  53              	.LCFI1:
  54              		.cfi_def_cfa_register 7
  68:.\Motor.c     **** 	static uint32_t stateCounter = 0;
  69:.\Motor.c     **** 	
  70:.\Motor.c     **** 	static uint16_t motorSetSpeed16Bit = 0;
  71:.\Motor.c     **** 	
  72:.\Motor.c     **** 	static motorStates_t motorState = motorInit;
  73:.\Motor.c     **** 	static motorStates_t prevMotorState = motorInit;
  74:.\Motor.c     **** 	
  75:.\Motor.c     **** 	switch(motorState)
  55              		.loc 1 75 0
  56 0004 40F20003 		movw	r3, #:lower16:motorState.4087
  57 0008 C0F20003 		movt	r3, #:upper16:motorState.4087
  58 000c 1B78     		ldrb	r3, [r3, #0]	@ zero_extendqisi2
  59 000e 012B     		cmp	r3, #1
  60 0010 0ED0     		beq	.L4
  61 0012 022B     		cmp	r3, #2
  62 0014 38D0     		beq	.L5
  63 0016 002B     		cmp	r3, #0
  64 0018 40F09280 		bne	.L2
  65              	.L3:
  76:.\Motor.c     **** 	{
  77:.\Motor.c     **** 		case motorInit:
  78:.\Motor.c     **** 			#if(configDEBUG_MOTOR == 1)
  79:.\Motor.c     **** 				UartDebug_PutString("MOTOR: Entering motorInit state.\r\n");
  80:.\Motor.c     **** 			#endif
  81:.\Motor.c     **** 			PwmMotor_Start();
  66              		.loc 1 81 0
  67 001c FFF7FEFF 		bl	PwmMotor_Start
  82:.\Motor.c     **** 			// Init finished, go to motorOff state
  83:.\Motor.c     **** 			motorState = motorOff;
  68              		.loc 1 83 0
  69 0020 40F20003 		movw	r3, #:lower16:motorState.4087
  70 0024 C0F20003 		movt	r3, #:upper16:motorState.4087
  71 0028 4FF00102 		mov	r2, #1
  72 002c 1A70     		strb	r2, [r3, #0]
  84:.\Motor.c     **** 			break;
  73              		.loc 1 84 0
  74 002e 87E0     		b	.L2
  75              	.L4:
  85:.\Motor.c     **** 		case motorOff:
  86:.\Motor.c     **** 			if(prevMotorState != motorState)
  76              		.loc 1 86 0
  77 0030 40F20003 		movw	r3, #:lower16:prevMotorState.4088
  78 0034 C0F20003 		movt	r3, #:upper16:prevMotorState.4088
  79 0038 1A78     		ldrb	r2, [r3, #0]	@ zero_extendqisi2
ARM GAS  C:\Users\Geo\AppData\Local\Temp\ccwhaDRz.s 			page 4


  80 003a 40F20003 		movw	r3, #:lower16:motorState.4087
  81 003e C0F20003 		movt	r3, #:upper16:motorState.4087
  82 0042 1B78     		ldrb	r3, [r3, #0]	@ zero_extendqisi2
  83 0044 9A42     		cmp	r2, r3
  84 0046 09D0     		beq	.L6
  87:.\Motor.c     **** 			{
  88:.\Motor.c     **** 				#if(configDEBUG_MOTOR == 1)
  89:.\Motor.c     **** 					UartDebug_PutString("MOTOR: Entering motorOff state.\r\n");
  90:.\Motor.c     **** 				#endif
  91:.\Motor.c     **** 				prevMotorState = motorState;
  85              		.loc 1 91 0
  86 0048 40F20003 		movw	r3, #:lower16:motorState.4087
  87 004c C0F20003 		movt	r3, #:upper16:motorState.4087
  88 0050 1A78     		ldrb	r2, [r3, #0]	@ zero_extendqisi2
  89 0052 40F20003 		movw	r3, #:lower16:prevMotorState.4088
  90 0056 C0F20003 		movt	r3, #:upper16:prevMotorState.4088
  91 005a 1A70     		strb	r2, [r3, #0]
  92              	.L6:
  92:.\Motor.c     **** 			}
  93:.\Motor.c     **** 			
  94:.\Motor.c     **** 			if(_turnOnMotorFlag)
  93              		.loc 1 94 0
  94 005c 40F20003 		movw	r3, #:lower16:_turnOnMotorFlag
  95 0060 C0F20003 		movt	r3, #:upper16:_turnOnMotorFlag
  96 0064 1B78     		ldrb	r3, [r3, #0]	@ zero_extendqisi2
  97 0066 002B     		cmp	r3, #0
  98 0068 69D0     		beq	.L10
  95:.\Motor.c     **** 			{
  96:.\Motor.c     **** 				motorState = motorOn;
  99              		.loc 1 96 0
 100 006a 40F20003 		movw	r3, #:lower16:motorState.4087
 101 006e C0F20003 		movt	r3, #:upper16:motorState.4087
 102 0072 4FF00202 		mov	r2, #2
 103 0076 1A70     		strb	r2, [r3, #0]
  97:.\Motor.c     **** 				_turnOnMotorFlag = FALSE;
 104              		.loc 1 97 0
 105 0078 40F20003 		movw	r3, #:lower16:_turnOnMotorFlag
 106 007c C0F20003 		movt	r3, #:upper16:_turnOnMotorFlag
 107 0080 4FF00002 		mov	r2, #0
 108 0084 1A70     		strb	r2, [r3, #0]
  98:.\Motor.c     **** 			}
  99:.\Motor.c     **** 			break;
 109              		.loc 1 99 0
 110 0086 5BE0     		b	.L2
 111              	.L5:
 100:.\Motor.c     **** 		case motorOn:
 101:.\Motor.c     **** 			if(prevMotorState != motorState)
 112              		.loc 1 101 0
 113 0088 40F20003 		movw	r3, #:lower16:prevMotorState.4088
 114 008c C0F20003 		movt	r3, #:upper16:prevMotorState.4088
 115 0090 1A78     		ldrb	r2, [r3, #0]	@ zero_extendqisi2
 116 0092 40F20003 		movw	r3, #:lower16:motorState.4087
 117 0096 C0F20003 		movt	r3, #:upper16:motorState.4087
 118 009a 1B78     		ldrb	r3, [r3, #0]	@ zero_extendqisi2
 119 009c 9A42     		cmp	r2, r3
 120 009e 09D0     		beq	.L8
 102:.\Motor.c     **** 			{
ARM GAS  C:\Users\Geo\AppData\Local\Temp\ccwhaDRz.s 			page 5


 103:.\Motor.c     **** 				#if(configDEBUG_MOTOR == 1)
 104:.\Motor.c     **** 					UartDebug_PutString("MOTOR: Entering motorOn state.\r\n");
 105:.\Motor.c     **** 				#endif
 106:.\Motor.c     **** 				// Start the PWM peripheral
 107:.\Motor.c     **** 				//PwmMotor_Start();
 108:.\Motor.c     **** 				prevMotorState = motorState;
 121              		.loc 1 108 0
 122 00a0 40F20003 		movw	r3, #:lower16:motorState.4087
 123 00a4 C0F20003 		movt	r3, #:upper16:motorState.4087
 124 00a8 1A78     		ldrb	r2, [r3, #0]	@ zero_extendqisi2
 125 00aa 40F20003 		movw	r3, #:lower16:prevMotorState.4088
 126 00ae C0F20003 		movt	r3, #:upper16:prevMotorState.4088
 127 00b2 1A70     		strb	r2, [r3, #0]
 128              	.L8:
 109:.\Motor.c     **** 			}
 110:.\Motor.c     **** 			
 111:.\Motor.c     **** 			// Get motor set speed from comms
 112:.\Motor.c     **** 			motorSetSpeed16Bit = ((Comms_GetByte(commsMOTOR_HIGH_BYTE_POS)<<8) | (Comms_GetByte(commsMOTOR_L
 129              		.loc 1 112 0
 130 00b4 4FF00500 		mov	r0, #5
 131 00b8 FFF7FEFF 		bl	Comms_GetByte
 132 00bc 0346     		mov	r3, r0
 133 00be 4FEA0323 		lsl	r3, r3, #8
 134 00c2 9CB2     		uxth	r4, r3
 135 00c4 4FF00600 		mov	r0, #6
 136 00c8 FFF7FEFF 		bl	Comms_GetByte
 137 00cc 0346     		mov	r3, r0
 138 00ce 2246     		mov	r2, r4	@ movhi
 139 00d0 42EA0303 		orr	r3, r2, r3
 140 00d4 9BB2     		uxth	r3, r3
 141 00d6 9AB2     		uxth	r2, r3
 142 00d8 40F20003 		movw	r3, #:lower16:motorSetSpeed16Bit.4086
 143 00dc C0F20003 		movt	r3, #:upper16:motorSetSpeed16Bit.4086
 144 00e0 1A80     		strh	r2, [r3, #0]	@ movhi
 113:.\Motor.c     **** 			
 114:.\Motor.c     **** 			_motorSetSpeed = Motor_Convert16BitSpeedToPercentage(motorSetSpeed16Bit);
 145              		.loc 1 114 0
 146 00e2 40F20003 		movw	r3, #:lower16:motorSetSpeed16Bit.4086
 147 00e6 C0F20003 		movt	r3, #:upper16:motorSetSpeed16Bit.4086
 148 00ea 1B88     		ldrh	r3, [r3, #0]
 149 00ec 1846     		mov	r0, r3
 150 00ee FFF7FEFF 		bl	Motor_Convert16BitSpeedToPercentage
 151 00f2 40F20003 		movw	r3, #:lower16:_motorSetSpeed
 152 00f6 C0F20003 		movt	r3, #:upper16:_motorSetSpeed
 153 00fa C3E90001 		strd	r0, [r3]
 115:.\Motor.c     **** 			
 116:.\Motor.c     **** 			// Controlling of motor is done after switch statement
 117:.\Motor.c     **** 			//Motor_ControlMotorSpeed(stateCounter);
 118:.\Motor.c     **** 			
 119:.\Motor.c     **** 			if(_turnOffMotorFlag)
 154              		.loc 1 119 0
 155 00fe 40F20003 		movw	r3, #:lower16:_turnOffMotorFlag
 156 0102 C0F20003 		movt	r3, #:upper16:_turnOffMotorFlag
 157 0106 1B78     		ldrb	r3, [r3, #0]	@ zero_extendqisi2
 158 0108 002B     		cmp	r3, #0
 159 010a 19D0     		beq	.L2
 120:.\Motor.c     **** 			{
ARM GAS  C:\Users\Geo\AppData\Local\Temp\ccwhaDRz.s 			page 6


 121:.\Motor.c     **** 				// Turn of command to motor
 122:.\Motor.c     **** 				_motorSetSpeed = 0.0;
 160              		.loc 1 122 0
 161 010c 40F20003 		movw	r3, #:lower16:_motorSetSpeed
 162 0110 C0F20003 		movt	r3, #:upper16:_motorSetSpeed
 163 0114 4FF00000 		mov	r0, #0
 164 0118 4FF00001 		mov	r1, #0
 165 011c C3E90001 		strd	r0, [r3]
 123:.\Motor.c     **** 				//Motor_SetSpeed(0);
 124:.\Motor.c     **** 				// Stop the PWM peripheral
 125:.\Motor.c     **** 				//PwmMotor_Stop();
 126:.\Motor.c     **** 				motorState = motorOff;
 166              		.loc 1 126 0
 167 0120 40F20003 		movw	r3, #:lower16:motorState.4087
 168 0124 C0F20003 		movt	r3, #:upper16:motorState.4087
 169 0128 4FF00102 		mov	r2, #1
 170 012c 1A70     		strb	r2, [r3, #0]
 127:.\Motor.c     **** 				_turnOffMotorFlag = FALSE;
 171              		.loc 1 127 0
 172 012e 40F20003 		movw	r3, #:lower16:_turnOffMotorFlag
 173 0132 C0F20003 		movt	r3, #:upper16:_turnOffMotorFlag
 174 0136 4FF00002 		mov	r2, #0
 175 013a 1A70     		strb	r2, [r3, #0]
 176 013c 00E0     		b	.L2
 177              	.L10:
 178              		.loc 1 99 0
 179 013e 00BF     		nop
 180              	.L2:
 128:.\Motor.c     **** 				break;
 129:.\Motor.c     **** 			}
 130:.\Motor.c     **** 			break;
 131:.\Motor.c     **** 	}
 132:.\Motor.c     **** 	
 133:.\Motor.c     **** 	// No matter what, call ControlMotorSpeed
 134:.\Motor.c     **** 	Motor_ControlMotorSpeed(stateCounter);
 181              		.loc 1 134 0
 182 0140 40F20003 		movw	r3, #:lower16:stateCounter.4085
 183 0144 C0F20003 		movt	r3, #:upper16:stateCounter.4085
 184 0148 1B68     		ldr	r3, [r3, #0]
 185 014a 1846     		mov	r0, r3
 186 014c FFF7FEFF 		bl	Motor_ControlMotorSpeed
 135:.\Motor.c     **** 	
 136:.\Motor.c     **** 	stateCounter++;
 187              		.loc 1 136 0
 188 0150 40F20003 		movw	r3, #:lower16:stateCounter.4085
 189 0154 C0F20003 		movt	r3, #:upper16:stateCounter.4085
 190 0158 1B68     		ldr	r3, [r3, #0]
 191 015a 03F10102 		add	r2, r3, #1
 192 015e 40F20003 		movw	r3, #:lower16:stateCounter.4085
 193 0162 C0F20003 		movt	r3, #:upper16:stateCounter.4085
 194 0166 1A60     		str	r2, [r3, #0]
 137:.\Motor.c     **** }
 195              		.loc 1 137 0
 196 0168 98BD     		pop	{r3, r4, r7, pc}
 197              		.cfi_endproc
 198              	.LFE29:
 199              		.size	Motor_Run, .-Motor_Run
ARM GAS  C:\Users\Geo\AppData\Local\Temp\ccwhaDRz.s 			page 7


 200              		.global	__aeabi_ui2d
 201              		.global	__aeabi_ddiv
 202              		.global	__aeabi_dmul
 203              		.global	__aeabi_dadd
 204 016a 00BF     		.section	.text.Motor_Convert16BitSpeedToPercentage,"ax",%progbits
 205              		.align	2
 206              		.global	Motor_Convert16BitSpeedToPercentage
 207              		.thumb
 208              		.thumb_func
 209              		.type	Motor_Convert16BitSpeedToPercentage, %function
 210              	Motor_Convert16BitSpeedToPercentage:
 211              	.LFB30:
 138:.\Motor.c     **** 
 139:.\Motor.c     **** 
 140:.\Motor.c     **** //! @brief		Sets the motor speed.
 141:.\Motor.c     **** //! @note		Accepts value from 0 to 65535
 142:.\Motor.c     **** double Motor_Convert16BitSpeedToPercentage(uint16_t speed)
 143:.\Motor.c     **** {
 212              		.loc 1 143 0
 213              		.cfi_startproc
 214              		@ args = 0, pretend = 0, frame = 24
 215              		@ frame_needed = 1, uses_anonymous_args = 0
 216 0000 80B5     		push	{r7, lr}
 217              	.LCFI2:
 218              		.cfi_def_cfa_offset 8
 219 0002 86B0     		sub	sp, sp, #24
 220              	.LCFI3:
 221              		.cfi_def_cfa_offset 32
 222 0004 00AF     		add	r7, sp, #0
 223              		.cfi_offset 14, -4
 224              		.cfi_offset 7, -8
 225              	.LCFI4:
 226              		.cfi_def_cfa_register 7
 227 0006 0346     		mov	r3, r0
 228 0008 FB80     		strh	r3, [r7, #6]	@ movhi
 144:.\Motor.c     **** 	// Using 32-bit values so overflows do not occur
 145:.\Motor.c     **** 	double difference = configMOTOR_MAX_THROTTLE - configMOTOR_MIN_THROTTLE;
 229              		.loc 1 145 0
 230 000a 4FF00002 		mov	r2, #0
 231 000e 4FF08043 		mov	r3, #1073741824
 232 0012 03F5B203 		add	r3, r3, #5832704
 233 0016 C7E90223 		strd	r2, [r7, #8]
 146:.\Motor.c     **** 	double adjustedSpeed = ((double)speed/65535.0)*difference + configMOTOR_MIN_THROTTLE;
 234              		.loc 1 146 0
 235 001a FB88     		ldrh	r3, [r7, #6]
 236 001c 1846     		mov	r0, r3
 237 001e FFF7FEFF 		bl	__aeabi_ui2d
 238 0022 0246     		mov	r2, r0
 239 0024 0B46     		mov	r3, r1
 240 0026 1046     		mov	r0, r2
 241 0028 1946     		mov	r1, r3
 242 002a 11A3     		adr	r3, .L13
 243 002c D3E90023 		ldrd	r2, [r3]
 244 0030 FFF7FEFF 		bl	__aeabi_ddiv
 245 0034 0246     		mov	r2, r0
 246 0036 0B46     		mov	r3, r1
 247 0038 1046     		mov	r0, r2
ARM GAS  C:\Users\Geo\AppData\Local\Temp\ccwhaDRz.s 			page 8


 248 003a 1946     		mov	r1, r3
 249 003c D7E90223 		ldrd	r2, [r7, #8]
 250 0040 FFF7FEFF 		bl	__aeabi_dmul
 251 0044 0246     		mov	r2, r0
 252 0046 0B46     		mov	r3, r1
 253 0048 1046     		mov	r0, r2
 254 004a 1946     		mov	r1, r3
 255 004c 4FF00002 		mov	r2, #0
 256 0050 4FF00003 		mov	r3, #0
 257 0054 FFF7FEFF 		bl	__aeabi_dadd
 258 0058 0246     		mov	r2, r0
 259 005a 0B46     		mov	r3, r1
 260 005c C7E90423 		strd	r2, [r7, #16]
 147:.\Motor.c     **** 	
 148:.\Motor.c     **** 	return adjustedSpeed;
 261              		.loc 1 148 0
 262 0060 D7E90423 		ldrd	r2, [r7, #16]
 149:.\Motor.c     **** 
 150:.\Motor.c     **** }
 263              		.loc 1 150 0
 264 0064 1046     		mov	r0, r2
 265 0066 1946     		mov	r1, r3
 266 0068 07F11807 		add	r7, r7, #24
 267 006c BD46     		mov	sp, r7
 268 006e 80BD     		pop	{r7, pc}
 269              	.L14:
 270              		.align	3
 271              	.L13:
 272 0070 00000000 		.word	0
 273 0074 E0FFEF40 		.word	1089470432
 274              		.cfi_endproc
 275              	.LFE30:
 276              		.size	Motor_Convert16BitSpeedToPercentage, .-Motor_Convert16BitSpeedToPercentage
 277              		.global	__aeabi_dsub
 278              		.global	__aeabi_dcmpgt
 279              		.global	__aeabi_dcmplt
 280              		.global	__aeabi_d2iz
 281              		.global	__aeabi_d2uiz
 282              		.section	.text.Motor_ControlMotorSpeed,"ax",%progbits
 283              		.align	2
 284              		.global	Motor_ControlMotorSpeed
 285              		.thumb
 286              		.thumb_func
 287              		.type	Motor_ControlMotorSpeed, %function
 288              	Motor_ControlMotorSpeed:
 289              	.LFB31:
 151:.\Motor.c     **** 
 152:.\Motor.c     **** //! @brief		Controls the actual motor speed based on the set speed sent from the remote
 153:.\Motor.c     **** //! @note		Call as fast as possible for the best control (e.g. every state cycle (10ms))
 154:.\Motor.c     **** void Motor_ControlMotorSpeed(uint32_t currentStateCount)
 155:.\Motor.c     **** {
 290              		.loc 1 155 0
 291              		.cfi_startproc
 292              		@ args = 0, pretend = 0, frame = 72
 293              		@ frame_needed = 1, uses_anonymous_args = 0
 294 0000 B0B5     		push	{r4, r5, r7, lr}
 295              	.LCFI5:
ARM GAS  C:\Users\Geo\AppData\Local\Temp\ccwhaDRz.s 			page 9


 296              		.cfi_def_cfa_offset 16
 297 0002 92B0     		sub	sp, sp, #72
 298              	.LCFI6:
 299              		.cfi_def_cfa_offset 88
 300 0004 00AF     		add	r7, sp, #0
 301              		.cfi_offset 14, -4
 302              		.cfi_offset 7, -8
 303              		.cfi_offset 5, -12
 304              		.cfi_offset 4, -16
 305              	.LCFI7:
 306              		.cfi_def_cfa_register 7
 307 0006 7860     		str	r0, [r7, #4]
 156:.\Motor.c     **** 	static double lastMotorSpeed = 0;
 157:.\Motor.c     **** 	static double lastMotorAccel = 0;			//!< Units speed percent per second^2
 158:.\Motor.c     **** 	static double lastStateCount = 0;
 159:.\Motor.c     **** 	
 160:.\Motor.c     **** 	// Calculate the change in time since the last call
 161:.\Motor.c     **** 	double changeInTime = (currentStateCount - lastStateCount)*configMAIN_TICK_PERIOD_MS/1000.0;
 308              		.loc 1 161 0
 309 0008 7868     		ldr	r0, [r7, #4]
 310 000a FFF7FEFF 		bl	__aeabi_ui2d
 311 000e 40F20003 		movw	r3, #:lower16:lastStateCount.4139
 312 0012 C0F20003 		movt	r3, #:upper16:lastStateCount.4139
 313 0016 D3E90023 		ldrd	r2, [r3]
 314 001a FFF7FEFF 		bl	__aeabi_dsub
 315 001e 0246     		mov	r2, r0
 316 0020 0B46     		mov	r3, r1
 317 0022 1046     		mov	r0, r2
 318 0024 1946     		mov	r1, r3
 319 0026 4FF00002 		mov	r2, #0
 320 002a 4FF08043 		mov	r3, #1073741824
 321 002e 03F51013 		add	r3, r3, #2359296
 322 0032 FFF7FEFF 		bl	__aeabi_dmul
 323 0036 0246     		mov	r2, r0
 324 0038 0B46     		mov	r3, r1
 325 003a 1046     		mov	r0, r2
 326 003c 1946     		mov	r1, r3
 327 003e D2A3     		adr	r3, .L33
 328 0040 D3E90023 		ldrd	r2, [r3]
 329 0044 FFF7FEFF 		bl	__aeabi_ddiv
 330 0048 0246     		mov	r2, r0
 331 004a 0B46     		mov	r3, r1
 332 004c C7E90223 		strd	r2, [r7, #8]
 162:.\Motor.c     **** 	
 163:.\Motor.c     **** 	double changeInSpeed = _motorSetSpeed - lastMotorSpeed;
 333              		.loc 1 163 0
 334 0050 40F20003 		movw	r3, #:lower16:_motorSetSpeed
 335 0054 C0F20003 		movt	r3, #:upper16:_motorSetSpeed
 336 0058 D3E90001 		ldrd	r0, [r3]
 337 005c 40F20003 		movw	r3, #:lower16:lastMotorSpeed.4137
 338 0060 C0F20003 		movt	r3, #:upper16:lastMotorSpeed.4137
 339 0064 D3E90023 		ldrd	r2, [r3]
 340 0068 FFF7FEFF 		bl	__aeabi_dsub
 341 006c 0246     		mov	r2, r0
 342 006e 0B46     		mov	r3, r1
 343 0070 C7E90423 		strd	r2, [r7, #16]
 164:.\Motor.c     **** 	
ARM GAS  C:\Users\Geo\AppData\Local\Temp\ccwhaDRz.s 			page 10


 165:.\Motor.c     **** 	//============================== ACCELERATION LIMITING =========================================//
 166:.\Motor.c     **** 	
 167:.\Motor.c     **** 	// Calculate the requested acceleration
 168:.\Motor.c     **** 	double acceleration = (_motorSetSpeed - lastMotorSpeed)/changeInTime;
 344              		.loc 1 168 0
 345 0074 40F20003 		movw	r3, #:lower16:_motorSetSpeed
 346 0078 C0F20003 		movt	r3, #:upper16:_motorSetSpeed
 347 007c D3E90001 		ldrd	r0, [r3]
 348 0080 40F20003 		movw	r3, #:lower16:lastMotorSpeed.4137
 349 0084 C0F20003 		movt	r3, #:upper16:lastMotorSpeed.4137
 350 0088 D3E90023 		ldrd	r2, [r3]
 351 008c FFF7FEFF 		bl	__aeabi_dsub
 352 0090 0246     		mov	r2, r0
 353 0092 0B46     		mov	r3, r1
 354 0094 1046     		mov	r0, r2
 355 0096 1946     		mov	r1, r3
 356 0098 D7E90223 		ldrd	r2, [r7, #8]
 357 009c FFF7FEFF 		bl	__aeabi_ddiv
 358 00a0 0246     		mov	r2, r0
 359 00a2 0B46     		mov	r3, r1
 360 00a4 C7E90623 		strd	r2, [r7, #24]
 169:.\Motor.c     **** 	
 170:.\Motor.c     **** 	//Limit the maximum acceleration of the motor
 171:.\Motor.c     **** 	double motorSpeedAccelLimited = 0.0;
 361              		.loc 1 171 0
 362 00a8 4FF00002 		mov	r2, #0
 363 00ac 4FF00003 		mov	r3, #0
 364 00b0 C7E90823 		strd	r2, [r7, #32]
 172:.\Motor.c     **** 	if(acceleration > configMOTOR_MAX_ACCEL_PERCENT_SPEED_PER_SEC2)
 365              		.loc 1 172 0
 366 00b4 4FF00003 		mov	r3, #0
 367 00b8 1C46     		mov	r4, r3
 368 00ba D7E90601 		ldrd	r0, [r7, #24]
 369 00be B4A3     		adr	r3, .L33+8
 370 00c0 D3E90023 		ldrd	r2, [r3]
 371 00c4 FFF7FEFF 		bl	__aeabi_dcmpgt
 372 00c8 0346     		mov	r3, r0
 373 00ca 002B     		cmp	r3, #0
 374 00cc 02D0     		beq	.L16
 375              	.L17:
 376 00ce 4FF00103 		mov	r3, #1
 377 00d2 1C46     		mov	r4, r3
 378              	.L16:
 379 00d4 E3B2     		uxtb	r3, r4
 380 00d6 002B     		cmp	r3, #0
 381 00d8 17D0     		beq	.L18
 173:.\Motor.c     **** 	{
 174:.\Motor.c     **** 		motorSpeedAccelLimited = lastMotorSpeed + configMOTOR_MAX_ACCEL_PERCENT_SPEED_PER_SEC2*changeInTi
 382              		.loc 1 174 0
 383 00da D7E90201 		ldrd	r0, [r7, #8]
 384 00de ACA3     		adr	r3, .L33+8
 385 00e0 D3E90023 		ldrd	r2, [r3]
 386 00e4 FFF7FEFF 		bl	__aeabi_dmul
 387 00e8 0246     		mov	r2, r0
 388 00ea 0B46     		mov	r3, r1
 389 00ec 1046     		mov	r0, r2
 390 00ee 1946     		mov	r1, r3
ARM GAS  C:\Users\Geo\AppData\Local\Temp\ccwhaDRz.s 			page 11


 391 00f0 40F20003 		movw	r3, #:lower16:lastMotorSpeed.4137
 392 00f4 C0F20003 		movt	r3, #:upper16:lastMotorSpeed.4137
 393 00f8 D3E90023 		ldrd	r2, [r3]
 394 00fc FFF7FEFF 		bl	__aeabi_dadd
 395 0100 0246     		mov	r2, r0
 396 0102 0B46     		mov	r3, r1
 397 0104 C7E90823 		strd	r2, [r7, #32]
 398 0108 32E0     		b	.L19
 399              	.L18:
 175:.\Motor.c     **** 		#if(configDEBUG_MOTOR == 1)
 176:.\Motor.c     **** 			UartDebug_PutString("MOTOR: Requested speed is acceleration limited (positive).\r\n");
 177:.\Motor.c     **** 		#endif
 178:.\Motor.c     **** 	}
 179:.\Motor.c     **** 	else if(acceleration < -configMOTOR_MAX_ACCEL_PERCENT_SPEED_PER_SEC2)
 400              		.loc 1 179 0
 401 010a 4FF00003 		mov	r3, #0
 402 010e 1C46     		mov	r4, r3
 403 0110 D7E90601 		ldrd	r0, [r7, #24]
 404 0114 A0A3     		adr	r3, .L33+16
 405 0116 D3E90023 		ldrd	r2, [r3]
 406 011a FFF7FEFF 		bl	__aeabi_dcmplt
 407 011e 0346     		mov	r3, r0
 408 0120 002B     		cmp	r3, #0
 409 0122 02D0     		beq	.L20
 410              	.L21:
 411 0124 4FF00103 		mov	r3, #1
 412 0128 1C46     		mov	r4, r3
 413              	.L20:
 414 012a E3B2     		uxtb	r3, r4
 415 012c 002B     		cmp	r3, #0
 416 012e 17D0     		beq	.L22
 180:.\Motor.c     **** 	{
 181:.\Motor.c     **** 		motorSpeedAccelLimited = lastMotorSpeed - configMOTOR_MAX_ACCEL_PERCENT_SPEED_PER_SEC2*changeInTi
 417              		.loc 1 181 0
 418 0130 D7E90201 		ldrd	r0, [r7, #8]
 419 0134 98A3     		adr	r3, .L33+16
 420 0136 D3E90023 		ldrd	r2, [r3]
 421 013a FFF7FEFF 		bl	__aeabi_dmul
 422 013e 0246     		mov	r2, r0
 423 0140 0B46     		mov	r3, r1
 424 0142 1046     		mov	r0, r2
 425 0144 1946     		mov	r1, r3
 426 0146 40F20003 		movw	r3, #:lower16:lastMotorSpeed.4137
 427 014a C0F20003 		movt	r3, #:upper16:lastMotorSpeed.4137
 428 014e D3E90023 		ldrd	r2, [r3]
 429 0152 FFF7FEFF 		bl	__aeabi_dadd
 430 0156 0246     		mov	r2, r0
 431 0158 0B46     		mov	r3, r1
 432 015a C7E90823 		strd	r2, [r7, #32]
 433 015e 07E0     		b	.L19
 434              	.L22:
 182:.\Motor.c     **** 		#if(configDEBUG_MOTOR == 1)
 183:.\Motor.c     **** 			UartDebug_PutString("MOTOR: Requested speed is acceleration limited (negative).\r\n");
 184:.\Motor.c     **** 		#endif
 185:.\Motor.c     **** 	}
 186:.\Motor.c     **** 	else
 187:.\Motor.c     **** 	// No limmiting neccessary for acceleration
ARM GAS  C:\Users\Geo\AppData\Local\Temp\ccwhaDRz.s 			page 12


 188:.\Motor.c     **** 		motorSpeedAccelLimited = _motorSetSpeed;
 435              		.loc 1 188 0
 436 0160 40F20003 		movw	r3, #:lower16:_motorSetSpeed
 437 0164 C0F20003 		movt	r3, #:upper16:_motorSetSpeed
 438 0168 D3E90023 		ldrd	r2, [r3]
 439 016c C7E90823 		strd	r2, [r7, #32]
 440              	.L19:
 189:.\Motor.c     **** 		
 190:.\Motor.c     **** 	//========================================= JERK LIMITING ======================================//
 191:.\Motor.c     **** 	
 192:.\Motor.c     **** 	// Calculate the requested jerk
 193:.\Motor.c     **** 	double jerk = (acceleration - lastMotorAccel)/changeInTime;
 441              		.loc 1 193 0
 442 0170 40F20003 		movw	r3, #:lower16:lastMotorAccel.4138
 443 0174 C0F20003 		movt	r3, #:upper16:lastMotorAccel.4138
 444 0178 D3E90023 		ldrd	r2, [r3]
 445 017c D7E90601 		ldrd	r0, [r7, #24]
 446 0180 FFF7FEFF 		bl	__aeabi_dsub
 447 0184 0246     		mov	r2, r0
 448 0186 0B46     		mov	r3, r1
 449 0188 1046     		mov	r0, r2
 450 018a 1946     		mov	r1, r3
 451 018c D7E90223 		ldrd	r2, [r7, #8]
 452 0190 FFF7FEFF 		bl	__aeabi_ddiv
 453 0194 0246     		mov	r2, r0
 454 0196 0B46     		mov	r3, r1
 455 0198 C7E90A23 		strd	r2, [r7, #40]
 194:.\Motor.c     **** 	
 195:.\Motor.c     **** 	//Limit the maximum acceleration of the motor
 196:.\Motor.c     **** 	double motorSpeedJerkLimited = 0.0;
 456              		.loc 1 196 0
 457 019c 4FF00002 		mov	r2, #0
 458 01a0 4FF00003 		mov	r3, #0
 459 01a4 C7E90C23 		strd	r2, [r7, #48]
 197:.\Motor.c     **** 	if(jerk > configMOTOR_MAX_JERK_PERCENT_SPEED_PER_SEC3)
 460              		.loc 1 197 0
 461 01a8 4FF00003 		mov	r3, #0
 462 01ac 1C46     		mov	r4, r3
 463 01ae D7E90A01 		ldrd	r0, [r7, #40]
 464 01b2 7BA3     		adr	r3, .L33+24
 465 01b4 D3E90023 		ldrd	r2, [r3]
 466 01b8 FFF7FEFF 		bl	__aeabi_dcmpgt
 467 01bc 0346     		mov	r3, r0
 468 01be 002B     		cmp	r3, #0
 469 01c0 02D0     		beq	.L23
 470              	.L24:
 471 01c2 4FF00103 		mov	r3, #1
 472 01c6 1C46     		mov	r4, r3
 473              	.L23:
 474 01c8 E3B2     		uxtb	r3, r4
 475 01ca 002B     		cmp	r3, #0
 476 01cc 1FD0     		beq	.L25
 198:.\Motor.c     **** 	{
 199:.\Motor.c     **** 		motorSpeedJerkLimited = lastMotorSpeed + configMOTOR_MAX_JERK_PERCENT_SPEED_PER_SEC3*changeInTime
 477              		.loc 1 199 0
 478 01ce D7E90201 		ldrd	r0, [r7, #8]
 479 01d2 73A3     		adr	r3, .L33+24
ARM GAS  C:\Users\Geo\AppData\Local\Temp\ccwhaDRz.s 			page 13


 480 01d4 D3E90023 		ldrd	r2, [r3]
 481 01d8 FFF7FEFF 		bl	__aeabi_dmul
 482 01dc 0246     		mov	r2, r0
 483 01de 0B46     		mov	r3, r1
 484 01e0 1046     		mov	r0, r2
 485 01e2 1946     		mov	r1, r3
 486 01e4 D7E90223 		ldrd	r2, [r7, #8]
 487 01e8 FFF7FEFF 		bl	__aeabi_dmul
 488 01ec 0246     		mov	r2, r0
 489 01ee 0B46     		mov	r3, r1
 490 01f0 1046     		mov	r0, r2
 491 01f2 1946     		mov	r1, r3
 492 01f4 40F20003 		movw	r3, #:lower16:lastMotorSpeed.4137
 493 01f8 C0F20003 		movt	r3, #:upper16:lastMotorSpeed.4137
 494 01fc D3E90023 		ldrd	r2, [r3]
 495 0200 FFF7FEFF 		bl	__aeabi_dadd
 496 0204 0246     		mov	r2, r0
 497 0206 0B46     		mov	r3, r1
 498 0208 C7E90C23 		strd	r2, [r7, #48]
 499 020c 3AE0     		b	.L26
 500              	.L25:
 200:.\Motor.c     **** 		#if(configDEBUG_MOTOR == 1)
 201:.\Motor.c     **** 			UartDebug_PutString("MOTOR: Requested speed is jerk limited (positive).\r\n");
 202:.\Motor.c     **** 		#endif
 203:.\Motor.c     **** 	}
 204:.\Motor.c     **** 	else if(jerk < -configMOTOR_MAX_JERK_PERCENT_SPEED_PER_SEC3)
 501              		.loc 1 204 0
 502 020e 4FF00003 		mov	r3, #0
 503 0212 1C46     		mov	r4, r3
 504 0214 D7E90A01 		ldrd	r0, [r7, #40]
 505 0218 63A3     		adr	r3, .L33+32
 506 021a D3E90023 		ldrd	r2, [r3]
 507 021e FFF7FEFF 		bl	__aeabi_dcmplt
 508 0222 0346     		mov	r3, r0
 509 0224 002B     		cmp	r3, #0
 510 0226 02D0     		beq	.L27
 511              	.L28:
 512 0228 4FF00103 		mov	r3, #1
 513 022c 1C46     		mov	r4, r3
 514              	.L27:
 515 022e E3B2     		uxtb	r3, r4
 516 0230 002B     		cmp	r3, #0
 517 0232 1FD0     		beq	.L29
 205:.\Motor.c     **** 	{
 206:.\Motor.c     **** 		motorSpeedJerkLimited = lastMotorSpeed - configMOTOR_MAX_JERK_PERCENT_SPEED_PER_SEC3*changeInTime
 518              		.loc 1 206 0
 519 0234 D7E90201 		ldrd	r0, [r7, #8]
 520 0238 5BA3     		adr	r3, .L33+32
 521 023a D3E90023 		ldrd	r2, [r3]
 522 023e FFF7FEFF 		bl	__aeabi_dmul
 523 0242 0246     		mov	r2, r0
 524 0244 0B46     		mov	r3, r1
 525 0246 1046     		mov	r0, r2
 526 0248 1946     		mov	r1, r3
 527 024a D7E90223 		ldrd	r2, [r7, #8]
 528 024e FFF7FEFF 		bl	__aeabi_dmul
 529 0252 0246     		mov	r2, r0
ARM GAS  C:\Users\Geo\AppData\Local\Temp\ccwhaDRz.s 			page 14


 530 0254 0B46     		mov	r3, r1
 531 0256 1046     		mov	r0, r2
 532 0258 1946     		mov	r1, r3
 533 025a 40F20003 		movw	r3, #:lower16:lastMotorSpeed.4137
 534 025e C0F20003 		movt	r3, #:upper16:lastMotorSpeed.4137
 535 0262 D3E90023 		ldrd	r2, [r3]
 536 0266 FFF7FEFF 		bl	__aeabi_dadd
 537 026a 0246     		mov	r2, r0
 538 026c 0B46     		mov	r3, r1
 539 026e C7E90C23 		strd	r2, [r7, #48]
 540 0272 07E0     		b	.L26
 541              	.L29:
 207:.\Motor.c     **** 		#if(configDEBUG_MOTOR == 1)
 208:.\Motor.c     **** 			UartDebug_PutString("MOTOR: Requested speed is jerk limited (negative).\r\n");
 209:.\Motor.c     **** 		#endif
 210:.\Motor.c     **** 	}
 211:.\Motor.c     **** 	else
 212:.\Motor.c     **** 	// No limmiting neccessary for jerk
 213:.\Motor.c     **** 		motorSpeedJerkLimited = _motorSetSpeed;
 542              		.loc 1 213 0
 543 0274 40F20003 		movw	r3, #:lower16:_motorSetSpeed
 544 0278 C0F20003 		movt	r3, #:upper16:_motorSetSpeed
 545 027c D3E90023 		ldrd	r2, [r3]
 546 0280 C7E90C23 		strd	r2, [r7, #48]
 547              	.L26:
 214:.\Motor.c     **** 		
 215:.\Motor.c     **** 	if(changeInSpeed != 0)
 216:.\Motor.c     **** 	{
 217:.\Motor.c     **** 		#if(configDEBUG_MOTOR_VERBOSE == 1)
 218:.\Motor.c     **** 			snprintf(debugBuff, sizeof(debugBuff), "MOTOR: Change in time = %fs\r\n", 
 219:.\Motor.c     **** 					changeInTime);
 220:.\Motor.c     **** 			UartDebug_PutString(debugBuff);
 221:.\Motor.c     **** 		#endif
 222:.\Motor.c     **** 		
 223:.\Motor.c     **** 		#if(configDEBUG_MOTOR_VERBOSE == 1)
 224:.\Motor.c     **** 			snprintf(debugBuff, sizeof(debugBuff), "MOTOR: Set speed = %fp/s\r\n", 
 225:.\Motor.c     **** 					_motorSetSpeed);
 226:.\Motor.c     **** 			UartDebug_PutString(debugBuff);
 227:.\Motor.c     **** 		#endif
 228:.\Motor.c     **** 		
 229:.\Motor.c     **** 		#if(configDEBUG_MOTOR_VERBOSE == 1)
 230:.\Motor.c     **** 			snprintf(debugBuff, sizeof(debugBuff), "MOTOR: Last speed = %fp/s\r\n", 
 231:.\Motor.c     **** 					lastMotorSpeed);
 232:.\Motor.c     **** 			UartDebug_PutString(debugBuff);
 233:.\Motor.c     **** 		#endif
 234:.\Motor.c     **** 		
 235:.\Motor.c     **** 		#if(configDEBUG_MOTOR_VERBOSE == 1)
 236:.\Motor.c     **** 			snprintf(debugBuff, sizeof(debugBuff), "MOTOR: Change in set speed to actual = %fp/s\r\n", 
 237:.\Motor.c     **** 					changeInSpeed);
 238:.\Motor.c     **** 			UartDebug_PutString(debugBuff);
 239:.\Motor.c     **** 		#endif
 240:.\Motor.c     **** 		
 241:.\Motor.c     **** 		#if(configDEBUG_MOTOR_VERBOSE == 1)
 242:.\Motor.c     **** 			snprintf(debugBuff, sizeof(debugBuff), "MOTOR: Motor acceleration = %fp/s^2\r\n", 
 243:.\Motor.c     **** 				acceleration);
 244:.\Motor.c     **** 			UartDebug_PutString(debugBuff);
 245:.\Motor.c     **** 		#endif
ARM GAS  C:\Users\Geo\AppData\Local\Temp\ccwhaDRz.s 			page 15


 246:.\Motor.c     **** 		
 247:.\Motor.c     **** 		#if(configDEBUG_MOTOR_VERBOSE == 1)
 248:.\Motor.c     **** 			snprintf(debugBuff, sizeof(debugBuff), "MOTOR: Motor jerk = %fp/s^3\r\n", 
 249:.\Motor.c     **** 					jerk);
 250:.\Motor.c     **** 			UartDebug_PutString(debugBuff);
 251:.\Motor.c     **** 		#endif
 252:.\Motor.c     **** 	}
 253:.\Motor.c     **** 	
 254:.\Motor.c     **** 	//========================================= OUTPUT ======================================//	
 255:.\Motor.c     **** 	double newMotorSpeed = 0;
 548              		.loc 1 255 0
 549 0284 4FF00002 		mov	r2, #0
 550 0288 4FF00003 		mov	r3, #0
 551 028c C7E90E23 		strd	r2, [r7, #56]
 256:.\Motor.c     **** 	
 257:.\Motor.c     **** 	// Find the smallest change in speed from the two options (accel or jerk limited)
 258:.\Motor.c     **** 	if((abs(motorSpeedAccelLimited) - abs(lastMotorSpeed)) < (abs(motorSpeedJerkLimited) - abs(lastMot
 552              		.loc 1 258 0
 553 0290 D7E90801 		ldrd	r0, [r7, #32]
 554 0294 FFF7FEFF 		bl	__aeabi_d2iz
 555 0298 0346     		mov	r3, r0
 556 029a 83EAE374 		eor	r4, r3, r3, asr #31
 557 029e A4EBE374 		sub	r4, r4, r3, asr #31
 558 02a2 40F20003 		movw	r3, #:lower16:lastMotorSpeed.4137
 559 02a6 C0F20003 		movt	r3, #:upper16:lastMotorSpeed.4137
 560 02aa D3E90023 		ldrd	r2, [r3]
 561 02ae 1046     		mov	r0, r2
 562 02b0 1946     		mov	r1, r3
 563 02b2 FFF7FEFF 		bl	__aeabi_d2iz
 564 02b6 0346     		mov	r3, r0
 565 02b8 002B     		cmp	r3, #0
 566 02ba B8BF     		it	lt
 567 02bc 5B42     		rsblt	r3, r3, #0
 568 02be C3EB0404 		rsb	r4, r3, r4
 569 02c2 D7E90C01 		ldrd	r0, [r7, #48]
 570 02c6 FFF7FEFF 		bl	__aeabi_d2iz
 571 02ca 0346     		mov	r3, r0
 572 02cc 83EAE375 		eor	r5, r3, r3, asr #31
 573 02d0 A5EBE375 		sub	r5, r5, r3, asr #31
 574 02d4 40F20003 		movw	r3, #:lower16:lastMotorSpeed.4137
 575 02d8 C0F20003 		movt	r3, #:upper16:lastMotorSpeed.4137
 576 02dc D3E90023 		ldrd	r2, [r3]
 577 02e0 1046     		mov	r0, r2
 578 02e2 1946     		mov	r1, r3
 579 02e4 FFF7FEFF 		bl	__aeabi_d2iz
 580 02e8 0346     		mov	r3, r0
 581 02ea 002B     		cmp	r3, #0
 582 02ec B8BF     		it	lt
 583 02ee 5B42     		rsblt	r3, r3, #0
 584 02f0 C3EB0503 		rsb	r3, r3, r5
 585 02f4 9C42     		cmp	r4, r3
 586 02f6 04DA     		bge	.L30
 259:.\Motor.c     **** 	{
 260:.\Motor.c     **** 		newMotorSpeed = motorSpeedAccelLimited;
 587              		.loc 1 260 0
 588 02f8 D7E90823 		ldrd	r2, [r7, #32]
 589 02fc C7E90E23 		strd	r2, [r7, #56]
ARM GAS  C:\Users\Geo\AppData\Local\Temp\ccwhaDRz.s 			page 16


 590 0300 03E0     		b	.L31
 591              	.L30:
 261:.\Motor.c     **** 		#if(configDEBUG_MOTOR_VERBOSE == 1)
 262:.\Motor.c     **** 			UartDebug_PutString("MOTOR: Motor is limited by acceleration.\r\n");
 263:.\Motor.c     **** 		#endif
 264:.\Motor.c     **** 	}
 265:.\Motor.c     **** 	else if((abs(motorSpeedJerkLimited) - abs(lastMotorSpeed)) > (abs(motorSpeedJerkLimited) - abs(las
 266:.\Motor.c     **** 	{
 267:.\Motor.c     **** 		newMotorSpeed = motorSpeedJerkLimited;
 268:.\Motor.c     **** 		#if(configDEBUG_MOTOR_VERBOSE == 1)
 269:.\Motor.c     **** 			UartDebug_PutString("MOTOR: Motor is limited by jerk.\r\n");
 270:.\Motor.c     **** 		#endif
 271:.\Motor.c     **** 	}
 272:.\Motor.c     **** 	else
 273:.\Motor.c     **** 	{
 274:.\Motor.c     **** 		// Doesn't matter which is assigned, both are the same
 275:.\Motor.c     **** 		newMotorSpeed = motorSpeedAccelLimited;
 592              		.loc 1 275 0
 593 0302 D7E90823 		ldrd	r2, [r7, #32]
 594 0306 C7E90E23 		strd	r2, [r7, #56]
 595              	.L31:
 276:.\Motor.c     **** 	}
 277:.\Motor.c     **** 	
 278:.\Motor.c     **** 	double numOfCounts = (newMotorSpeed/100.0)*configMOTOR_PWM_PERIOD_COUNTS;
 596              		.loc 1 278 0
 597 030a D7E90E01 		ldrd	r0, [r7, #56]
 598 030e 4FF00002 		mov	r2, #0
 599 0312 4FF08043 		mov	r3, #1073741824
 600 0316 03F5B203 		add	r3, r3, #5832704
 601 031a FFF7FEFF 		bl	__aeabi_ddiv
 602 031e 0246     		mov	r2, r0
 603 0320 0B46     		mov	r3, r1
 604 0322 1046     		mov	r0, r2
 605 0324 1946     		mov	r1, r3
 606 0326 22A3     		adr	r3, .L33+40
 607 0328 D3E90023 		ldrd	r2, [r3]
 608 032c FFF7FEFF 		bl	__aeabi_dmul
 609 0330 0246     		mov	r2, r0
 610 0332 0B46     		mov	r3, r1
 611 0334 C7E91023 		strd	r2, [r7, #64]
 279:.\Motor.c     **** 	// Sets the PWM
 280:.\Motor.c     **** 	PwmMotor_WriteCompare((uint16_t)numOfCounts);
 612              		.loc 1 280 0
 613 0338 D7E91001 		ldrd	r0, [r7, #64]
 614 033c FFF7FEFF 		bl	__aeabi_d2uiz
 615 0340 0346     		mov	r3, r0
 616 0342 9BB2     		uxth	r3, r3
 617 0344 1846     		mov	r0, r3
 618 0346 FFF7FEFF 		bl	PwmMotor_WriteCompare
 281:.\Motor.c     **** 	
 282:.\Motor.c     **** 	#if(configDEBUG_MOTOR == 1)
 283:.\Motor.c     **** 		static uint32_t debugCounter = 0;
 284:.\Motor.c     **** 		if(debugCounter >= 50)
 285:.\Motor.c     **** 		{
 286:.\Motor.c     **** 			snprintf(debugBuff, sizeof(debugBuff), "MOTOR: Motor set speed = %fp/s, Motor speed = %fp/s, Mot
 287:.\Motor.c     **** 				_motorSetSpeed, newMotorSpeed, acceleration, jerk,  changeInTime);
 288:.\Motor.c     **** 			UartDebug_PutString(debugBuff);
ARM GAS  C:\Users\Geo\AppData\Local\Temp\ccwhaDRz.s 			page 17


 289:.\Motor.c     **** 				if(abs(acceleration) > configMOTOR_MAX_ACCEL_PERCENT_SPEED_PER_SEC2)
 290:.\Motor.c     **** 					UartDebug_PutString("MOTOR: Motor speed is acceleration limited.\r\n");
 291:.\Motor.c     **** 				if(abs(jerk) > configMOTOR_MAX_JERK_PERCENT_SPEED_PER_SEC3)
 292:.\Motor.c     **** 					UartDebug_PutString("MOTOR: Motor speed is jerk limited.\r\n");
 293:.\Motor.c     **** 			debugCounter = 0;
 294:.\Motor.c     **** 		}
 295:.\Motor.c     **** 		debugCounter++;
 296:.\Motor.c     **** 	#endif
 297:.\Motor.c     **** 	
 298:.\Motor.c     **** 	// Remember current values for next time
 299:.\Motor.c     **** 	lastMotorSpeed = newMotorSpeed;
 619              		.loc 1 299 0
 620 034a 40F20003 		movw	r3, #:lower16:lastMotorSpeed.4137
 621 034e C0F20003 		movt	r3, #:upper16:lastMotorSpeed.4137
 622 0352 D7E90E01 		ldrd	r0, [r7, #56]
 623 0356 C3E90001 		strd	r0, [r3]
 300:.\Motor.c     **** 	lastMotorAccel = acceleration;
 624              		.loc 1 300 0
 625 035a 40F20003 		movw	r3, #:lower16:lastMotorAccel.4138
 626 035e C0F20003 		movt	r3, #:upper16:lastMotorAccel.4138
 627 0362 D7E90601 		ldrd	r0, [r7, #24]
 628 0366 C3E90001 		strd	r0, [r3]
 301:.\Motor.c     **** 	lastStateCount = currentStateCount;
 629              		.loc 1 301 0
 630 036a 7868     		ldr	r0, [r7, #4]
 631 036c FFF7FEFF 		bl	__aeabi_ui2d
 632 0370 40F20003 		movw	r3, #:lower16:lastStateCount.4139
 633 0374 C0F20003 		movt	r3, #:upper16:lastStateCount.4139
 634 0378 C3E90001 		strd	r0, [r3]
 302:.\Motor.c     **** }
 635              		.loc 1 302 0
 636 037c 07F14807 		add	r7, r7, #72
 637 0380 BD46     		mov	sp, r7
 638 0382 B0BD     		pop	{r4, r5, r7, pc}
 639              	.L34:
 640 0384 AFF30080 		.align	3
 641              	.L33:
 642 0388 00000000 		.word	0
 643 038c 00408F40 		.word	1083129856
 644 0390 00000000 		.word	0
 645 0394 00805140 		.word	1079083008
 646 0398 00000000 		.word	0
 647 039c 008051C0 		.word	-1068400640
 648 03a0 00000000 		.word	0
 649 03a4 0070B740 		.word	1085763584
 650 03a8 00000000 		.word	0
 651 03ac 0070B7C0 		.word	-1061720064
 652 03b0 00000000 		.word	0
 653 03b4 000C9140 		.word	1083247616
 654              		.cfi_endproc
 655              	.LFE31:
 656              		.size	Motor_ControlMotorSpeed, .-Motor_ControlMotorSpeed
 657              		.section	.text.Motor_TurnOn,"ax",%progbits
 658              		.align	2
 659              		.global	Motor_TurnOn
 660              		.thumb
 661              		.thumb_func
ARM GAS  C:\Users\Geo\AppData\Local\Temp\ccwhaDRz.s 			page 18


 662              		.type	Motor_TurnOn, %function
 663              	Motor_TurnOn:
 664              	.LFB32:
 303:.\Motor.c     **** 
 304:.\Motor.c     **** //! @brief 		Enables motor
 305:.\Motor.c     **** void Motor_TurnOn(void)
 306:.\Motor.c     **** {
 665              		.loc 1 306 0
 666              		.cfi_startproc
 667              		@ args = 0, pretend = 0, frame = 0
 668              		@ frame_needed = 1, uses_anonymous_args = 0
 669              		@ link register save eliminated.
 670 0000 80B4     		push	{r7}
 671              	.LCFI8:
 672              		.cfi_def_cfa_offset 4
 673 0002 00AF     		add	r7, sp, #0
 674              		.cfi_offset 7, -4
 675              	.LCFI9:
 676              		.cfi_def_cfa_register 7
 307:.\Motor.c     **** 	_turnOnMotorFlag = TRUE;
 677              		.loc 1 307 0
 678 0004 40F20003 		movw	r3, #:lower16:_turnOnMotorFlag
 679 0008 C0F20003 		movt	r3, #:upper16:_turnOnMotorFlag
 680 000c 4FF00102 		mov	r2, #1
 681 0010 1A70     		strb	r2, [r3, #0]
 308:.\Motor.c     **** }
 682              		.loc 1 308 0
 683 0012 BD46     		mov	sp, r7
 684 0014 80BC     		pop	{r7}
 685 0016 7047     		bx	lr
 686              		.cfi_endproc
 687              	.LFE32:
 688              		.size	Motor_TurnOn, .-Motor_TurnOn
 689              		.section	.text.Motor_TurnOff,"ax",%progbits
 690              		.align	2
 691              		.global	Motor_TurnOff
 692              		.thumb
 693              		.thumb_func
 694              		.type	Motor_TurnOff, %function
 695              	Motor_TurnOff:
 696              	.LFB33:
 309:.\Motor.c     **** 
 310:.\Motor.c     **** //! @brief 	Disables motor
 311:.\Motor.c     **** void Motor_TurnOff(void)
 312:.\Motor.c     **** {
 697              		.loc 1 312 0
 698              		.cfi_startproc
 699              		@ args = 0, pretend = 0, frame = 0
 700              		@ frame_needed = 1, uses_anonymous_args = 0
 701              		@ link register save eliminated.
 702 0000 80B4     		push	{r7}
 703              	.LCFI10:
 704              		.cfi_def_cfa_offset 4
 705 0002 00AF     		add	r7, sp, #0
 706              		.cfi_offset 7, -4
 707              	.LCFI11:
 708              		.cfi_def_cfa_register 7
ARM GAS  C:\Users\Geo\AppData\Local\Temp\ccwhaDRz.s 			page 19


 313:.\Motor.c     **** 	_turnOffMotorFlag = TRUE;
 709              		.loc 1 313 0
 710 0004 40F20003 		movw	r3, #:lower16:_turnOffMotorFlag
 711 0008 C0F20003 		movt	r3, #:upper16:_turnOffMotorFlag
 712 000c 4FF00102 		mov	r2, #1
 713 0010 1A70     		strb	r2, [r3, #0]
 314:.\Motor.c     **** }
 714              		.loc 1 314 0
 715 0012 BD46     		mov	sp, r7
 716 0014 80BC     		pop	{r7}
 717 0016 7047     		bx	lr
 718              		.cfi_endproc
 719              	.LFE33:
 720              		.size	Motor_TurnOff, .-Motor_TurnOff
 721              		.bss
 722              		.align	3
 723              	lastStateCount.4139:
 724 0010 00000000 		.space	8
 724      00000000 
 725              		.align	3
 726              	lastMotorSpeed.4137:
 727 0018 00000000 		.space	8
 727      00000000 
 728              		.align	3
 729              	lastMotorAccel.4138:
 730 0020 00000000 		.space	8
 730      00000000 
 731              	motorState.4087:
 732 0028 00       		.space	1
 733              	prevMotorState.4088:
 734 0029 00       		.space	1
 735              		.align	1
 736              	motorSetSpeed16Bit.4086:
 737 002a 0000     		.space	2
 738              		.align	2
 739              	stateCounter.4085:
 740 002c 00000000 		.space	4
 741              		.text
 742              	.Letext0:
 743              		.section	.debug_loc,"",%progbits
 744              	.Ldebug_loc0:
 745              	.LLST0:
 746 0000 00000000 		.4byte	.LFB29
 747 0004 02000000 		.4byte	.LCFI0
 748 0008 0100     		.2byte	0x1
 749 000a 5D       		.byte	0x5d
 750 000b 02000000 		.4byte	.LCFI0
 751 000f 04000000 		.4byte	.LCFI1
 752 0013 0200     		.2byte	0x2
 753 0015 7D       		.byte	0x7d
 754 0016 10       		.sleb128 16
 755 0017 04000000 		.4byte	.LCFI1
 756 001b 6A010000 		.4byte	.LFE29
 757 001f 0200     		.2byte	0x2
 758 0021 77       		.byte	0x77
 759 0022 10       		.sleb128 16
 760 0023 00000000 		.4byte	0x0
ARM GAS  C:\Users\Geo\AppData\Local\Temp\ccwhaDRz.s 			page 20


 761 0027 00000000 		.4byte	0x0
 762              	.LLST1:
 763 002b 00000000 		.4byte	.LFB30
 764 002f 02000000 		.4byte	.LCFI2
 765 0033 0100     		.2byte	0x1
 766 0035 5D       		.byte	0x5d
 767 0036 02000000 		.4byte	.LCFI2
 768 003a 04000000 		.4byte	.LCFI3
 769 003e 0200     		.2byte	0x2
 770 0040 7D       		.byte	0x7d
 771 0041 08       		.sleb128 8
 772 0042 04000000 		.4byte	.LCFI3
 773 0046 06000000 		.4byte	.LCFI4
 774 004a 0200     		.2byte	0x2
 775 004c 7D       		.byte	0x7d
 776 004d 20       		.sleb128 32
 777 004e 06000000 		.4byte	.LCFI4
 778 0052 78000000 		.4byte	.LFE30
 779 0056 0200     		.2byte	0x2
 780 0058 77       		.byte	0x77
 781 0059 20       		.sleb128 32
 782 005a 00000000 		.4byte	0x0
 783 005e 00000000 		.4byte	0x0
 784              	.LLST2:
 785 0062 00000000 		.4byte	.LFB31
 786 0066 02000000 		.4byte	.LCFI5
 787 006a 0100     		.2byte	0x1
 788 006c 5D       		.byte	0x5d
 789 006d 02000000 		.4byte	.LCFI5
 790 0071 04000000 		.4byte	.LCFI6
 791 0075 0200     		.2byte	0x2
 792 0077 7D       		.byte	0x7d
 793 0078 10       		.sleb128 16
 794 0079 04000000 		.4byte	.LCFI6
 795 007d 06000000 		.4byte	.LCFI7
 796 0081 0300     		.2byte	0x3
 797 0083 7D       		.byte	0x7d
 798 0084 D800     		.sleb128 88
 799 0086 06000000 		.4byte	.LCFI7
 800 008a B8030000 		.4byte	.LFE31
 801 008e 0300     		.2byte	0x3
 802 0090 77       		.byte	0x77
 803 0091 D800     		.sleb128 88
 804 0093 00000000 		.4byte	0x0
 805 0097 00000000 		.4byte	0x0
 806              	.LLST3:
 807 009b 00000000 		.4byte	.LFB32
 808 009f 02000000 		.4byte	.LCFI8
 809 00a3 0100     		.2byte	0x1
 810 00a5 5D       		.byte	0x5d
 811 00a6 02000000 		.4byte	.LCFI8
 812 00aa 04000000 		.4byte	.LCFI9
 813 00ae 0200     		.2byte	0x2
 814 00b0 7D       		.byte	0x7d
 815 00b1 04       		.sleb128 4
 816 00b2 04000000 		.4byte	.LCFI9
 817 00b6 18000000 		.4byte	.LFE32
ARM GAS  C:\Users\Geo\AppData\Local\Temp\ccwhaDRz.s 			page 21


 818 00ba 0200     		.2byte	0x2
 819 00bc 77       		.byte	0x77
 820 00bd 04       		.sleb128 4
 821 00be 00000000 		.4byte	0x0
 822 00c2 00000000 		.4byte	0x0
 823              	.LLST4:
 824 00c6 00000000 		.4byte	.LFB33
 825 00ca 02000000 		.4byte	.LCFI10
 826 00ce 0100     		.2byte	0x1
 827 00d0 5D       		.byte	0x5d
 828 00d1 02000000 		.4byte	.LCFI10
 829 00d5 04000000 		.4byte	.LCFI11
 830 00d9 0200     		.2byte	0x2
 831 00db 7D       		.byte	0x7d
 832 00dc 04       		.sleb128 4
 833 00dd 04000000 		.4byte	.LCFI11
 834 00e1 18000000 		.4byte	.LFE33
 835 00e5 0200     		.2byte	0x2
 836 00e7 77       		.byte	0x77
 837 00e8 04       		.sleb128 4
 838 00e9 00000000 		.4byte	0x0
 839 00ed 00000000 		.4byte	0x0
 840              		.file 2 "c:\\program files (x86)\\cypress\\psoc creator\\2.0\\psoc creator\\import\\gnu_cs\\arm\\4
 841              		.file 3 ".\\/../common/PublicObjects.h"
 842              		.file 4 "./Generated_Source/PSoC5/core_cm3.h"
 843              		.file 5 ".\\/Config.h"
 844              		.section	.debug_info
 845 0000 E2020000 		.4byte	0x2e2
 846 0004 0200     		.2byte	0x2
 847 0006 00000000 		.4byte	.Ldebug_abbrev0
 848 000a 04       		.byte	0x4
 849 000b 01       		.uleb128 0x1
 850 000c C5010000 		.4byte	.LASF48
 851 0010 01       		.byte	0x1
 852 0011 45000000 		.4byte	.LASF49
 853 0015 64020000 		.4byte	.LASF50
 854 0019 00000000 		.4byte	0x0
 855 001d 00000000 		.4byte	0x0
 856 0021 00000000 		.4byte	.Ldebug_ranges0+0x0
 857 0025 00000000 		.4byte	.Ldebug_line0
 858 0029 02       		.uleb128 0x2
 859 002a 01       		.byte	0x1
 860 002b 06       		.byte	0x6
 861 002c C3020000 		.4byte	.LASF0
 862 0030 02       		.uleb128 0x2
 863 0031 01       		.byte	0x1
 864 0032 08       		.byte	0x8
 865 0033 B9000000 		.4byte	.LASF1
 866 0037 02       		.uleb128 0x2
 867 0038 02       		.byte	0x2
 868 0039 05       		.byte	0x5
 869 003a 25020000 		.4byte	.LASF2
 870 003e 03       		.uleb128 0x3
 871 003f 1C020000 		.4byte	.LASF5
 872 0043 02       		.byte	0x2
 873 0044 36       		.byte	0x36
 874 0045 49000000 		.4byte	0x49
ARM GAS  C:\Users\Geo\AppData\Local\Temp\ccwhaDRz.s 			page 22


 875 0049 02       		.uleb128 0x2
 876 004a 02       		.byte	0x2
 877 004b 07       		.byte	0x7
 878 004c E1020000 		.4byte	.LASF3
 879 0050 02       		.uleb128 0x2
 880 0051 04       		.byte	0x4
 881 0052 05       		.byte	0x5
 882 0053 56020000 		.4byte	.LASF4
 883 0057 03       		.uleb128 0x3
 884 0058 4D020000 		.4byte	.LASF6
 885 005c 02       		.byte	0x2
 886 005d 50       		.byte	0x50
 887 005e 62000000 		.4byte	0x62
 888 0062 02       		.uleb128 0x2
 889 0063 04       		.byte	0x4
 890 0064 07       		.byte	0x7
 891 0065 16010000 		.4byte	.LASF7
 892 0069 02       		.uleb128 0x2
 893 006a 08       		.byte	0x8
 894 006b 05       		.byte	0x5
 895 006c 00000000 		.4byte	.LASF8
 896 0070 02       		.uleb128 0x2
 897 0071 08       		.byte	0x8
 898 0072 07       		.byte	0x7
 899 0073 6E010000 		.4byte	.LASF9
 900 0077 04       		.uleb128 0x4
 901 0078 04       		.byte	0x4
 902 0079 05       		.byte	0x5
 903 007a 696E7400 		.ascii	"int\000"
 904 007e 02       		.uleb128 0x2
 905 007f 04       		.byte	0x4
 906 0080 07       		.byte	0x7
 907 0081 53010000 		.4byte	.LASF10
 908 0085 02       		.uleb128 0x2
 909 0086 01       		.byte	0x1
 910 0087 08       		.byte	0x8
 911 0088 5F020000 		.4byte	.LASF11
 912 008c 05       		.uleb128 0x5
 913 008d 04       		.byte	0x4
 914 008e 07       		.byte	0x7
 915 008f 06       		.uleb128 0x6
 916 0090 01       		.byte	0x1
 917 0091 03       		.byte	0x3
 918 0092 23       		.byte	0x23
 919 0093 A4000000 		.4byte	0xa4
 920 0097 07       		.uleb128 0x7
 921 0098 10010000 		.4byte	.LASF12
 922 009c 00       		.sleb128 0
 923 009d 07       		.uleb128 0x7
 924 009e 33000000 		.4byte	.LASF13
 925 00a2 01       		.sleb128 1
 926 00a3 00       		.byte	0x0
 927 00a4 03       		.uleb128 0x3
 928 00a5 77000000 		.4byte	.LASF14
 929 00a9 03       		.byte	0x3
 930 00aa 26       		.byte	0x26
 931 00ab 8F000000 		.4byte	0x8f
ARM GAS  C:\Users\Geo\AppData\Local\Temp\ccwhaDRz.s 			page 23


 932 00af 06       		.uleb128 0x6
 933 00b0 01       		.byte	0x1
 934 00b1 01       		.byte	0x1
 935 00b2 25       		.byte	0x25
 936 00b3 CA000000 		.4byte	0xca
 937 00b7 07       		.uleb128 0x7
 938 00b8 0E000000 		.4byte	.LASF15
 939 00bc 00       		.sleb128 0
 940 00bd 07       		.uleb128 0x7
 941 00be A9010000 		.4byte	.LASF16
 942 00c2 01       		.sleb128 1
 943 00c3 07       		.uleb128 0x7
 944 00c4 91000000 		.4byte	.LASF17
 945 00c8 02       		.sleb128 2
 946 00c9 00       		.byte	0x0
 947 00ca 03       		.uleb128 0x3
 948 00cb 36010000 		.4byte	.LASF18
 949 00cf 01       		.byte	0x1
 950 00d0 29       		.byte	0x29
 951 00d1 AF000000 		.4byte	0xaf
 952 00d5 08       		.uleb128 0x8
 953 00d6 01       		.byte	0x1
 954 00d7 AF000000 		.4byte	.LASF26
 955 00db 01       		.byte	0x1
 956 00dc 42       		.byte	0x42
 957 00dd 01       		.byte	0x1
 958 00de 00000000 		.4byte	.LFB29
 959 00e2 6A010000 		.4byte	.LFE29
 960 00e6 00000000 		.4byte	.LLST0
 961 00ea 33010000 		.4byte	0x133
 962 00ee 09       		.uleb128 0x9
 963 00ef 26000000 		.4byte	.LASF19
 964 00f3 01       		.byte	0x1
 965 00f4 44       		.byte	0x44
 966 00f5 57000000 		.4byte	0x57
 967 00f9 05       		.byte	0x5
 968 00fa 03       		.byte	0x3
 969 00fb 2C000000 		.4byte	stateCounter.4085
 970 00ff 09       		.uleb128 0x9
 971 0100 7E000000 		.4byte	.LASF20
 972 0104 01       		.byte	0x1
 973 0105 46       		.byte	0x46
 974 0106 3E000000 		.4byte	0x3e
 975 010a 05       		.byte	0x5
 976 010b 03       		.byte	0x3
 977 010c 2A000000 		.4byte	motorSetSpeed16Bit.4086
 978 0110 09       		.uleb128 0x9
 979 0111 DF010000 		.4byte	.LASF21
 980 0115 01       		.byte	0x1
 981 0116 48       		.byte	0x48
 982 0117 CA000000 		.4byte	0xca
 983 011b 05       		.byte	0x5
 984 011c 03       		.byte	0x3
 985 011d 28000000 		.4byte	motorState.4087
 986 0121 09       		.uleb128 0x9
 987 0122 01020000 		.4byte	.LASF22
 988 0126 01       		.byte	0x1
ARM GAS  C:\Users\Geo\AppData\Local\Temp\ccwhaDRz.s 			page 24


 989 0127 49       		.byte	0x49
 990 0128 CA000000 		.4byte	0xca
 991 012c 05       		.byte	0x5
 992 012d 03       		.byte	0x3
 993 012e 29000000 		.4byte	prevMotorState.4088
 994 0132 00       		.byte	0x0
 995 0133 0A       		.uleb128 0xa
 996 0134 01       		.byte	0x1
 997 0135 85010000 		.4byte	.LASF51
 998 0139 01       		.byte	0x1
 999 013a 8E       		.byte	0x8e
 1000 013b 01       		.byte	0x1
 1001 013c 7B010000 		.4byte	0x17b
 1002 0140 00000000 		.4byte	.LFB30
 1003 0144 78000000 		.4byte	.LFE30
 1004 0148 2B000000 		.4byte	.LLST1
 1005 014c 7B010000 		.4byte	0x17b
 1006 0150 0B       		.uleb128 0xb
 1007 0151 BF010000 		.4byte	.LASF28
 1008 0155 01       		.byte	0x1
 1009 0156 8E       		.byte	0x8e
 1010 0157 3E000000 		.4byte	0x3e
 1011 015b 02       		.byte	0x2
 1012 015c 91       		.byte	0x91
 1013 015d 66       		.sleb128 -26
 1014 015e 09       		.uleb128 0x9
 1015 015f F8000000 		.4byte	.LASF23
 1016 0163 01       		.byte	0x1
 1017 0164 91       		.byte	0x91
 1018 0165 7B010000 		.4byte	0x17b
 1019 0169 02       		.byte	0x2
 1020 016a 91       		.byte	0x91
 1021 016b 68       		.sleb128 -24
 1022 016c 09       		.uleb128 0x9
 1023 016d 18000000 		.4byte	.LASF24
 1024 0171 01       		.byte	0x1
 1025 0172 92       		.byte	0x92
 1026 0173 7B010000 		.4byte	0x17b
 1027 0177 02       		.byte	0x2
 1028 0178 91       		.byte	0x91
 1029 0179 70       		.sleb128 -16
 1030 017a 00       		.byte	0x0
 1031 017b 02       		.uleb128 0x2
 1032 017c 08       		.byte	0x8
 1033 017d 04       		.byte	0x4
 1034 017e 70000000 		.4byte	.LASF25
 1035 0182 08       		.uleb128 0x8
 1036 0183 01       		.byte	0x1
 1037 0184 D6000000 		.4byte	.LASF27
 1038 0188 01       		.byte	0x1
 1039 0189 9A       		.byte	0x9a
 1040 018a 01       		.byte	0x1
 1041 018b 00000000 		.4byte	.LFB31
 1042 018f B8030000 		.4byte	.LFE31
 1043 0193 62000000 		.4byte	.LLST2
 1044 0197 51020000 		.4byte	0x251
 1045 019b 0B       		.uleb128 0xb
ARM GAS  C:\Users\Geo\AppData\Local\Temp\ccwhaDRz.s 			page 25


 1046 019c CF020000 		.4byte	.LASF29
 1047 01a0 01       		.byte	0x1
 1048 01a1 9A       		.byte	0x9a
 1049 01a2 57000000 		.4byte	0x57
 1050 01a6 03       		.byte	0x3
 1051 01a7 91       		.byte	0x91
 1052 01a8 AC7F     		.sleb128 -84
 1053 01aa 09       		.uleb128 0x9
 1054 01ab 4F000000 		.4byte	.LASF30
 1055 01af 01       		.byte	0x1
 1056 01b0 9C       		.byte	0x9c
 1057 01b1 7B010000 		.4byte	0x17b
 1058 01b5 05       		.byte	0x5
 1059 01b6 03       		.byte	0x3
 1060 01b7 18000000 		.4byte	lastMotorSpeed.4137
 1061 01bb 09       		.uleb128 0x9
 1062 01bc C7000000 		.4byte	.LASF31
 1063 01c0 01       		.byte	0x1
 1064 01c1 9D       		.byte	0x9d
 1065 01c2 7B010000 		.4byte	0x17b
 1066 01c6 05       		.byte	0x5
 1067 01c7 03       		.byte	0x3
 1068 01c8 20000000 		.4byte	lastMotorAccel.4138
 1069 01cc 09       		.uleb128 0x9
 1070 01cd 44010000 		.4byte	.LASF32
 1071 01d1 01       		.byte	0x1
 1072 01d2 9E       		.byte	0x9e
 1073 01d3 7B010000 		.4byte	0x17b
 1074 01d7 05       		.byte	0x5
 1075 01d8 03       		.byte	0x3
 1076 01d9 10000000 		.4byte	lastStateCount.4139
 1077 01dd 09       		.uleb128 0x9
 1078 01de 38000000 		.4byte	.LASF33
 1079 01e2 01       		.byte	0x1
 1080 01e3 A1       		.byte	0xa1
 1081 01e4 7B010000 		.4byte	0x17b
 1082 01e8 03       		.byte	0x3
 1083 01e9 91       		.byte	0x91
 1084 01ea B07F     		.sleb128 -80
 1085 01ec 09       		.uleb128 0x9
 1086 01ed D1010000 		.4byte	.LASF34
 1087 01f1 01       		.byte	0x1
 1088 01f2 A3       		.byte	0xa3
 1089 01f3 7B010000 		.4byte	0x17b
 1090 01f7 03       		.byte	0x3
 1091 01f8 91       		.byte	0x91
 1092 01f9 B87F     		.sleb128 -72
 1093 01fb 09       		.uleb128 0x9
 1094 01fc B2010000 		.4byte	.LASF35
 1095 0200 01       		.byte	0x1
 1096 0201 A8       		.byte	0xa8
 1097 0202 7B010000 		.4byte	0x17b
 1098 0206 02       		.byte	0x2
 1099 0207 91       		.byte	0x91
 1100 0208 40       		.sleb128 -64
 1101 0209 09       		.uleb128 0x9
 1102 020a EA010000 		.4byte	.LASF36
ARM GAS  C:\Users\Geo\AppData\Local\Temp\ccwhaDRz.s 			page 26


 1103 020e 01       		.byte	0x1
 1104 020f AB       		.byte	0xab
 1105 0210 7B010000 		.4byte	0x17b
 1106 0214 02       		.byte	0x2
 1107 0215 91       		.byte	0x91
 1108 0216 48       		.sleb128 -56
 1109 0217 09       		.uleb128 0x9
 1110 0218 03030000 		.4byte	.LASF37
 1111 021c 01       		.byte	0x1
 1112 021d C1       		.byte	0xc1
 1113 021e 7B010000 		.4byte	0x17b
 1114 0222 02       		.byte	0x2
 1115 0223 91       		.byte	0x91
 1116 0224 50       		.sleb128 -48
 1117 0225 09       		.uleb128 0x9
 1118 0226 99000000 		.4byte	.LASF38
 1119 022a 01       		.byte	0x1
 1120 022b C4       		.byte	0xc4
 1121 022c 7B010000 		.4byte	0x17b
 1122 0230 02       		.byte	0x2
 1123 0231 91       		.byte	0x91
 1124 0232 58       		.sleb128 -40
 1125 0233 09       		.uleb128 0x9
 1126 0234 60010000 		.4byte	.LASF39
 1127 0238 01       		.byte	0x1
 1128 0239 FF       		.byte	0xff
 1129 023a 7B010000 		.4byte	0x17b
 1130 023e 02       		.byte	0x2
 1131 023f 91       		.byte	0x91
 1132 0240 60       		.sleb128 -32
 1133 0241 0C       		.uleb128 0xc
 1134 0242 10020000 		.4byte	.LASF40
 1135 0246 01       		.byte	0x1
 1136 0247 1601     		.2byte	0x116
 1137 0249 7B010000 		.4byte	0x17b
 1138 024d 02       		.byte	0x2
 1139 024e 91       		.byte	0x91
 1140 024f 68       		.sleb128 -24
 1141 0250 00       		.byte	0x0
 1142 0251 0D       		.uleb128 0xd
 1143 0252 01       		.byte	0x1
 1144 0253 40020000 		.4byte	.LASF41
 1145 0257 01       		.byte	0x1
 1146 0258 3101     		.2byte	0x131
 1147 025a 01       		.byte	0x1
 1148 025b 00000000 		.4byte	.LFB32
 1149 025f 18000000 		.4byte	.LFE32
 1150 0263 9B000000 		.4byte	.LLST3
 1151 0267 0D       		.uleb128 0xd
 1152 0268 01       		.byte	0x1
 1153 0269 28010000 		.4byte	.LASF42
 1154 026d 01       		.byte	0x1
 1155 026e 3701     		.2byte	0x137
 1156 0270 01       		.byte	0x1
 1157 0271 00000000 		.4byte	.LFB33
 1158 0275 18000000 		.4byte	.LFE33
 1159 0279 C6000000 		.4byte	.LLST4
ARM GAS  C:\Users\Geo\AppData\Local\Temp\ccwhaDRz.s 			page 27


 1160 027d 09       		.uleb128 0x9
 1161 027e 2F020000 		.4byte	.LASF43
 1162 0282 01       		.byte	0x1
 1163 0283 2F       		.byte	0x2f
 1164 0284 A4000000 		.4byte	0xa4
 1165 0288 05       		.byte	0x5
 1166 0289 03       		.byte	0x3
 1167 028a 00000000 		.4byte	_turnOnMotorFlag
 1168 028e 09       		.uleb128 0x9
 1169 028f 5E000000 		.4byte	.LASF44
 1170 0293 01       		.byte	0x1
 1171 0294 30       		.byte	0x30
 1172 0295 A4000000 		.4byte	0xa4
 1173 0299 05       		.byte	0x5
 1174 029a 03       		.byte	0x3
 1175 029b 01000000 		.4byte	_turnOffMotorFlag
 1176 029f 09       		.uleb128 0x9
 1177 02a0 F4020000 		.4byte	.LASF45
 1178 02a4 01       		.byte	0x1
 1179 02a5 34       		.byte	0x34
 1180 02a6 7B010000 		.4byte	0x17b
 1181 02aa 05       		.byte	0x5
 1182 02ab 03       		.byte	0x3
 1183 02ac 08000000 		.4byte	_motorSetSpeed
 1184 02b0 0E       		.uleb128 0xe
 1185 02b1 03010000 		.4byte	.LASF46
 1186 02b5 04       		.byte	0x4
 1187 02b6 CE06     		.2byte	0x6ce
 1188 02b8 BE020000 		.4byte	0x2be
 1189 02bc 01       		.byte	0x1
 1190 02bd 01       		.byte	0x1
 1191 02be 0F       		.uleb128 0xf
 1192 02bf 77000000 		.4byte	0x77
 1193 02c3 10       		.uleb128 0x10
 1194 02c4 85000000 		.4byte	0x85
 1195 02c8 D3020000 		.4byte	0x2d3
 1196 02cc 11       		.uleb128 0x11
 1197 02cd 8C000000 		.4byte	0x8c
 1198 02d1 C7       		.byte	0xc7
 1199 02d2 00       		.byte	0x0
 1200 02d3 12       		.uleb128 0x12
 1201 02d4 EE000000 		.4byte	.LASF47
 1202 02d8 05       		.byte	0x5
 1203 02d9 2A       		.byte	0x2a
 1204 02da C3020000 		.4byte	0x2c3
 1205 02de 01       		.byte	0x1
 1206 02df 05       		.byte	0x5
 1207 02e0 03       		.byte	0x3
 1208 02e1 00000000 		.4byte	debugBuff
 1209 02e5 00       		.byte	0x0
 1210              		.section	.debug_abbrev
 1211 0000 01       		.uleb128 0x1
 1212 0001 11       		.uleb128 0x11
 1213 0002 01       		.byte	0x1
 1214 0003 25       		.uleb128 0x25
 1215 0004 0E       		.uleb128 0xe
 1216 0005 13       		.uleb128 0x13
ARM GAS  C:\Users\Geo\AppData\Local\Temp\ccwhaDRz.s 			page 28


 1217 0006 0B       		.uleb128 0xb
 1218 0007 03       		.uleb128 0x3
 1219 0008 0E       		.uleb128 0xe
 1220 0009 1B       		.uleb128 0x1b
 1221 000a 0E       		.uleb128 0xe
 1222 000b 11       		.uleb128 0x11
 1223 000c 01       		.uleb128 0x1
 1224 000d 52       		.uleb128 0x52
 1225 000e 01       		.uleb128 0x1
 1226 000f 55       		.uleb128 0x55
 1227 0010 06       		.uleb128 0x6
 1228 0011 10       		.uleb128 0x10
 1229 0012 06       		.uleb128 0x6
 1230 0013 00       		.byte	0x0
 1231 0014 00       		.byte	0x0
 1232 0015 02       		.uleb128 0x2
 1233 0016 24       		.uleb128 0x24
 1234 0017 00       		.byte	0x0
 1235 0018 0B       		.uleb128 0xb
 1236 0019 0B       		.uleb128 0xb
 1237 001a 3E       		.uleb128 0x3e
 1238 001b 0B       		.uleb128 0xb
 1239 001c 03       		.uleb128 0x3
 1240 001d 0E       		.uleb128 0xe
 1241 001e 00       		.byte	0x0
 1242 001f 00       		.byte	0x0
 1243 0020 03       		.uleb128 0x3
 1244 0021 16       		.uleb128 0x16
 1245 0022 00       		.byte	0x0
 1246 0023 03       		.uleb128 0x3
 1247 0024 0E       		.uleb128 0xe
 1248 0025 3A       		.uleb128 0x3a
 1249 0026 0B       		.uleb128 0xb
 1250 0027 3B       		.uleb128 0x3b
 1251 0028 0B       		.uleb128 0xb
 1252 0029 49       		.uleb128 0x49
 1253 002a 13       		.uleb128 0x13
 1254 002b 00       		.byte	0x0
 1255 002c 00       		.byte	0x0
 1256 002d 04       		.uleb128 0x4
 1257 002e 24       		.uleb128 0x24
 1258 002f 00       		.byte	0x0
 1259 0030 0B       		.uleb128 0xb
 1260 0031 0B       		.uleb128 0xb
 1261 0032 3E       		.uleb128 0x3e
 1262 0033 0B       		.uleb128 0xb
 1263 0034 03       		.uleb128 0x3
 1264 0035 08       		.uleb128 0x8
 1265 0036 00       		.byte	0x0
 1266 0037 00       		.byte	0x0
 1267 0038 05       		.uleb128 0x5
 1268 0039 24       		.uleb128 0x24
 1269 003a 00       		.byte	0x0
 1270 003b 0B       		.uleb128 0xb
 1271 003c 0B       		.uleb128 0xb
 1272 003d 3E       		.uleb128 0x3e
 1273 003e 0B       		.uleb128 0xb
ARM GAS  C:\Users\Geo\AppData\Local\Temp\ccwhaDRz.s 			page 29


 1274 003f 00       		.byte	0x0
 1275 0040 00       		.byte	0x0
 1276 0041 06       		.uleb128 0x6
 1277 0042 04       		.uleb128 0x4
 1278 0043 01       		.byte	0x1
 1279 0044 0B       		.uleb128 0xb
 1280 0045 0B       		.uleb128 0xb
 1281 0046 3A       		.uleb128 0x3a
 1282 0047 0B       		.uleb128 0xb
 1283 0048 3B       		.uleb128 0x3b
 1284 0049 0B       		.uleb128 0xb
 1285 004a 01       		.uleb128 0x1
 1286 004b 13       		.uleb128 0x13
 1287 004c 00       		.byte	0x0
 1288 004d 00       		.byte	0x0
 1289 004e 07       		.uleb128 0x7
 1290 004f 28       		.uleb128 0x28
 1291 0050 00       		.byte	0x0
 1292 0051 03       		.uleb128 0x3
 1293 0052 0E       		.uleb128 0xe
 1294 0053 1C       		.uleb128 0x1c
 1295 0054 0D       		.uleb128 0xd
 1296 0055 00       		.byte	0x0
 1297 0056 00       		.byte	0x0
 1298 0057 08       		.uleb128 0x8
 1299 0058 2E       		.uleb128 0x2e
 1300 0059 01       		.byte	0x1
 1301 005a 3F       		.uleb128 0x3f
 1302 005b 0C       		.uleb128 0xc
 1303 005c 03       		.uleb128 0x3
 1304 005d 0E       		.uleb128 0xe
 1305 005e 3A       		.uleb128 0x3a
 1306 005f 0B       		.uleb128 0xb
 1307 0060 3B       		.uleb128 0x3b
 1308 0061 0B       		.uleb128 0xb
 1309 0062 27       		.uleb128 0x27
 1310 0063 0C       		.uleb128 0xc
 1311 0064 11       		.uleb128 0x11
 1312 0065 01       		.uleb128 0x1
 1313 0066 12       		.uleb128 0x12
 1314 0067 01       		.uleb128 0x1
 1315 0068 40       		.uleb128 0x40
 1316 0069 06       		.uleb128 0x6
 1317 006a 01       		.uleb128 0x1
 1318 006b 13       		.uleb128 0x13
 1319 006c 00       		.byte	0x0
 1320 006d 00       		.byte	0x0
 1321 006e 09       		.uleb128 0x9
 1322 006f 34       		.uleb128 0x34
 1323 0070 00       		.byte	0x0
 1324 0071 03       		.uleb128 0x3
 1325 0072 0E       		.uleb128 0xe
 1326 0073 3A       		.uleb128 0x3a
 1327 0074 0B       		.uleb128 0xb
 1328 0075 3B       		.uleb128 0x3b
 1329 0076 0B       		.uleb128 0xb
 1330 0077 49       		.uleb128 0x49
ARM GAS  C:\Users\Geo\AppData\Local\Temp\ccwhaDRz.s 			page 30


 1331 0078 13       		.uleb128 0x13
 1332 0079 02       		.uleb128 0x2
 1333 007a 0A       		.uleb128 0xa
 1334 007b 00       		.byte	0x0
 1335 007c 00       		.byte	0x0
 1336 007d 0A       		.uleb128 0xa
 1337 007e 2E       		.uleb128 0x2e
 1338 007f 01       		.byte	0x1
 1339 0080 3F       		.uleb128 0x3f
 1340 0081 0C       		.uleb128 0xc
 1341 0082 03       		.uleb128 0x3
 1342 0083 0E       		.uleb128 0xe
 1343 0084 3A       		.uleb128 0x3a
 1344 0085 0B       		.uleb128 0xb
 1345 0086 3B       		.uleb128 0x3b
 1346 0087 0B       		.uleb128 0xb
 1347 0088 27       		.uleb128 0x27
 1348 0089 0C       		.uleb128 0xc
 1349 008a 49       		.uleb128 0x49
 1350 008b 13       		.uleb128 0x13
 1351 008c 11       		.uleb128 0x11
 1352 008d 01       		.uleb128 0x1
 1353 008e 12       		.uleb128 0x12
 1354 008f 01       		.uleb128 0x1
 1355 0090 40       		.uleb128 0x40
 1356 0091 06       		.uleb128 0x6
 1357 0092 01       		.uleb128 0x1
 1358 0093 13       		.uleb128 0x13
 1359 0094 00       		.byte	0x0
 1360 0095 00       		.byte	0x0
 1361 0096 0B       		.uleb128 0xb
 1362 0097 05       		.uleb128 0x5
 1363 0098 00       		.byte	0x0
 1364 0099 03       		.uleb128 0x3
 1365 009a 0E       		.uleb128 0xe
 1366 009b 3A       		.uleb128 0x3a
 1367 009c 0B       		.uleb128 0xb
 1368 009d 3B       		.uleb128 0x3b
 1369 009e 0B       		.uleb128 0xb
 1370 009f 49       		.uleb128 0x49
 1371 00a0 13       		.uleb128 0x13
 1372 00a1 02       		.uleb128 0x2
 1373 00a2 0A       		.uleb128 0xa
 1374 00a3 00       		.byte	0x0
 1375 00a4 00       		.byte	0x0
 1376 00a5 0C       		.uleb128 0xc
 1377 00a6 34       		.uleb128 0x34
 1378 00a7 00       		.byte	0x0
 1379 00a8 03       		.uleb128 0x3
 1380 00a9 0E       		.uleb128 0xe
 1381 00aa 3A       		.uleb128 0x3a
 1382 00ab 0B       		.uleb128 0xb
 1383 00ac 3B       		.uleb128 0x3b
 1384 00ad 05       		.uleb128 0x5
 1385 00ae 49       		.uleb128 0x49
 1386 00af 13       		.uleb128 0x13
 1387 00b0 02       		.uleb128 0x2
ARM GAS  C:\Users\Geo\AppData\Local\Temp\ccwhaDRz.s 			page 31


 1388 00b1 0A       		.uleb128 0xa
 1389 00b2 00       		.byte	0x0
 1390 00b3 00       		.byte	0x0
 1391 00b4 0D       		.uleb128 0xd
 1392 00b5 2E       		.uleb128 0x2e
 1393 00b6 00       		.byte	0x0
 1394 00b7 3F       		.uleb128 0x3f
 1395 00b8 0C       		.uleb128 0xc
 1396 00b9 03       		.uleb128 0x3
 1397 00ba 0E       		.uleb128 0xe
 1398 00bb 3A       		.uleb128 0x3a
 1399 00bc 0B       		.uleb128 0xb
 1400 00bd 3B       		.uleb128 0x3b
 1401 00be 05       		.uleb128 0x5
 1402 00bf 27       		.uleb128 0x27
 1403 00c0 0C       		.uleb128 0xc
 1404 00c1 11       		.uleb128 0x11
 1405 00c2 01       		.uleb128 0x1
 1406 00c3 12       		.uleb128 0x12
 1407 00c4 01       		.uleb128 0x1
 1408 00c5 40       		.uleb128 0x40
 1409 00c6 06       		.uleb128 0x6
 1410 00c7 00       		.byte	0x0
 1411 00c8 00       		.byte	0x0
 1412 00c9 0E       		.uleb128 0xe
 1413 00ca 34       		.uleb128 0x34
 1414 00cb 00       		.byte	0x0
 1415 00cc 03       		.uleb128 0x3
 1416 00cd 0E       		.uleb128 0xe
 1417 00ce 3A       		.uleb128 0x3a
 1418 00cf 0B       		.uleb128 0xb
 1419 00d0 3B       		.uleb128 0x3b
 1420 00d1 05       		.uleb128 0x5
 1421 00d2 49       		.uleb128 0x49
 1422 00d3 13       		.uleb128 0x13
 1423 00d4 3F       		.uleb128 0x3f
 1424 00d5 0C       		.uleb128 0xc
 1425 00d6 3C       		.uleb128 0x3c
 1426 00d7 0C       		.uleb128 0xc
 1427 00d8 00       		.byte	0x0
 1428 00d9 00       		.byte	0x0
 1429 00da 0F       		.uleb128 0xf
 1430 00db 35       		.uleb128 0x35
 1431 00dc 00       		.byte	0x0
 1432 00dd 49       		.uleb128 0x49
 1433 00de 13       		.uleb128 0x13
 1434 00df 00       		.byte	0x0
 1435 00e0 00       		.byte	0x0
 1436 00e1 10       		.uleb128 0x10
 1437 00e2 01       		.uleb128 0x1
 1438 00e3 01       		.byte	0x1
 1439 00e4 49       		.uleb128 0x49
 1440 00e5 13       		.uleb128 0x13
 1441 00e6 01       		.uleb128 0x1
 1442 00e7 13       		.uleb128 0x13
 1443 00e8 00       		.byte	0x0
 1444 00e9 00       		.byte	0x0
ARM GAS  C:\Users\Geo\AppData\Local\Temp\ccwhaDRz.s 			page 32


 1445 00ea 11       		.uleb128 0x11
 1446 00eb 21       		.uleb128 0x21
 1447 00ec 00       		.byte	0x0
 1448 00ed 49       		.uleb128 0x49
 1449 00ee 13       		.uleb128 0x13
 1450 00ef 2F       		.uleb128 0x2f
 1451 00f0 0B       		.uleb128 0xb
 1452 00f1 00       		.byte	0x0
 1453 00f2 00       		.byte	0x0
 1454 00f3 12       		.uleb128 0x12
 1455 00f4 34       		.uleb128 0x34
 1456 00f5 00       		.byte	0x0
 1457 00f6 03       		.uleb128 0x3
 1458 00f7 0E       		.uleb128 0xe
 1459 00f8 3A       		.uleb128 0x3a
 1460 00f9 0B       		.uleb128 0xb
 1461 00fa 3B       		.uleb128 0x3b
 1462 00fb 0B       		.uleb128 0xb
 1463 00fc 49       		.uleb128 0x49
 1464 00fd 13       		.uleb128 0x13
 1465 00fe 3F       		.uleb128 0x3f
 1466 00ff 0C       		.uleb128 0xc
 1467 0100 02       		.uleb128 0x2
 1468 0101 0A       		.uleb128 0xa
 1469 0102 00       		.byte	0x0
 1470 0103 00       		.byte	0x0
 1471 0104 00       		.byte	0x0
 1472              		.section	.debug_pubnames,"",%progbits
 1473 0000 91000000 		.4byte	0x91
 1474 0004 0200     		.2byte	0x2
 1475 0006 00000000 		.4byte	.Ldebug_info0
 1476 000a E6020000 		.4byte	0x2e6
 1477 000e D5000000 		.4byte	0xd5
 1478 0012 4D6F746F 		.ascii	"Motor_Run\000"
 1478      725F5275 
 1478      6E00
 1479 001c 33010000 		.4byte	0x133
 1480 0020 4D6F746F 		.ascii	"Motor_Convert16BitSpeedToPercentage\000"
 1480      725F436F 
 1480      6E766572 
 1480      74313642 
 1480      69745370 
 1481 0044 82010000 		.4byte	0x182
 1482 0048 4D6F746F 		.ascii	"Motor_ControlMotorSpeed\000"
 1482      725F436F 
 1482      6E74726F 
 1482      6C4D6F74 
 1482      6F725370 
 1483 0060 51020000 		.4byte	0x251
 1484 0064 4D6F746F 		.ascii	"Motor_TurnOn\000"
 1484      725F5475 
 1484      726E4F6E 
 1484      00
 1485 0071 67020000 		.4byte	0x267
 1486 0075 4D6F746F 		.ascii	"Motor_TurnOff\000"
 1486      725F5475 
 1486      726E4F66 
ARM GAS  C:\Users\Geo\AppData\Local\Temp\ccwhaDRz.s 			page 33


 1486      6600
 1487 0083 D3020000 		.4byte	0x2d3
 1488 0087 64656275 		.ascii	"debugBuff\000"
 1488      67427566 
 1488      6600
 1489 0091 00000000 		.4byte	0x0
 1490              		.section	.debug_aranges,"",%progbits
 1491 0000 3C000000 		.4byte	0x3c
 1492 0004 0200     		.2byte	0x2
 1493 0006 00000000 		.4byte	.Ldebug_info0
 1494 000a 04       		.byte	0x4
 1495 000b 00       		.byte	0x0
 1496 000c 0000     		.2byte	0x0
 1497 000e 0000     		.2byte	0x0
 1498 0010 00000000 		.4byte	.LFB29
 1499 0014 6A010000 		.4byte	.LFE29-.LFB29
 1500 0018 00000000 		.4byte	.LFB30
 1501 001c 78000000 		.4byte	.LFE30-.LFB30
 1502 0020 00000000 		.4byte	.LFB31
 1503 0024 B8030000 		.4byte	.LFE31-.LFB31
 1504 0028 00000000 		.4byte	.LFB32
 1505 002c 18000000 		.4byte	.LFE32-.LFB32
 1506 0030 00000000 		.4byte	.LFB33
 1507 0034 18000000 		.4byte	.LFE33-.LFB33
 1508 0038 00000000 		.4byte	0x0
 1509 003c 00000000 		.4byte	0x0
 1510              		.section	.debug_ranges,"",%progbits
 1511              	.Ldebug_ranges0:
 1512 0000 00000000 		.4byte	.Ltext0
 1513 0004 00000000 		.4byte	.Letext0
 1514 0008 00000000 		.4byte	.LFB29
 1515 000c 6A010000 		.4byte	.LFE29
 1516 0010 00000000 		.4byte	.LFB30
 1517 0014 78000000 		.4byte	.LFE30
 1518 0018 00000000 		.4byte	.LFB31
 1519 001c B8030000 		.4byte	.LFE31
 1520 0020 00000000 		.4byte	.LFB32
 1521 0024 18000000 		.4byte	.LFE32
 1522 0028 00000000 		.4byte	.LFB33
 1523 002c 18000000 		.4byte	.LFE33
 1524 0030 00000000 		.4byte	0x0
 1525 0034 00000000 		.4byte	0x0
 1526              		.section	.debug_str,"MS",%progbits,1
 1527              	.LASF8:
 1528 0000 6C6F6E67 		.ascii	"long long int\000"
 1528      206C6F6E 
 1528      6720696E 
 1528      7400
 1529              	.LASF15:
 1530 000e 6D6F746F 		.ascii	"motorInit\000"
 1530      72496E69 
 1530      7400
 1531              	.LASF24:
 1532 0018 61646A75 		.ascii	"adjustedSpeed\000"
 1532      73746564 
 1532      53706565 
 1532      6400
ARM GAS  C:\Users\Geo\AppData\Local\Temp\ccwhaDRz.s 			page 34


 1533              	.LASF19:
 1534 0026 73746174 		.ascii	"stateCounter\000"
 1534      65436F75 
 1534      6E746572 
 1534      00
 1535              	.LASF13:
 1536 0033 54525545 		.ascii	"TRUE\000"
 1536      00
 1537              	.LASF33:
 1538 0038 6368616E 		.ascii	"changeInTime\000"
 1538      6765496E 
 1538      54696D65 
 1538      00
 1539              	.LASF49:
 1540 0045 2E5C4D6F 		.ascii	".\\Motor.c\000"
 1540      746F722E 
 1540      6300
 1541              	.LASF30:
 1542 004f 6C617374 		.ascii	"lastMotorSpeed\000"
 1542      4D6F746F 
 1542      72537065 
 1542      656400
 1543              	.LASF44:
 1544 005e 5F747572 		.ascii	"_turnOffMotorFlag\000"
 1544      6E4F6666 
 1544      4D6F746F 
 1544      72466C61 
 1544      6700
 1545              	.LASF25:
 1546 0070 646F7562 		.ascii	"double\000"
 1546      6C6500
 1547              	.LASF14:
 1548 0077 626F6F6C 		.ascii	"bool_t\000"
 1548      5F7400
 1549              	.LASF20:
 1550 007e 6D6F746F 		.ascii	"motorSetSpeed16Bit\000"
 1550      72536574 
 1550      53706565 
 1550      64313642 
 1550      697400
 1551              	.LASF17:
 1552 0091 6D6F746F 		.ascii	"motorOn\000"
 1552      724F6E00 
 1553              	.LASF38:
 1554 0099 6D6F746F 		.ascii	"motorSpeedJerkLimited\000"
 1554      72537065 
 1554      65644A65 
 1554      726B4C69 
 1554      6D697465 
 1555              	.LASF26:
 1556 00af 4D6F746F 		.ascii	"Motor_Run\000"
 1556      725F5275 
 1556      6E00
 1557              	.LASF1:
 1558 00b9 756E7369 		.ascii	"unsigned char\000"
 1558      676E6564 
 1558      20636861 
ARM GAS  C:\Users\Geo\AppData\Local\Temp\ccwhaDRz.s 			page 35


 1558      7200
 1559              	.LASF31:
 1560 00c7 6C617374 		.ascii	"lastMotorAccel\000"
 1560      4D6F746F 
 1560      72416363 
 1560      656C00
 1561              	.LASF27:
 1562 00d6 4D6F746F 		.ascii	"Motor_ControlMotorSpeed\000"
 1562      725F436F 
 1562      6E74726F 
 1562      6C4D6F74 
 1562      6F725370 
 1563              	.LASF47:
 1564 00ee 64656275 		.ascii	"debugBuff\000"
 1564      67427566 
 1564      6600
 1565              	.LASF23:
 1566 00f8 64696666 		.ascii	"difference\000"
 1566      6572656E 
 1566      636500
 1567              	.LASF46:
 1568 0103 49544D5F 		.ascii	"ITM_RxBuffer\000"
 1568      52784275 
 1568      66666572 
 1568      00
 1569              	.LASF12:
 1570 0110 46414C53 		.ascii	"FALSE\000"
 1570      4500
 1571              	.LASF7:
 1572 0116 6C6F6E67 		.ascii	"long unsigned int\000"
 1572      20756E73 
 1572      69676E65 
 1572      6420696E 
 1572      7400
 1573              	.LASF42:
 1574 0128 4D6F746F 		.ascii	"Motor_TurnOff\000"
 1574      725F5475 
 1574      726E4F66 
 1574      6600
 1575              	.LASF18:
 1576 0136 6D6F746F 		.ascii	"motorStates_t\000"
 1576      72537461 
 1576      7465735F 
 1576      7400
 1577              	.LASF32:
 1578 0144 6C617374 		.ascii	"lastStateCount\000"
 1578      53746174 
 1578      65436F75 
 1578      6E7400
 1579              	.LASF10:
 1580 0153 756E7369 		.ascii	"unsigned int\000"
 1580      676E6564 
 1580      20696E74 
 1580      00
 1581              	.LASF39:
 1582 0160 6E65774D 		.ascii	"newMotorSpeed\000"
 1582      6F746F72 
ARM GAS  C:\Users\Geo\AppData\Local\Temp\ccwhaDRz.s 			page 36


 1582      53706565 
 1582      6400
 1583              	.LASF9:
 1584 016e 6C6F6E67 		.ascii	"long long unsigned int\000"
 1584      206C6F6E 
 1584      6720756E 
 1584      7369676E 
 1584      65642069 
 1585              	.LASF51:
 1586 0185 4D6F746F 		.ascii	"Motor_Convert16BitSpeedToPercentage\000"
 1586      725F436F 
 1586      6E766572 
 1586      74313642 
 1586      69745370 
 1587              	.LASF16:
 1588 01a9 6D6F746F 		.ascii	"motorOff\000"
 1588      724F6666 
 1588      00
 1589              	.LASF35:
 1590 01b2 61636365 		.ascii	"acceleration\000"
 1590      6C657261 
 1590      74696F6E 
 1590      00
 1591              	.LASF28:
 1592 01bf 73706565 		.ascii	"speed\000"
 1592      6400
 1593              	.LASF48:
 1594 01c5 474E5520 		.ascii	"GNU C 4.4.1\000"
 1594      4320342E 
 1594      342E3100 
 1595              	.LASF34:
 1596 01d1 6368616E 		.ascii	"changeInSpeed\000"
 1596      6765496E 
 1596      53706565 
 1596      6400
 1597              	.LASF21:
 1598 01df 6D6F746F 		.ascii	"motorState\000"
 1598      72537461 
 1598      746500
 1599              	.LASF36:
 1600 01ea 6D6F746F 		.ascii	"motorSpeedAccelLimited\000"
 1600      72537065 
 1600      65644163 
 1600      63656C4C 
 1600      696D6974 
 1601              	.LASF22:
 1602 0201 70726576 		.ascii	"prevMotorState\000"
 1602      4D6F746F 
 1602      72537461 
 1602      746500
 1603              	.LASF40:
 1604 0210 6E756D4F 		.ascii	"numOfCounts\000"
 1604      66436F75 
 1604      6E747300 
 1605              	.LASF5:
 1606 021c 75696E74 		.ascii	"uint16_t\000"
 1606      31365F74 
ARM GAS  C:\Users\Geo\AppData\Local\Temp\ccwhaDRz.s 			page 37


 1606      00
 1607              	.LASF2:
 1608 0225 73686F72 		.ascii	"short int\000"
 1608      7420696E 
 1608      7400
 1609              	.LASF43:
 1610 022f 5F747572 		.ascii	"_turnOnMotorFlag\000"
 1610      6E4F6E4D 
 1610      6F746F72 
 1610      466C6167 
 1610      00
 1611              	.LASF41:
 1612 0240 4D6F746F 		.ascii	"Motor_TurnOn\000"
 1612      725F5475 
 1612      726E4F6E 
 1612      00
 1613              	.LASF6:
 1614 024d 75696E74 		.ascii	"uint32_t\000"
 1614      33325F74 
 1614      00
 1615              	.LASF4:
 1616 0256 6C6F6E67 		.ascii	"long int\000"
 1616      20696E74 
 1616      00
 1617              	.LASF11:
 1618 025f 63686172 		.ascii	"char\000"
 1618      00
 1619              	.LASF50:
 1620 0264 433A5C55 		.ascii	"C:\\Users\\Geo\\Documents\\Projects\\Electric Skate"
 1620      73657273 
 1620      5C47656F 
 1620      5C446F63 
 1620      756D656E 
 1621 0292 626F6172 		.ascii	"board\\Firmware\\PSoC\\Skateboard Motherboard.cydsn"
 1621      645C4669 
 1621      726D7761 
 1621      72655C50 
 1621      536F435C 
 1622 02c2 00       		.ascii	"\000"
 1623              	.LASF0:
 1624 02c3 7369676E 		.ascii	"signed char\000"
 1624      65642063 
 1624      68617200 
 1625              	.LASF29:
 1626 02cf 63757272 		.ascii	"currentStateCount\000"
 1626      656E7453 
 1626      74617465 
 1626      436F756E 
 1626      7400
 1627              	.LASF3:
 1628 02e1 73686F72 		.ascii	"short unsigned int\000"
 1628      7420756E 
 1628      7369676E 
 1628      65642069 
 1628      6E7400
 1629              	.LASF45:
 1630 02f4 5F6D6F74 		.ascii	"_motorSetSpeed\000"
ARM GAS  C:\Users\Geo\AppData\Local\Temp\ccwhaDRz.s 			page 38


 1630      6F725365 
 1630      74537065 
 1630      656400
 1631              	.LASF37:
 1632 0303 6A65726B 		.ascii	"jerk\000"
 1632      00
 1633              		.ident	"GCC: (Sourcery G++ Lite 2010q1-188) 4.4.1"
