ARM GAS  C:\Users\Geo\AppData\Local\Temp\cc2MUIwb.s 			page 1


   1              		.syntax unified
   2              		.cpu cortex-m3
   3              		.fpu softvfp
   4              		.eabi_attribute 20, 1
   5              		.eabi_attribute 21, 1
   6              		.eabi_attribute 23, 3
   7              		.eabi_attribute 24, 1
   8              		.eabi_attribute 25, 1
   9              		.eabi_attribute 26, 1
  10              		.eabi_attribute 30, 6
  11              		.eabi_attribute 18, 4
  12              		.thumb
  13              		.file	"PinXbeeSleep.c"
  14              		.section	.debug_abbrev,"",%progbits
  15              	.Ldebug_abbrev0:
  16              		.section	.debug_info,"",%progbits
  17              	.Ldebug_info0:
  18              		.section	.debug_line,"",%progbits
  19              	.Ldebug_line0:
  20 0000 B3000000 		.text
  20      02006500 
  20      00000201 
  20      FB0E0D00 
  20      01010101 
  21              	.Ltext0:
  22              		.cfi_sections	.debug_frame
  23              		.section	.text.PinXbeeSleep_Write,"ax",%progbits
  24              		.align	2
  25              		.global	PinXbeeSleep_Write
  26              		.thumb
  27              		.thumb_func
  28              		.type	PinXbeeSleep_Write, %function
  29              	PinXbeeSleep_Write:
  30              	.LFB0:
  31              		.file 1 ".\\Generated_Source\\PSoC5\\PinXbeeSleep.c"
   1:.\Generated_Source\PSoC5/PinXbeeSleep.c **** /*******************************************************************************
   2:.\Generated_Source\PSoC5/PinXbeeSleep.c **** * File Name: PinXbeeSleep.c  
   3:.\Generated_Source\PSoC5/PinXbeeSleep.c **** * Version 1.60
   4:.\Generated_Source\PSoC5/PinXbeeSleep.c **** *
   5:.\Generated_Source\PSoC5/PinXbeeSleep.c **** * Description:
   6:.\Generated_Source\PSoC5/PinXbeeSleep.c **** *  This file contains API to enable firmware control of a Pins component.
   7:.\Generated_Source\PSoC5/PinXbeeSleep.c **** *
   8:.\Generated_Source\PSoC5/PinXbeeSleep.c **** * Note:
   9:.\Generated_Source\PSoC5/PinXbeeSleep.c **** *
  10:.\Generated_Source\PSoC5/PinXbeeSleep.c **** ********************************************************************************
  11:.\Generated_Source\PSoC5/PinXbeeSleep.c **** * Copyright 2008-2010, Cypress Semiconductor Corporation.  All rights reserved.
  12:.\Generated_Source\PSoC5/PinXbeeSleep.c **** * You may use this file only in accordance with the license, terms, conditions, 
  13:.\Generated_Source\PSoC5/PinXbeeSleep.c **** * disclaimers, and limitations in the end user license agreement accompanying 
  14:.\Generated_Source\PSoC5/PinXbeeSleep.c **** * the software package with which this file was provided.
  15:.\Generated_Source\PSoC5/PinXbeeSleep.c **** ********************************************************************************/
  16:.\Generated_Source\PSoC5/PinXbeeSleep.c **** 
  17:.\Generated_Source\PSoC5/PinXbeeSleep.c **** #include "cytypes.h"
  18:.\Generated_Source\PSoC5/PinXbeeSleep.c **** #include "PinXbeeSleep.h"
  19:.\Generated_Source\PSoC5/PinXbeeSleep.c **** 
  20:.\Generated_Source\PSoC5/PinXbeeSleep.c **** /* APIs are not generated for P15[7:6] */
  21:.\Generated_Source\PSoC5/PinXbeeSleep.c **** #if !(CYDEV_CHIP_FAMILY_USED == CYDEV_CHIP_FAMILY_PSOC5 &&\
  22:.\Generated_Source\PSoC5/PinXbeeSleep.c ****      CYDEV_CHIP_REVISION_USED == CYDEV_CHIP_REVISION_5A_PRODUCTION &&\
ARM GAS  C:\Users\Geo\AppData\Local\Temp\cc2MUIwb.s 			page 2


  23:.\Generated_Source\PSoC5/PinXbeeSleep.c **** 	 PinXbeeSleep__PORT == 15 && (PinXbeeSleep__MASK & 0xC0))
  24:.\Generated_Source\PSoC5/PinXbeeSleep.c **** 
  25:.\Generated_Source\PSoC5/PinXbeeSleep.c **** /*******************************************************************************
  26:.\Generated_Source\PSoC5/PinXbeeSleep.c **** * Function Name: PinXbeeSleep_Write
  27:.\Generated_Source\PSoC5/PinXbeeSleep.c **** ********************************************************************************
  28:.\Generated_Source\PSoC5/PinXbeeSleep.c **** * Summary:
  29:.\Generated_Source\PSoC5/PinXbeeSleep.c **** *  Assign a new value to the digital port's data output register.  
  30:.\Generated_Source\PSoC5/PinXbeeSleep.c **** *
  31:.\Generated_Source\PSoC5/PinXbeeSleep.c **** * Parameters:  
  32:.\Generated_Source\PSoC5/PinXbeeSleep.c **** *  prtValue:  The value to be assigned to the Digital Port. 
  33:.\Generated_Source\PSoC5/PinXbeeSleep.c **** *
  34:.\Generated_Source\PSoC5/PinXbeeSleep.c **** * Return: 
  35:.\Generated_Source\PSoC5/PinXbeeSleep.c **** *  void 
  36:.\Generated_Source\PSoC5/PinXbeeSleep.c **** *  
  37:.\Generated_Source\PSoC5/PinXbeeSleep.c **** *******************************************************************************/
  38:.\Generated_Source\PSoC5/PinXbeeSleep.c **** void PinXbeeSleep_Write(uint8 value) 
  39:.\Generated_Source\PSoC5/PinXbeeSleep.c **** {
  32              		.loc 1 39 0
  33              		.cfi_startproc
  34              		@ args = 0, pretend = 0, frame = 16
  35              		@ frame_needed = 1, uses_anonymous_args = 0
  36              		@ link register save eliminated.
  37 0000 80B4     		push	{r7}
  38              	.LCFI0:
  39              		.cfi_def_cfa_offset 4
  40 0002 85B0     		sub	sp, sp, #20
  41              	.LCFI1:
  42              		.cfi_def_cfa_offset 24
  43 0004 00AF     		add	r7, sp, #0
  44              		.cfi_offset 7, -4
  45              	.LCFI2:
  46              		.cfi_def_cfa_register 7
  47 0006 0346     		mov	r3, r0
  48 0008 FB71     		strb	r3, [r7, #7]
  40:.\Generated_Source\PSoC5/PinXbeeSleep.c ****     uint8 staticBits = PinXbeeSleep_DR & ~PinXbeeSleep_MASK;
  49              		.loc 1 40 0
  50 000a 45F22013 		movw	r3, #:lower16:1073762592
  51 000e C4F20003 		movt	r3, #:upper16:1073762592
  52 0012 1B78     		ldrb	r3, [r3, #0]
  53 0014 DBB2     		uxtb	r3, r3
  54 0016 23F00103 		bic	r3, r3, #1
  55 001a FB73     		strb	r3, [r7, #15]
  41:.\Generated_Source\PSoC5/PinXbeeSleep.c ****     PinXbeeSleep_DR = staticBits | ((value << PinXbeeSleep_SHIFT) & PinXbeeSleep_MASK);
  56              		.loc 1 41 0
  57 001c 45F22013 		movw	r3, #:lower16:1073762592
  58 0020 C4F20003 		movt	r3, #:upper16:1073762592
  59 0024 FA79     		ldrb	r2, [r7, #7]	@ zero_extendqisi2
  60 0026 02F00102 		and	r2, r2, #1
  61 002a F97B     		ldrb	r1, [r7, #15]
  62 002c 42EA0102 		orr	r2, r2, r1
  63 0030 D2B2     		uxtb	r2, r2
  64 0032 1A70     		strb	r2, [r3, #0]
  42:.\Generated_Source\PSoC5/PinXbeeSleep.c **** }
  65              		.loc 1 42 0
  66 0034 07F11407 		add	r7, r7, #20
  67 0038 BD46     		mov	sp, r7
  68 003a 80BC     		pop	{r7}
ARM GAS  C:\Users\Geo\AppData\Local\Temp\cc2MUIwb.s 			page 3


  69 003c 7047     		bx	lr
  70              		.cfi_endproc
  71              	.LFE0:
  72              		.size	PinXbeeSleep_Write, .-PinXbeeSleep_Write
  73 003e 00BF     		.section	.text.PinXbeeSleep_SetDriveMode,"ax",%progbits
  74              		.align	2
  75              		.global	PinXbeeSleep_SetDriveMode
  76              		.thumb
  77              		.thumb_func
  78              		.type	PinXbeeSleep_SetDriveMode, %function
  79              	PinXbeeSleep_SetDriveMode:
  80              	.LFB1:
  43:.\Generated_Source\PSoC5/PinXbeeSleep.c **** 
  44:.\Generated_Source\PSoC5/PinXbeeSleep.c **** 
  45:.\Generated_Source\PSoC5/PinXbeeSleep.c **** /*******************************************************************************
  46:.\Generated_Source\PSoC5/PinXbeeSleep.c **** * Function Name: PinXbeeSleep_SetDriveMode
  47:.\Generated_Source\PSoC5/PinXbeeSleep.c **** ********************************************************************************
  48:.\Generated_Source\PSoC5/PinXbeeSleep.c **** * Summary:
  49:.\Generated_Source\PSoC5/PinXbeeSleep.c **** *  Change the drive mode on the pins of the port.
  50:.\Generated_Source\PSoC5/PinXbeeSleep.c **** * 
  51:.\Generated_Source\PSoC5/PinXbeeSleep.c **** * Parameters:  
  52:.\Generated_Source\PSoC5/PinXbeeSleep.c **** *  mode:  Change the pins to this drive mode.
  53:.\Generated_Source\PSoC5/PinXbeeSleep.c **** *
  54:.\Generated_Source\PSoC5/PinXbeeSleep.c **** * Return: 
  55:.\Generated_Source\PSoC5/PinXbeeSleep.c **** *  void
  56:.\Generated_Source\PSoC5/PinXbeeSleep.c **** *
  57:.\Generated_Source\PSoC5/PinXbeeSleep.c **** *******************************************************************************/
  58:.\Generated_Source\PSoC5/PinXbeeSleep.c **** void PinXbeeSleep_SetDriveMode(uint8 mode) 
  59:.\Generated_Source\PSoC5/PinXbeeSleep.c **** {
  81              		.loc 1 59 0
  82              		.cfi_startproc
  83              		@ args = 0, pretend = 0, frame = 8
  84              		@ frame_needed = 1, uses_anonymous_args = 0
  85              		@ link register save eliminated.
  86 0000 80B4     		push	{r7}
  87              	.LCFI3:
  88              		.cfi_def_cfa_offset 4
  89 0002 83B0     		sub	sp, sp, #12
  90              	.LCFI4:
  91              		.cfi_def_cfa_offset 16
  92 0004 00AF     		add	r7, sp, #0
  93              		.cfi_offset 7, -4
  94              	.LCFI5:
  95              		.cfi_def_cfa_register 7
  96 0006 0346     		mov	r3, r0
  97 0008 FB71     		strb	r3, [r7, #7]
  60:.\Generated_Source\PSoC5/PinXbeeSleep.c **** 	CyPins_SetPinDriveMode(PinXbeeSleep_0, mode);
  98              		.loc 1 60 0
  99 000a 45F21003 		movw	r3, #:lower16:1073762320
 100 000e C4F20003 		movt	r3, #:upper16:1073762320
 101 0012 45F21002 		movw	r2, #:lower16:1073762320
 102 0016 C4F20002 		movt	r2, #:upper16:1073762320
 103 001a 1278     		ldrb	r2, [r2, #0]
 104 001c D2B2     		uxtb	r2, r2
 105 001e 1146     		mov	r1, r2
 106 0020 01F0F101 		and	r1, r1, #241
 107 0024 FA79     		ldrb	r2, [r7, #7]	@ zero_extendqisi2
ARM GAS  C:\Users\Geo\AppData\Local\Temp\cc2MUIwb.s 			page 4


 108 0026 02F00E02 		and	r2, r2, #14
 109 002a 41EA0202 		orr	r2, r1, r2
 110 002e D2B2     		uxtb	r2, r2
 111 0030 1A70     		strb	r2, [r3, #0]
  61:.\Generated_Source\PSoC5/PinXbeeSleep.c **** }
 112              		.loc 1 61 0
 113 0032 07F10C07 		add	r7, r7, #12
 114 0036 BD46     		mov	sp, r7
 115 0038 80BC     		pop	{r7}
 116 003a 7047     		bx	lr
 117              		.cfi_endproc
 118              	.LFE1:
 119              		.size	PinXbeeSleep_SetDriveMode, .-PinXbeeSleep_SetDriveMode
 120              		.section	.text.PinXbeeSleep_Read,"ax",%progbits
 121              		.align	2
 122              		.global	PinXbeeSleep_Read
 123              		.thumb
 124              		.thumb_func
 125              		.type	PinXbeeSleep_Read, %function
 126              	PinXbeeSleep_Read:
 127              	.LFB2:
  62:.\Generated_Source\PSoC5/PinXbeeSleep.c **** 
  63:.\Generated_Source\PSoC5/PinXbeeSleep.c **** 
  64:.\Generated_Source\PSoC5/PinXbeeSleep.c **** /*******************************************************************************
  65:.\Generated_Source\PSoC5/PinXbeeSleep.c **** * Function Name: PinXbeeSleep_Read
  66:.\Generated_Source\PSoC5/PinXbeeSleep.c **** ********************************************************************************
  67:.\Generated_Source\PSoC5/PinXbeeSleep.c **** * Summary:
  68:.\Generated_Source\PSoC5/PinXbeeSleep.c **** *  Read the current value on the pins of the Digital Port in right justified 
  69:.\Generated_Source\PSoC5/PinXbeeSleep.c **** *  form.
  70:.\Generated_Source\PSoC5/PinXbeeSleep.c **** *
  71:.\Generated_Source\PSoC5/PinXbeeSleep.c **** * Parameters:  
  72:.\Generated_Source\PSoC5/PinXbeeSleep.c **** *  void 
  73:.\Generated_Source\PSoC5/PinXbeeSleep.c **** *
  74:.\Generated_Source\PSoC5/PinXbeeSleep.c **** * Return: 
  75:.\Generated_Source\PSoC5/PinXbeeSleep.c **** *  Returns the current value of the Digital Port as a right justified number
  76:.\Generated_Source\PSoC5/PinXbeeSleep.c **** *  
  77:.\Generated_Source\PSoC5/PinXbeeSleep.c **** * Note:
  78:.\Generated_Source\PSoC5/PinXbeeSleep.c **** *  Macro PinXbeeSleep_ReadPS calls this function. 
  79:.\Generated_Source\PSoC5/PinXbeeSleep.c **** *  
  80:.\Generated_Source\PSoC5/PinXbeeSleep.c **** *******************************************************************************/
  81:.\Generated_Source\PSoC5/PinXbeeSleep.c **** uint8 PinXbeeSleep_Read(void) 
  82:.\Generated_Source\PSoC5/PinXbeeSleep.c **** {
 128              		.loc 1 82 0
 129              		.cfi_startproc
 130              		@ args = 0, pretend = 0, frame = 0
 131              		@ frame_needed = 1, uses_anonymous_args = 0
 132              		@ link register save eliminated.
 133 0000 80B4     		push	{r7}
 134              	.LCFI6:
 135              		.cfi_def_cfa_offset 4
 136 0002 00AF     		add	r7, sp, #0
 137              		.cfi_offset 7, -4
 138              	.LCFI7:
 139              		.cfi_def_cfa_register 7
  83:.\Generated_Source\PSoC5/PinXbeeSleep.c ****     return (PinXbeeSleep_PS & PinXbeeSleep_MASK) >> PinXbeeSleep_SHIFT;
 140              		.loc 1 83 0
 141 0004 45F22113 		movw	r3, #:lower16:1073762593
ARM GAS  C:\Users\Geo\AppData\Local\Temp\cc2MUIwb.s 			page 5


 142 0008 C4F20003 		movt	r3, #:upper16:1073762593
 143 000c 1B78     		ldrb	r3, [r3, #0]
 144 000e DBB2     		uxtb	r3, r3
 145 0010 03F00103 		and	r3, r3, #1
  84:.\Generated_Source\PSoC5/PinXbeeSleep.c **** }
 146              		.loc 1 84 0
 147 0014 1846     		mov	r0, r3
 148 0016 BD46     		mov	sp, r7
 149 0018 80BC     		pop	{r7}
 150 001a 7047     		bx	lr
 151              		.cfi_endproc
 152              	.LFE2:
 153              		.size	PinXbeeSleep_Read, .-PinXbeeSleep_Read
 154              		.section	.text.PinXbeeSleep_ReadDataReg,"ax",%progbits
 155              		.align	2
 156              		.global	PinXbeeSleep_ReadDataReg
 157              		.thumb
 158              		.thumb_func
 159              		.type	PinXbeeSleep_ReadDataReg, %function
 160              	PinXbeeSleep_ReadDataReg:
 161              	.LFB3:
  85:.\Generated_Source\PSoC5/PinXbeeSleep.c **** 
  86:.\Generated_Source\PSoC5/PinXbeeSleep.c **** 
  87:.\Generated_Source\PSoC5/PinXbeeSleep.c **** /*******************************************************************************
  88:.\Generated_Source\PSoC5/PinXbeeSleep.c **** * Function Name: PinXbeeSleep_ReadDataReg
  89:.\Generated_Source\PSoC5/PinXbeeSleep.c **** ********************************************************************************
  90:.\Generated_Source\PSoC5/PinXbeeSleep.c **** * Summary:
  91:.\Generated_Source\PSoC5/PinXbeeSleep.c **** *  Read the current value assigned to a Digital Port's data output register
  92:.\Generated_Source\PSoC5/PinXbeeSleep.c **** *
  93:.\Generated_Source\PSoC5/PinXbeeSleep.c **** * Parameters:  
  94:.\Generated_Source\PSoC5/PinXbeeSleep.c **** *  void 
  95:.\Generated_Source\PSoC5/PinXbeeSleep.c **** *
  96:.\Generated_Source\PSoC5/PinXbeeSleep.c **** * Return: 
  97:.\Generated_Source\PSoC5/PinXbeeSleep.c **** *  Returns the current value assigned to the Digital Port's data output register
  98:.\Generated_Source\PSoC5/PinXbeeSleep.c **** *  
  99:.\Generated_Source\PSoC5/PinXbeeSleep.c **** *******************************************************************************/
 100:.\Generated_Source\PSoC5/PinXbeeSleep.c **** uint8 PinXbeeSleep_ReadDataReg(void) 
 101:.\Generated_Source\PSoC5/PinXbeeSleep.c **** {
 162              		.loc 1 101 0
 163              		.cfi_startproc
 164              		@ args = 0, pretend = 0, frame = 0
 165              		@ frame_needed = 1, uses_anonymous_args = 0
 166              		@ link register save eliminated.
 167 0000 80B4     		push	{r7}
 168              	.LCFI8:
 169              		.cfi_def_cfa_offset 4
 170 0002 00AF     		add	r7, sp, #0
 171              		.cfi_offset 7, -4
 172              	.LCFI9:
 173              		.cfi_def_cfa_register 7
 102:.\Generated_Source\PSoC5/PinXbeeSleep.c ****     return (PinXbeeSleep_DR & PinXbeeSleep_MASK) >> PinXbeeSleep_SHIFT;
 174              		.loc 1 102 0
 175 0004 45F22013 		movw	r3, #:lower16:1073762592
 176 0008 C4F20003 		movt	r3, #:upper16:1073762592
 177 000c 1B78     		ldrb	r3, [r3, #0]
 178 000e DBB2     		uxtb	r3, r3
 179 0010 03F00103 		and	r3, r3, #1
ARM GAS  C:\Users\Geo\AppData\Local\Temp\cc2MUIwb.s 			page 6


 103:.\Generated_Source\PSoC5/PinXbeeSleep.c **** }
 180              		.loc 1 103 0
 181 0014 1846     		mov	r0, r3
 182 0016 BD46     		mov	sp, r7
 183 0018 80BC     		pop	{r7}
 184 001a 7047     		bx	lr
 185              		.cfi_endproc
 186              	.LFE3:
 187              		.size	PinXbeeSleep_ReadDataReg, .-PinXbeeSleep_ReadDataReg
 188              		.text
 189              	.Letext0:
 190              		.section	.debug_loc,"",%progbits
 191              	.Ldebug_loc0:
 192              	.LLST0:
 193 0000 00000000 		.4byte	.LFB0
 194 0004 02000000 		.4byte	.LCFI0
 195 0008 0100     		.2byte	0x1
 196 000a 5D       		.byte	0x5d
 197 000b 02000000 		.4byte	.LCFI0
 198 000f 04000000 		.4byte	.LCFI1
 199 0013 0200     		.2byte	0x2
 200 0015 7D       		.byte	0x7d
 201 0016 04       		.sleb128 4
 202 0017 04000000 		.4byte	.LCFI1
 203 001b 06000000 		.4byte	.LCFI2
 204 001f 0200     		.2byte	0x2
 205 0021 7D       		.byte	0x7d
 206 0022 18       		.sleb128 24
 207 0023 06000000 		.4byte	.LCFI2
 208 0027 3E000000 		.4byte	.LFE0
 209 002b 0200     		.2byte	0x2
 210 002d 77       		.byte	0x77
 211 002e 18       		.sleb128 24
 212 002f 00000000 		.4byte	0x0
 213 0033 00000000 		.4byte	0x0
 214              	.LLST1:
 215 0037 00000000 		.4byte	.LFB1
 216 003b 02000000 		.4byte	.LCFI3
 217 003f 0100     		.2byte	0x1
 218 0041 5D       		.byte	0x5d
 219 0042 02000000 		.4byte	.LCFI3
 220 0046 04000000 		.4byte	.LCFI4
 221 004a 0200     		.2byte	0x2
 222 004c 7D       		.byte	0x7d
 223 004d 04       		.sleb128 4
 224 004e 04000000 		.4byte	.LCFI4
 225 0052 06000000 		.4byte	.LCFI5
 226 0056 0200     		.2byte	0x2
 227 0058 7D       		.byte	0x7d
 228 0059 10       		.sleb128 16
 229 005a 06000000 		.4byte	.LCFI5
 230 005e 3C000000 		.4byte	.LFE1
 231 0062 0200     		.2byte	0x2
 232 0064 77       		.byte	0x77
 233 0065 10       		.sleb128 16
 234 0066 00000000 		.4byte	0x0
 235 006a 00000000 		.4byte	0x0
ARM GAS  C:\Users\Geo\AppData\Local\Temp\cc2MUIwb.s 			page 7


 236              	.LLST2:
 237 006e 00000000 		.4byte	.LFB2
 238 0072 02000000 		.4byte	.LCFI6
 239 0076 0100     		.2byte	0x1
 240 0078 5D       		.byte	0x5d
 241 0079 02000000 		.4byte	.LCFI6
 242 007d 04000000 		.4byte	.LCFI7
 243 0081 0200     		.2byte	0x2
 244 0083 7D       		.byte	0x7d
 245 0084 04       		.sleb128 4
 246 0085 04000000 		.4byte	.LCFI7
 247 0089 1C000000 		.4byte	.LFE2
 248 008d 0200     		.2byte	0x2
 249 008f 77       		.byte	0x77
 250 0090 04       		.sleb128 4
 251 0091 00000000 		.4byte	0x0
 252 0095 00000000 		.4byte	0x0
 253              	.LLST3:
 254 0099 00000000 		.4byte	.LFB3
 255 009d 02000000 		.4byte	.LCFI8
 256 00a1 0100     		.2byte	0x1
 257 00a3 5D       		.byte	0x5d
 258 00a4 02000000 		.4byte	.LCFI8
 259 00a8 04000000 		.4byte	.LCFI9
 260 00ac 0200     		.2byte	0x2
 261 00ae 7D       		.byte	0x7d
 262 00af 04       		.sleb128 4
 263 00b0 04000000 		.4byte	.LCFI9
 264 00b4 1C000000 		.4byte	.LFE3
 265 00b8 0200     		.2byte	0x2
 266 00ba 77       		.byte	0x77
 267 00bb 04       		.sleb128 4
 268 00bc 00000000 		.4byte	0x0
 269 00c0 00000000 		.4byte	0x0
 270              		.file 2 ".\\Generated_Source\\PSoC5\\/cytypes.h"
 271              		.section	.debug_info
 272 0000 0E010000 		.4byte	0x10e
 273 0004 0200     		.2byte	0x2
 274 0006 00000000 		.4byte	.Ldebug_abbrev0
 275 000a 04       		.byte	0x4
 276 000b 01       		.uleb128 0x1
 277 000c E8000000 		.4byte	.LASF16
 278 0010 01       		.byte	0x1
 279 0011 0E000000 		.4byte	.LASF17
 280 0015 12010000 		.4byte	.LASF18
 281 0019 00000000 		.4byte	0x0
 282 001d 00000000 		.4byte	0x0
 283 0021 00000000 		.4byte	.Ldebug_ranges0+0x0
 284 0025 00000000 		.4byte	.Ldebug_line0
 285 0029 02       		.uleb128 0x2
 286 002a 01       		.byte	0x1
 287 002b 06       		.byte	0x6
 288 002c 71010000 		.4byte	.LASF0
 289 0030 02       		.uleb128 0x2
 290 0031 01       		.byte	0x1
 291 0032 08       		.byte	0x8
 292 0033 47000000 		.4byte	.LASF1
ARM GAS  C:\Users\Geo\AppData\Local\Temp\cc2MUIwb.s 			page 8


 293 0037 02       		.uleb128 0x2
 294 0038 02       		.byte	0x2
 295 0039 05       		.byte	0x5
 296 003a F9000000 		.4byte	.LASF2
 297 003e 02       		.uleb128 0x2
 298 003f 02       		.byte	0x2
 299 0040 07       		.byte	0x7
 300 0041 81000000 		.4byte	.LASF3
 301 0045 02       		.uleb128 0x2
 302 0046 04       		.byte	0x4
 303 0047 05       		.byte	0x5
 304 0048 09010000 		.4byte	.LASF4
 305 004c 02       		.uleb128 0x2
 306 004d 04       		.byte	0x4
 307 004e 07       		.byte	0x7
 308 004f 6F000000 		.4byte	.LASF5
 309 0053 02       		.uleb128 0x2
 310 0054 08       		.byte	0x8
 311 0055 05       		.byte	0x5
 312 0056 00000000 		.4byte	.LASF6
 313 005a 02       		.uleb128 0x2
 314 005b 08       		.byte	0x8
 315 005c 07       		.byte	0x7
 316 005d CC000000 		.4byte	.LASF7
 317 0061 03       		.uleb128 0x3
 318 0062 04       		.byte	0x4
 319 0063 05       		.byte	0x5
 320 0064 696E7400 		.ascii	"int\000"
 321 0068 02       		.uleb128 0x2
 322 0069 04       		.byte	0x4
 323 006a 07       		.byte	0x7
 324 006b BF000000 		.4byte	.LASF8
 325 006f 02       		.uleb128 0x2
 326 0070 01       		.byte	0x1
 327 0071 08       		.byte	0x8
 328 0072 F4000000 		.4byte	.LASF9
 329 0076 04       		.uleb128 0x4
 330 0077 03010000 		.4byte	.LASF19
 331 007b 02       		.byte	0x2
 332 007c 51       		.byte	0x51
 333 007d 30000000 		.4byte	0x30
 334 0081 05       		.uleb128 0x5
 335 0082 01       		.byte	0x1
 336 0083 7D010000 		.4byte	.LASF10
 337 0087 01       		.byte	0x1
 338 0088 26       		.byte	0x26
 339 0089 01       		.byte	0x1
 340 008a 00000000 		.4byte	.LFB0
 341 008e 3E000000 		.4byte	.LFE0
 342 0092 00000000 		.4byte	.LLST0
 343 0096 B7000000 		.4byte	0xb7
 344 009a 06       		.uleb128 0x6
 345 009b 36000000 		.4byte	.LASF12
 346 009f 01       		.byte	0x1
 347 00a0 26       		.byte	0x26
 348 00a1 76000000 		.4byte	0x76
 349 00a5 02       		.byte	0x2
ARM GAS  C:\Users\Geo\AppData\Local\Temp\cc2MUIwb.s 			page 9


 350 00a6 91       		.byte	0x91
 351 00a7 6F       		.sleb128 -17
 352 00a8 07       		.uleb128 0x7
 353 00a9 3C000000 		.4byte	.LASF20
 354 00ad 01       		.byte	0x1
 355 00ae 28       		.byte	0x28
 356 00af 76000000 		.4byte	0x76
 357 00b3 02       		.byte	0x2
 358 00b4 91       		.byte	0x91
 359 00b5 77       		.sleb128 -9
 360 00b6 00       		.byte	0x0
 361 00b7 05       		.uleb128 0x5
 362 00b8 01       		.byte	0x1
 363 00b9 55000000 		.4byte	.LASF11
 364 00bd 01       		.byte	0x1
 365 00be 3A       		.byte	0x3a
 366 00bf 01       		.byte	0x1
 367 00c0 00000000 		.4byte	.LFB1
 368 00c4 3C000000 		.4byte	.LFE1
 369 00c8 37000000 		.4byte	.LLST1
 370 00cc DF000000 		.4byte	0xdf
 371 00d0 06       		.uleb128 0x6
 372 00d1 E3000000 		.4byte	.LASF13
 373 00d5 01       		.byte	0x1
 374 00d6 3A       		.byte	0x3a
 375 00d7 76000000 		.4byte	0x76
 376 00db 02       		.byte	0x2
 377 00dc 91       		.byte	0x91
 378 00dd 77       		.sleb128 -9
 379 00de 00       		.byte	0x0
 380 00df 08       		.uleb128 0x8
 381 00e0 01       		.byte	0x1
 382 00e1 AD000000 		.4byte	.LASF14
 383 00e5 01       		.byte	0x1
 384 00e6 51       		.byte	0x51
 385 00e7 01       		.byte	0x1
 386 00e8 76000000 		.4byte	0x76
 387 00ec 00000000 		.4byte	.LFB2
 388 00f0 1C000000 		.4byte	.LFE2
 389 00f4 6E000000 		.4byte	.LLST2
 390 00f8 08       		.uleb128 0x8
 391 00f9 01       		.byte	0x1
 392 00fa 94000000 		.4byte	.LASF15
 393 00fe 01       		.byte	0x1
 394 00ff 64       		.byte	0x64
 395 0100 01       		.byte	0x1
 396 0101 76000000 		.4byte	0x76
 397 0105 00000000 		.4byte	.LFB3
 398 0109 1C000000 		.4byte	.LFE3
 399 010d 99000000 		.4byte	.LLST3
 400 0111 00       		.byte	0x0
 401              		.section	.debug_abbrev
 402 0000 01       		.uleb128 0x1
 403 0001 11       		.uleb128 0x11
 404 0002 01       		.byte	0x1
 405 0003 25       		.uleb128 0x25
 406 0004 0E       		.uleb128 0xe
ARM GAS  C:\Users\Geo\AppData\Local\Temp\cc2MUIwb.s 			page 10


 407 0005 13       		.uleb128 0x13
 408 0006 0B       		.uleb128 0xb
 409 0007 03       		.uleb128 0x3
 410 0008 0E       		.uleb128 0xe
 411 0009 1B       		.uleb128 0x1b
 412 000a 0E       		.uleb128 0xe
 413 000b 11       		.uleb128 0x11
 414 000c 01       		.uleb128 0x1
 415 000d 52       		.uleb128 0x52
 416 000e 01       		.uleb128 0x1
 417 000f 55       		.uleb128 0x55
 418 0010 06       		.uleb128 0x6
 419 0011 10       		.uleb128 0x10
 420 0012 06       		.uleb128 0x6
 421 0013 00       		.byte	0x0
 422 0014 00       		.byte	0x0
 423 0015 02       		.uleb128 0x2
 424 0016 24       		.uleb128 0x24
 425 0017 00       		.byte	0x0
 426 0018 0B       		.uleb128 0xb
 427 0019 0B       		.uleb128 0xb
 428 001a 3E       		.uleb128 0x3e
 429 001b 0B       		.uleb128 0xb
 430 001c 03       		.uleb128 0x3
 431 001d 0E       		.uleb128 0xe
 432 001e 00       		.byte	0x0
 433 001f 00       		.byte	0x0
 434 0020 03       		.uleb128 0x3
 435 0021 24       		.uleb128 0x24
 436 0022 00       		.byte	0x0
 437 0023 0B       		.uleb128 0xb
 438 0024 0B       		.uleb128 0xb
 439 0025 3E       		.uleb128 0x3e
 440 0026 0B       		.uleb128 0xb
 441 0027 03       		.uleb128 0x3
 442 0028 08       		.uleb128 0x8
 443 0029 00       		.byte	0x0
 444 002a 00       		.byte	0x0
 445 002b 04       		.uleb128 0x4
 446 002c 16       		.uleb128 0x16
 447 002d 00       		.byte	0x0
 448 002e 03       		.uleb128 0x3
 449 002f 0E       		.uleb128 0xe
 450 0030 3A       		.uleb128 0x3a
 451 0031 0B       		.uleb128 0xb
 452 0032 3B       		.uleb128 0x3b
 453 0033 0B       		.uleb128 0xb
 454 0034 49       		.uleb128 0x49
 455 0035 13       		.uleb128 0x13
 456 0036 00       		.byte	0x0
 457 0037 00       		.byte	0x0
 458 0038 05       		.uleb128 0x5
 459 0039 2E       		.uleb128 0x2e
 460 003a 01       		.byte	0x1
 461 003b 3F       		.uleb128 0x3f
 462 003c 0C       		.uleb128 0xc
 463 003d 03       		.uleb128 0x3
ARM GAS  C:\Users\Geo\AppData\Local\Temp\cc2MUIwb.s 			page 11


 464 003e 0E       		.uleb128 0xe
 465 003f 3A       		.uleb128 0x3a
 466 0040 0B       		.uleb128 0xb
 467 0041 3B       		.uleb128 0x3b
 468 0042 0B       		.uleb128 0xb
 469 0043 27       		.uleb128 0x27
 470 0044 0C       		.uleb128 0xc
 471 0045 11       		.uleb128 0x11
 472 0046 01       		.uleb128 0x1
 473 0047 12       		.uleb128 0x12
 474 0048 01       		.uleb128 0x1
 475 0049 40       		.uleb128 0x40
 476 004a 06       		.uleb128 0x6
 477 004b 01       		.uleb128 0x1
 478 004c 13       		.uleb128 0x13
 479 004d 00       		.byte	0x0
 480 004e 00       		.byte	0x0
 481 004f 06       		.uleb128 0x6
 482 0050 05       		.uleb128 0x5
 483 0051 00       		.byte	0x0
 484 0052 03       		.uleb128 0x3
 485 0053 0E       		.uleb128 0xe
 486 0054 3A       		.uleb128 0x3a
 487 0055 0B       		.uleb128 0xb
 488 0056 3B       		.uleb128 0x3b
 489 0057 0B       		.uleb128 0xb
 490 0058 49       		.uleb128 0x49
 491 0059 13       		.uleb128 0x13
 492 005a 02       		.uleb128 0x2
 493 005b 0A       		.uleb128 0xa
 494 005c 00       		.byte	0x0
 495 005d 00       		.byte	0x0
 496 005e 07       		.uleb128 0x7
 497 005f 34       		.uleb128 0x34
 498 0060 00       		.byte	0x0
 499 0061 03       		.uleb128 0x3
 500 0062 0E       		.uleb128 0xe
 501 0063 3A       		.uleb128 0x3a
 502 0064 0B       		.uleb128 0xb
 503 0065 3B       		.uleb128 0x3b
 504 0066 0B       		.uleb128 0xb
 505 0067 49       		.uleb128 0x49
 506 0068 13       		.uleb128 0x13
 507 0069 02       		.uleb128 0x2
 508 006a 0A       		.uleb128 0xa
 509 006b 00       		.byte	0x0
 510 006c 00       		.byte	0x0
 511 006d 08       		.uleb128 0x8
 512 006e 2E       		.uleb128 0x2e
 513 006f 00       		.byte	0x0
 514 0070 3F       		.uleb128 0x3f
 515 0071 0C       		.uleb128 0xc
 516 0072 03       		.uleb128 0x3
 517 0073 0E       		.uleb128 0xe
 518 0074 3A       		.uleb128 0x3a
 519 0075 0B       		.uleb128 0xb
 520 0076 3B       		.uleb128 0x3b
ARM GAS  C:\Users\Geo\AppData\Local\Temp\cc2MUIwb.s 			page 12


 521 0077 0B       		.uleb128 0xb
 522 0078 27       		.uleb128 0x27
 523 0079 0C       		.uleb128 0xc
 524 007a 49       		.uleb128 0x49
 525 007b 13       		.uleb128 0x13
 526 007c 11       		.uleb128 0x11
 527 007d 01       		.uleb128 0x1
 528 007e 12       		.uleb128 0x12
 529 007f 01       		.uleb128 0x1
 530 0080 40       		.uleb128 0x40
 531 0081 06       		.uleb128 0x6
 532 0082 00       		.byte	0x0
 533 0083 00       		.byte	0x0
 534 0084 00       		.byte	0x0
 535              		.section	.debug_pubnames,"",%progbits
 536 0000 76000000 		.4byte	0x76
 537 0004 0200     		.2byte	0x2
 538 0006 00000000 		.4byte	.Ldebug_info0
 539 000a 12010000 		.4byte	0x112
 540 000e 81000000 		.4byte	0x81
 541 0012 50696E58 		.ascii	"PinXbeeSleep_Write\000"
 541      62656553 
 541      6C656570 
 541      5F577269 
 541      746500
 542 0025 B7000000 		.4byte	0xb7
 543 0029 50696E58 		.ascii	"PinXbeeSleep_SetDriveMode\000"
 543      62656553 
 543      6C656570 
 543      5F536574 
 543      44726976 
 544 0043 DF000000 		.4byte	0xdf
 545 0047 50696E58 		.ascii	"PinXbeeSleep_Read\000"
 545      62656553 
 545      6C656570 
 545      5F526561 
 545      6400
 546 0059 F8000000 		.4byte	0xf8
 547 005d 50696E58 		.ascii	"PinXbeeSleep_ReadDataReg\000"
 547      62656553 
 547      6C656570 
 547      5F526561 
 547      64446174 
 548 0076 00000000 		.4byte	0x0
 549              		.section	.debug_aranges,"",%progbits
 550 0000 34000000 		.4byte	0x34
 551 0004 0200     		.2byte	0x2
 552 0006 00000000 		.4byte	.Ldebug_info0
 553 000a 04       		.byte	0x4
 554 000b 00       		.byte	0x0
 555 000c 0000     		.2byte	0x0
 556 000e 0000     		.2byte	0x0
 557 0010 00000000 		.4byte	.LFB0
 558 0014 3E000000 		.4byte	.LFE0-.LFB0
 559 0018 00000000 		.4byte	.LFB1
 560 001c 3C000000 		.4byte	.LFE1-.LFB1
 561 0020 00000000 		.4byte	.LFB2
ARM GAS  C:\Users\Geo\AppData\Local\Temp\cc2MUIwb.s 			page 13


 562 0024 1C000000 		.4byte	.LFE2-.LFB2
 563 0028 00000000 		.4byte	.LFB3
 564 002c 1C000000 		.4byte	.LFE3-.LFB3
 565 0030 00000000 		.4byte	0x0
 566 0034 00000000 		.4byte	0x0
 567              		.section	.debug_ranges,"",%progbits
 568              	.Ldebug_ranges0:
 569 0000 00000000 		.4byte	.Ltext0
 570 0004 00000000 		.4byte	.Letext0
 571 0008 00000000 		.4byte	.LFB0
 572 000c 3E000000 		.4byte	.LFE0
 573 0010 00000000 		.4byte	.LFB1
 574 0014 3C000000 		.4byte	.LFE1
 575 0018 00000000 		.4byte	.LFB2
 576 001c 1C000000 		.4byte	.LFE2
 577 0020 00000000 		.4byte	.LFB3
 578 0024 1C000000 		.4byte	.LFE3
 579 0028 00000000 		.4byte	0x0
 580 002c 00000000 		.4byte	0x0
 581              		.section	.debug_str,"MS",%progbits,1
 582              	.LASF6:
 583 0000 6C6F6E67 		.ascii	"long long int\000"
 583      206C6F6E 
 583      6720696E 
 583      7400
 584              	.LASF17:
 585 000e 2E5C4765 		.ascii	".\\Generated_Source\\PSoC5\\PinXbeeSleep.c\000"
 585      6E657261 
 585      7465645F 
 585      536F7572 
 585      63655C50 
 586              	.LASF12:
 587 0036 76616C75 		.ascii	"value\000"
 587      6500
 588              	.LASF20:
 589 003c 73746174 		.ascii	"staticBits\000"
 589      69634269 
 589      747300
 590              	.LASF1:
 591 0047 756E7369 		.ascii	"unsigned char\000"
 591      676E6564 
 591      20636861 
 591      7200
 592              	.LASF11:
 593 0055 50696E58 		.ascii	"PinXbeeSleep_SetDriveMode\000"
 593      62656553 
 593      6C656570 
 593      5F536574 
 593      44726976 
 594              	.LASF5:
 595 006f 6C6F6E67 		.ascii	"long unsigned int\000"
 595      20756E73 
 595      69676E65 
 595      6420696E 
 595      7400
 596              	.LASF3:
 597 0081 73686F72 		.ascii	"short unsigned int\000"
ARM GAS  C:\Users\Geo\AppData\Local\Temp\cc2MUIwb.s 			page 14


 597      7420756E 
 597      7369676E 
 597      65642069 
 597      6E7400
 598              	.LASF15:
 599 0094 50696E58 		.ascii	"PinXbeeSleep_ReadDataReg\000"
 599      62656553 
 599      6C656570 
 599      5F526561 
 599      64446174 
 600              	.LASF14:
 601 00ad 50696E58 		.ascii	"PinXbeeSleep_Read\000"
 601      62656553 
 601      6C656570 
 601      5F526561 
 601      6400
 602              	.LASF8:
 603 00bf 756E7369 		.ascii	"unsigned int\000"
 603      676E6564 
 603      20696E74 
 603      00
 604              	.LASF7:
 605 00cc 6C6F6E67 		.ascii	"long long unsigned int\000"
 605      206C6F6E 
 605      6720756E 
 605      7369676E 
 605      65642069 
 606              	.LASF13:
 607 00e3 6D6F6465 		.ascii	"mode\000"
 607      00
 608              	.LASF16:
 609 00e8 474E5520 		.ascii	"GNU C 4.4.1\000"
 609      4320342E 
 609      342E3100 
 610              	.LASF9:
 611 00f4 63686172 		.ascii	"char\000"
 611      00
 612              	.LASF2:
 613 00f9 73686F72 		.ascii	"short int\000"
 613      7420696E 
 613      7400
 614              	.LASF19:
 615 0103 75696E74 		.ascii	"uint8\000"
 615      3800
 616              	.LASF4:
 617 0109 6C6F6E67 		.ascii	"long int\000"
 617      20696E74 
 617      00
 618              	.LASF18:
 619 0112 433A5C55 		.ascii	"C:\\Users\\Geo\\Documents\\Projects\\Electric Skate"
 619      73657273 
 619      5C47656F 
 619      5C446F63 
 619      756D656E 
 620 0140 626F6172 		.ascii	"board\\Firmware\\PSoC\\Skateboard Motherboard.cydsn"
 620      645C4669 
 620      726D7761 
ARM GAS  C:\Users\Geo\AppData\Local\Temp\cc2MUIwb.s 			page 15


 620      72655C50 
 620      536F435C 
 621 0170 00       		.ascii	"\000"
 622              	.LASF0:
 623 0171 7369676E 		.ascii	"signed char\000"
 623      65642063 
 623      68617200 
 624              	.LASF10:
 625 017d 50696E58 		.ascii	"PinXbeeSleep_Write\000"
 625      62656553 
 625      6C656570 
 625      5F577269 
 625      746500
 626              		.ident	"GCC: (Sourcery G++ Lite 2010q1-188) 4.4.1"
