ARM GAS  C:\Users\Geo\AppData\Local\Temp\cc4G7ue8.s 			page 1


   1              		.syntax unified
   2              		.cpu cortex-m3
   3              		.fpu softvfp
   4              		.eabi_attribute 20, 1
   5              		.eabi_attribute 21, 1
   6              		.eabi_attribute 23, 3
   7              		.eabi_attribute 24, 1
   8              		.eabi_attribute 25, 1
   9              		.eabi_attribute 26, 1
  10              		.eabi_attribute 30, 6
  11              		.eabi_attribute 18, 4
  12              		.thumb
  13              		.file	"PwmPiezo.c"
  14              		.section	.debug_abbrev,"",%progbits
  15              	.Ldebug_abbrev0:
  16              		.section	.debug_info,"",%progbits
  17              	.Ldebug_info0:
  18              		.section	.debug_line,"",%progbits
  19              	.Ldebug_line0:
  20 0000 23010000 		.text
  20      02006100 
  20      00000201 
  20      FB0E0D00 
  20      01010101 
  21              	.Ltext0:
  22              		.cfi_sections	.debug_frame
  23              		.global	PwmPiezo_initVar
  24              		.bss
  25              		.type	PwmPiezo_initVar, %object
  26              		.size	PwmPiezo_initVar, 1
  27              	PwmPiezo_initVar:
  28 0000 00       		.space	1
  29              		.section	.text.PwmPiezo_Start,"ax",%progbits
  30              		.align	2
  31              		.global	PwmPiezo_Start
  32              		.thumb
  33              		.thumb_func
  34              		.type	PwmPiezo_Start, %function
  35              	PwmPiezo_Start:
  36              	.LFB0:
  37              		.file 1 ".\\Generated_Source\\PSoC5\\PwmPiezo.c"
   1:.\Generated_Source\PSoC5/PwmPiezo.c **** /*******************************************************************************
   2:.\Generated_Source\PSoC5/PwmPiezo.c **** * File Name: PwmPiezo.c  
   3:.\Generated_Source\PSoC5/PwmPiezo.c **** * Version 2.10
   4:.\Generated_Source\PSoC5/PwmPiezo.c **** *
   5:.\Generated_Source\PSoC5/PwmPiezo.c **** * Description:
   6:.\Generated_Source\PSoC5/PwmPiezo.c **** *  The PWM User Module consist of an 8 or 16-bit counter with two 8 or 16-bit
   7:.\Generated_Source\PSoC5/PwmPiezo.c **** *  comparitors. Each instance of this user module is capable of generating
   8:.\Generated_Source\PSoC5/PwmPiezo.c **** *  two PWM outputs with the same period. The pulse width is selectable between
   9:.\Generated_Source\PSoC5/PwmPiezo.c **** *  1 and 255/65535. The period is selectable between 2 and 255/65536 clocks. 
  10:.\Generated_Source\PSoC5/PwmPiezo.c **** *  The compare value output may be configured to be active when the present 
  11:.\Generated_Source\PSoC5/PwmPiezo.c **** *  counter is less than or less than/equal to the compare value.
  12:.\Generated_Source\PSoC5/PwmPiezo.c **** *  A terminal count output is also provided. It generates a pulse one clock
  13:.\Generated_Source\PSoC5/PwmPiezo.c **** *  width wide when the counter is equal to zero.
  14:.\Generated_Source\PSoC5/PwmPiezo.c **** *
  15:.\Generated_Source\PSoC5/PwmPiezo.c **** * Note:
  16:.\Generated_Source\PSoC5/PwmPiezo.c **** *
ARM GAS  C:\Users\Geo\AppData\Local\Temp\cc4G7ue8.s 			page 2


  17:.\Generated_Source\PSoC5/PwmPiezo.c **** *******************************************************************************
  18:.\Generated_Source\PSoC5/PwmPiezo.c **** * Copyright 2008-2011, Cypress Semiconductor Corporation.  All rights reserved.
  19:.\Generated_Source\PSoC5/PwmPiezo.c **** * You may use this file only in accordance with the license, terms, conditions, 
  20:.\Generated_Source\PSoC5/PwmPiezo.c **** * disclaimers, and limitations in the end user license agreement accompanying 
  21:.\Generated_Source\PSoC5/PwmPiezo.c **** * the software package with which this file was provided.
  22:.\Generated_Source\PSoC5/PwmPiezo.c **** ********************************************************************************/
  23:.\Generated_Source\PSoC5/PwmPiezo.c **** 
  24:.\Generated_Source\PSoC5/PwmPiezo.c **** #include "cytypes.h"
  25:.\Generated_Source\PSoC5/PwmPiezo.c **** #include "PwmPiezo.h"
  26:.\Generated_Source\PSoC5/PwmPiezo.c **** 
  27:.\Generated_Source\PSoC5/PwmPiezo.c **** uint8 PwmPiezo_initVar = 0u;
  28:.\Generated_Source\PSoC5/PwmPiezo.c **** 
  29:.\Generated_Source\PSoC5/PwmPiezo.c **** /*******************************************************************************
  30:.\Generated_Source\PSoC5/PwmPiezo.c **** * Function Name: PwmPiezo_Start
  31:.\Generated_Source\PSoC5/PwmPiezo.c **** ********************************************************************************
  32:.\Generated_Source\PSoC5/PwmPiezo.c **** *
  33:.\Generated_Source\PSoC5/PwmPiezo.c **** * Summary:
  34:.\Generated_Source\PSoC5/PwmPiezo.c **** *  The start function initializes the pwm with the default values, the 
  35:.\Generated_Source\PSoC5/PwmPiezo.c **** *  enables the counter to begin counting.  It does not enable interrupts,
  36:.\Generated_Source\PSoC5/PwmPiezo.c **** *  the EnableInt command should be called if interrupt generation is required.
  37:.\Generated_Source\PSoC5/PwmPiezo.c **** *
  38:.\Generated_Source\PSoC5/PwmPiezo.c **** * Parameters:  
  39:.\Generated_Source\PSoC5/PwmPiezo.c **** *  void  
  40:.\Generated_Source\PSoC5/PwmPiezo.c **** *
  41:.\Generated_Source\PSoC5/PwmPiezo.c **** * Return: 
  42:.\Generated_Source\PSoC5/PwmPiezo.c **** *  void
  43:.\Generated_Source\PSoC5/PwmPiezo.c **** *
  44:.\Generated_Source\PSoC5/PwmPiezo.c **** * Global variables:
  45:.\Generated_Source\PSoC5/PwmPiezo.c **** *  PwmPiezo_initVar: Is modified when this function is called for the first 
  46:.\Generated_Source\PSoC5/PwmPiezo.c **** *   time. Is used to ensure that initialization happens only once.
  47:.\Generated_Source\PSoC5/PwmPiezo.c **** *
  48:.\Generated_Source\PSoC5/PwmPiezo.c **** * Reentrant:
  49:.\Generated_Source\PSoC5/PwmPiezo.c **** *  Yes
  50:.\Generated_Source\PSoC5/PwmPiezo.c **** *
  51:.\Generated_Source\PSoC5/PwmPiezo.c **** *******************************************************************************/
  52:.\Generated_Source\PSoC5/PwmPiezo.c **** void PwmPiezo_Start(void) 
  53:.\Generated_Source\PSoC5/PwmPiezo.c **** {
  38              		.loc 1 53 0
  39              		.cfi_startproc
  40              		@ args = 0, pretend = 0, frame = 0
  41              		@ frame_needed = 1, uses_anonymous_args = 0
  42 0000 80B5     		push	{r7, lr}
  43              	.LCFI0:
  44              		.cfi_def_cfa_offset 8
  45 0002 00AF     		add	r7, sp, #0
  46              		.cfi_offset 14, -4
  47              		.cfi_offset 7, -8
  48              	.LCFI1:
  49              		.cfi_def_cfa_register 7
  54:.\Generated_Source\PSoC5/PwmPiezo.c ****     /* If not Initialized then initialize all required hardware and software */
  55:.\Generated_Source\PSoC5/PwmPiezo.c ****     if(PwmPiezo_initVar == 0u)
  50              		.loc 1 55 0
  51 0004 40F20003 		movw	r3, #:lower16:PwmPiezo_initVar
  52 0008 C0F20003 		movt	r3, #:upper16:PwmPiezo_initVar
  53 000c 1B78     		ldrb	r3, [r3, #0]	@ zero_extendqisi2
  54 000e 002B     		cmp	r3, #0
  55 0010 08D1     		bne	.L2
ARM GAS  C:\Users\Geo\AppData\Local\Temp\cc4G7ue8.s 			page 3


  56:.\Generated_Source\PSoC5/PwmPiezo.c ****     {
  57:.\Generated_Source\PSoC5/PwmPiezo.c ****         PwmPiezo_Init();
  56              		.loc 1 57 0
  57 0012 FFF7FEFF 		bl	PwmPiezo_Init
  58:.\Generated_Source\PSoC5/PwmPiezo.c ****         PwmPiezo_initVar = 1u;
  58              		.loc 1 58 0
  59 0016 40F20003 		movw	r3, #:lower16:PwmPiezo_initVar
  60 001a C0F20003 		movt	r3, #:upper16:PwmPiezo_initVar
  61 001e 4FF00102 		mov	r2, #1
  62 0022 1A70     		strb	r2, [r3, #0]
  63              	.L2:
  59:.\Generated_Source\PSoC5/PwmPiezo.c ****     }
  60:.\Generated_Source\PSoC5/PwmPiezo.c ****     PwmPiezo_Enable();
  64              		.loc 1 60 0
  65 0024 FFF7FEFF 		bl	PwmPiezo_Enable
  61:.\Generated_Source\PSoC5/PwmPiezo.c **** 
  62:.\Generated_Source\PSoC5/PwmPiezo.c **** }
  66              		.loc 1 62 0
  67 0028 80BD     		pop	{r7, pc}
  68              		.cfi_endproc
  69              	.LFE0:
  70              		.size	PwmPiezo_Start, .-PwmPiezo_Start
  71 002a 00BF     		.section	.text.PwmPiezo_Init,"ax",%progbits
  72              		.align	2
  73              		.global	PwmPiezo_Init
  74              		.thumb
  75              		.thumb_func
  76              		.type	PwmPiezo_Init, %function
  77              	PwmPiezo_Init:
  78              	.LFB1:
  63:.\Generated_Source\PSoC5/PwmPiezo.c **** 
  64:.\Generated_Source\PSoC5/PwmPiezo.c **** 
  65:.\Generated_Source\PSoC5/PwmPiezo.c **** /*******************************************************************************
  66:.\Generated_Source\PSoC5/PwmPiezo.c **** * Function Name: PwmPiezo_Init
  67:.\Generated_Source\PSoC5/PwmPiezo.c **** ********************************************************************************
  68:.\Generated_Source\PSoC5/PwmPiezo.c **** *
  69:.\Generated_Source\PSoC5/PwmPiezo.c **** * Summary:
  70:.\Generated_Source\PSoC5/PwmPiezo.c **** *  Initialize component's parameters to the parameters set by user in the 
  71:.\Generated_Source\PSoC5/PwmPiezo.c **** *  customizer of the component placed onto schematic. Usually called in 
  72:.\Generated_Source\PSoC5/PwmPiezo.c **** *  PwmPiezo_Start().
  73:.\Generated_Source\PSoC5/PwmPiezo.c **** *
  74:.\Generated_Source\PSoC5/PwmPiezo.c **** * Parameters:  
  75:.\Generated_Source\PSoC5/PwmPiezo.c **** *  void
  76:.\Generated_Source\PSoC5/PwmPiezo.c **** *
  77:.\Generated_Source\PSoC5/PwmPiezo.c **** * Return: 
  78:.\Generated_Source\PSoC5/PwmPiezo.c **** *  void
  79:.\Generated_Source\PSoC5/PwmPiezo.c **** *
  80:.\Generated_Source\PSoC5/PwmPiezo.c **** * Reentrant:
  81:.\Generated_Source\PSoC5/PwmPiezo.c **** *  Yes
  82:.\Generated_Source\PSoC5/PwmPiezo.c **** *
  83:.\Generated_Source\PSoC5/PwmPiezo.c **** *******************************************************************************/
  84:.\Generated_Source\PSoC5/PwmPiezo.c **** void PwmPiezo_Init(void) 
  85:.\Generated_Source\PSoC5/PwmPiezo.c **** {
  79              		.loc 1 85 0
  80              		.cfi_startproc
  81              		@ args = 0, pretend = 0, frame = 8
  82              		@ frame_needed = 1, uses_anonymous_args = 0
ARM GAS  C:\Users\Geo\AppData\Local\Temp\cc4G7ue8.s 			page 4


  83 0000 80B5     		push	{r7, lr}
  84              	.LCFI2:
  85              		.cfi_def_cfa_offset 8
  86 0002 82B0     		sub	sp, sp, #8
  87              	.LCFI3:
  88              		.cfi_def_cfa_offset 16
  89 0004 00AF     		add	r7, sp, #0
  90              		.cfi_offset 14, -4
  91              		.cfi_offset 7, -8
  92              	.LCFI4:
  93              		.cfi_def_cfa_register 7
  86:.\Generated_Source\PSoC5/PwmPiezo.c ****     #if (PwmPiezo_UsingFixedFunction || PwmPiezo_UseControl)
  87:.\Generated_Source\PSoC5/PwmPiezo.c ****         uint8 ctrl;
  88:.\Generated_Source\PSoC5/PwmPiezo.c ****     #endif
  89:.\Generated_Source\PSoC5/PwmPiezo.c ****     
  90:.\Generated_Source\PSoC5/PwmPiezo.c ****     #if(!PwmPiezo_UsingFixedFunction) 
  91:.\Generated_Source\PSoC5/PwmPiezo.c ****         #if(PwmPiezo_UseStatus)
  92:.\Generated_Source\PSoC5/PwmPiezo.c ****             /* Interrupt State Backup for Critical Region*/
  93:.\Generated_Source\PSoC5/PwmPiezo.c ****             uint8 PwmPiezo_interruptState;
  94:.\Generated_Source\PSoC5/PwmPiezo.c ****         #endif
  95:.\Generated_Source\PSoC5/PwmPiezo.c ****     #endif
  96:.\Generated_Source\PSoC5/PwmPiezo.c ****     
  97:.\Generated_Source\PSoC5/PwmPiezo.c ****    #if (PwmPiezo_UsingFixedFunction)
  98:.\Generated_Source\PSoC5/PwmPiezo.c ****         /* You are allowed to write the compare value (FF only) */
  99:.\Generated_Source\PSoC5/PwmPiezo.c ****         PwmPiezo_CONTROL |= PwmPiezo_CFG0_MODE;
 100:.\Generated_Source\PSoC5/PwmPiezo.c ****         #if (PwmPiezo_DeadBand2_4)
 101:.\Generated_Source\PSoC5/PwmPiezo.c ****             PwmPiezo_CONTROL |= PwmPiezo_CFG0_DB;
 102:.\Generated_Source\PSoC5/PwmPiezo.c ****         #endif
 103:.\Generated_Source\PSoC5/PwmPiezo.c ****                 
 104:.\Generated_Source\PSoC5/PwmPiezo.c ****         /* Set the default Compare Mode */
 105:.\Generated_Source\PSoC5/PwmPiezo.c ****         #if(PwmPiezo_PSOC3_ES2 || PwmPiezo_PSOC5_ES1)
 106:.\Generated_Source\PSoC5/PwmPiezo.c ****                 ctrl = PwmPiezo_CONTROL2 & ~PwmPiezo_CTRL_CMPMODE1_MASK;
 107:.\Generated_Source\PSoC5/PwmPiezo.c ****                 PwmPiezo_CONTROL2 = ctrl | PwmPiezo_DEFAULT_COMPARE1_MODE;
 108:.\Generated_Source\PSoC5/PwmPiezo.c ****         #endif
 109:.\Generated_Source\PSoC5/PwmPiezo.c ****         #if(PwmPiezo_PSOC3_ES3 || PwmPiezo_PSOC5_ES2)
 110:.\Generated_Source\PSoC5/PwmPiezo.c ****                 ctrl = PwmPiezo_CONTROL3 & ~PwmPiezo_CTRL_CMPMODE1_MASK;
 111:.\Generated_Source\PSoC5/PwmPiezo.c ****                 PwmPiezo_CONTROL3 = ctrl | PwmPiezo_DEFAULT_COMPARE1_MODE;
 112:.\Generated_Source\PSoC5/PwmPiezo.c ****         #endif
 113:.\Generated_Source\PSoC5/PwmPiezo.c ****         
 114:.\Generated_Source\PSoC5/PwmPiezo.c ****          /* Clear and Set SYNCTC and SYNCCMP bits of RT1 register */
 115:.\Generated_Source\PSoC5/PwmPiezo.c ****         PwmPiezo_RT1 &= ~PwmPiezo_RT1_MASK;
 116:.\Generated_Source\PSoC5/PwmPiezo.c ****         PwmPiezo_RT1 |= PwmPiezo_SYNC;     
 117:.\Generated_Source\PSoC5/PwmPiezo.c ****                 
 118:.\Generated_Source\PSoC5/PwmPiezo.c ****         /*Enable DSI Sync all all inputs of the PWM*/
 119:.\Generated_Source\PSoC5/PwmPiezo.c ****         PwmPiezo_RT1 &= ~(PwmPiezo_SYNCDSI_MASK);
 120:.\Generated_Source\PSoC5/PwmPiezo.c ****         PwmPiezo_RT1 |= PwmPiezo_SYNCDSI_EN;
 121:.\Generated_Source\PSoC5/PwmPiezo.c ****        
 122:.\Generated_Source\PSoC5/PwmPiezo.c ****     #elif (PwmPiezo_UseControl)
 123:.\Generated_Source\PSoC5/PwmPiezo.c ****         /* Set the default compare mode defined in the parameter */
 124:.\Generated_Source\PSoC5/PwmPiezo.c ****         ctrl = PwmPiezo_CONTROL & ~PwmPiezo_CTRL_CMPMODE2_MASK & ~PwmPiezo_CTRL_CMPMODE1_MASK;
  94              		.loc 1 124 0
  95 0006 46F27E43 		movw	r3, #:lower16:1073767550
  96 000a C4F20003 		movt	r3, #:upper16:1073767550
  97 000e 1B78     		ldrb	r3, [r3, #0]
  98 0010 DBB2     		uxtb	r3, r3
  99 0012 23F03F03 		bic	r3, r3, #63
 100 0016 BB71     		strb	r3, [r7, #6]
ARM GAS  C:\Users\Geo\AppData\Local\Temp\cc4G7ue8.s 			page 5


 125:.\Generated_Source\PSoC5/PwmPiezo.c ****         PwmPiezo_CONTROL = ctrl | PwmPiezo_DEFAULT_COMPARE2_MODE | PwmPiezo_DEFAULT_COMPARE1_MODE;
 101              		.loc 1 125 0
 102 0018 46F27E43 		movw	r3, #:lower16:1073767550
 103 001c C4F20003 		movt	r3, #:upper16:1073767550
 104 0020 BA79     		ldrb	r2, [r7, #6]
 105 0022 42F01B02 		orr	r2, r2, #27
 106 0026 D2B2     		uxtb	r2, r2
 107 0028 1A70     		strb	r2, [r3, #0]
 126:.\Generated_Source\PSoC5/PwmPiezo.c ****     #endif 
 127:.\Generated_Source\PSoC5/PwmPiezo.c ****         
 128:.\Generated_Source\PSoC5/PwmPiezo.c ****     #if (!PwmPiezo_UsingFixedFunction)
 129:.\Generated_Source\PSoC5/PwmPiezo.c ****         #if (PwmPiezo_Resolution == 8)
 130:.\Generated_Source\PSoC5/PwmPiezo.c ****             /* Set FIFO 0 to 1 byte register for period*/
 131:.\Generated_Source\PSoC5/PwmPiezo.c ****             PwmPiezo_AUX_CONTROLDP0 |= (PwmPiezo_AUX_CTRL_FIFO0_CLR);
 132:.\Generated_Source\PSoC5/PwmPiezo.c ****         #else /* (PwmPiezo_Resolution == 16)*/
 133:.\Generated_Source\PSoC5/PwmPiezo.c ****             /* Set FIFO 0 to 1 byte register for period */
 134:.\Generated_Source\PSoC5/PwmPiezo.c ****             PwmPiezo_AUX_CONTROLDP0 |= (PwmPiezo_AUX_CTRL_FIFO0_CLR);
 108              		.loc 1 134 0
 109 002a 46F29D43 		movw	r3, #:lower16:1073767581
 110 002e C4F20003 		movt	r3, #:upper16:1073767581
 111 0032 46F29D42 		movw	r2, #:lower16:1073767581
 112 0036 C4F20002 		movt	r2, #:upper16:1073767581
 113 003a 1278     		ldrb	r2, [r2, #0]
 114 003c D2B2     		uxtb	r2, r2
 115 003e 42F00102 		orr	r2, r2, #1
 116 0042 D2B2     		uxtb	r2, r2
 117 0044 1A70     		strb	r2, [r3, #0]
 135:.\Generated_Source\PSoC5/PwmPiezo.c ****             PwmPiezo_AUX_CONTROLDP1 |= (PwmPiezo_AUX_CTRL_FIFO0_CLR);
 118              		.loc 1 135 0
 119 0046 46F29E43 		movw	r3, #:lower16:1073767582
 120 004a C4F20003 		movt	r3, #:upper16:1073767582
 121 004e 46F29E42 		movw	r2, #:lower16:1073767582
 122 0052 C4F20002 		movt	r2, #:upper16:1073767582
 123 0056 1278     		ldrb	r2, [r2, #0]
 124 0058 D2B2     		uxtb	r2, r2
 125 005a 42F00102 		orr	r2, r2, #1
 126 005e D2B2     		uxtb	r2, r2
 127 0060 1A70     		strb	r2, [r3, #0]
 136:.\Generated_Source\PSoC5/PwmPiezo.c ****         #endif
 137:.\Generated_Source\PSoC5/PwmPiezo.c ****     #endif
 138:.\Generated_Source\PSoC5/PwmPiezo.c ****         
 139:.\Generated_Source\PSoC5/PwmPiezo.c ****     PwmPiezo_WritePeriod(PwmPiezo_INIT_PERIOD_VALUE);
 128              		.loc 1 139 0
 129 0062 4FF0C500 		mov	r0, #197
 130 0066 FFF7FEFF 		bl	PwmPiezo_WritePeriod
 140:.\Generated_Source\PSoC5/PwmPiezo.c ****     PwmPiezo_WriteCounter(PwmPiezo_INIT_PERIOD_VALUE);
 131              		.loc 1 140 0
 132 006a 4FF0C500 		mov	r0, #197
 133 006e FFF7FEFF 		bl	PwmPiezo_WriteCounter
 141:.\Generated_Source\PSoC5/PwmPiezo.c ****         
 142:.\Generated_Source\PSoC5/PwmPiezo.c ****         #if (PwmPiezo_UseOneCompareMode)
 143:.\Generated_Source\PSoC5/PwmPiezo.c ****             PwmPiezo_WriteCompare(PwmPiezo_INIT_COMPARE_VALUE1);
 134              		.loc 1 143 0
 135 0072 4FF07F00 		mov	r0, #127
 136 0076 FFF7FEFF 		bl	PwmPiezo_WriteCompare
 144:.\Generated_Source\PSoC5/PwmPiezo.c ****         #else
 145:.\Generated_Source\PSoC5/PwmPiezo.c ****             PwmPiezo_WriteCompare1(PwmPiezo_INIT_COMPARE_VALUE1);
ARM GAS  C:\Users\Geo\AppData\Local\Temp\cc4G7ue8.s 			page 6


 146:.\Generated_Source\PSoC5/PwmPiezo.c ****             PwmPiezo_WriteCompare2(PwmPiezo_INIT_COMPARE_VALUE2);
 147:.\Generated_Source\PSoC5/PwmPiezo.c ****         #endif
 148:.\Generated_Source\PSoC5/PwmPiezo.c ****         
 149:.\Generated_Source\PSoC5/PwmPiezo.c ****         #if (PwmPiezo_KillModeMinTime)
 150:.\Generated_Source\PSoC5/PwmPiezo.c ****             PwmPiezo_WriteKillTime(PwmPiezo_MinimumKillTime);
 151:.\Generated_Source\PSoC5/PwmPiezo.c ****         #endif
 152:.\Generated_Source\PSoC5/PwmPiezo.c ****         
 153:.\Generated_Source\PSoC5/PwmPiezo.c ****         #if (PwmPiezo_DeadBandUsed)
 154:.\Generated_Source\PSoC5/PwmPiezo.c ****             PwmPiezo_WriteDeadTime(PwmPiezo_INIT_DEAD_TIME);
 155:.\Generated_Source\PSoC5/PwmPiezo.c ****         #endif
 156:.\Generated_Source\PSoC5/PwmPiezo.c **** 
 157:.\Generated_Source\PSoC5/PwmPiezo.c ****     #if (PwmPiezo_UseStatus || PwmPiezo_UsingFixedFunction)
 158:.\Generated_Source\PSoC5/PwmPiezo.c ****         PwmPiezo_SetInterruptMode(PwmPiezo_INIT_INTERRUPTS_MODE);
 137              		.loc 1 158 0
 138 007a 46F28E43 		movw	r3, #:lower16:1073767566
 139 007e C4F20003 		movt	r3, #:upper16:1073767566
 140 0082 4FF00002 		mov	r2, #0
 141 0086 1A70     		strb	r2, [r3, #0]
 159:.\Generated_Source\PSoC5/PwmPiezo.c ****     #endif
 160:.\Generated_Source\PSoC5/PwmPiezo.c ****         
 161:.\Generated_Source\PSoC5/PwmPiezo.c ****     #if (PwmPiezo_UsingFixedFunction)
 162:.\Generated_Source\PSoC5/PwmPiezo.c ****         /* Globally Enable the Fixed Function Block chosen */
 163:.\Generated_Source\PSoC5/PwmPiezo.c ****         PwmPiezo_GLOBAL_ENABLE |= PwmPiezo_BLOCK_EN_MASK;
 164:.\Generated_Source\PSoC5/PwmPiezo.c ****         /* Set the Interrupt source to come from the status register */
 165:.\Generated_Source\PSoC5/PwmPiezo.c ****         PwmPiezo_CONTROL2 |= PwmPiezo_CTRL2_IRQ_SEL;
 166:.\Generated_Source\PSoC5/PwmPiezo.c ****     #else
 167:.\Generated_Source\PSoC5/PwmPiezo.c ****         #if(PwmPiezo_UseStatus)
 168:.\Generated_Source\PSoC5/PwmPiezo.c ****             
 169:.\Generated_Source\PSoC5/PwmPiezo.c ****             /* CyEnterCriticalRegion and CyExitCriticalRegion are used to mark following region cri
 170:.\Generated_Source\PSoC5/PwmPiezo.c ****             /* Enter Critical Region*/
 171:.\Generated_Source\PSoC5/PwmPiezo.c ****             PwmPiezo_interruptState = CyEnterCriticalSection();
 142              		.loc 1 171 0
 143 0088 FFF7FEFF 		bl	CyEnterCriticalSection
 144 008c 0346     		mov	r3, r0
 145 008e FB71     		strb	r3, [r7, #7]
 172:.\Generated_Source\PSoC5/PwmPiezo.c ****             /* Use the interrupt output of the status register for IRQ output */
 173:.\Generated_Source\PSoC5/PwmPiezo.c ****             PwmPiezo_STATUS_AUX_CTRL |= PwmPiezo_STATUS_ACTL_INT_EN_MASK;
 146              		.loc 1 173 0
 147 0090 46F29E43 		movw	r3, #:lower16:1073767582
 148 0094 C4F20003 		movt	r3, #:upper16:1073767582
 149 0098 46F29E42 		movw	r2, #:lower16:1073767582
 150 009c C4F20002 		movt	r2, #:upper16:1073767582
 151 00a0 1278     		ldrb	r2, [r2, #0]
 152 00a2 D2B2     		uxtb	r2, r2
 153 00a4 42F01002 		orr	r2, r2, #16
 154 00a8 D2B2     		uxtb	r2, r2
 155 00aa 1A70     		strb	r2, [r3, #0]
 174:.\Generated_Source\PSoC5/PwmPiezo.c ****             
 175:.\Generated_Source\PSoC5/PwmPiezo.c ****              /* Exit Critical Region*/
 176:.\Generated_Source\PSoC5/PwmPiezo.c ****             CyExitCriticalSection(PwmPiezo_interruptState);
 156              		.loc 1 176 0
 157 00ac FB79     		ldrb	r3, [r7, #7]	@ zero_extendqisi2
 158 00ae 1846     		mov	r0, r3
 159 00b0 FFF7FEFF 		bl	CyExitCriticalSection
 177:.\Generated_Source\PSoC5/PwmPiezo.c ****             
 178:.\Generated_Source\PSoC5/PwmPiezo.c ****             /* Clear the FIFO to enable the PwmPiezo_STATUS_FIFOFULL
 179:.\Generated_Source\PSoC5/PwmPiezo.c ****                    bit to be set on FIFO full. */
ARM GAS  C:\Users\Geo\AppData\Local\Temp\cc4G7ue8.s 			page 7


 180:.\Generated_Source\PSoC5/PwmPiezo.c ****             PwmPiezo_ClearFIFO();
 160              		.loc 1 180 0
 161 00b4 FFF7FEFF 		bl	PwmPiezo_ClearFIFO
 181:.\Generated_Source\PSoC5/PwmPiezo.c ****         #endif
 182:.\Generated_Source\PSoC5/PwmPiezo.c ****     #endif
 183:.\Generated_Source\PSoC5/PwmPiezo.c **** }
 162              		.loc 1 183 0
 163 00b8 07F10807 		add	r7, r7, #8
 164 00bc BD46     		mov	sp, r7
 165 00be 80BD     		pop	{r7, pc}
 166              		.cfi_endproc
 167              	.LFE1:
 168              		.size	PwmPiezo_Init, .-PwmPiezo_Init
 169              		.section	.text.PwmPiezo_Enable,"ax",%progbits
 170              		.align	2
 171              		.global	PwmPiezo_Enable
 172              		.thumb
 173              		.thumb_func
 174              		.type	PwmPiezo_Enable, %function
 175              	PwmPiezo_Enable:
 176              	.LFB2:
 184:.\Generated_Source\PSoC5/PwmPiezo.c **** 
 185:.\Generated_Source\PSoC5/PwmPiezo.c **** 
 186:.\Generated_Source\PSoC5/PwmPiezo.c **** /*******************************************************************************
 187:.\Generated_Source\PSoC5/PwmPiezo.c **** * Function Name: PwmPiezo_Enable
 188:.\Generated_Source\PSoC5/PwmPiezo.c **** ********************************************************************************
 189:.\Generated_Source\PSoC5/PwmPiezo.c **** *
 190:.\Generated_Source\PSoC5/PwmPiezo.c **** * Summary: 
 191:.\Generated_Source\PSoC5/PwmPiezo.c **** *  Enables the PWM block operation
 192:.\Generated_Source\PSoC5/PwmPiezo.c **** *
 193:.\Generated_Source\PSoC5/PwmPiezo.c **** * Parameters:  
 194:.\Generated_Source\PSoC5/PwmPiezo.c **** *  void
 195:.\Generated_Source\PSoC5/PwmPiezo.c **** *
 196:.\Generated_Source\PSoC5/PwmPiezo.c **** * Return: 
 197:.\Generated_Source\PSoC5/PwmPiezo.c **** *  void
 198:.\Generated_Source\PSoC5/PwmPiezo.c **** *
 199:.\Generated_Source\PSoC5/PwmPiezo.c **** * Side Effects: 
 200:.\Generated_Source\PSoC5/PwmPiezo.c **** *  This works only if software enable mode is chosen
 201:.\Generated_Source\PSoC5/PwmPiezo.c **** *
 202:.\Generated_Source\PSoC5/PwmPiezo.c **** * Reentrant:
 203:.\Generated_Source\PSoC5/PwmPiezo.c **** *  Yes
 204:.\Generated_Source\PSoC5/PwmPiezo.c **** *
 205:.\Generated_Source\PSoC5/PwmPiezo.c **** *******************************************************************************/
 206:.\Generated_Source\PSoC5/PwmPiezo.c **** void PwmPiezo_Enable(void) 
 207:.\Generated_Source\PSoC5/PwmPiezo.c **** {
 177              		.loc 1 207 0
 178              		.cfi_startproc
 179              		@ args = 0, pretend = 0, frame = 0
 180              		@ frame_needed = 1, uses_anonymous_args = 0
 181              		@ link register save eliminated.
 182 0000 80B4     		push	{r7}
 183              	.LCFI5:
 184              		.cfi_def_cfa_offset 4
 185 0002 00AF     		add	r7, sp, #0
 186              		.cfi_offset 7, -4
 187              	.LCFI6:
 188              		.cfi_def_cfa_register 7
ARM GAS  C:\Users\Geo\AppData\Local\Temp\cc4G7ue8.s 			page 8


 208:.\Generated_Source\PSoC5/PwmPiezo.c ****     /* Globally Enable the Fixed Function Block chosen */
 209:.\Generated_Source\PSoC5/PwmPiezo.c ****     #if (PwmPiezo_UsingFixedFunction)
 210:.\Generated_Source\PSoC5/PwmPiezo.c ****         PwmPiezo_GLOBAL_ENABLE |= PwmPiezo_BLOCK_EN_MASK;
 211:.\Generated_Source\PSoC5/PwmPiezo.c ****         PwmPiezo_GLOBAL_STBY_ENABLE |= PwmPiezo_BLOCK_STBY_EN_MASK;
 212:.\Generated_Source\PSoC5/PwmPiezo.c ****     #endif 
 213:.\Generated_Source\PSoC5/PwmPiezo.c ****     
 214:.\Generated_Source\PSoC5/PwmPiezo.c ****     /* Enable the PWM from the control register  */
 215:.\Generated_Source\PSoC5/PwmPiezo.c ****     #if (PwmPiezo_UseControl || PwmPiezo_UsingFixedFunction)
 216:.\Generated_Source\PSoC5/PwmPiezo.c ****         PwmPiezo_CONTROL |= PwmPiezo_CTRL_ENABLE;
 189              		.loc 1 216 0
 190 0004 46F27E43 		movw	r3, #:lower16:1073767550
 191 0008 C4F20003 		movt	r3, #:upper16:1073767550
 192 000c 46F27E42 		movw	r2, #:lower16:1073767550
 193 0010 C4F20002 		movt	r2, #:upper16:1073767550
 194 0014 1278     		ldrb	r2, [r2, #0]
 195 0016 D2B2     		uxtb	r2, r2
 196 0018 6FEA4262 		mvn	r2, r2, lsl #25
 197 001c 6FEA5262 		mvn	r2, r2, lsr #25
 198 0020 D2B2     		uxtb	r2, r2
 199 0022 1A70     		strb	r2, [r3, #0]
 217:.\Generated_Source\PSoC5/PwmPiezo.c ****     #endif
 218:.\Generated_Source\PSoC5/PwmPiezo.c **** }
 200              		.loc 1 218 0
 201 0024 BD46     		mov	sp, r7
 202 0026 80BC     		pop	{r7}
 203 0028 7047     		bx	lr
 204              		.cfi_endproc
 205              	.LFE2:
 206              		.size	PwmPiezo_Enable, .-PwmPiezo_Enable
 207 002a 00BF     		.section	.text.PwmPiezo_Stop,"ax",%progbits
 208              		.align	2
 209              		.global	PwmPiezo_Stop
 210              		.thumb
 211              		.thumb_func
 212              		.type	PwmPiezo_Stop, %function
 213              	PwmPiezo_Stop:
 214              	.LFB3:
 219:.\Generated_Source\PSoC5/PwmPiezo.c **** 
 220:.\Generated_Source\PSoC5/PwmPiezo.c **** 
 221:.\Generated_Source\PSoC5/PwmPiezo.c **** /*******************************************************************************
 222:.\Generated_Source\PSoC5/PwmPiezo.c **** * Function Name: PwmPiezo_Stop
 223:.\Generated_Source\PSoC5/PwmPiezo.c **** ********************************************************************************
 224:.\Generated_Source\PSoC5/PwmPiezo.c **** *
 225:.\Generated_Source\PSoC5/PwmPiezo.c **** * Summary:
 226:.\Generated_Source\PSoC5/PwmPiezo.c **** *  The stop function halts the PWM, but does not change any modes or disable
 227:.\Generated_Source\PSoC5/PwmPiezo.c **** *  interrupts.
 228:.\Generated_Source\PSoC5/PwmPiezo.c **** *
 229:.\Generated_Source\PSoC5/PwmPiezo.c **** * Parameters:  
 230:.\Generated_Source\PSoC5/PwmPiezo.c **** *  void  
 231:.\Generated_Source\PSoC5/PwmPiezo.c **** *
 232:.\Generated_Source\PSoC5/PwmPiezo.c **** * Return: 
 233:.\Generated_Source\PSoC5/PwmPiezo.c **** *  void
 234:.\Generated_Source\PSoC5/PwmPiezo.c **** *
 235:.\Generated_Source\PSoC5/PwmPiezo.c **** * Side Effects:
 236:.\Generated_Source\PSoC5/PwmPiezo.c **** *  If the Enable mode is set to Hardware only then this function
 237:.\Generated_Source\PSoC5/PwmPiezo.c **** *  has no effect on the operation of the PWM
 238:.\Generated_Source\PSoC5/PwmPiezo.c **** *
ARM GAS  C:\Users\Geo\AppData\Local\Temp\cc4G7ue8.s 			page 9


 239:.\Generated_Source\PSoC5/PwmPiezo.c **** * Reentrant:
 240:.\Generated_Source\PSoC5/PwmPiezo.c **** *  Yes
 241:.\Generated_Source\PSoC5/PwmPiezo.c **** *
 242:.\Generated_Source\PSoC5/PwmPiezo.c **** *******************************************************************************/
 243:.\Generated_Source\PSoC5/PwmPiezo.c **** void PwmPiezo_Stop(void) 
 244:.\Generated_Source\PSoC5/PwmPiezo.c **** {
 215              		.loc 1 244 0
 216              		.cfi_startproc
 217              		@ args = 0, pretend = 0, frame = 0
 218              		@ frame_needed = 1, uses_anonymous_args = 0
 219              		@ link register save eliminated.
 220 0000 80B4     		push	{r7}
 221              	.LCFI7:
 222              		.cfi_def_cfa_offset 4
 223 0002 00AF     		add	r7, sp, #0
 224              		.cfi_offset 7, -4
 225              	.LCFI8:
 226              		.cfi_def_cfa_register 7
 245:.\Generated_Source\PSoC5/PwmPiezo.c ****     #if (PwmPiezo_UseControl || PwmPiezo_UsingFixedFunction)
 246:.\Generated_Source\PSoC5/PwmPiezo.c ****         PwmPiezo_CONTROL &= ~PwmPiezo_CTRL_ENABLE;
 227              		.loc 1 246 0
 228 0004 46F27E43 		movw	r3, #:lower16:1073767550
 229 0008 C4F20003 		movt	r3, #:upper16:1073767550
 230 000c 46F27E42 		movw	r2, #:lower16:1073767550
 231 0010 C4F20002 		movt	r2, #:upper16:1073767550
 232 0014 1278     		ldrb	r2, [r2, #0]
 233 0016 D2B2     		uxtb	r2, r2
 234 0018 02F07F02 		and	r2, r2, #127
 235 001c 1A70     		strb	r2, [r3, #0]
 247:.\Generated_Source\PSoC5/PwmPiezo.c ****     #endif
 248:.\Generated_Source\PSoC5/PwmPiezo.c ****     
 249:.\Generated_Source\PSoC5/PwmPiezo.c ****     /* Globally disable the Fixed Function Block chosen */
 250:.\Generated_Source\PSoC5/PwmPiezo.c ****     #if (PwmPiezo_UsingFixedFunction)
 251:.\Generated_Source\PSoC5/PwmPiezo.c ****         PwmPiezo_GLOBAL_ENABLE &= ~PwmPiezo_BLOCK_EN_MASK;
 252:.\Generated_Source\PSoC5/PwmPiezo.c ****         PwmPiezo_GLOBAL_STBY_ENABLE &= ~PwmPiezo_BLOCK_STBY_EN_MASK;
 253:.\Generated_Source\PSoC5/PwmPiezo.c ****     #endif
 254:.\Generated_Source\PSoC5/PwmPiezo.c **** }
 236              		.loc 1 254 0
 237 001e BD46     		mov	sp, r7
 238 0020 80BC     		pop	{r7}
 239 0022 7047     		bx	lr
 240              		.cfi_endproc
 241              	.LFE3:
 242              		.size	PwmPiezo_Stop, .-PwmPiezo_Stop
 243              		.section	.text.PwmPiezo_WriteCounter,"ax",%progbits
 244              		.align	2
 245              		.global	PwmPiezo_WriteCounter
 246              		.thumb
 247              		.thumb_func
 248              		.type	PwmPiezo_WriteCounter, %function
 249              	PwmPiezo_WriteCounter:
 250              	.LFB4:
 255:.\Generated_Source\PSoC5/PwmPiezo.c **** 
 256:.\Generated_Source\PSoC5/PwmPiezo.c **** 
 257:.\Generated_Source\PSoC5/PwmPiezo.c **** #if (PwmPiezo_UseOneCompareMode)
 258:.\Generated_Source\PSoC5/PwmPiezo.c **** #if (PwmPiezo_CompareMode1SW)
 259:.\Generated_Source\PSoC5/PwmPiezo.c **** /*******************************************************************************
ARM GAS  C:\Users\Geo\AppData\Local\Temp\cc4G7ue8.s 			page 10


 260:.\Generated_Source\PSoC5/PwmPiezo.c **** * Function Name: PwmPiezo_SetCompareMode
 261:.\Generated_Source\PSoC5/PwmPiezo.c **** ********************************************************************************
 262:.\Generated_Source\PSoC5/PwmPiezo.c **** * 
 263:.\Generated_Source\PSoC5/PwmPiezo.c **** * Summary:
 264:.\Generated_Source\PSoC5/PwmPiezo.c **** *  This function writes the Compare Mode for the pwm output when in Dither mode,
 265:.\Generated_Source\PSoC5/PwmPiezo.c **** *  Center Align Mode or One Output Mode.
 266:.\Generated_Source\PSoC5/PwmPiezo.c **** *
 267:.\Generated_Source\PSoC5/PwmPiezo.c **** * Parameters:
 268:.\Generated_Source\PSoC5/PwmPiezo.c **** *  comparemode:  The new compare mode for the PWM output. Use the compare types
 269:.\Generated_Source\PSoC5/PwmPiezo.c **** *                defined in the H file as input arguments.
 270:.\Generated_Source\PSoC5/PwmPiezo.c **** *
 271:.\Generated_Source\PSoC5/PwmPiezo.c **** * Return:
 272:.\Generated_Source\PSoC5/PwmPiezo.c **** *  void
 273:.\Generated_Source\PSoC5/PwmPiezo.c **** *
 274:.\Generated_Source\PSoC5/PwmPiezo.c **** * Reentrant:
 275:.\Generated_Source\PSoC5/PwmPiezo.c **** *  Yes
 276:.\Generated_Source\PSoC5/PwmPiezo.c **** *
 277:.\Generated_Source\PSoC5/PwmPiezo.c **** *******************************************************************************/
 278:.\Generated_Source\PSoC5/PwmPiezo.c **** void PwmPiezo_SetCompareMode(uint8 comparemode) 
 279:.\Generated_Source\PSoC5/PwmPiezo.c **** {
 280:.\Generated_Source\PSoC5/PwmPiezo.c ****     #if(PwmPiezo_UsingFixedFunction)
 281:.\Generated_Source\PSoC5/PwmPiezo.c ****             #if(PwmPiezo_PSOC3_ES2 || PwmPiezo_PSOC5_ES1)
 282:.\Generated_Source\PSoC5/PwmPiezo.c ****                         uint8 comparemodemasked = (comparemode << PwmPiezo_CTRL_CMPMODE1_SHIFT);
 283:.\Generated_Source\PSoC5/PwmPiezo.c ****                         PwmPiezo_CONTROL2 &= ~PwmPiezo_CTRL_CMPMODE1_MASK; /*Clear Existing Data */
 284:.\Generated_Source\PSoC5/PwmPiezo.c ****                         PwmPiezo_CONTROL2 |= comparemodemasked;  
 285:.\Generated_Source\PSoC5/PwmPiezo.c ****                 #endif
 286:.\Generated_Source\PSoC5/PwmPiezo.c ****                 
 287:.\Generated_Source\PSoC5/PwmPiezo.c ****             #if(PwmPiezo_PSOC3_ES3 || PwmPiezo_PSOC5_ES2)
 288:.\Generated_Source\PSoC5/PwmPiezo.c ****                     uint8 comparemodemasked = (comparemode << PwmPiezo_CTRL_CMPMODE1_SHIFT);
 289:.\Generated_Source\PSoC5/PwmPiezo.c ****             PwmPiezo_CONTROL3 &= ~PwmPiezo_CTRL_CMPMODE1_MASK; /*Clear Existing Data */
 290:.\Generated_Source\PSoC5/PwmPiezo.c ****             PwmPiezo_CONTROL3 |= comparemodemasked;     
 291:.\Generated_Source\PSoC5/PwmPiezo.c ****                 #endif
 292:.\Generated_Source\PSoC5/PwmPiezo.c ****                 
 293:.\Generated_Source\PSoC5/PwmPiezo.c ****     #elif (PwmPiezo_UseControl)
 294:.\Generated_Source\PSoC5/PwmPiezo.c ****         uint8 comparemode1masked = (comparemode << PwmPiezo_CTRL_CMPMODE1_SHIFT) & PwmPiezo_CTRL_CM
 295:.\Generated_Source\PSoC5/PwmPiezo.c ****         uint8 comparemode2masked = (comparemode << PwmPiezo_CTRL_CMPMODE2_SHIFT) & PwmPiezo_CTRL_CM
 296:.\Generated_Source\PSoC5/PwmPiezo.c ****         PwmPiezo_CONTROL &= ~(PwmPiezo_CTRL_CMPMODE1_MASK | PwmPiezo_CTRL_CMPMODE2_MASK); /*Clear e
 297:.\Generated_Source\PSoC5/PwmPiezo.c ****         PwmPiezo_CONTROL |= (comparemode1masked | comparemode2masked);
 298:.\Generated_Source\PSoC5/PwmPiezo.c ****         
 299:.\Generated_Source\PSoC5/PwmPiezo.c ****     #else
 300:.\Generated_Source\PSoC5/PwmPiezo.c ****         uint8 temp = comparemode;
 301:.\Generated_Source\PSoC5/PwmPiezo.c ****     #endif
 302:.\Generated_Source\PSoC5/PwmPiezo.c **** }
 303:.\Generated_Source\PSoC5/PwmPiezo.c **** #endif /* PwmPiezo_CompareMode1SW */
 304:.\Generated_Source\PSoC5/PwmPiezo.c **** 
 305:.\Generated_Source\PSoC5/PwmPiezo.c **** #else /* UseOneCompareMode */
 306:.\Generated_Source\PSoC5/PwmPiezo.c **** 
 307:.\Generated_Source\PSoC5/PwmPiezo.c **** 
 308:.\Generated_Source\PSoC5/PwmPiezo.c **** #if (PwmPiezo_CompareMode1SW)
 309:.\Generated_Source\PSoC5/PwmPiezo.c **** /*******************************************************************************
 310:.\Generated_Source\PSoC5/PwmPiezo.c **** * Function Name: PwmPiezo_SetCompareMode1
 311:.\Generated_Source\PSoC5/PwmPiezo.c **** ********************************************************************************
 312:.\Generated_Source\PSoC5/PwmPiezo.c **** * 
 313:.\Generated_Source\PSoC5/PwmPiezo.c **** * Summary:
 314:.\Generated_Source\PSoC5/PwmPiezo.c **** *  This function writes the Compare Mode for the pwm or pwm1 output
 315:.\Generated_Source\PSoC5/PwmPiezo.c **** *
 316:.\Generated_Source\PSoC5/PwmPiezo.c **** * Parameters:  
ARM GAS  C:\Users\Geo\AppData\Local\Temp\cc4G7ue8.s 			page 11


 317:.\Generated_Source\PSoC5/PwmPiezo.c **** *  comparemode:  The new compare mode for the PWM output. Use the compare types
 318:.\Generated_Source\PSoC5/PwmPiezo.c **** *                defined in the H file as input arguments.
 319:.\Generated_Source\PSoC5/PwmPiezo.c **** *
 320:.\Generated_Source\PSoC5/PwmPiezo.c **** * Return: 
 321:.\Generated_Source\PSoC5/PwmPiezo.c **** *  void
 322:.\Generated_Source\PSoC5/PwmPiezo.c **** *
 323:.\Generated_Source\PSoC5/PwmPiezo.c **** * Reentrant:
 324:.\Generated_Source\PSoC5/PwmPiezo.c **** *  Yes
 325:.\Generated_Source\PSoC5/PwmPiezo.c **** *
 326:.\Generated_Source\PSoC5/PwmPiezo.c **** *******************************************************************************/
 327:.\Generated_Source\PSoC5/PwmPiezo.c **** void PwmPiezo_SetCompareMode1(uint8 comparemode) 
 328:.\Generated_Source\PSoC5/PwmPiezo.c **** {
 329:.\Generated_Source\PSoC5/PwmPiezo.c ****     uint8 comparemodemasked = (comparemode << PwmPiezo_CTRL_CMPMODE1_SHIFT) & PwmPiezo_CTRL_CMPMODE
 330:.\Generated_Source\PSoC5/PwmPiezo.c ****     #if(PwmPiezo_UsingFixedFunction)
 331:.\Generated_Source\PSoC5/PwmPiezo.c ****             #if(PwmPiezo_PSOC3_ES2 || PwmPiezo_PSOC5_ES1)
 332:.\Generated_Source\PSoC5/PwmPiezo.c ****                         PwmPiezo_CONTROL2 &= PwmPiezo_CTRL_CMPMODE1_MASK; /*Clear existing mode */
 333:.\Generated_Source\PSoC5/PwmPiezo.c ****                         PwmPiezo_CONTROL2 |= comparemodemasked; 
 334:.\Generated_Source\PSoC5/PwmPiezo.c ****             #endif
 335:.\Generated_Source\PSoC5/PwmPiezo.c ****                 
 336:.\Generated_Source\PSoC5/PwmPiezo.c ****                 #if(PwmPiezo_PSOC3_ES3 || PwmPiezo_PSOC5_ES2)
 337:.\Generated_Source\PSoC5/PwmPiezo.c ****                     PwmPiezo_CONTROL3 &= PwmPiezo_CTRL_CMPMODE1_MASK; /*Clear existing mode */
 338:.\Generated_Source\PSoC5/PwmPiezo.c ****                         PwmPiezo_CONTROL3 |= comparemodemasked; 
 339:.\Generated_Source\PSoC5/PwmPiezo.c ****             #endif
 340:.\Generated_Source\PSoC5/PwmPiezo.c ****                 
 341:.\Generated_Source\PSoC5/PwmPiezo.c ****     #elif (PwmPiezo_UseControl)
 342:.\Generated_Source\PSoC5/PwmPiezo.c ****         PwmPiezo_CONTROL &= PwmPiezo_CTRL_CMPMODE1_MASK; /*Clear existing mode */
 343:.\Generated_Source\PSoC5/PwmPiezo.c ****         PwmPiezo_CONTROL |= comparemodemasked;
 344:.\Generated_Source\PSoC5/PwmPiezo.c ****     #endif    
 345:.\Generated_Source\PSoC5/PwmPiezo.c **** }
 346:.\Generated_Source\PSoC5/PwmPiezo.c **** #endif /* PwmPiezo_CompareMode1SW */
 347:.\Generated_Source\PSoC5/PwmPiezo.c **** 
 348:.\Generated_Source\PSoC5/PwmPiezo.c **** 
 349:.\Generated_Source\PSoC5/PwmPiezo.c **** #if (PwmPiezo_CompareMode2SW)
 350:.\Generated_Source\PSoC5/PwmPiezo.c **** /*******************************************************************************
 351:.\Generated_Source\PSoC5/PwmPiezo.c **** * Function Name: PwmPiezo_SetCompareMode2
 352:.\Generated_Source\PSoC5/PwmPiezo.c **** ********************************************************************************
 353:.\Generated_Source\PSoC5/PwmPiezo.c **** * 
 354:.\Generated_Source\PSoC5/PwmPiezo.c **** * Summary:
 355:.\Generated_Source\PSoC5/PwmPiezo.c **** *  This function writes the Compare Mode for the pwm or pwm2 output
 356:.\Generated_Source\PSoC5/PwmPiezo.c **** *
 357:.\Generated_Source\PSoC5/PwmPiezo.c **** * Parameters:  
 358:.\Generated_Source\PSoC5/PwmPiezo.c **** *  comparemode:  The new compare mode for the PWM output. Use the compare types
 359:.\Generated_Source\PSoC5/PwmPiezo.c **** *                defined in the H file as input arguments.
 360:.\Generated_Source\PSoC5/PwmPiezo.c **** *
 361:.\Generated_Source\PSoC5/PwmPiezo.c **** * Return: 
 362:.\Generated_Source\PSoC5/PwmPiezo.c **** *  void
 363:.\Generated_Source\PSoC5/PwmPiezo.c **** *
 364:.\Generated_Source\PSoC5/PwmPiezo.c **** * Reentrant:
 365:.\Generated_Source\PSoC5/PwmPiezo.c **** *  Yes
 366:.\Generated_Source\PSoC5/PwmPiezo.c **** *
 367:.\Generated_Source\PSoC5/PwmPiezo.c **** *******************************************************************************/
 368:.\Generated_Source\PSoC5/PwmPiezo.c **** void PwmPiezo_SetCompareMode2(uint8 comparemode) 
 369:.\Generated_Source\PSoC5/PwmPiezo.c **** {
 370:.\Generated_Source\PSoC5/PwmPiezo.c ****     #if(PwmPiezo_UsingFixedFunction)
 371:.\Generated_Source\PSoC5/PwmPiezo.c ****         /* Do Nothing because there is no second Compare Mode Register in FF block*/ 
 372:.\Generated_Source\PSoC5/PwmPiezo.c ****     #elif (PwmPiezo_UseControl)
 373:.\Generated_Source\PSoC5/PwmPiezo.c ****     uint8 comparemodemasked = (comparemode << PwmPiezo_CTRL_CMPMODE2_SHIFT) & PwmPiezo_CTRL_CMPMODE
ARM GAS  C:\Users\Geo\AppData\Local\Temp\cc4G7ue8.s 			page 12


 374:.\Generated_Source\PSoC5/PwmPiezo.c ****     PwmPiezo_CONTROL &= PwmPiezo_CTRL_CMPMODE2_MASK; /*Clear existing mode */
 375:.\Generated_Source\PSoC5/PwmPiezo.c ****     PwmPiezo_CONTROL |= comparemodemasked;
 376:.\Generated_Source\PSoC5/PwmPiezo.c ****     #endif    
 377:.\Generated_Source\PSoC5/PwmPiezo.c **** }
 378:.\Generated_Source\PSoC5/PwmPiezo.c **** #endif /*PwmPiezo_CompareMode2SW */
 379:.\Generated_Source\PSoC5/PwmPiezo.c **** #endif /* UseOneCompareMode */
 380:.\Generated_Source\PSoC5/PwmPiezo.c **** 
 381:.\Generated_Source\PSoC5/PwmPiezo.c **** 
 382:.\Generated_Source\PSoC5/PwmPiezo.c **** /*******************************************************************************
 383:.\Generated_Source\PSoC5/PwmPiezo.c **** * Function Name: PwmPiezo_WriteCounter
 384:.\Generated_Source\PSoC5/PwmPiezo.c **** ********************************************************************************
 385:.\Generated_Source\PSoC5/PwmPiezo.c **** * 
 386:.\Generated_Source\PSoC5/PwmPiezo.c **** * Summary:
 387:.\Generated_Source\PSoC5/PwmPiezo.c **** *  This function is used to change the counter value.
 388:.\Generated_Source\PSoC5/PwmPiezo.c **** *
 389:.\Generated_Source\PSoC5/PwmPiezo.c **** * Parameters:  
 390:.\Generated_Source\PSoC5/PwmPiezo.c **** *  counter:  This value may be between 1 and (2^Resolution)-1.   
 391:.\Generated_Source\PSoC5/PwmPiezo.c **** *
 392:.\Generated_Source\PSoC5/PwmPiezo.c **** * Return: 
 393:.\Generated_Source\PSoC5/PwmPiezo.c **** *  void
 394:.\Generated_Source\PSoC5/PwmPiezo.c **** *
 395:.\Generated_Source\PSoC5/PwmPiezo.c **** * Reentrant:
 396:.\Generated_Source\PSoC5/PwmPiezo.c **** *  Yes
 397:.\Generated_Source\PSoC5/PwmPiezo.c **** *
 398:.\Generated_Source\PSoC5/PwmPiezo.c **** *******************************************************************************/
 399:.\Generated_Source\PSoC5/PwmPiezo.c **** void PwmPiezo_WriteCounter(uint16 counter) 
 400:.\Generated_Source\PSoC5/PwmPiezo.c **** {
 251              		.loc 1 400 0
 252              		.cfi_startproc
 253              		@ args = 0, pretend = 0, frame = 8
 254              		@ frame_needed = 1, uses_anonymous_args = 0
 255              		@ link register save eliminated.
 256 0000 80B4     		push	{r7}
 257              	.LCFI9:
 258              		.cfi_def_cfa_offset 4
 259 0002 83B0     		sub	sp, sp, #12
 260              	.LCFI10:
 261              		.cfi_def_cfa_offset 16
 262 0004 00AF     		add	r7, sp, #0
 263              		.cfi_offset 7, -4
 264              	.LCFI11:
 265              		.cfi_def_cfa_register 7
 266 0006 0346     		mov	r3, r0
 267 0008 FB80     		strh	r3, [r7, #6]	@ movhi
 401:.\Generated_Source\PSoC5/PwmPiezo.c ****     #if(PwmPiezo_UsingFixedFunction)
 402:.\Generated_Source\PSoC5/PwmPiezo.c ****         CY_SET_REG16(PwmPiezo_COUNTER_LSB_PTR, (uint16)counter);
 403:.\Generated_Source\PSoC5/PwmPiezo.c ****     #else
 404:.\Generated_Source\PSoC5/PwmPiezo.c ****         CY_SET_REG16(PwmPiezo_COUNTER_LSB_PTR, counter);
 268              		.loc 1 404 0
 269 000a 46F20D43 		movw	r3, #:lower16:1073767437
 270 000e C4F20003 		movt	r3, #:upper16:1073767437
 271 0012 FA88     		ldrh	r2, [r7, #6]	@ movhi
 272 0014 1A80     		strh	r2, [r3, #0]	@ movhi
 405:.\Generated_Source\PSoC5/PwmPiezo.c ****     #endif
 406:.\Generated_Source\PSoC5/PwmPiezo.c **** }
 273              		.loc 1 406 0
 274 0016 07F10C07 		add	r7, r7, #12
ARM GAS  C:\Users\Geo\AppData\Local\Temp\cc4G7ue8.s 			page 13


 275 001a BD46     		mov	sp, r7
 276 001c 80BC     		pop	{r7}
 277 001e 7047     		bx	lr
 278              		.cfi_endproc
 279              	.LFE4:
 280              		.size	PwmPiezo_WriteCounter, .-PwmPiezo_WriteCounter
 281              		.section	.text.PwmPiezo_ReadCounter,"ax",%progbits
 282              		.align	2
 283              		.global	PwmPiezo_ReadCounter
 284              		.thumb
 285              		.thumb_func
 286              		.type	PwmPiezo_ReadCounter, %function
 287              	PwmPiezo_ReadCounter:
 288              	.LFB5:
 407:.\Generated_Source\PSoC5/PwmPiezo.c **** 
 408:.\Generated_Source\PSoC5/PwmPiezo.c **** 
 409:.\Generated_Source\PSoC5/PwmPiezo.c **** #if (!PwmPiezo_UsingFixedFunction)
 410:.\Generated_Source\PSoC5/PwmPiezo.c **** /*******************************************************************************
 411:.\Generated_Source\PSoC5/PwmPiezo.c **** * Function Name: PwmPiezo_ReadCounter
 412:.\Generated_Source\PSoC5/PwmPiezo.c **** ********************************************************************************
 413:.\Generated_Source\PSoC5/PwmPiezo.c **** * 
 414:.\Generated_Source\PSoC5/PwmPiezo.c **** * Summary:
 415:.\Generated_Source\PSoC5/PwmPiezo.c **** *  This function returns the current value of the counter.  It doesn't matter
 416:.\Generated_Source\PSoC5/PwmPiezo.c **** *  if the counter is enabled or running.
 417:.\Generated_Source\PSoC5/PwmPiezo.c **** *
 418:.\Generated_Source\PSoC5/PwmPiezo.c **** * Parameters:  
 419:.\Generated_Source\PSoC5/PwmPiezo.c **** *  void  
 420:.\Generated_Source\PSoC5/PwmPiezo.c **** *
 421:.\Generated_Source\PSoC5/PwmPiezo.c **** * Return: 
 422:.\Generated_Source\PSoC5/PwmPiezo.c **** *  The current value of the counter.
 423:.\Generated_Source\PSoC5/PwmPiezo.c **** *
 424:.\Generated_Source\PSoC5/PwmPiezo.c **** * Reentrant:
 425:.\Generated_Source\PSoC5/PwmPiezo.c **** *  Yes
 426:.\Generated_Source\PSoC5/PwmPiezo.c **** *
 427:.\Generated_Source\PSoC5/PwmPiezo.c **** *******************************************************************************/
 428:.\Generated_Source\PSoC5/PwmPiezo.c **** uint16 PwmPiezo_ReadCounter(void) 
 429:.\Generated_Source\PSoC5/PwmPiezo.c **** {
 289              		.loc 1 429 0
 290              		.cfi_startproc
 291              		@ args = 0, pretend = 0, frame = 0
 292              		@ frame_needed = 1, uses_anonymous_args = 0
 293              		@ link register save eliminated.
 294 0000 80B4     		push	{r7}
 295              	.LCFI12:
 296              		.cfi_def_cfa_offset 4
 297 0002 00AF     		add	r7, sp, #0
 298              		.cfi_offset 7, -4
 299              	.LCFI13:
 300              		.cfi_def_cfa_register 7
 430:.\Generated_Source\PSoC5/PwmPiezo.c ****     /* Force capture by reading Accumulator */
 431:.\Generated_Source\PSoC5/PwmPiezo.c ****     /* Must first do a software capture to be able to read the counter */
 432:.\Generated_Source\PSoC5/PwmPiezo.c ****     /* It is up to the user code to make sure there isn't already captured data in the FIFO */
 433:.\Generated_Source\PSoC5/PwmPiezo.c ****     CY_GET_REG8(PwmPiezo_COUNTERCAP_LSB_PTR);
 301              		.loc 1 433 0
 302 0004 46F21D43 		movw	r3, #:lower16:1073767453
 303 0008 C4F20003 		movt	r3, #:upper16:1073767453
 304 000c 1B78     		ldrb	r3, [r3, #0]
ARM GAS  C:\Users\Geo\AppData\Local\Temp\cc4G7ue8.s 			page 14


 434:.\Generated_Source\PSoC5/PwmPiezo.c ****     
 435:.\Generated_Source\PSoC5/PwmPiezo.c ****     /* Read the data from the FIFO (or capture register for Fixed Function)*/
 436:.\Generated_Source\PSoC5/PwmPiezo.c ****     return (CY_GET_REG16(PwmPiezo_CAPTURE_LSB_PTR));
 305              		.loc 1 436 0
 306 000e 46F25D43 		movw	r3, #:lower16:1073767517
 307 0012 C4F20003 		movt	r3, #:upper16:1073767517
 308 0016 1B88     		ldrh	r3, [r3, #0]	@ movhi
 309 0018 9BB2     		uxth	r3, r3
 437:.\Generated_Source\PSoC5/PwmPiezo.c **** }
 310              		.loc 1 437 0
 311 001a 1846     		mov	r0, r3
 312 001c BD46     		mov	sp, r7
 313 001e 80BC     		pop	{r7}
 314 0020 7047     		bx	lr
 315              		.cfi_endproc
 316              	.LFE5:
 317              		.size	PwmPiezo_ReadCounter, .-PwmPiezo_ReadCounter
 318 0022 00BF     		.section	.text.PwmPiezo_ClearFIFO,"ax",%progbits
 319              		.align	2
 320              		.global	PwmPiezo_ClearFIFO
 321              		.thumb
 322              		.thumb_func
 323              		.type	PwmPiezo_ClearFIFO, %function
 324              	PwmPiezo_ClearFIFO:
 325              	.LFB6:
 438:.\Generated_Source\PSoC5/PwmPiezo.c **** 
 439:.\Generated_Source\PSoC5/PwmPiezo.c **** 
 440:.\Generated_Source\PSoC5/PwmPiezo.c **** #if (PwmPiezo_UseStatus)
 441:.\Generated_Source\PSoC5/PwmPiezo.c **** /*******************************************************************************
 442:.\Generated_Source\PSoC5/PwmPiezo.c **** * Function Name: PwmPiezo_ClearFIFO
 443:.\Generated_Source\PSoC5/PwmPiezo.c **** ********************************************************************************
 444:.\Generated_Source\PSoC5/PwmPiezo.c **** * 
 445:.\Generated_Source\PSoC5/PwmPiezo.c **** * Summary:
 446:.\Generated_Source\PSoC5/PwmPiezo.c **** *  This function clears all capture data from the capture FIFO
 447:.\Generated_Source\PSoC5/PwmPiezo.c **** *
 448:.\Generated_Source\PSoC5/PwmPiezo.c **** * Parameters:  
 449:.\Generated_Source\PSoC5/PwmPiezo.c **** *  void
 450:.\Generated_Source\PSoC5/PwmPiezo.c **** *
 451:.\Generated_Source\PSoC5/PwmPiezo.c **** * Return: 
 452:.\Generated_Source\PSoC5/PwmPiezo.c **** *  void
 453:.\Generated_Source\PSoC5/PwmPiezo.c **** *
 454:.\Generated_Source\PSoC5/PwmPiezo.c **** * Reentrant:
 455:.\Generated_Source\PSoC5/PwmPiezo.c **** *  Yes
 456:.\Generated_Source\PSoC5/PwmPiezo.c **** *
 457:.\Generated_Source\PSoC5/PwmPiezo.c **** *******************************************************************************/
 458:.\Generated_Source\PSoC5/PwmPiezo.c **** void PwmPiezo_ClearFIFO(void) 
 459:.\Generated_Source\PSoC5/PwmPiezo.c **** {
 326              		.loc 1 459 0
 327              		.cfi_startproc
 328              		@ args = 0, pretend = 0, frame = 0
 329              		@ frame_needed = 1, uses_anonymous_args = 0
 330              		@ link register save eliminated.
 331 0000 80B4     		push	{r7}
 332              	.LCFI14:
 333              		.cfi_def_cfa_offset 4
 334 0002 00AF     		add	r7, sp, #0
 335              		.cfi_offset 7, -4
ARM GAS  C:\Users\Geo\AppData\Local\Temp\cc4G7ue8.s 			page 15


 336              	.LCFI15:
 337              		.cfi_def_cfa_register 7
 460:.\Generated_Source\PSoC5/PwmPiezo.c ****     while(PwmPiezo_ReadStatusRegister() & PwmPiezo_STATUS_FIFONEMPTY)
 338              		.loc 1 460 0
 339 0004 04E0     		b	.L15
 340              	.L16:
 461:.\Generated_Source\PSoC5/PwmPiezo.c ****         PwmPiezo_ReadCapture();
 341              		.loc 1 461 0
 342 0006 46F25D43 		movw	r3, #:lower16:1073767517
 343 000a C4F20003 		movt	r3, #:upper16:1073767517
 344 000e 1B88     		ldrh	r3, [r3, #0]	@ movhi
 345              	.L15:
 346              		.loc 1 460 0
 347 0010 46F26E43 		movw	r3, #:lower16:1073767534
 348 0014 C4F20003 		movt	r3, #:upper16:1073767534
 349 0018 1B78     		ldrb	r3, [r3, #0]
 350 001a DBB2     		uxtb	r3, r3
 351 001c 03F01003 		and	r3, r3, #16
 352 0020 002B     		cmp	r3, #0
 353 0022 F0D1     		bne	.L16
 462:.\Generated_Source\PSoC5/PwmPiezo.c **** }
 354              		.loc 1 462 0
 355 0024 BD46     		mov	sp, r7
 356 0026 80BC     		pop	{r7}
 357 0028 7047     		bx	lr
 358              		.cfi_endproc
 359              	.LFE6:
 360              		.size	PwmPiezo_ClearFIFO, .-PwmPiezo_ClearFIFO
 361 002a 00BF     		.section	.text.PwmPiezo_WritePeriod,"ax",%progbits
 362              		.align	2
 363              		.global	PwmPiezo_WritePeriod
 364              		.thumb
 365              		.thumb_func
 366              		.type	PwmPiezo_WritePeriod, %function
 367              	PwmPiezo_WritePeriod:
 368              	.LFB7:
 463:.\Generated_Source\PSoC5/PwmPiezo.c **** #endif /* PwmPiezo_UseStatus */
 464:.\Generated_Source\PSoC5/PwmPiezo.c **** #endif /* !PwmPiezo_UsingFixedFunction */
 465:.\Generated_Source\PSoC5/PwmPiezo.c **** 
 466:.\Generated_Source\PSoC5/PwmPiezo.c **** 
 467:.\Generated_Source\PSoC5/PwmPiezo.c **** /*******************************************************************************
 468:.\Generated_Source\PSoC5/PwmPiezo.c **** * Function Name: PwmPiezo_WritePeriod
 469:.\Generated_Source\PSoC5/PwmPiezo.c **** ********************************************************************************
 470:.\Generated_Source\PSoC5/PwmPiezo.c **** * 
 471:.\Generated_Source\PSoC5/PwmPiezo.c **** * Summary:
 472:.\Generated_Source\PSoC5/PwmPiezo.c **** *  This function is used to change the period of the counter.  The new period 
 473:.\Generated_Source\PSoC5/PwmPiezo.c **** *  will be loaded the next time terminal count is detected.
 474:.\Generated_Source\PSoC5/PwmPiezo.c **** *
 475:.\Generated_Source\PSoC5/PwmPiezo.c **** * Parameters:  
 476:.\Generated_Source\PSoC5/PwmPiezo.c **** *  period:  Period value. May be between 1 and (2^Resolution)-1.  A value of 0 
 477:.\Generated_Source\PSoC5/PwmPiezo.c **** *           will result in the counter remaining at zero.
 478:.\Generated_Source\PSoC5/PwmPiezo.c **** *
 479:.\Generated_Source\PSoC5/PwmPiezo.c **** * Return: 
 480:.\Generated_Source\PSoC5/PwmPiezo.c **** *  void
 481:.\Generated_Source\PSoC5/PwmPiezo.c **** *
 482:.\Generated_Source\PSoC5/PwmPiezo.c **** * Reentrant:
 483:.\Generated_Source\PSoC5/PwmPiezo.c **** *  Yes
ARM GAS  C:\Users\Geo\AppData\Local\Temp\cc4G7ue8.s 			page 16


 484:.\Generated_Source\PSoC5/PwmPiezo.c **** *
 485:.\Generated_Source\PSoC5/PwmPiezo.c **** *******************************************************************************/
 486:.\Generated_Source\PSoC5/PwmPiezo.c **** void PwmPiezo_WritePeriod(uint16 period) 
 487:.\Generated_Source\PSoC5/PwmPiezo.c **** {
 369              		.loc 1 487 0
 370              		.cfi_startproc
 371              		@ args = 0, pretend = 0, frame = 8
 372              		@ frame_needed = 1, uses_anonymous_args = 0
 373              		@ link register save eliminated.
 374 0000 80B4     		push	{r7}
 375              	.LCFI16:
 376              		.cfi_def_cfa_offset 4
 377 0002 83B0     		sub	sp, sp, #12
 378              	.LCFI17:
 379              		.cfi_def_cfa_offset 16
 380 0004 00AF     		add	r7, sp, #0
 381              		.cfi_offset 7, -4
 382              	.LCFI18:
 383              		.cfi_def_cfa_register 7
 384 0006 0346     		mov	r3, r0
 385 0008 FB80     		strh	r3, [r7, #6]	@ movhi
 488:.\Generated_Source\PSoC5/PwmPiezo.c ****     #if(PwmPiezo_UsingFixedFunction)
 489:.\Generated_Source\PSoC5/PwmPiezo.c ****         CY_SET_REG16(PwmPiezo_PERIOD_LSB_PTR, (uint16)period);
 490:.\Generated_Source\PSoC5/PwmPiezo.c ****     #else
 491:.\Generated_Source\PSoC5/PwmPiezo.c ****         CY_SET_REG16(PwmPiezo_PERIOD_LSB_PTR, period);
 386              		.loc 1 491 0
 387 000a 46F24D43 		movw	r3, #:lower16:1073767501
 388 000e C4F20003 		movt	r3, #:upper16:1073767501
 389 0012 FA88     		ldrh	r2, [r7, #6]	@ movhi
 390 0014 1A80     		strh	r2, [r3, #0]	@ movhi
 492:.\Generated_Source\PSoC5/PwmPiezo.c ****     #endif
 493:.\Generated_Source\PSoC5/PwmPiezo.c **** }
 391              		.loc 1 493 0
 392 0016 07F10C07 		add	r7, r7, #12
 393 001a BD46     		mov	sp, r7
 394 001c 80BC     		pop	{r7}
 395 001e 7047     		bx	lr
 396              		.cfi_endproc
 397              	.LFE7:
 398              		.size	PwmPiezo_WritePeriod, .-PwmPiezo_WritePeriod
 399              		.section	.text.PwmPiezo_WriteCompare,"ax",%progbits
 400              		.align	2
 401              		.global	PwmPiezo_WriteCompare
 402              		.thumb
 403              		.thumb_func
 404              		.type	PwmPiezo_WriteCompare, %function
 405              	PwmPiezo_WriteCompare:
 406              	.LFB8:
 494:.\Generated_Source\PSoC5/PwmPiezo.c **** 
 495:.\Generated_Source\PSoC5/PwmPiezo.c **** 
 496:.\Generated_Source\PSoC5/PwmPiezo.c **** #if (PwmPiezo_UseOneCompareMode)
 497:.\Generated_Source\PSoC5/PwmPiezo.c **** /*******************************************************************************
 498:.\Generated_Source\PSoC5/PwmPiezo.c **** * Function Name: PwmPiezo_WriteCompare
 499:.\Generated_Source\PSoC5/PwmPiezo.c **** ********************************************************************************
 500:.\Generated_Source\PSoC5/PwmPiezo.c **** * 
 501:.\Generated_Source\PSoC5/PwmPiezo.c **** * Summary:
 502:.\Generated_Source\PSoC5/PwmPiezo.c **** *  This funtion is used to change the compare1 value when the PWM is in Dither
ARM GAS  C:\Users\Geo\AppData\Local\Temp\cc4G7ue8.s 			page 17


 503:.\Generated_Source\PSoC5/PwmPiezo.c **** *  mode. The compare output will reflect the new value on the next UDB clock. 
 504:.\Generated_Source\PSoC5/PwmPiezo.c **** *  The compare output will be driven high when the present counter value is 
 505:.\Generated_Source\PSoC5/PwmPiezo.c **** *  compared to the compare value based on the compare mode defined in 
 506:.\Generated_Source\PSoC5/PwmPiezo.c **** *  Dither Mode.
 507:.\Generated_Source\PSoC5/PwmPiezo.c **** *
 508:.\Generated_Source\PSoC5/PwmPiezo.c **** * Parameters:  
 509:.\Generated_Source\PSoC5/PwmPiezo.c **** *  compare:  New compare value.  
 510:.\Generated_Source\PSoC5/PwmPiezo.c **** *
 511:.\Generated_Source\PSoC5/PwmPiezo.c **** * Return: 
 512:.\Generated_Source\PSoC5/PwmPiezo.c **** *  void
 513:.\Generated_Source\PSoC5/PwmPiezo.c **** *
 514:.\Generated_Source\PSoC5/PwmPiezo.c **** * Side Effects:
 515:.\Generated_Source\PSoC5/PwmPiezo.c **** *  This function is only available if the PWM mode parameter is set to
 516:.\Generated_Source\PSoC5/PwmPiezo.c **** *  Dither Mode, Center Aligned Mode or One Output Mode
 517:.\Generated_Source\PSoC5/PwmPiezo.c **** *
 518:.\Generated_Source\PSoC5/PwmPiezo.c **** * Reentrant:
 519:.\Generated_Source\PSoC5/PwmPiezo.c **** *  Yes
 520:.\Generated_Source\PSoC5/PwmPiezo.c **** *
 521:.\Generated_Source\PSoC5/PwmPiezo.c **** *******************************************************************************/
 522:.\Generated_Source\PSoC5/PwmPiezo.c **** void PwmPiezo_WriteCompare(uint16 compare) 
 523:.\Generated_Source\PSoC5/PwmPiezo.c **** {
 407              		.loc 1 523 0
 408              		.cfi_startproc
 409              		@ args = 0, pretend = 0, frame = 8
 410              		@ frame_needed = 1, uses_anonymous_args = 0
 411              		@ link register save eliminated.
 412 0000 80B4     		push	{r7}
 413              	.LCFI19:
 414              		.cfi_def_cfa_offset 4
 415 0002 83B0     		sub	sp, sp, #12
 416              	.LCFI20:
 417              		.cfi_def_cfa_offset 16
 418 0004 00AF     		add	r7, sp, #0
 419              		.cfi_offset 7, -4
 420              	.LCFI21:
 421              		.cfi_def_cfa_register 7
 422 0006 0346     		mov	r3, r0
 423 0008 FB80     		strh	r3, [r7, #6]	@ movhi
 524:.\Generated_Source\PSoC5/PwmPiezo.c ****    CY_SET_REG16(PwmPiezo_COMPARE1_LSB_PTR, compare);
 424              		.loc 1 524 0
 425 000a 46F22D43 		movw	r3, #:lower16:1073767469
 426 000e C4F20003 		movt	r3, #:upper16:1073767469
 427 0012 FA88     		ldrh	r2, [r7, #6]	@ movhi
 428 0014 1A80     		strh	r2, [r3, #0]	@ movhi
 525:.\Generated_Source\PSoC5/PwmPiezo.c ****    #if (PwmPiezo_PWMMode == PwmPiezo__B_PWM__DITHER)
 526:.\Generated_Source\PSoC5/PwmPiezo.c ****         CY_SET_REG16(PwmPiezo_COMPARE2_LSB_PTR, compare+1);
 527:.\Generated_Source\PSoC5/PwmPiezo.c ****    #endif
 528:.\Generated_Source\PSoC5/PwmPiezo.c **** }
 429              		.loc 1 528 0
 430 0016 07F10C07 		add	r7, r7, #12
 431 001a BD46     		mov	sp, r7
 432 001c 80BC     		pop	{r7}
 433 001e 7047     		bx	lr
 434              		.cfi_endproc
 435              	.LFE8:
 436              		.size	PwmPiezo_WriteCompare, .-PwmPiezo_WriteCompare
 437              		.text
ARM GAS  C:\Users\Geo\AppData\Local\Temp\cc4G7ue8.s 			page 18


 438              	.Letext0:
 439              		.section	.debug_loc,"",%progbits
 440              	.Ldebug_loc0:
 441              	.LLST0:
 442 0000 00000000 		.4byte	.LFB0
 443 0004 02000000 		.4byte	.LCFI0
 444 0008 0100     		.2byte	0x1
 445 000a 5D       		.byte	0x5d
 446 000b 02000000 		.4byte	.LCFI0
 447 000f 04000000 		.4byte	.LCFI1
 448 0013 0200     		.2byte	0x2
 449 0015 7D       		.byte	0x7d
 450 0016 08       		.sleb128 8
 451 0017 04000000 		.4byte	.LCFI1
 452 001b 2A000000 		.4byte	.LFE0
 453 001f 0200     		.2byte	0x2
 454 0021 77       		.byte	0x77
 455 0022 08       		.sleb128 8
 456 0023 00000000 		.4byte	0x0
 457 0027 00000000 		.4byte	0x0
 458              	.LLST1:
 459 002b 00000000 		.4byte	.LFB1
 460 002f 02000000 		.4byte	.LCFI2
 461 0033 0100     		.2byte	0x1
 462 0035 5D       		.byte	0x5d
 463 0036 02000000 		.4byte	.LCFI2
 464 003a 04000000 		.4byte	.LCFI3
 465 003e 0200     		.2byte	0x2
 466 0040 7D       		.byte	0x7d
 467 0041 08       		.sleb128 8
 468 0042 04000000 		.4byte	.LCFI3
 469 0046 06000000 		.4byte	.LCFI4
 470 004a 0200     		.2byte	0x2
 471 004c 7D       		.byte	0x7d
 472 004d 10       		.sleb128 16
 473 004e 06000000 		.4byte	.LCFI4
 474 0052 C0000000 		.4byte	.LFE1
 475 0056 0200     		.2byte	0x2
 476 0058 77       		.byte	0x77
 477 0059 10       		.sleb128 16
 478 005a 00000000 		.4byte	0x0
 479 005e 00000000 		.4byte	0x0
 480              	.LLST2:
 481 0062 00000000 		.4byte	.LFB2
 482 0066 02000000 		.4byte	.LCFI5
 483 006a 0100     		.2byte	0x1
 484 006c 5D       		.byte	0x5d
 485 006d 02000000 		.4byte	.LCFI5
 486 0071 04000000 		.4byte	.LCFI6
 487 0075 0200     		.2byte	0x2
 488 0077 7D       		.byte	0x7d
 489 0078 04       		.sleb128 4
 490 0079 04000000 		.4byte	.LCFI6
 491 007d 2A000000 		.4byte	.LFE2
 492 0081 0200     		.2byte	0x2
 493 0083 77       		.byte	0x77
 494 0084 04       		.sleb128 4
ARM GAS  C:\Users\Geo\AppData\Local\Temp\cc4G7ue8.s 			page 19


 495 0085 00000000 		.4byte	0x0
 496 0089 00000000 		.4byte	0x0
 497              	.LLST3:
 498 008d 00000000 		.4byte	.LFB3
 499 0091 02000000 		.4byte	.LCFI7
 500 0095 0100     		.2byte	0x1
 501 0097 5D       		.byte	0x5d
 502 0098 02000000 		.4byte	.LCFI7
 503 009c 04000000 		.4byte	.LCFI8
 504 00a0 0200     		.2byte	0x2
 505 00a2 7D       		.byte	0x7d
 506 00a3 04       		.sleb128 4
 507 00a4 04000000 		.4byte	.LCFI8
 508 00a8 24000000 		.4byte	.LFE3
 509 00ac 0200     		.2byte	0x2
 510 00ae 77       		.byte	0x77
 511 00af 04       		.sleb128 4
 512 00b0 00000000 		.4byte	0x0
 513 00b4 00000000 		.4byte	0x0
 514              	.LLST4:
 515 00b8 00000000 		.4byte	.LFB4
 516 00bc 02000000 		.4byte	.LCFI9
 517 00c0 0100     		.2byte	0x1
 518 00c2 5D       		.byte	0x5d
 519 00c3 02000000 		.4byte	.LCFI9
 520 00c7 04000000 		.4byte	.LCFI10
 521 00cb 0200     		.2byte	0x2
 522 00cd 7D       		.byte	0x7d
 523 00ce 04       		.sleb128 4
 524 00cf 04000000 		.4byte	.LCFI10
 525 00d3 06000000 		.4byte	.LCFI11
 526 00d7 0200     		.2byte	0x2
 527 00d9 7D       		.byte	0x7d
 528 00da 10       		.sleb128 16
 529 00db 06000000 		.4byte	.LCFI11
 530 00df 20000000 		.4byte	.LFE4
 531 00e3 0200     		.2byte	0x2
 532 00e5 77       		.byte	0x77
 533 00e6 10       		.sleb128 16
 534 00e7 00000000 		.4byte	0x0
 535 00eb 00000000 		.4byte	0x0
 536              	.LLST5:
 537 00ef 00000000 		.4byte	.LFB5
 538 00f3 02000000 		.4byte	.LCFI12
 539 00f7 0100     		.2byte	0x1
 540 00f9 5D       		.byte	0x5d
 541 00fa 02000000 		.4byte	.LCFI12
 542 00fe 04000000 		.4byte	.LCFI13
 543 0102 0200     		.2byte	0x2
 544 0104 7D       		.byte	0x7d
 545 0105 04       		.sleb128 4
 546 0106 04000000 		.4byte	.LCFI13
 547 010a 22000000 		.4byte	.LFE5
 548 010e 0200     		.2byte	0x2
 549 0110 77       		.byte	0x77
 550 0111 04       		.sleb128 4
 551 0112 00000000 		.4byte	0x0
ARM GAS  C:\Users\Geo\AppData\Local\Temp\cc4G7ue8.s 			page 20


 552 0116 00000000 		.4byte	0x0
 553              	.LLST6:
 554 011a 00000000 		.4byte	.LFB6
 555 011e 02000000 		.4byte	.LCFI14
 556 0122 0100     		.2byte	0x1
 557 0124 5D       		.byte	0x5d
 558 0125 02000000 		.4byte	.LCFI14
 559 0129 04000000 		.4byte	.LCFI15
 560 012d 0200     		.2byte	0x2
 561 012f 7D       		.byte	0x7d
 562 0130 04       		.sleb128 4
 563 0131 04000000 		.4byte	.LCFI15
 564 0135 2A000000 		.4byte	.LFE6
 565 0139 0200     		.2byte	0x2
 566 013b 77       		.byte	0x77
 567 013c 04       		.sleb128 4
 568 013d 00000000 		.4byte	0x0
 569 0141 00000000 		.4byte	0x0
 570              	.LLST7:
 571 0145 00000000 		.4byte	.LFB7
 572 0149 02000000 		.4byte	.LCFI16
 573 014d 0100     		.2byte	0x1
 574 014f 5D       		.byte	0x5d
 575 0150 02000000 		.4byte	.LCFI16
 576 0154 04000000 		.4byte	.LCFI17
 577 0158 0200     		.2byte	0x2
 578 015a 7D       		.byte	0x7d
 579 015b 04       		.sleb128 4
 580 015c 04000000 		.4byte	.LCFI17
 581 0160 06000000 		.4byte	.LCFI18
 582 0164 0200     		.2byte	0x2
 583 0166 7D       		.byte	0x7d
 584 0167 10       		.sleb128 16
 585 0168 06000000 		.4byte	.LCFI18
 586 016c 20000000 		.4byte	.LFE7
 587 0170 0200     		.2byte	0x2
 588 0172 77       		.byte	0x77
 589 0173 10       		.sleb128 16
 590 0174 00000000 		.4byte	0x0
 591 0178 00000000 		.4byte	0x0
 592              	.LLST8:
 593 017c 00000000 		.4byte	.LFB8
 594 0180 02000000 		.4byte	.LCFI19
 595 0184 0100     		.2byte	0x1
 596 0186 5D       		.byte	0x5d
 597 0187 02000000 		.4byte	.LCFI19
 598 018b 04000000 		.4byte	.LCFI20
 599 018f 0200     		.2byte	0x2
 600 0191 7D       		.byte	0x7d
 601 0192 04       		.sleb128 4
 602 0193 04000000 		.4byte	.LCFI20
 603 0197 06000000 		.4byte	.LCFI21
 604 019b 0200     		.2byte	0x2
 605 019d 7D       		.byte	0x7d
 606 019e 10       		.sleb128 16
 607 019f 06000000 		.4byte	.LCFI21
 608 01a3 20000000 		.4byte	.LFE8
ARM GAS  C:\Users\Geo\AppData\Local\Temp\cc4G7ue8.s 			page 21


 609 01a7 0200     		.2byte	0x2
 610 01a9 77       		.byte	0x77
 611 01aa 10       		.sleb128 16
 612 01ab 00000000 		.4byte	0x0
 613 01af 00000000 		.4byte	0x0
 614              		.file 2 ".\\Generated_Source\\PSoC5\\/cytypes.h"
 615              		.section	.debug_info
 616 0000 C1010000 		.4byte	0x1c1
 617 0004 0200     		.2byte	0x2
 618 0006 00000000 		.4byte	.Ldebug_abbrev0
 619 000a 04       		.byte	0x4
 620 000b 01       		.uleb128 0x1
 621 000c 3D010000 		.4byte	.LASF25
 622 0010 01       		.byte	0x1
 623 0011 4E010000 		.4byte	.LASF26
 624 0015 9B010000 		.4byte	.LASF27
 625 0019 00000000 		.4byte	0x0
 626 001d 00000000 		.4byte	0x0
 627 0021 00000000 		.4byte	.Ldebug_ranges0+0x0
 628 0025 00000000 		.4byte	.Ldebug_line0
 629 0029 02       		.uleb128 0x2
 630 002a 01       		.byte	0x1
 631 002b 06       		.byte	0x6
 632 002c FA010000 		.4byte	.LASF0
 633 0030 02       		.uleb128 0x2
 634 0031 01       		.byte	0x1
 635 0032 08       		.byte	0x8
 636 0033 75000000 		.4byte	.LASF1
 637 0037 02       		.uleb128 0x2
 638 0038 02       		.byte	0x2
 639 0039 05       		.byte	0x5
 640 003a 72010000 		.4byte	.LASF2
 641 003e 02       		.uleb128 0x2
 642 003f 02       		.byte	0x2
 643 0040 07       		.byte	0x7
 644 0041 4C000000 		.4byte	.LASF3
 645 0045 02       		.uleb128 0x2
 646 0046 04       		.byte	0x4
 647 0047 05       		.byte	0x5
 648 0048 92010000 		.4byte	.LASF4
 649 004c 02       		.uleb128 0x2
 650 004d 04       		.byte	0x4
 651 004e 07       		.byte	0x7
 652 004f 98000000 		.4byte	.LASF5
 653 0053 02       		.uleb128 0x2
 654 0054 08       		.byte	0x8
 655 0055 05       		.byte	0x5
 656 0056 00000000 		.4byte	.LASF6
 657 005a 02       		.uleb128 0x2
 658 005b 08       		.byte	0x8
 659 005c 07       		.byte	0x7
 660 005d 10010000 		.4byte	.LASF7
 661 0061 03       		.uleb128 0x3
 662 0062 04       		.byte	0x4
 663 0063 05       		.byte	0x5
 664 0064 696E7400 		.ascii	"int\000"
 665 0068 02       		.uleb128 0x2
ARM GAS  C:\Users\Geo\AppData\Local\Temp\cc4G7ue8.s 			page 22


 666 0069 04       		.byte	0x4
 667 006a 07       		.byte	0x7
 668 006b F5000000 		.4byte	.LASF8
 669 006f 02       		.uleb128 0x2
 670 0070 01       		.byte	0x1
 671 0071 08       		.byte	0x8
 672 0072 49010000 		.4byte	.LASF9
 673 0076 04       		.uleb128 0x4
 674 0077 AA000000 		.4byte	.LASF10
 675 007b 02       		.byte	0x2
 676 007c 51       		.byte	0x51
 677 007d 30000000 		.4byte	0x30
 678 0081 04       		.uleb128 0x4
 679 0082 EE000000 		.4byte	.LASF11
 680 0086 02       		.byte	0x2
 681 0087 52       		.byte	0x52
 682 0088 3E000000 		.4byte	0x3e
 683 008c 05       		.uleb128 0x5
 684 008d 04       		.byte	0x4
 685 008e 07       		.byte	0x7
 686 008f 06       		.uleb128 0x6
 687 0090 01       		.byte	0x1
 688 0091 0E000000 		.4byte	.LASF14
 689 0095 01       		.byte	0x1
 690 0096 34       		.byte	0x34
 691 0097 01       		.byte	0x1
 692 0098 00000000 		.4byte	.LFB0
 693 009c 2A000000 		.4byte	.LFE0
 694 00a0 00000000 		.4byte	.LLST0
 695 00a4 07       		.uleb128 0x7
 696 00a5 01       		.byte	0x1
 697 00a6 5F000000 		.4byte	.LASF17
 698 00aa 01       		.byte	0x1
 699 00ab 54       		.byte	0x54
 700 00ac 01       		.byte	0x1
 701 00ad 00000000 		.4byte	.LFB1
 702 00b1 C0000000 		.4byte	.LFE1
 703 00b5 2B000000 		.4byte	.LLST1
 704 00b9 DA000000 		.4byte	0xda
 705 00bd 08       		.uleb128 0x8
 706 00be 38010000 		.4byte	.LASF12
 707 00c2 01       		.byte	0x1
 708 00c3 57       		.byte	0x57
 709 00c4 76000000 		.4byte	0x76
 710 00c8 02       		.byte	0x2
 711 00c9 91       		.byte	0x91
 712 00ca 76       		.sleb128 -10
 713 00cb 08       		.uleb128 0x8
 714 00cc C0000000 		.4byte	.LASF13
 715 00d0 01       		.byte	0x1
 716 00d1 5D       		.byte	0x5d
 717 00d2 76000000 		.4byte	0x76
 718 00d6 02       		.byte	0x2
 719 00d7 91       		.byte	0x91
 720 00d8 77       		.sleb128 -9
 721 00d9 00       		.byte	0x0
 722 00da 06       		.uleb128 0x6
ARM GAS  C:\Users\Geo\AppData\Local\Temp\cc4G7ue8.s 			page 23


 723 00db 01       		.byte	0x1
 724 00dc B0000000 		.4byte	.LASF15
 725 00e0 01       		.byte	0x1
 726 00e1 CE       		.byte	0xce
 727 00e2 01       		.byte	0x1
 728 00e3 00000000 		.4byte	.LFB2
 729 00e7 2A000000 		.4byte	.LFE2
 730 00eb 62000000 		.4byte	.LLST2
 731 00ef 06       		.uleb128 0x6
 732 00f0 01       		.byte	0x1
 733 00f1 02010000 		.4byte	.LASF16
 734 00f5 01       		.byte	0x1
 735 00f6 F3       		.byte	0xf3
 736 00f7 01       		.byte	0x1
 737 00f8 00000000 		.4byte	.LFB3
 738 00fc 24000000 		.4byte	.LFE3
 739 0100 8D000000 		.4byte	.LLST3
 740 0104 09       		.uleb128 0x9
 741 0105 01       		.byte	0x1
 742 0106 7C010000 		.4byte	.LASF18
 743 010a 01       		.byte	0x1
 744 010b 8F01     		.2byte	0x18f
 745 010d 01       		.byte	0x1
 746 010e 00000000 		.4byte	.LFB4
 747 0112 20000000 		.4byte	.LFE4
 748 0116 B8000000 		.4byte	.LLST4
 749 011a 2E010000 		.4byte	0x12e
 750 011e 0A       		.uleb128 0xa
 751 011f 6D000000 		.4byte	.LASF21
 752 0123 01       		.byte	0x1
 753 0124 8F01     		.2byte	0x18f
 754 0126 81000000 		.4byte	0x81
 755 012a 02       		.byte	0x2
 756 012b 91       		.byte	0x91
 757 012c 76       		.sleb128 -10
 758 012d 00       		.byte	0x0
 759 012e 0B       		.uleb128 0xb
 760 012f 01       		.byte	0x1
 761 0130 1D000000 		.4byte	.LASF28
 762 0134 01       		.byte	0x1
 763 0135 AC01     		.2byte	0x1ac
 764 0137 01       		.byte	0x1
 765 0138 81000000 		.4byte	0x81
 766 013c 00000000 		.4byte	.LFB5
 767 0140 22000000 		.4byte	.LFE5
 768 0144 EF000000 		.4byte	.LLST5
 769 0148 0C       		.uleb128 0xc
 770 0149 01       		.byte	0x1
 771 014a 39000000 		.4byte	.LASF19
 772 014e 01       		.byte	0x1
 773 014f CA01     		.2byte	0x1ca
 774 0151 01       		.byte	0x1
 775 0152 00000000 		.4byte	.LFB6
 776 0156 2A000000 		.4byte	.LFE6
 777 015a 1A010000 		.4byte	.LLST6
 778 015e 09       		.uleb128 0x9
 779 015f 01       		.byte	0x1
ARM GAS  C:\Users\Geo\AppData\Local\Temp\cc4G7ue8.s 			page 24


 780 0160 83000000 		.4byte	.LASF20
 781 0164 01       		.byte	0x1
 782 0165 E601     		.2byte	0x1e6
 783 0167 01       		.byte	0x1
 784 0168 00000000 		.4byte	.LFB7
 785 016c 20000000 		.4byte	.LFE7
 786 0170 45010000 		.4byte	.LLST7
 787 0174 88010000 		.4byte	0x188
 788 0178 0A       		.uleb128 0xa
 789 0179 32000000 		.4byte	.LASF22
 790 017d 01       		.byte	0x1
 791 017e E601     		.2byte	0x1e6
 792 0180 81000000 		.4byte	0x81
 793 0184 02       		.byte	0x2
 794 0185 91       		.byte	0x91
 795 0186 76       		.sleb128 -10
 796 0187 00       		.byte	0x0
 797 0188 09       		.uleb128 0x9
 798 0189 01       		.byte	0x1
 799 018a D8000000 		.4byte	.LASF23
 800 018e 01       		.byte	0x1
 801 018f 0A02     		.2byte	0x20a
 802 0191 01       		.byte	0x1
 803 0192 00000000 		.4byte	.LFB8
 804 0196 20000000 		.4byte	.LFE8
 805 019a 7C010000 		.4byte	.LLST8
 806 019e B2010000 		.4byte	0x1b2
 807 01a2 0A       		.uleb128 0xa
 808 01a3 06020000 		.4byte	.LASF24
 809 01a7 01       		.byte	0x1
 810 01a8 0A02     		.2byte	0x20a
 811 01aa 81000000 		.4byte	0x81
 812 01ae 02       		.byte	0x2
 813 01af 91       		.byte	0x91
 814 01b0 76       		.sleb128 -10
 815 01b1 00       		.byte	0x0
 816 01b2 0D       		.uleb128 0xd
 817 01b3 27010000 		.4byte	.LASF29
 818 01b7 01       		.byte	0x1
 819 01b8 1B       		.byte	0x1b
 820 01b9 76000000 		.4byte	0x76
 821 01bd 01       		.byte	0x1
 822 01be 05       		.byte	0x5
 823 01bf 03       		.byte	0x3
 824 01c0 00000000 		.4byte	PwmPiezo_initVar
 825 01c4 00       		.byte	0x0
 826              		.section	.debug_abbrev
 827 0000 01       		.uleb128 0x1
 828 0001 11       		.uleb128 0x11
 829 0002 01       		.byte	0x1
 830 0003 25       		.uleb128 0x25
 831 0004 0E       		.uleb128 0xe
 832 0005 13       		.uleb128 0x13
 833 0006 0B       		.uleb128 0xb
 834 0007 03       		.uleb128 0x3
 835 0008 0E       		.uleb128 0xe
 836 0009 1B       		.uleb128 0x1b
ARM GAS  C:\Users\Geo\AppData\Local\Temp\cc4G7ue8.s 			page 25


 837 000a 0E       		.uleb128 0xe
 838 000b 11       		.uleb128 0x11
 839 000c 01       		.uleb128 0x1
 840 000d 52       		.uleb128 0x52
 841 000e 01       		.uleb128 0x1
 842 000f 55       		.uleb128 0x55
 843 0010 06       		.uleb128 0x6
 844 0011 10       		.uleb128 0x10
 845 0012 06       		.uleb128 0x6
 846 0013 00       		.byte	0x0
 847 0014 00       		.byte	0x0
 848 0015 02       		.uleb128 0x2
 849 0016 24       		.uleb128 0x24
 850 0017 00       		.byte	0x0
 851 0018 0B       		.uleb128 0xb
 852 0019 0B       		.uleb128 0xb
 853 001a 3E       		.uleb128 0x3e
 854 001b 0B       		.uleb128 0xb
 855 001c 03       		.uleb128 0x3
 856 001d 0E       		.uleb128 0xe
 857 001e 00       		.byte	0x0
 858 001f 00       		.byte	0x0
 859 0020 03       		.uleb128 0x3
 860 0021 24       		.uleb128 0x24
 861 0022 00       		.byte	0x0
 862 0023 0B       		.uleb128 0xb
 863 0024 0B       		.uleb128 0xb
 864 0025 3E       		.uleb128 0x3e
 865 0026 0B       		.uleb128 0xb
 866 0027 03       		.uleb128 0x3
 867 0028 08       		.uleb128 0x8
 868 0029 00       		.byte	0x0
 869 002a 00       		.byte	0x0
 870 002b 04       		.uleb128 0x4
 871 002c 16       		.uleb128 0x16
 872 002d 00       		.byte	0x0
 873 002e 03       		.uleb128 0x3
 874 002f 0E       		.uleb128 0xe
 875 0030 3A       		.uleb128 0x3a
 876 0031 0B       		.uleb128 0xb
 877 0032 3B       		.uleb128 0x3b
 878 0033 0B       		.uleb128 0xb
 879 0034 49       		.uleb128 0x49
 880 0035 13       		.uleb128 0x13
 881 0036 00       		.byte	0x0
 882 0037 00       		.byte	0x0
 883 0038 05       		.uleb128 0x5
 884 0039 24       		.uleb128 0x24
 885 003a 00       		.byte	0x0
 886 003b 0B       		.uleb128 0xb
 887 003c 0B       		.uleb128 0xb
 888 003d 3E       		.uleb128 0x3e
 889 003e 0B       		.uleb128 0xb
 890 003f 00       		.byte	0x0
 891 0040 00       		.byte	0x0
 892 0041 06       		.uleb128 0x6
 893 0042 2E       		.uleb128 0x2e
ARM GAS  C:\Users\Geo\AppData\Local\Temp\cc4G7ue8.s 			page 26


 894 0043 00       		.byte	0x0
 895 0044 3F       		.uleb128 0x3f
 896 0045 0C       		.uleb128 0xc
 897 0046 03       		.uleb128 0x3
 898 0047 0E       		.uleb128 0xe
 899 0048 3A       		.uleb128 0x3a
 900 0049 0B       		.uleb128 0xb
 901 004a 3B       		.uleb128 0x3b
 902 004b 0B       		.uleb128 0xb
 903 004c 27       		.uleb128 0x27
 904 004d 0C       		.uleb128 0xc
 905 004e 11       		.uleb128 0x11
 906 004f 01       		.uleb128 0x1
 907 0050 12       		.uleb128 0x12
 908 0051 01       		.uleb128 0x1
 909 0052 40       		.uleb128 0x40
 910 0053 06       		.uleb128 0x6
 911 0054 00       		.byte	0x0
 912 0055 00       		.byte	0x0
 913 0056 07       		.uleb128 0x7
 914 0057 2E       		.uleb128 0x2e
 915 0058 01       		.byte	0x1
 916 0059 3F       		.uleb128 0x3f
 917 005a 0C       		.uleb128 0xc
 918 005b 03       		.uleb128 0x3
 919 005c 0E       		.uleb128 0xe
 920 005d 3A       		.uleb128 0x3a
 921 005e 0B       		.uleb128 0xb
 922 005f 3B       		.uleb128 0x3b
 923 0060 0B       		.uleb128 0xb
 924 0061 27       		.uleb128 0x27
 925 0062 0C       		.uleb128 0xc
 926 0063 11       		.uleb128 0x11
 927 0064 01       		.uleb128 0x1
 928 0065 12       		.uleb128 0x12
 929 0066 01       		.uleb128 0x1
 930 0067 40       		.uleb128 0x40
 931 0068 06       		.uleb128 0x6
 932 0069 01       		.uleb128 0x1
 933 006a 13       		.uleb128 0x13
 934 006b 00       		.byte	0x0
 935 006c 00       		.byte	0x0
 936 006d 08       		.uleb128 0x8
 937 006e 34       		.uleb128 0x34
 938 006f 00       		.byte	0x0
 939 0070 03       		.uleb128 0x3
 940 0071 0E       		.uleb128 0xe
 941 0072 3A       		.uleb128 0x3a
 942 0073 0B       		.uleb128 0xb
 943 0074 3B       		.uleb128 0x3b
 944 0075 0B       		.uleb128 0xb
 945 0076 49       		.uleb128 0x49
 946 0077 13       		.uleb128 0x13
 947 0078 02       		.uleb128 0x2
 948 0079 0A       		.uleb128 0xa
 949 007a 00       		.byte	0x0
 950 007b 00       		.byte	0x0
ARM GAS  C:\Users\Geo\AppData\Local\Temp\cc4G7ue8.s 			page 27


 951 007c 09       		.uleb128 0x9
 952 007d 2E       		.uleb128 0x2e
 953 007e 01       		.byte	0x1
 954 007f 3F       		.uleb128 0x3f
 955 0080 0C       		.uleb128 0xc
 956 0081 03       		.uleb128 0x3
 957 0082 0E       		.uleb128 0xe
 958 0083 3A       		.uleb128 0x3a
 959 0084 0B       		.uleb128 0xb
 960 0085 3B       		.uleb128 0x3b
 961 0086 05       		.uleb128 0x5
 962 0087 27       		.uleb128 0x27
 963 0088 0C       		.uleb128 0xc
 964 0089 11       		.uleb128 0x11
 965 008a 01       		.uleb128 0x1
 966 008b 12       		.uleb128 0x12
 967 008c 01       		.uleb128 0x1
 968 008d 40       		.uleb128 0x40
 969 008e 06       		.uleb128 0x6
 970 008f 01       		.uleb128 0x1
 971 0090 13       		.uleb128 0x13
 972 0091 00       		.byte	0x0
 973 0092 00       		.byte	0x0
 974 0093 0A       		.uleb128 0xa
 975 0094 05       		.uleb128 0x5
 976 0095 00       		.byte	0x0
 977 0096 03       		.uleb128 0x3
 978 0097 0E       		.uleb128 0xe
 979 0098 3A       		.uleb128 0x3a
 980 0099 0B       		.uleb128 0xb
 981 009a 3B       		.uleb128 0x3b
 982 009b 05       		.uleb128 0x5
 983 009c 49       		.uleb128 0x49
 984 009d 13       		.uleb128 0x13
 985 009e 02       		.uleb128 0x2
 986 009f 0A       		.uleb128 0xa
 987 00a0 00       		.byte	0x0
 988 00a1 00       		.byte	0x0
 989 00a2 0B       		.uleb128 0xb
 990 00a3 2E       		.uleb128 0x2e
 991 00a4 00       		.byte	0x0
 992 00a5 3F       		.uleb128 0x3f
 993 00a6 0C       		.uleb128 0xc
 994 00a7 03       		.uleb128 0x3
 995 00a8 0E       		.uleb128 0xe
 996 00a9 3A       		.uleb128 0x3a
 997 00aa 0B       		.uleb128 0xb
 998 00ab 3B       		.uleb128 0x3b
 999 00ac 05       		.uleb128 0x5
 1000 00ad 27       		.uleb128 0x27
 1001 00ae 0C       		.uleb128 0xc
 1002 00af 49       		.uleb128 0x49
 1003 00b0 13       		.uleb128 0x13
 1004 00b1 11       		.uleb128 0x11
 1005 00b2 01       		.uleb128 0x1
 1006 00b3 12       		.uleb128 0x12
 1007 00b4 01       		.uleb128 0x1
ARM GAS  C:\Users\Geo\AppData\Local\Temp\cc4G7ue8.s 			page 28


 1008 00b5 40       		.uleb128 0x40
 1009 00b6 06       		.uleb128 0x6
 1010 00b7 00       		.byte	0x0
 1011 00b8 00       		.byte	0x0
 1012 00b9 0C       		.uleb128 0xc
 1013 00ba 2E       		.uleb128 0x2e
 1014 00bb 00       		.byte	0x0
 1015 00bc 3F       		.uleb128 0x3f
 1016 00bd 0C       		.uleb128 0xc
 1017 00be 03       		.uleb128 0x3
 1018 00bf 0E       		.uleb128 0xe
 1019 00c0 3A       		.uleb128 0x3a
 1020 00c1 0B       		.uleb128 0xb
 1021 00c2 3B       		.uleb128 0x3b
 1022 00c3 05       		.uleb128 0x5
 1023 00c4 27       		.uleb128 0x27
 1024 00c5 0C       		.uleb128 0xc
 1025 00c6 11       		.uleb128 0x11
 1026 00c7 01       		.uleb128 0x1
 1027 00c8 12       		.uleb128 0x12
 1028 00c9 01       		.uleb128 0x1
 1029 00ca 40       		.uleb128 0x40
 1030 00cb 06       		.uleb128 0x6
 1031 00cc 00       		.byte	0x0
 1032 00cd 00       		.byte	0x0
 1033 00ce 0D       		.uleb128 0xd
 1034 00cf 34       		.uleb128 0x34
 1035 00d0 00       		.byte	0x0
 1036 00d1 03       		.uleb128 0x3
 1037 00d2 0E       		.uleb128 0xe
 1038 00d3 3A       		.uleb128 0x3a
 1039 00d4 0B       		.uleb128 0xb
 1040 00d5 3B       		.uleb128 0x3b
 1041 00d6 0B       		.uleb128 0xb
 1042 00d7 49       		.uleb128 0x49
 1043 00d8 13       		.uleb128 0x13
 1044 00d9 3F       		.uleb128 0x3f
 1045 00da 0C       		.uleb128 0xc
 1046 00db 02       		.uleb128 0x2
 1047 00dc 0A       		.uleb128 0xa
 1048 00dd 00       		.byte	0x0
 1049 00de 00       		.byte	0x0
 1050 00df 00       		.byte	0x0
 1051              		.section	.debug_pubnames,"",%progbits
 1052 0000 EB000000 		.4byte	0xeb
 1053 0004 0200     		.2byte	0x2
 1054 0006 00000000 		.4byte	.Ldebug_info0
 1055 000a C5010000 		.4byte	0x1c5
 1056 000e 8F000000 		.4byte	0x8f
 1057 0012 50776D50 		.ascii	"PwmPiezo_Start\000"
 1057      69657A6F 
 1057      5F537461 
 1057      727400
 1058 0021 A4000000 		.4byte	0xa4
 1059 0025 50776D50 		.ascii	"PwmPiezo_Init\000"
 1059      69657A6F 
 1059      5F496E69 
ARM GAS  C:\Users\Geo\AppData\Local\Temp\cc4G7ue8.s 			page 29


 1059      7400
 1060 0033 DA000000 		.4byte	0xda
 1061 0037 50776D50 		.ascii	"PwmPiezo_Enable\000"
 1061      69657A6F 
 1061      5F456E61 
 1061      626C6500 
 1062 0047 EF000000 		.4byte	0xef
 1063 004b 50776D50 		.ascii	"PwmPiezo_Stop\000"
 1063      69657A6F 
 1063      5F53746F 
 1063      7000
 1064 0059 04010000 		.4byte	0x104
 1065 005d 50776D50 		.ascii	"PwmPiezo_WriteCounter\000"
 1065      69657A6F 
 1065      5F577269 
 1065      7465436F 
 1065      756E7465 
 1066 0073 2E010000 		.4byte	0x12e
 1067 0077 50776D50 		.ascii	"PwmPiezo_ReadCounter\000"
 1067      69657A6F 
 1067      5F526561 
 1067      64436F75 
 1067      6E746572 
 1068 008c 48010000 		.4byte	0x148
 1069 0090 50776D50 		.ascii	"PwmPiezo_ClearFIFO\000"
 1069      69657A6F 
 1069      5F436C65 
 1069      61724649 
 1069      464F00
 1070 00a3 5E010000 		.4byte	0x15e
 1071 00a7 50776D50 		.ascii	"PwmPiezo_WritePeriod\000"
 1071      69657A6F 
 1071      5F577269 
 1071      74655065 
 1071      72696F64 
 1072 00bc 88010000 		.4byte	0x188
 1073 00c0 50776D50 		.ascii	"PwmPiezo_WriteCompare\000"
 1073      69657A6F 
 1073      5F577269 
 1073      7465436F 
 1073      6D706172 
 1074 00d6 B2010000 		.4byte	0x1b2
 1075 00da 50776D50 		.ascii	"PwmPiezo_initVar\000"
 1075      69657A6F 
 1075      5F696E69 
 1075      74566172 
 1075      00
 1076 00eb 00000000 		.4byte	0x0
 1077              		.section	.debug_aranges,"",%progbits
 1078 0000 5C000000 		.4byte	0x5c
 1079 0004 0200     		.2byte	0x2
 1080 0006 00000000 		.4byte	.Ldebug_info0
 1081 000a 04       		.byte	0x4
 1082 000b 00       		.byte	0x0
 1083 000c 0000     		.2byte	0x0
 1084 000e 0000     		.2byte	0x0
 1085 0010 00000000 		.4byte	.LFB0
ARM GAS  C:\Users\Geo\AppData\Local\Temp\cc4G7ue8.s 			page 30


 1086 0014 2A000000 		.4byte	.LFE0-.LFB0
 1087 0018 00000000 		.4byte	.LFB1
 1088 001c C0000000 		.4byte	.LFE1-.LFB1
 1089 0020 00000000 		.4byte	.LFB2
 1090 0024 2A000000 		.4byte	.LFE2-.LFB2
 1091 0028 00000000 		.4byte	.LFB3
 1092 002c 24000000 		.4byte	.LFE3-.LFB3
 1093 0030 00000000 		.4byte	.LFB4
 1094 0034 20000000 		.4byte	.LFE4-.LFB4
 1095 0038 00000000 		.4byte	.LFB5
 1096 003c 22000000 		.4byte	.LFE5-.LFB5
 1097 0040 00000000 		.4byte	.LFB6
 1098 0044 2A000000 		.4byte	.LFE6-.LFB6
 1099 0048 00000000 		.4byte	.LFB7
 1100 004c 20000000 		.4byte	.LFE7-.LFB7
 1101 0050 00000000 		.4byte	.LFB8
 1102 0054 20000000 		.4byte	.LFE8-.LFB8
 1103 0058 00000000 		.4byte	0x0
 1104 005c 00000000 		.4byte	0x0
 1105              		.section	.debug_ranges,"",%progbits
 1106              	.Ldebug_ranges0:
 1107 0000 00000000 		.4byte	.Ltext0
 1108 0004 00000000 		.4byte	.Letext0
 1109 0008 00000000 		.4byte	.LFB0
 1110 000c 2A000000 		.4byte	.LFE0
 1111 0010 00000000 		.4byte	.LFB1
 1112 0014 C0000000 		.4byte	.LFE1
 1113 0018 00000000 		.4byte	.LFB2
 1114 001c 2A000000 		.4byte	.LFE2
 1115 0020 00000000 		.4byte	.LFB3
 1116 0024 24000000 		.4byte	.LFE3
 1117 0028 00000000 		.4byte	.LFB4
 1118 002c 20000000 		.4byte	.LFE4
 1119 0030 00000000 		.4byte	.LFB5
 1120 0034 22000000 		.4byte	.LFE5
 1121 0038 00000000 		.4byte	.LFB6
 1122 003c 2A000000 		.4byte	.LFE6
 1123 0040 00000000 		.4byte	.LFB7
 1124 0044 20000000 		.4byte	.LFE7
 1125 0048 00000000 		.4byte	.LFB8
 1126 004c 20000000 		.4byte	.LFE8
 1127 0050 00000000 		.4byte	0x0
 1128 0054 00000000 		.4byte	0x0
 1129              		.section	.debug_str,"MS",%progbits,1
 1130              	.LASF6:
 1131 0000 6C6F6E67 		.ascii	"long long int\000"
 1131      206C6F6E 
 1131      6720696E 
 1131      7400
 1132              	.LASF14:
 1133 000e 50776D50 		.ascii	"PwmPiezo_Start\000"
 1133      69657A6F 
 1133      5F537461 
 1133      727400
 1134              	.LASF28:
 1135 001d 50776D50 		.ascii	"PwmPiezo_ReadCounter\000"
 1135      69657A6F 
ARM GAS  C:\Users\Geo\AppData\Local\Temp\cc4G7ue8.s 			page 31


 1135      5F526561 
 1135      64436F75 
 1135      6E746572 
 1136              	.LASF22:
 1137 0032 70657269 		.ascii	"period\000"
 1137      6F6400
 1138              	.LASF19:
 1139 0039 50776D50 		.ascii	"PwmPiezo_ClearFIFO\000"
 1139      69657A6F 
 1139      5F436C65 
 1139      61724649 
 1139      464F00
 1140              	.LASF3:
 1141 004c 73686F72 		.ascii	"short unsigned int\000"
 1141      7420756E 
 1141      7369676E 
 1141      65642069 
 1141      6E7400
 1142              	.LASF17:
 1143 005f 50776D50 		.ascii	"PwmPiezo_Init\000"
 1143      69657A6F 
 1143      5F496E69 
 1143      7400
 1144              	.LASF21:
 1145 006d 636F756E 		.ascii	"counter\000"
 1145      74657200 
 1146              	.LASF1:
 1147 0075 756E7369 		.ascii	"unsigned char\000"
 1147      676E6564 
 1147      20636861 
 1147      7200
 1148              	.LASF20:
 1149 0083 50776D50 		.ascii	"PwmPiezo_WritePeriod\000"
 1149      69657A6F 
 1149      5F577269 
 1149      74655065 
 1149      72696F64 
 1150              	.LASF5:
 1151 0098 6C6F6E67 		.ascii	"long unsigned int\000"
 1151      20756E73 
 1151      69676E65 
 1151      6420696E 
 1151      7400
 1152              	.LASF10:
 1153 00aa 75696E74 		.ascii	"uint8\000"
 1153      3800
 1154              	.LASF15:
 1155 00b0 50776D50 		.ascii	"PwmPiezo_Enable\000"
 1155      69657A6F 
 1155      5F456E61 
 1155      626C6500 
 1156              	.LASF13:
 1157 00c0 50776D50 		.ascii	"PwmPiezo_interruptState\000"
 1157      69657A6F 
 1157      5F696E74 
 1157      65727275 
 1157      70745374 
ARM GAS  C:\Users\Geo\AppData\Local\Temp\cc4G7ue8.s 			page 32


 1158              	.LASF23:
 1159 00d8 50776D50 		.ascii	"PwmPiezo_WriteCompare\000"
 1159      69657A6F 
 1159      5F577269 
 1159      7465436F 
 1159      6D706172 
 1160              	.LASF11:
 1161 00ee 75696E74 		.ascii	"uint16\000"
 1161      313600
 1162              	.LASF8:
 1163 00f5 756E7369 		.ascii	"unsigned int\000"
 1163      676E6564 
 1163      20696E74 
 1163      00
 1164              	.LASF16:
 1165 0102 50776D50 		.ascii	"PwmPiezo_Stop\000"
 1165      69657A6F 
 1165      5F53746F 
 1165      7000
 1166              	.LASF7:
 1167 0110 6C6F6E67 		.ascii	"long long unsigned int\000"
 1167      206C6F6E 
 1167      6720756E 
 1167      7369676E 
 1167      65642069 
 1168              	.LASF29:
 1169 0127 50776D50 		.ascii	"PwmPiezo_initVar\000"
 1169      69657A6F 
 1169      5F696E69 
 1169      74566172 
 1169      00
 1170              	.LASF12:
 1171 0138 6374726C 		.ascii	"ctrl\000"
 1171      00
 1172              	.LASF25:
 1173 013d 474E5520 		.ascii	"GNU C 4.4.1\000"
 1173      4320342E 
 1173      342E3100 
 1174              	.LASF9:
 1175 0149 63686172 		.ascii	"char\000"
 1175      00
 1176              	.LASF26:
 1177 014e 2E5C4765 		.ascii	".\\Generated_Source\\PSoC5\\PwmPiezo.c\000"
 1177      6E657261 
 1177      7465645F 
 1177      536F7572 
 1177      63655C50 
 1178              	.LASF2:
 1179 0172 73686F72 		.ascii	"short int\000"
 1179      7420696E 
 1179      7400
 1180              	.LASF18:
 1181 017c 50776D50 		.ascii	"PwmPiezo_WriteCounter\000"
 1181      69657A6F 
 1181      5F577269 
 1181      7465436F 
 1181      756E7465 
ARM GAS  C:\Users\Geo\AppData\Local\Temp\cc4G7ue8.s 			page 33


 1182              	.LASF4:
 1183 0192 6C6F6E67 		.ascii	"long int\000"
 1183      20696E74 
 1183      00
 1184              	.LASF27:
 1185 019b 433A5C55 		.ascii	"C:\\Users\\Geo\\Documents\\Projects\\Electric Skate"
 1185      73657273 
 1185      5C47656F 
 1185      5C446F63 
 1185      756D656E 
 1186 01c9 626F6172 		.ascii	"board\\Firmware\\PSoC\\Skateboard Motherboard.cydsn"
 1186      645C4669 
 1186      726D7761 
 1186      72655C50 
 1186      536F435C 
 1187 01f9 00       		.ascii	"\000"
 1188              	.LASF0:
 1189 01fa 7369676E 		.ascii	"signed char\000"
 1189      65642063 
 1189      68617200 
 1190              	.LASF24:
 1191 0206 636F6D70 		.ascii	"compare\000"
 1191      61726500 
 1192              		.ident	"GCC: (Sourcery G++ Lite 2010q1-188) 4.4.1"
