ARM GAS  C:\Users\Geo\AppData\Local\Temp\cc1BvFyT.s 			page 1


   1              		.syntax unified
   2              		.cpu cortex-m3
   3              		.fpu softvfp
   4              		.eabi_attribute 20, 1
   5              		.eabi_attribute 21, 1
   6              		.eabi_attribute 23, 3
   7              		.eabi_attribute 24, 1
   8              		.eabi_attribute 25, 1
   9              		.eabi_attribute 26, 1
  10              		.eabi_attribute 30, 6
  11              		.eabi_attribute 18, 4
  12              		.thumb
  13              		.file	"Sleep.c"
  14              		.section	.debug_abbrev,"",%progbits
  15              	.Ldebug_abbrev0:
  16              		.section	.debug_info,"",%progbits
  17              	.Ldebug_info0:
  18              		.section	.debug_line,"",%progbits
  19              	.Ldebug_line0:
  20 0000 40000000 		.text
  20      02003A00 
  20      00000201 
  20      FB0E0D00 
  20      01010101 
  21              	.Ltext0:
  22              		.cfi_sections	.debug_frame
  23              	.Letext0:
  24              		.file 1 "./Generated_Source/PSoC5/core_cm3.h"
  25              		.section	.debug_info
  26 0000 85000000 		.4byte	0x85
  27 0004 0200     		.2byte	0x2
  28 0006 00000000 		.4byte	.Ldebug_abbrev0
  29 000a 04       		.byte	0x4
  30 000b 01       		.uleb128 0x1
  31 000c ED000000 		.4byte	.LASF10
  32 0010 01       		.byte	0x1
  33 0011 55000000 		.4byte	.LASF11
  34 0015 92000000 		.4byte	.LASF12
  35 0019 00000000 		.4byte	.Ltext0
  36 001d 00000000 		.4byte	.Letext0
  37 0021 00000000 		.4byte	.Ldebug_line0
  38 0025 02       		.uleb128 0x2
  39 0026 01       		.byte	0x1
  40 0027 06       		.byte	0x6
  41 0028 2C000000 		.4byte	.LASF0
  42 002c 02       		.uleb128 0x2
  43 002d 01       		.byte	0x1
  44 002e 08       		.byte	0x8
  45 002f 7B000000 		.4byte	.LASF1
  46 0033 02       		.uleb128 0x2
  47 0034 02       		.byte	0x2
  48 0035 05       		.byte	0x5
  49 0036 4B000000 		.4byte	.LASF2
  50 003a 02       		.uleb128 0x2
  51 003b 02       		.byte	0x2
  52 003c 07       		.byte	0x7
  53 003d 38000000 		.4byte	.LASF3
ARM GAS  C:\Users\Geo\AppData\Local\Temp\cc1BvFyT.s 			page 2


  54 0041 02       		.uleb128 0x2
  55 0042 04       		.byte	0x4
  56 0043 05       		.byte	0x5
  57 0044 89000000 		.4byte	.LASF4
  58 0048 02       		.uleb128 0x2
  59 0049 04       		.byte	0x4
  60 004a 07       		.byte	0x7
  61 004b 0D000000 		.4byte	.LASF5
  62 004f 02       		.uleb128 0x2
  63 0050 08       		.byte	0x8
  64 0051 05       		.byte	0x5
  65 0052 F9000000 		.4byte	.LASF6
  66 0056 02       		.uleb128 0x2
  67 0057 08       		.byte	0x8
  68 0058 07       		.byte	0x7
  69 0059 64000000 		.4byte	.LASF7
  70 005d 03       		.uleb128 0x3
  71 005e 04       		.byte	0x4
  72 005f 05       		.byte	0x5
  73 0060 696E7400 		.ascii	"int\000"
  74 0064 02       		.uleb128 0x2
  75 0065 04       		.byte	0x4
  76 0066 07       		.byte	0x7
  77 0067 00000000 		.4byte	.LASF8
  78 006b 02       		.uleb128 0x2
  79 006c 01       		.byte	0x1
  80 006d 08       		.byte	0x8
  81 006e 5F000000 		.4byte	.LASF9
  82 0072 04       		.uleb128 0x4
  83 0073 04       		.byte	0x4
  84 0074 07       		.byte	0x7
  85 0075 05       		.uleb128 0x5
  86 0076 1F000000 		.4byte	.LASF13
  87 007a 01       		.byte	0x1
  88 007b CE06     		.2byte	0x6ce
  89 007d 83000000 		.4byte	0x83
  90 0081 01       		.byte	0x1
  91 0082 01       		.byte	0x1
  92 0083 06       		.uleb128 0x6
  93 0084 5D000000 		.4byte	0x5d
  94 0088 00       		.byte	0x0
  95              		.section	.debug_abbrev
  96 0000 01       		.uleb128 0x1
  97 0001 11       		.uleb128 0x11
  98 0002 01       		.byte	0x1
  99 0003 25       		.uleb128 0x25
 100 0004 0E       		.uleb128 0xe
 101 0005 13       		.uleb128 0x13
 102 0006 0B       		.uleb128 0xb
 103 0007 03       		.uleb128 0x3
 104 0008 0E       		.uleb128 0xe
 105 0009 1B       		.uleb128 0x1b
 106 000a 0E       		.uleb128 0xe
 107 000b 11       		.uleb128 0x11
 108 000c 01       		.uleb128 0x1
 109 000d 12       		.uleb128 0x12
 110 000e 01       		.uleb128 0x1
ARM GAS  C:\Users\Geo\AppData\Local\Temp\cc1BvFyT.s 			page 3


 111 000f 10       		.uleb128 0x10
 112 0010 06       		.uleb128 0x6
 113 0011 00       		.byte	0x0
 114 0012 00       		.byte	0x0
 115 0013 02       		.uleb128 0x2
 116 0014 24       		.uleb128 0x24
 117 0015 00       		.byte	0x0
 118 0016 0B       		.uleb128 0xb
 119 0017 0B       		.uleb128 0xb
 120 0018 3E       		.uleb128 0x3e
 121 0019 0B       		.uleb128 0xb
 122 001a 03       		.uleb128 0x3
 123 001b 0E       		.uleb128 0xe
 124 001c 00       		.byte	0x0
 125 001d 00       		.byte	0x0
 126 001e 03       		.uleb128 0x3
 127 001f 24       		.uleb128 0x24
 128 0020 00       		.byte	0x0
 129 0021 0B       		.uleb128 0xb
 130 0022 0B       		.uleb128 0xb
 131 0023 3E       		.uleb128 0x3e
 132 0024 0B       		.uleb128 0xb
 133 0025 03       		.uleb128 0x3
 134 0026 08       		.uleb128 0x8
 135 0027 00       		.byte	0x0
 136 0028 00       		.byte	0x0
 137 0029 04       		.uleb128 0x4
 138 002a 24       		.uleb128 0x24
 139 002b 00       		.byte	0x0
 140 002c 0B       		.uleb128 0xb
 141 002d 0B       		.uleb128 0xb
 142 002e 3E       		.uleb128 0x3e
 143 002f 0B       		.uleb128 0xb
 144 0030 00       		.byte	0x0
 145 0031 00       		.byte	0x0
 146 0032 05       		.uleb128 0x5
 147 0033 34       		.uleb128 0x34
 148 0034 00       		.byte	0x0
 149 0035 03       		.uleb128 0x3
 150 0036 0E       		.uleb128 0xe
 151 0037 3A       		.uleb128 0x3a
 152 0038 0B       		.uleb128 0xb
 153 0039 3B       		.uleb128 0x3b
 154 003a 05       		.uleb128 0x5
 155 003b 49       		.uleb128 0x49
 156 003c 13       		.uleb128 0x13
 157 003d 3F       		.uleb128 0x3f
 158 003e 0C       		.uleb128 0xc
 159 003f 3C       		.uleb128 0x3c
 160 0040 0C       		.uleb128 0xc
 161 0041 00       		.byte	0x0
 162 0042 00       		.byte	0x0
 163 0043 06       		.uleb128 0x6
 164 0044 35       		.uleb128 0x35
 165 0045 00       		.byte	0x0
 166 0046 49       		.uleb128 0x49
 167 0047 13       		.uleb128 0x13
ARM GAS  C:\Users\Geo\AppData\Local\Temp\cc1BvFyT.s 			page 4


 168 0048 00       		.byte	0x0
 169 0049 00       		.byte	0x0
 170 004a 00       		.byte	0x0
 171              		.section	.debug_str,"MS",%progbits,1
 172              	.LASF8:
 173 0000 756E7369 		.ascii	"unsigned int\000"
 173      676E6564 
 173      20696E74 
 173      00
 174              	.LASF5:
 175 000d 6C6F6E67 		.ascii	"long unsigned int\000"
 175      20756E73 
 175      69676E65 
 175      6420696E 
 175      7400
 176              	.LASF13:
 177 001f 49544D5F 		.ascii	"ITM_RxBuffer\000"
 177      52784275 
 177      66666572 
 177      00
 178              	.LASF0:
 179 002c 7369676E 		.ascii	"signed char\000"
 179      65642063 
 179      68617200 
 180              	.LASF3:
 181 0038 73686F72 		.ascii	"short unsigned int\000"
 181      7420756E 
 181      7369676E 
 181      65642069 
 181      6E7400
 182              	.LASF2:
 183 004b 73686F72 		.ascii	"short int\000"
 183      7420696E 
 183      7400
 184              	.LASF11:
 185 0055 2E5C536C 		.ascii	".\\Sleep.c\000"
 185      6565702E 
 185      6300
 186              	.LASF9:
 187 005f 63686172 		.ascii	"char\000"
 187      00
 188              	.LASF7:
 189 0064 6C6F6E67 		.ascii	"long long unsigned int\000"
 189      206C6F6E 
 189      6720756E 
 189      7369676E 
 189      65642069 
 190              	.LASF1:
 191 007b 756E7369 		.ascii	"unsigned char\000"
 191      676E6564 
 191      20636861 
 191      7200
 192              	.LASF4:
 193 0089 6C6F6E67 		.ascii	"long int\000"
 193      20696E74 
 193      00
 194              	.LASF12:
ARM GAS  C:\Users\Geo\AppData\Local\Temp\cc1BvFyT.s 			page 5


 195 0092 433A5C55 		.ascii	"C:\\Users\\Geo\\Documents\\Projects\\Electric Skate"
 195      73657273 
 195      5C47656F 
 195      5C446F63 
 195      756D656E 
 196 00c0 626F6172 		.ascii	"board\\Code\\PSoC\\Skateboard Motherboard.cydsn\000"
 196      645C436F 
 196      64655C50 
 196      536F435C 
 196      536B6174 
 197              	.LASF10:
 198 00ed 474E5520 		.ascii	"GNU C 4.4.1\000"
 198      4320342E 
 198      342E3100 
 199              	.LASF6:
 200 00f9 6C6F6E67 		.ascii	"long long int\000"
 200      206C6F6E 
 200      6720696E 
 200      7400
 201              		.ident	"GCC: (Sourcery G++ Lite 2010q1-188) 4.4.1"
