ARM GAS  C:\Users\Geo\AppData\Local\Temp\ccmbjIWo.s 			page 1


   1              		.syntax unified
   2              		.cpu cortex-m3
   3              		.fpu softvfp
   4              		.eabi_attribute 20, 1
   5              		.eabi_attribute 21, 1
   6              		.eabi_attribute 23, 3
   7              		.eabi_attribute 24, 1
   8              		.eabi_attribute 25, 1
   9              		.eabi_attribute 26, 1
  10              		.eabi_attribute 30, 6
  11              		.eabi_attribute 18, 4
  12              		.thumb
  13              		.file	"TimerMainTick_PM.c"
  14              		.section	.debug_abbrev,"",%progbits
  15              	.Ldebug_abbrev0:
  16              		.section	.debug_info,"",%progbits
  17              	.Ldebug_info0:
  18              		.section	.debug_line,"",%progbits
  19              	.Ldebug_line0:
  20 0000 DC000000 		.text
  20      02007C00 
  20      00000201 
  20      FB0E0D00 
  20      01010101 
  21              	.Ltext0:
  22              		.cfi_sections	.debug_frame
  23              		.bss
  24              		.align	2
  25              	TimerMainTick_backup:
  26 0000 00000000 		.space	5
  26      00
  27 0005 000000   		.section	.text.TimerMainTick_SaveConfig,"ax",%progbits
  28              		.align	2
  29              		.global	TimerMainTick_SaveConfig
  30              		.thumb
  31              		.thumb_func
  32              		.type	TimerMainTick_SaveConfig, %function
  33              	TimerMainTick_SaveConfig:
  34              	.LFB0:
  35              		.file 1 ".\\Generated_Source\\PSoC5\\TimerMainTick_PM.c"
   1:.\Generated_Source\PSoC5/TimerMainTick_PM.c **** /*******************************************************************************
   2:.\Generated_Source\PSoC5/TimerMainTick_PM.c **** * File Name: TimerMainTick_PM.c
   3:.\Generated_Source\PSoC5/TimerMainTick_PM.c **** * Version 2.20
   4:.\Generated_Source\PSoC5/TimerMainTick_PM.c **** *
   5:.\Generated_Source\PSoC5/TimerMainTick_PM.c **** *  Description:
   6:.\Generated_Source\PSoC5/TimerMainTick_PM.c **** *     This file provides the power management source code to API for the
   7:.\Generated_Source\PSoC5/TimerMainTick_PM.c **** *     Timer.
   8:.\Generated_Source\PSoC5/TimerMainTick_PM.c **** *
   9:.\Generated_Source\PSoC5/TimerMainTick_PM.c **** *   Note:
  10:.\Generated_Source\PSoC5/TimerMainTick_PM.c **** *     None
  11:.\Generated_Source\PSoC5/TimerMainTick_PM.c **** *
  12:.\Generated_Source\PSoC5/TimerMainTick_PM.c **** *******************************************************************************
  13:.\Generated_Source\PSoC5/TimerMainTick_PM.c **** * Copyright 2008-2011, Cypress Semiconductor Corporation.  All rights reserved.
  14:.\Generated_Source\PSoC5/TimerMainTick_PM.c **** * You may use this file only in accordance with the license, terms, conditions,
  15:.\Generated_Source\PSoC5/TimerMainTick_PM.c **** * disclaimers, and limitations in the end user license agreement accompanying
  16:.\Generated_Source\PSoC5/TimerMainTick_PM.c **** * the software package with which this file was provided.
  17:.\Generated_Source\PSoC5/TimerMainTick_PM.c **** ********************************************************************************/
ARM GAS  C:\Users\Geo\AppData\Local\Temp\ccmbjIWo.s 			page 2


  18:.\Generated_Source\PSoC5/TimerMainTick_PM.c **** 
  19:.\Generated_Source\PSoC5/TimerMainTick_PM.c **** #include "TimerMainTick.h"
  20:.\Generated_Source\PSoC5/TimerMainTick_PM.c **** static TimerMainTick_backupStruct TimerMainTick_backup;
  21:.\Generated_Source\PSoC5/TimerMainTick_PM.c **** 
  22:.\Generated_Source\PSoC5/TimerMainTick_PM.c **** 
  23:.\Generated_Source\PSoC5/TimerMainTick_PM.c **** /*******************************************************************************
  24:.\Generated_Source\PSoC5/TimerMainTick_PM.c **** * Function Name: TimerMainTick_SaveConfig
  25:.\Generated_Source\PSoC5/TimerMainTick_PM.c **** ********************************************************************************
  26:.\Generated_Source\PSoC5/TimerMainTick_PM.c **** *
  27:.\Generated_Source\PSoC5/TimerMainTick_PM.c **** * Summary:
  28:.\Generated_Source\PSoC5/TimerMainTick_PM.c **** *     Save the current user configuration
  29:.\Generated_Source\PSoC5/TimerMainTick_PM.c **** *
  30:.\Generated_Source\PSoC5/TimerMainTick_PM.c **** * Parameters:
  31:.\Generated_Source\PSoC5/TimerMainTick_PM.c **** *  void
  32:.\Generated_Source\PSoC5/TimerMainTick_PM.c **** *
  33:.\Generated_Source\PSoC5/TimerMainTick_PM.c **** * Return:
  34:.\Generated_Source\PSoC5/TimerMainTick_PM.c **** *  void
  35:.\Generated_Source\PSoC5/TimerMainTick_PM.c **** *
  36:.\Generated_Source\PSoC5/TimerMainTick_PM.c **** * Global variables:
  37:.\Generated_Source\PSoC5/TimerMainTick_PM.c **** *  TimerMainTick_backup:  Variables of this global structure are modified to
  38:.\Generated_Source\PSoC5/TimerMainTick_PM.c **** *  store the values of non retention configuration registers when Sleep() API is
  39:.\Generated_Source\PSoC5/TimerMainTick_PM.c **** *  called.
  40:.\Generated_Source\PSoC5/TimerMainTick_PM.c **** *
  41:.\Generated_Source\PSoC5/TimerMainTick_PM.c **** * Reentrant:
  42:.\Generated_Source\PSoC5/TimerMainTick_PM.c **** *    No
  43:.\Generated_Source\PSoC5/TimerMainTick_PM.c **** *
  44:.\Generated_Source\PSoC5/TimerMainTick_PM.c **** *******************************************************************************/
  45:.\Generated_Source\PSoC5/TimerMainTick_PM.c **** void TimerMainTick_SaveConfig(void)
  46:.\Generated_Source\PSoC5/TimerMainTick_PM.c **** {
  36              		.loc 1 46 0
  37              		.cfi_startproc
  38              		@ args = 0, pretend = 0, frame = 0
  39              		@ frame_needed = 1, uses_anonymous_args = 0
  40 0000 80B5     		push	{r7, lr}
  41              	.LCFI0:
  42              		.cfi_def_cfa_offset 8
  43 0002 00AF     		add	r7, sp, #0
  44              		.cfi_offset 14, -4
  45              		.cfi_offset 7, -8
  46              	.LCFI1:
  47              		.cfi_def_cfa_register 7
  47:.\Generated_Source\PSoC5/TimerMainTick_PM.c ****     #if (!TimerMainTick_UsingFixedFunction)
  48:.\Generated_Source\PSoC5/TimerMainTick_PM.c ****         /* Backup the UDB non-rentention registers for PSoC3 ES2 and PSoC5 ES1*/
  49:.\Generated_Source\PSoC5/TimerMainTick_PM.c ****         #if (TimerMainTick_PSOC3_ES2 || TimerMainTick_PSOC5_ES1)
  50:.\Generated_Source\PSoC5/TimerMainTick_PM.c ****             TimerMainTick_backup.TimerUdb = TimerMainTick_ReadCounter();
  48              		.loc 1 50 0
  49 0004 FFF7FEFF 		bl	TimerMainTick_ReadCounter
  50 0008 0346     		mov	r3, r0
  51 000a 1A46     		mov	r2, r3
  52 000c 40F20003 		movw	r3, #:lower16:TimerMainTick_backup
  53 0010 C0F20003 		movt	r3, #:upper16:TimerMainTick_backup
  54 0014 5A70     		strb	r2, [r3, #1]
  51:.\Generated_Source\PSoC5/TimerMainTick_PM.c ****             TimerMainTick_backup.TimerPeriod = TimerMainTick_ReadPeriod();
  55              		.loc 1 51 0
  56 0016 FFF7FEFF 		bl	TimerMainTick_ReadPeriod
  57 001a 0346     		mov	r3, r0
  58 001c 1A46     		mov	r2, r3
ARM GAS  C:\Users\Geo\AppData\Local\Temp\ccmbjIWo.s 			page 3


  59 001e 40F20003 		movw	r3, #:lower16:TimerMainTick_backup
  60 0022 C0F20003 		movt	r3, #:upper16:TimerMainTick_backup
  61 0026 9A70     		strb	r2, [r3, #2]
  52:.\Generated_Source\PSoC5/TimerMainTick_PM.c ****             TimerMainTick_backup.InterruptMaskValue = TimerMainTick_STATUS_MASK;
  62              		.loc 1 52 0
  63 0028 46F28843 		movw	r3, #:lower16:1073767560
  64 002c C4F20003 		movt	r3, #:upper16:1073767560
  65 0030 1B78     		ldrb	r3, [r3, #0]
  66 0032 DAB2     		uxtb	r2, r3
  67 0034 40F20003 		movw	r3, #:lower16:TimerMainTick_backup
  68 0038 C0F20003 		movt	r3, #:upper16:TimerMainTick_backup
  69 003c DA70     		strb	r2, [r3, #3]
  53:.\Generated_Source\PSoC5/TimerMainTick_PM.c ****             #if (TimerMainTick_UsingHWCaptureCounter)
  54:.\Generated_Source\PSoC5/TimerMainTick_PM.c ****                 TimerMainTick_backup.TimerCaptureCounter = TimerMainTick_ReadCaptureCount();
  55:.\Generated_Source\PSoC5/TimerMainTick_PM.c ****             #endif /* Backup the UDB non-rentention register capture counter for PSoC3 ES2 and PSoC
  56:.\Generated_Source\PSoC5/TimerMainTick_PM.c ****         #endif /* Backup the UDB non-rentention registers for PSoC3 ES2 and PSoC5 ES1*/
  57:.\Generated_Source\PSoC5/TimerMainTick_PM.c **** 
  58:.\Generated_Source\PSoC5/TimerMainTick_PM.c ****         #if (TimerMainTick_PSOC3_ES3 || TimerMainTick_PSOC5_ES2)
  59:.\Generated_Source\PSoC5/TimerMainTick_PM.c ****             TimerMainTick_backup.TimerUdb = TimerMainTick_ReadCounter();
  60:.\Generated_Source\PSoC5/TimerMainTick_PM.c ****             TimerMainTick_backup.InterruptMaskValue = TimerMainTick_STATUS_MASK;
  61:.\Generated_Source\PSoC5/TimerMainTick_PM.c ****             #if (TimerMainTick_UsingHWCaptureCounter)
  62:.\Generated_Source\PSoC5/TimerMainTick_PM.c ****                 TimerMainTick_backup.TimerCaptureCounter = TimerMainTick_ReadCaptureCount();
  63:.\Generated_Source\PSoC5/TimerMainTick_PM.c ****             #endif /* Back Up capture counter register  */
  64:.\Generated_Source\PSoC5/TimerMainTick_PM.c ****         #endif /* Backup non retention registers, interrupt mask and capture counter for PSoC3ES3 o
  65:.\Generated_Source\PSoC5/TimerMainTick_PM.c **** 
  66:.\Generated_Source\PSoC5/TimerMainTick_PM.c ****         #if(!TimerMainTick_ControlRegRemoved)
  67:.\Generated_Source\PSoC5/TimerMainTick_PM.c ****             TimerMainTick_backup.TimerControlRegister = TimerMainTick_ReadControlRegister();
  70              		.loc 1 67 0
  71 003e FFF7FEFF 		bl	TimerMainTick_ReadControlRegister
  72 0042 0346     		mov	r3, r0
  73 0044 1A46     		mov	r2, r3
  74 0046 40F20003 		movw	r3, #:lower16:TimerMainTick_backup
  75 004a C0F20003 		movt	r3, #:upper16:TimerMainTick_backup
  76 004e 1A71     		strb	r2, [r3, #4]
  68:.\Generated_Source\PSoC5/TimerMainTick_PM.c ****         #endif /* Backup the enable state of the Timer component */
  69:.\Generated_Source\PSoC5/TimerMainTick_PM.c ****     #endif /* Backup non retention registers in UDB implementation. All fixed function registers ar
  70:.\Generated_Source\PSoC5/TimerMainTick_PM.c **** }
  77              		.loc 1 70 0
  78 0050 80BD     		pop	{r7, pc}
  79              		.cfi_endproc
  80              	.LFE0:
  81              		.size	TimerMainTick_SaveConfig, .-TimerMainTick_SaveConfig
  82 0052 00BF     		.section	.text.TimerMainTick_RestoreConfig,"ax",%progbits
  83              		.align	2
  84              		.global	TimerMainTick_RestoreConfig
  85              		.thumb
  86              		.thumb_func
  87              		.type	TimerMainTick_RestoreConfig, %function
  88              	TimerMainTick_RestoreConfig:
  89              	.LFB1:
  71:.\Generated_Source\PSoC5/TimerMainTick_PM.c **** 
  72:.\Generated_Source\PSoC5/TimerMainTick_PM.c **** 
  73:.\Generated_Source\PSoC5/TimerMainTick_PM.c **** /*******************************************************************************
  74:.\Generated_Source\PSoC5/TimerMainTick_PM.c **** * Function Name: TimerMainTick_RestoreConfig
  75:.\Generated_Source\PSoC5/TimerMainTick_PM.c **** ********************************************************************************
  76:.\Generated_Source\PSoC5/TimerMainTick_PM.c **** *
  77:.\Generated_Source\PSoC5/TimerMainTick_PM.c **** * Summary:
ARM GAS  C:\Users\Geo\AppData\Local\Temp\ccmbjIWo.s 			page 4


  78:.\Generated_Source\PSoC5/TimerMainTick_PM.c **** *  Restores the current user configuration.
  79:.\Generated_Source\PSoC5/TimerMainTick_PM.c **** *
  80:.\Generated_Source\PSoC5/TimerMainTick_PM.c **** * Parameters:
  81:.\Generated_Source\PSoC5/TimerMainTick_PM.c **** *  void
  82:.\Generated_Source\PSoC5/TimerMainTick_PM.c **** *
  83:.\Generated_Source\PSoC5/TimerMainTick_PM.c **** * Return:
  84:.\Generated_Source\PSoC5/TimerMainTick_PM.c **** *  void
  85:.\Generated_Source\PSoC5/TimerMainTick_PM.c **** *
  86:.\Generated_Source\PSoC5/TimerMainTick_PM.c **** * Global variables:
  87:.\Generated_Source\PSoC5/TimerMainTick_PM.c **** *  TimerMainTick_backup:  Variables of this global structure are used to
  88:.\Generated_Source\PSoC5/TimerMainTick_PM.c **** *  restore the values of non retention registers on wakeup from sleep mode.
  89:.\Generated_Source\PSoC5/TimerMainTick_PM.c **** *
  90:.\Generated_Source\PSoC5/TimerMainTick_PM.c **** * Reentrant:
  91:.\Generated_Source\PSoC5/TimerMainTick_PM.c **** *    Yes
  92:.\Generated_Source\PSoC5/TimerMainTick_PM.c **** *
  93:.\Generated_Source\PSoC5/TimerMainTick_PM.c **** *******************************************************************************/
  94:.\Generated_Source\PSoC5/TimerMainTick_PM.c **** void TimerMainTick_RestoreConfig(void) 
  95:.\Generated_Source\PSoC5/TimerMainTick_PM.c **** {   
  90              		.loc 1 95 0
  91              		.cfi_startproc
  92              		@ args = 0, pretend = 0, frame = 8
  93              		@ frame_needed = 1, uses_anonymous_args = 0
  94 0000 80B5     		push	{r7, lr}
  95              	.LCFI2:
  96              		.cfi_def_cfa_offset 8
  97 0002 82B0     		sub	sp, sp, #8
  98              	.LCFI3:
  99              		.cfi_def_cfa_offset 16
 100 0004 00AF     		add	r7, sp, #0
 101              		.cfi_offset 14, -4
 102              		.cfi_offset 7, -8
 103              	.LCFI4:
 104              		.cfi_def_cfa_register 7
  96:.\Generated_Source\PSoC5/TimerMainTick_PM.c ****     #if (!TimerMainTick_UsingFixedFunction)
  97:.\Generated_Source\PSoC5/TimerMainTick_PM.c ****         /* Restore the UDB non-rentention registers for PSoC3 ES2 and PSoC5 ES1*/
  98:.\Generated_Source\PSoC5/TimerMainTick_PM.c ****         #if (TimerMainTick_PSOC3_ES2 || TimerMainTick_PSOC5_ES1)
  99:.\Generated_Source\PSoC5/TimerMainTick_PM.c ****             /* Interrupt State Backup for Critical Region*/
 100:.\Generated_Source\PSoC5/TimerMainTick_PM.c ****             uint8 TimerMainTick_interruptState;
 101:.\Generated_Source\PSoC5/TimerMainTick_PM.c **** 
 102:.\Generated_Source\PSoC5/TimerMainTick_PM.c ****             TimerMainTick_WriteCounter(TimerMainTick_backup.TimerUdb);
 105              		.loc 1 102 0
 106 0006 40F20003 		movw	r3, #:lower16:TimerMainTick_backup
 107 000a C0F20003 		movt	r3, #:upper16:TimerMainTick_backup
 108 000e 5B78     		ldrb	r3, [r3, #1]	@ zero_extendqisi2
 109 0010 1846     		mov	r0, r3
 110 0012 FFF7FEFF 		bl	TimerMainTick_WriteCounter
 103:.\Generated_Source\PSoC5/TimerMainTick_PM.c ****             TimerMainTick_WritePeriod(TimerMainTick_backup.TimerPeriod);
 111              		.loc 1 103 0
 112 0016 40F20003 		movw	r3, #:lower16:TimerMainTick_backup
 113 001a C0F20003 		movt	r3, #:upper16:TimerMainTick_backup
 114 001e 9B78     		ldrb	r3, [r3, #2]	@ zero_extendqisi2
 115 0020 1846     		mov	r0, r3
 116 0022 FFF7FEFF 		bl	TimerMainTick_WritePeriod
 104:.\Generated_Source\PSoC5/TimerMainTick_PM.c ****             /* CyEnterCriticalRegion and CyExitCriticalRegion are used to mark following region cri
 105:.\Generated_Source\PSoC5/TimerMainTick_PM.c ****             /* Enter Critical Region*/
 106:.\Generated_Source\PSoC5/TimerMainTick_PM.c ****             TimerMainTick_interruptState = CyEnterCriticalSection();
 117              		.loc 1 106 0
ARM GAS  C:\Users\Geo\AppData\Local\Temp\ccmbjIWo.s 			page 5


 118 0026 FFF7FEFF 		bl	CyEnterCriticalSection
 119 002a 0346     		mov	r3, r0
 120 002c FB71     		strb	r3, [r7, #7]
 107:.\Generated_Source\PSoC5/TimerMainTick_PM.c ****             /* Use the interrupt output of the status register for IRQ output */
 108:.\Generated_Source\PSoC5/TimerMainTick_PM.c ****             TimerMainTick_STATUS_AUX_CTRL |= TimerMainTick_STATUS_ACTL_INT_EN_MASK;
 121              		.loc 1 108 0
 122 002e 46F29843 		movw	r3, #:lower16:1073767576
 123 0032 C4F20003 		movt	r3, #:upper16:1073767576
 124 0036 46F29842 		movw	r2, #:lower16:1073767576
 125 003a C4F20002 		movt	r2, #:upper16:1073767576
 126 003e 1278     		ldrb	r2, [r2, #0]
 127 0040 D2B2     		uxtb	r2, r2
 128 0042 42F01002 		orr	r2, r2, #16
 129 0046 D2B2     		uxtb	r2, r2
 130 0048 1A70     		strb	r2, [r3, #0]
 109:.\Generated_Source\PSoC5/TimerMainTick_PM.c ****             /* Exit Critical Region*/
 110:.\Generated_Source\PSoC5/TimerMainTick_PM.c ****             CyExitCriticalSection(TimerMainTick_interruptState);
 131              		.loc 1 110 0
 132 004a FB79     		ldrb	r3, [r7, #7]	@ zero_extendqisi2
 133 004c 1846     		mov	r0, r3
 134 004e FFF7FEFF 		bl	CyExitCriticalSection
 111:.\Generated_Source\PSoC5/TimerMainTick_PM.c ****             TimerMainTick_STATUS_MASK =TimerMainTick_backup.InterruptMaskValue;
 135              		.loc 1 111 0
 136 0052 46F28843 		movw	r3, #:lower16:1073767560
 137 0056 C4F20003 		movt	r3, #:upper16:1073767560
 138 005a 40F20002 		movw	r2, #:lower16:TimerMainTick_backup
 139 005e C0F20002 		movt	r2, #:upper16:TimerMainTick_backup
 140 0062 D278     		ldrb	r2, [r2, #3]	@ zero_extendqisi2
 141 0064 1A70     		strb	r2, [r3, #0]
 112:.\Generated_Source\PSoC5/TimerMainTick_PM.c ****             #if (TimerMainTick_UsingHWCaptureCounter)
 113:.\Generated_Source\PSoC5/TimerMainTick_PM.c ****                 TimerMainTick_SetCaptureCount(TimerMainTick_backup.TimerCaptureCounter);
 114:.\Generated_Source\PSoC5/TimerMainTick_PM.c ****             #endif /* Restore the UDB non-rentention register capture counter for PSoC3 ES2 and PSo
 115:.\Generated_Source\PSoC5/TimerMainTick_PM.c ****         #endif /* Restore the UDB non-rentention registers for PSoC3 ES2 and PSoC5 ES1*/
 116:.\Generated_Source\PSoC5/TimerMainTick_PM.c **** 
 117:.\Generated_Source\PSoC5/TimerMainTick_PM.c ****         #if (TimerMainTick_PSOC3_ES3 || TimerMainTick_PSOC5_ES2)
 118:.\Generated_Source\PSoC5/TimerMainTick_PM.c ****             TimerMainTick_WriteCounter(TimerMainTick_backup.TimerUdb);
 119:.\Generated_Source\PSoC5/TimerMainTick_PM.c ****             TimerMainTick_STATUS_MASK =TimerMainTick_backup.InterruptMaskValue;
 120:.\Generated_Source\PSoC5/TimerMainTick_PM.c ****             #if (TimerMainTick_UsingHWCaptureCounter)
 121:.\Generated_Source\PSoC5/TimerMainTick_PM.c ****                 TimerMainTick_SetCaptureCount(TimerMainTick_backup.TimerCaptureCounter);
 122:.\Generated_Source\PSoC5/TimerMainTick_PM.c ****             #endif /* Restore Capture counter register*/
 123:.\Generated_Source\PSoC5/TimerMainTick_PM.c ****         #endif /* Restore up non retention registers, interrupt mask and capture counter for PSoC3E
 124:.\Generated_Source\PSoC5/TimerMainTick_PM.c **** 
 125:.\Generated_Source\PSoC5/TimerMainTick_PM.c ****         #if(!TimerMainTick_ControlRegRemoved)
 126:.\Generated_Source\PSoC5/TimerMainTick_PM.c ****             TimerMainTick_WriteControlRegister(TimerMainTick_backup.TimerControlRegister);
 142              		.loc 1 126 0
 143 0066 40F20003 		movw	r3, #:lower16:TimerMainTick_backup
 144 006a C0F20003 		movt	r3, #:upper16:TimerMainTick_backup
 145 006e 1B79     		ldrb	r3, [r3, #4]	@ zero_extendqisi2
 146 0070 1846     		mov	r0, r3
 147 0072 FFF7FEFF 		bl	TimerMainTick_WriteControlRegister
 127:.\Generated_Source\PSoC5/TimerMainTick_PM.c ****         #endif /* Restore the enable state of the Timer component */
 128:.\Generated_Source\PSoC5/TimerMainTick_PM.c ****     #endif /* Restore non retention registers in the UDB implementation only */
 129:.\Generated_Source\PSoC5/TimerMainTick_PM.c **** }
 148              		.loc 1 129 0
 149 0076 07F10807 		add	r7, r7, #8
 150 007a BD46     		mov	sp, r7
 151 007c 80BD     		pop	{r7, pc}
ARM GAS  C:\Users\Geo\AppData\Local\Temp\ccmbjIWo.s 			page 6


 152              		.cfi_endproc
 153              	.LFE1:
 154              		.size	TimerMainTick_RestoreConfig, .-TimerMainTick_RestoreConfig
 155 007e 00BF     		.section	.text.TimerMainTick_Sleep,"ax",%progbits
 156              		.align	2
 157              		.global	TimerMainTick_Sleep
 158              		.thumb
 159              		.thumb_func
 160              		.type	TimerMainTick_Sleep, %function
 161              	TimerMainTick_Sleep:
 162              	.LFB2:
 130:.\Generated_Source\PSoC5/TimerMainTick_PM.c **** 
 131:.\Generated_Source\PSoC5/TimerMainTick_PM.c **** 
 132:.\Generated_Source\PSoC5/TimerMainTick_PM.c **** /*******************************************************************************
 133:.\Generated_Source\PSoC5/TimerMainTick_PM.c **** * Function Name: TimerMainTick_Sleep
 134:.\Generated_Source\PSoC5/TimerMainTick_PM.c **** ********************************************************************************
 135:.\Generated_Source\PSoC5/TimerMainTick_PM.c **** *
 136:.\Generated_Source\PSoC5/TimerMainTick_PM.c **** * Summary:
 137:.\Generated_Source\PSoC5/TimerMainTick_PM.c **** *     Stop and Save the user configuration
 138:.\Generated_Source\PSoC5/TimerMainTick_PM.c **** *
 139:.\Generated_Source\PSoC5/TimerMainTick_PM.c **** * Parameters:
 140:.\Generated_Source\PSoC5/TimerMainTick_PM.c **** *  void
 141:.\Generated_Source\PSoC5/TimerMainTick_PM.c **** *
 142:.\Generated_Source\PSoC5/TimerMainTick_PM.c **** * Return:
 143:.\Generated_Source\PSoC5/TimerMainTick_PM.c **** *  void
 144:.\Generated_Source\PSoC5/TimerMainTick_PM.c **** *
 145:.\Generated_Source\PSoC5/TimerMainTick_PM.c **** * Global variables:
 146:.\Generated_Source\PSoC5/TimerMainTick_PM.c **** *  TimerMainTick_backup.TimerEnableState:  Is modified depending on the
 147:.\Generated_Source\PSoC5/TimerMainTick_PM.c **** *  enable state of the block before entering sleep mode.
 148:.\Generated_Source\PSoC5/TimerMainTick_PM.c **** *
 149:.\Generated_Source\PSoC5/TimerMainTick_PM.c **** * Reentrant:
 150:.\Generated_Source\PSoC5/TimerMainTick_PM.c **** *    No
 151:.\Generated_Source\PSoC5/TimerMainTick_PM.c **** *
 152:.\Generated_Source\PSoC5/TimerMainTick_PM.c **** *******************************************************************************/
 153:.\Generated_Source\PSoC5/TimerMainTick_PM.c **** void TimerMainTick_Sleep(void)
 154:.\Generated_Source\PSoC5/TimerMainTick_PM.c **** {
 163              		.loc 1 154 0
 164              		.cfi_startproc
 165              		@ args = 0, pretend = 0, frame = 0
 166              		@ frame_needed = 1, uses_anonymous_args = 0
 167 0000 80B5     		push	{r7, lr}
 168              	.LCFI5:
 169              		.cfi_def_cfa_offset 8
 170 0002 00AF     		add	r7, sp, #0
 171              		.cfi_offset 14, -4
 172              		.cfi_offset 7, -8
 173              	.LCFI6:
 174              		.cfi_def_cfa_register 7
 155:.\Generated_Source\PSoC5/TimerMainTick_PM.c ****     #if(!TimerMainTick_ControlRegRemoved)
 156:.\Generated_Source\PSoC5/TimerMainTick_PM.c ****         /* Save Counter's enable state */
 157:.\Generated_Source\PSoC5/TimerMainTick_PM.c ****         if(TimerMainTick_CTRL_ENABLE == (TimerMainTick_CONTROL & TimerMainTick_CTRL_ENABLE))
 175              		.loc 1 157 0
 176 0004 46F27653 		movw	r3, #:lower16:1073767798
 177 0008 C4F20003 		movt	r3, #:upper16:1073767798
 178 000c 1B78     		ldrb	r3, [r3, #0]
 179 000e DBB2     		uxtb	r3, r3
 180 0010 5BB2     		sxtb	r3, r3
ARM GAS  C:\Users\Geo\AppData\Local\Temp\ccmbjIWo.s 			page 7


 181 0012 002B     		cmp	r3, #0
 182 0014 07DA     		bge	.L6
 158:.\Generated_Source\PSoC5/TimerMainTick_PM.c ****         {
 159:.\Generated_Source\PSoC5/TimerMainTick_PM.c ****             /* Timer is enabled */
 160:.\Generated_Source\PSoC5/TimerMainTick_PM.c ****             TimerMainTick_backup.TimerEnableState = 1u;
 183              		.loc 1 160 0
 184 0016 40F20003 		movw	r3, #:lower16:TimerMainTick_backup
 185 001a C0F20003 		movt	r3, #:upper16:TimerMainTick_backup
 186 001e 4FF00102 		mov	r2, #1
 187 0022 1A70     		strb	r2, [r3, #0]
 188 0024 06E0     		b	.L7
 189              	.L6:
 161:.\Generated_Source\PSoC5/TimerMainTick_PM.c ****         }
 162:.\Generated_Source\PSoC5/TimerMainTick_PM.c ****         else
 163:.\Generated_Source\PSoC5/TimerMainTick_PM.c ****         {
 164:.\Generated_Source\PSoC5/TimerMainTick_PM.c ****             /* Timer is disabled */
 165:.\Generated_Source\PSoC5/TimerMainTick_PM.c ****             TimerMainTick_backup.TimerEnableState = 0u;
 190              		.loc 1 165 0
 191 0026 40F20003 		movw	r3, #:lower16:TimerMainTick_backup
 192 002a C0F20003 		movt	r3, #:upper16:TimerMainTick_backup
 193 002e 4FF00002 		mov	r2, #0
 194 0032 1A70     		strb	r2, [r3, #0]
 195              	.L7:
 166:.\Generated_Source\PSoC5/TimerMainTick_PM.c ****         }
 167:.\Generated_Source\PSoC5/TimerMainTick_PM.c ****     #endif /* Back up enable state from the Timer control register */
 168:.\Generated_Source\PSoC5/TimerMainTick_PM.c ****     TimerMainTick_Stop();
 196              		.loc 1 168 0
 197 0034 FFF7FEFF 		bl	TimerMainTick_Stop
 169:.\Generated_Source\PSoC5/TimerMainTick_PM.c ****     TimerMainTick_SaveConfig();
 198              		.loc 1 169 0
 199 0038 FFF7FEFF 		bl	TimerMainTick_SaveConfig
 170:.\Generated_Source\PSoC5/TimerMainTick_PM.c **** }
 200              		.loc 1 170 0
 201 003c 80BD     		pop	{r7, pc}
 202              		.cfi_endproc
 203              	.LFE2:
 204              		.size	TimerMainTick_Sleep, .-TimerMainTick_Sleep
 205 003e 00BF     		.section	.text.TimerMainTick_Wakeup,"ax",%progbits
 206              		.align	2
 207              		.global	TimerMainTick_Wakeup
 208              		.thumb
 209              		.thumb_func
 210              		.type	TimerMainTick_Wakeup, %function
 211              	TimerMainTick_Wakeup:
 212              	.LFB3:
 171:.\Generated_Source\PSoC5/TimerMainTick_PM.c **** 
 172:.\Generated_Source\PSoC5/TimerMainTick_PM.c **** 
 173:.\Generated_Source\PSoC5/TimerMainTick_PM.c **** /*******************************************************************************
 174:.\Generated_Source\PSoC5/TimerMainTick_PM.c **** * Function Name: TimerMainTick_Wakeup
 175:.\Generated_Source\PSoC5/TimerMainTick_PM.c **** ********************************************************************************
 176:.\Generated_Source\PSoC5/TimerMainTick_PM.c **** *
 177:.\Generated_Source\PSoC5/TimerMainTick_PM.c **** * Summary:
 178:.\Generated_Source\PSoC5/TimerMainTick_PM.c **** *  Restores and enables the user configuration
 179:.\Generated_Source\PSoC5/TimerMainTick_PM.c **** *
 180:.\Generated_Source\PSoC5/TimerMainTick_PM.c **** * Parameters:
 181:.\Generated_Source\PSoC5/TimerMainTick_PM.c **** *  void
 182:.\Generated_Source\PSoC5/TimerMainTick_PM.c **** *
ARM GAS  C:\Users\Geo\AppData\Local\Temp\ccmbjIWo.s 			page 8


 183:.\Generated_Source\PSoC5/TimerMainTick_PM.c **** * Return:
 184:.\Generated_Source\PSoC5/TimerMainTick_PM.c **** *  void
 185:.\Generated_Source\PSoC5/TimerMainTick_PM.c **** *
 186:.\Generated_Source\PSoC5/TimerMainTick_PM.c **** * Global variables:
 187:.\Generated_Source\PSoC5/TimerMainTick_PM.c **** *  TimerMainTick_backup.enableState:  Is used to restore the enable state of
 188:.\Generated_Source\PSoC5/TimerMainTick_PM.c **** *  block on wakeup from sleep mode.
 189:.\Generated_Source\PSoC5/TimerMainTick_PM.c **** *
 190:.\Generated_Source\PSoC5/TimerMainTick_PM.c **** * Reentrant:
 191:.\Generated_Source\PSoC5/TimerMainTick_PM.c **** *    Yes
 192:.\Generated_Source\PSoC5/TimerMainTick_PM.c **** *
 193:.\Generated_Source\PSoC5/TimerMainTick_PM.c **** *******************************************************************************/
 194:.\Generated_Source\PSoC5/TimerMainTick_PM.c **** void TimerMainTick_Wakeup(void) 
 195:.\Generated_Source\PSoC5/TimerMainTick_PM.c **** {
 213              		.loc 1 195 0
 214              		.cfi_startproc
 215              		@ args = 0, pretend = 0, frame = 0
 216              		@ frame_needed = 1, uses_anonymous_args = 0
 217 0000 80B5     		push	{r7, lr}
 218              	.LCFI7:
 219              		.cfi_def_cfa_offset 8
 220 0002 00AF     		add	r7, sp, #0
 221              		.cfi_offset 14, -4
 222              		.cfi_offset 7, -8
 223              	.LCFI8:
 224              		.cfi_def_cfa_register 7
 196:.\Generated_Source\PSoC5/TimerMainTick_PM.c ****     TimerMainTick_RestoreConfig();
 225              		.loc 1 196 0
 226 0004 FFF7FEFF 		bl	TimerMainTick_RestoreConfig
 197:.\Generated_Source\PSoC5/TimerMainTick_PM.c ****     #if(!TimerMainTick_ControlRegRemoved)
 198:.\Generated_Source\PSoC5/TimerMainTick_PM.c ****         if(TimerMainTick_backup.TimerEnableState == 1u)
 227              		.loc 1 198 0
 228 0008 40F20003 		movw	r3, #:lower16:TimerMainTick_backup
 229 000c C0F20003 		movt	r3, #:upper16:TimerMainTick_backup
 230 0010 1B78     		ldrb	r3, [r3, #0]	@ zero_extendqisi2
 231 0012 012B     		cmp	r3, #1
 232 0014 01D1     		bne	.L11
 199:.\Generated_Source\PSoC5/TimerMainTick_PM.c ****         {     /* Enable Timer's operation */
 200:.\Generated_Source\PSoC5/TimerMainTick_PM.c ****                 TimerMainTick_Enable();
 233              		.loc 1 200 0
 234 0016 FFF7FEFF 		bl	TimerMainTick_Enable
 235              	.L11:
 201:.\Generated_Source\PSoC5/TimerMainTick_PM.c ****         } /* Do nothing if Timer was disabled before */
 202:.\Generated_Source\PSoC5/TimerMainTick_PM.c ****     #endif /* Remove this code section if Control register is removed */
 203:.\Generated_Source\PSoC5/TimerMainTick_PM.c **** }
 236              		.loc 1 203 0
 237 001a 80BD     		pop	{r7, pc}
 238              		.cfi_endproc
 239              	.LFE3:
 240              		.size	TimerMainTick_Wakeup, .-TimerMainTick_Wakeup
 241              		.text
 242              	.Letext0:
 243              		.section	.debug_loc,"",%progbits
 244              	.Ldebug_loc0:
 245              	.LLST0:
 246 0000 00000000 		.4byte	.LFB0
 247 0004 02000000 		.4byte	.LCFI0
 248 0008 0100     		.2byte	0x1
ARM GAS  C:\Users\Geo\AppData\Local\Temp\ccmbjIWo.s 			page 9


 249 000a 5D       		.byte	0x5d
 250 000b 02000000 		.4byte	.LCFI0
 251 000f 04000000 		.4byte	.LCFI1
 252 0013 0200     		.2byte	0x2
 253 0015 7D       		.byte	0x7d
 254 0016 08       		.sleb128 8
 255 0017 04000000 		.4byte	.LCFI1
 256 001b 52000000 		.4byte	.LFE0
 257 001f 0200     		.2byte	0x2
 258 0021 77       		.byte	0x77
 259 0022 08       		.sleb128 8
 260 0023 00000000 		.4byte	0x0
 261 0027 00000000 		.4byte	0x0
 262              	.LLST1:
 263 002b 00000000 		.4byte	.LFB1
 264 002f 02000000 		.4byte	.LCFI2
 265 0033 0100     		.2byte	0x1
 266 0035 5D       		.byte	0x5d
 267 0036 02000000 		.4byte	.LCFI2
 268 003a 04000000 		.4byte	.LCFI3
 269 003e 0200     		.2byte	0x2
 270 0040 7D       		.byte	0x7d
 271 0041 08       		.sleb128 8
 272 0042 04000000 		.4byte	.LCFI3
 273 0046 06000000 		.4byte	.LCFI4
 274 004a 0200     		.2byte	0x2
 275 004c 7D       		.byte	0x7d
 276 004d 10       		.sleb128 16
 277 004e 06000000 		.4byte	.LCFI4
 278 0052 7E000000 		.4byte	.LFE1
 279 0056 0200     		.2byte	0x2
 280 0058 77       		.byte	0x77
 281 0059 10       		.sleb128 16
 282 005a 00000000 		.4byte	0x0
 283 005e 00000000 		.4byte	0x0
 284              	.LLST2:
 285 0062 00000000 		.4byte	.LFB2
 286 0066 02000000 		.4byte	.LCFI5
 287 006a 0100     		.2byte	0x1
 288 006c 5D       		.byte	0x5d
 289 006d 02000000 		.4byte	.LCFI5
 290 0071 04000000 		.4byte	.LCFI6
 291 0075 0200     		.2byte	0x2
 292 0077 7D       		.byte	0x7d
 293 0078 08       		.sleb128 8
 294 0079 04000000 		.4byte	.LCFI6
 295 007d 3E000000 		.4byte	.LFE2
 296 0081 0200     		.2byte	0x2
 297 0083 77       		.byte	0x77
 298 0084 08       		.sleb128 8
 299 0085 00000000 		.4byte	0x0
 300 0089 00000000 		.4byte	0x0
 301              	.LLST3:
 302 008d 00000000 		.4byte	.LFB3
 303 0091 02000000 		.4byte	.LCFI7
 304 0095 0100     		.2byte	0x1
 305 0097 5D       		.byte	0x5d
ARM GAS  C:\Users\Geo\AppData\Local\Temp\ccmbjIWo.s 			page 10


 306 0098 02000000 		.4byte	.LCFI7
 307 009c 04000000 		.4byte	.LCFI8
 308 00a0 0200     		.2byte	0x2
 309 00a2 7D       		.byte	0x7d
 310 00a3 08       		.sleb128 8
 311 00a4 04000000 		.4byte	.LCFI8
 312 00a8 1C000000 		.4byte	.LFE3
 313 00ac 0200     		.2byte	0x2
 314 00ae 77       		.byte	0x77
 315 00af 08       		.sleb128 8
 316 00b0 00000000 		.4byte	0x0
 317 00b4 00000000 		.4byte	0x0
 318              		.file 2 ".\\Generated_Source\\PSoC5\\/TimerMainTick.h"
 319              		.file 3 ".\\Generated_Source\\PSoC5\\/cytypes.h"
 320              		.section	.debug_info
 321 0000 57010000 		.4byte	0x157
 322 0004 0200     		.2byte	0x2
 323 0006 00000000 		.4byte	.Ldebug_abbrev0
 324 000a 04       		.byte	0x4
 325 000b 01       		.uleb128 0x1
 326 000c EB000000 		.4byte	.LASF22
 327 0010 01       		.byte	0x1
 328 0011 C9010000 		.4byte	.LASF23
 329 0015 30010000 		.4byte	.LASF24
 330 0019 00000000 		.4byte	0x0
 331 001d 00000000 		.4byte	0x0
 332 0021 00000000 		.4byte	.Ldebug_ranges0+0x0
 333 0025 00000000 		.4byte	.Ldebug_line0
 334 0029 02       		.uleb128 0x2
 335 002a 01       		.byte	0x1
 336 002b 06       		.byte	0x6
 337 002c A2010000 		.4byte	.LASF0
 338 0030 02       		.uleb128 0x2
 339 0031 01       		.byte	0x1
 340 0032 08       		.byte	0x8
 341 0033 F7000000 		.4byte	.LASF1
 342 0037 02       		.uleb128 0x2
 343 0038 02       		.byte	0x2
 344 0039 05       		.byte	0x5
 345 003a 26010000 		.4byte	.LASF2
 346 003e 02       		.uleb128 0x2
 347 003f 02       		.byte	0x2
 348 0040 07       		.byte	0x7
 349 0041 8F010000 		.4byte	.LASF3
 350 0045 02       		.uleb128 0x2
 351 0046 04       		.byte	0x4
 352 0047 05       		.byte	0x5
 353 0048 0A010000 		.4byte	.LASF4
 354 004c 02       		.uleb128 0x2
 355 004d 04       		.byte	0x4
 356 004e 07       		.byte	0x7
 357 004f 7F000000 		.4byte	.LASF5
 358 0053 02       		.uleb128 0x2
 359 0054 08       		.byte	0x8
 360 0055 05       		.byte	0x5
 361 0056 00000000 		.4byte	.LASF6
 362 005a 02       		.uleb128 0x2
ARM GAS  C:\Users\Geo\AppData\Local\Temp\ccmbjIWo.s 			page 11


 363 005b 08       		.byte	0x8
 364 005c 07       		.byte	0x7
 365 005d 91000000 		.4byte	.LASF7
 366 0061 03       		.uleb128 0x3
 367 0062 04       		.byte	0x4
 368 0063 05       		.byte	0x5
 369 0064 696E7400 		.ascii	"int\000"
 370 0068 02       		.uleb128 0x2
 371 0069 04       		.byte	0x4
 372 006a 07       		.byte	0x7
 373 006b 0E000000 		.4byte	.LASF8
 374 006f 02       		.uleb128 0x2
 375 0070 01       		.byte	0x1
 376 0071 08       		.byte	0x8
 377 0072 05010000 		.4byte	.LASF9
 378 0076 04       		.uleb128 0x4
 379 0077 79000000 		.4byte	.LASF15
 380 007b 03       		.byte	0x3
 381 007c 51       		.byte	0x51
 382 007d 30000000 		.4byte	0x30
 383 0081 05       		.uleb128 0x5
 384 0082 04       		.byte	0x4
 385 0083 07       		.byte	0x7
 386 0084 06       		.uleb128 0x6
 387 0085 AE010000 		.4byte	.LASF16
 388 0089 05       		.byte	0x5
 389 008a 02       		.byte	0x2
 390 008b 43       		.byte	0x43
 391 008c D7000000 		.4byte	0xd7
 392 0090 07       		.uleb128 0x7
 393 0091 DA000000 		.4byte	.LASF10
 394 0095 02       		.byte	0x2
 395 0096 44       		.byte	0x44
 396 0097 76000000 		.4byte	0x76
 397 009b 02       		.byte	0x2
 398 009c 23       		.byte	0x23
 399 009d 00       		.uleb128 0x0
 400 009e 07       		.uleb128 0x7
 401 009f F5010000 		.4byte	.LASF11
 402 00a3 02       		.byte	0x2
 403 00a4 47       		.byte	0x47
 404 00a5 76000000 		.4byte	0x76
 405 00a9 02       		.byte	0x2
 406 00aa 23       		.byte	0x23
 407 00ab 01       		.uleb128 0x1
 408 00ac 07       		.uleb128 0x7
 409 00ad 13020000 		.4byte	.LASF12
 410 00b1 02       		.byte	0x2
 411 00b2 48       		.byte	0x48
 412 00b3 76000000 		.4byte	0x76
 413 00b7 02       		.byte	0x2
 414 00b8 23       		.byte	0x23
 415 00b9 02       		.uleb128 0x2
 416 00ba 07       		.uleb128 0x7
 417 00bb 13010000 		.4byte	.LASF13
 418 00bf 02       		.byte	0x2
 419 00c0 49       		.byte	0x49
ARM GAS  C:\Users\Geo\AppData\Local\Temp\ccmbjIWo.s 			page 12


 420 00c1 76000000 		.4byte	0x76
 421 00c5 02       		.byte	0x2
 422 00c6 23       		.byte	0x23
 423 00c7 03       		.uleb128 0x3
 424 00c8 07       		.uleb128 0x7
 425 00c9 A8000000 		.4byte	.LASF14
 426 00cd 02       		.byte	0x2
 427 00ce 58       		.byte	0x58
 428 00cf 76000000 		.4byte	0x76
 429 00d3 02       		.byte	0x2
 430 00d4 23       		.byte	0x23
 431 00d5 04       		.uleb128 0x4
 432 00d6 00       		.byte	0x0
 433 00d7 04       		.uleb128 0x4
 434 00d8 AE010000 		.4byte	.LASF16
 435 00dc 02       		.byte	0x2
 436 00dd 5B       		.byte	0x5b
 437 00de 84000000 		.4byte	0x84
 438 00e2 08       		.uleb128 0x8
 439 00e3 01       		.byte	0x1
 440 00e4 30000000 		.4byte	.LASF17
 441 00e8 01       		.byte	0x1
 442 00e9 2D       		.byte	0x2d
 443 00ea 01       		.byte	0x1
 444 00eb 00000000 		.4byte	.LFB0
 445 00ef 52000000 		.4byte	.LFE0
 446 00f3 00000000 		.4byte	.LLST0
 447 00f7 09       		.uleb128 0x9
 448 00f8 01       		.byte	0x1
 449 00f9 49000000 		.4byte	.LASF25
 450 00fd 01       		.byte	0x1
 451 00fe 5E       		.byte	0x5e
 452 00ff 01       		.byte	0x1
 453 0100 00000000 		.4byte	.LFB1
 454 0104 7E000000 		.4byte	.LFE1
 455 0108 2B000000 		.4byte	.LLST1
 456 010c 1F010000 		.4byte	0x11f
 457 0110 0A       		.uleb128 0xa
 458 0111 BD000000 		.4byte	.LASF20
 459 0115 01       		.byte	0x1
 460 0116 64       		.byte	0x64
 461 0117 76000000 		.4byte	0x76
 462 011b 02       		.byte	0x2
 463 011c 91       		.byte	0x91
 464 011d 77       		.sleb128 -9
 465 011e 00       		.byte	0x0
 466 011f 08       		.uleb128 0x8
 467 0120 01       		.byte	0x1
 468 0121 65000000 		.4byte	.LASF18
 469 0125 01       		.byte	0x1
 470 0126 99       		.byte	0x99
 471 0127 01       		.byte	0x1
 472 0128 00000000 		.4byte	.LFB2
 473 012c 3E000000 		.4byte	.LFE2
 474 0130 62000000 		.4byte	.LLST2
 475 0134 08       		.uleb128 0x8
 476 0135 01       		.byte	0x1
ARM GAS  C:\Users\Geo\AppData\Local\Temp\ccmbjIWo.s 			page 13


 477 0136 1B000000 		.4byte	.LASF19
 478 013a 01       		.byte	0x1
 479 013b C2       		.byte	0xc2
 480 013c 01       		.byte	0x1
 481 013d 00000000 		.4byte	.LFB3
 482 0141 1C000000 		.4byte	.LFE3
 483 0145 8D000000 		.4byte	.LLST3
 484 0149 0A       		.uleb128 0xa
 485 014a FE010000 		.4byte	.LASF21
 486 014e 01       		.byte	0x1
 487 014f 14       		.byte	0x14
 488 0150 D7000000 		.4byte	0xd7
 489 0154 05       		.byte	0x5
 490 0155 03       		.byte	0x3
 491 0156 00000000 		.4byte	TimerMainTick_backup
 492 015a 00       		.byte	0x0
 493              		.section	.debug_abbrev
 494 0000 01       		.uleb128 0x1
 495 0001 11       		.uleb128 0x11
 496 0002 01       		.byte	0x1
 497 0003 25       		.uleb128 0x25
 498 0004 0E       		.uleb128 0xe
 499 0005 13       		.uleb128 0x13
 500 0006 0B       		.uleb128 0xb
 501 0007 03       		.uleb128 0x3
 502 0008 0E       		.uleb128 0xe
 503 0009 1B       		.uleb128 0x1b
 504 000a 0E       		.uleb128 0xe
 505 000b 11       		.uleb128 0x11
 506 000c 01       		.uleb128 0x1
 507 000d 52       		.uleb128 0x52
 508 000e 01       		.uleb128 0x1
 509 000f 55       		.uleb128 0x55
 510 0010 06       		.uleb128 0x6
 511 0011 10       		.uleb128 0x10
 512 0012 06       		.uleb128 0x6
 513 0013 00       		.byte	0x0
 514 0014 00       		.byte	0x0
 515 0015 02       		.uleb128 0x2
 516 0016 24       		.uleb128 0x24
 517 0017 00       		.byte	0x0
 518 0018 0B       		.uleb128 0xb
 519 0019 0B       		.uleb128 0xb
 520 001a 3E       		.uleb128 0x3e
 521 001b 0B       		.uleb128 0xb
 522 001c 03       		.uleb128 0x3
 523 001d 0E       		.uleb128 0xe
 524 001e 00       		.byte	0x0
 525 001f 00       		.byte	0x0
 526 0020 03       		.uleb128 0x3
 527 0021 24       		.uleb128 0x24
 528 0022 00       		.byte	0x0
 529 0023 0B       		.uleb128 0xb
 530 0024 0B       		.uleb128 0xb
 531 0025 3E       		.uleb128 0x3e
 532 0026 0B       		.uleb128 0xb
 533 0027 03       		.uleb128 0x3
ARM GAS  C:\Users\Geo\AppData\Local\Temp\ccmbjIWo.s 			page 14


 534 0028 08       		.uleb128 0x8
 535 0029 00       		.byte	0x0
 536 002a 00       		.byte	0x0
 537 002b 04       		.uleb128 0x4
 538 002c 16       		.uleb128 0x16
 539 002d 00       		.byte	0x0
 540 002e 03       		.uleb128 0x3
 541 002f 0E       		.uleb128 0xe
 542 0030 3A       		.uleb128 0x3a
 543 0031 0B       		.uleb128 0xb
 544 0032 3B       		.uleb128 0x3b
 545 0033 0B       		.uleb128 0xb
 546 0034 49       		.uleb128 0x49
 547 0035 13       		.uleb128 0x13
 548 0036 00       		.byte	0x0
 549 0037 00       		.byte	0x0
 550 0038 05       		.uleb128 0x5
 551 0039 24       		.uleb128 0x24
 552 003a 00       		.byte	0x0
 553 003b 0B       		.uleb128 0xb
 554 003c 0B       		.uleb128 0xb
 555 003d 3E       		.uleb128 0x3e
 556 003e 0B       		.uleb128 0xb
 557 003f 00       		.byte	0x0
 558 0040 00       		.byte	0x0
 559 0041 06       		.uleb128 0x6
 560 0042 13       		.uleb128 0x13
 561 0043 01       		.byte	0x1
 562 0044 03       		.uleb128 0x3
 563 0045 0E       		.uleb128 0xe
 564 0046 0B       		.uleb128 0xb
 565 0047 0B       		.uleb128 0xb
 566 0048 3A       		.uleb128 0x3a
 567 0049 0B       		.uleb128 0xb
 568 004a 3B       		.uleb128 0x3b
 569 004b 0B       		.uleb128 0xb
 570 004c 01       		.uleb128 0x1
 571 004d 13       		.uleb128 0x13
 572 004e 00       		.byte	0x0
 573 004f 00       		.byte	0x0
 574 0050 07       		.uleb128 0x7
 575 0051 0D       		.uleb128 0xd
 576 0052 00       		.byte	0x0
 577 0053 03       		.uleb128 0x3
 578 0054 0E       		.uleb128 0xe
 579 0055 3A       		.uleb128 0x3a
 580 0056 0B       		.uleb128 0xb
 581 0057 3B       		.uleb128 0x3b
 582 0058 0B       		.uleb128 0xb
 583 0059 49       		.uleb128 0x49
 584 005a 13       		.uleb128 0x13
 585 005b 38       		.uleb128 0x38
 586 005c 0A       		.uleb128 0xa
 587 005d 00       		.byte	0x0
 588 005e 00       		.byte	0x0
 589 005f 08       		.uleb128 0x8
 590 0060 2E       		.uleb128 0x2e
ARM GAS  C:\Users\Geo\AppData\Local\Temp\ccmbjIWo.s 			page 15


 591 0061 00       		.byte	0x0
 592 0062 3F       		.uleb128 0x3f
 593 0063 0C       		.uleb128 0xc
 594 0064 03       		.uleb128 0x3
 595 0065 0E       		.uleb128 0xe
 596 0066 3A       		.uleb128 0x3a
 597 0067 0B       		.uleb128 0xb
 598 0068 3B       		.uleb128 0x3b
 599 0069 0B       		.uleb128 0xb
 600 006a 27       		.uleb128 0x27
 601 006b 0C       		.uleb128 0xc
 602 006c 11       		.uleb128 0x11
 603 006d 01       		.uleb128 0x1
 604 006e 12       		.uleb128 0x12
 605 006f 01       		.uleb128 0x1
 606 0070 40       		.uleb128 0x40
 607 0071 06       		.uleb128 0x6
 608 0072 00       		.byte	0x0
 609 0073 00       		.byte	0x0
 610 0074 09       		.uleb128 0x9
 611 0075 2E       		.uleb128 0x2e
 612 0076 01       		.byte	0x1
 613 0077 3F       		.uleb128 0x3f
 614 0078 0C       		.uleb128 0xc
 615 0079 03       		.uleb128 0x3
 616 007a 0E       		.uleb128 0xe
 617 007b 3A       		.uleb128 0x3a
 618 007c 0B       		.uleb128 0xb
 619 007d 3B       		.uleb128 0x3b
 620 007e 0B       		.uleb128 0xb
 621 007f 27       		.uleb128 0x27
 622 0080 0C       		.uleb128 0xc
 623 0081 11       		.uleb128 0x11
 624 0082 01       		.uleb128 0x1
 625 0083 12       		.uleb128 0x12
 626 0084 01       		.uleb128 0x1
 627 0085 40       		.uleb128 0x40
 628 0086 06       		.uleb128 0x6
 629 0087 01       		.uleb128 0x1
 630 0088 13       		.uleb128 0x13
 631 0089 00       		.byte	0x0
 632 008a 00       		.byte	0x0
 633 008b 0A       		.uleb128 0xa
 634 008c 34       		.uleb128 0x34
 635 008d 00       		.byte	0x0
 636 008e 03       		.uleb128 0x3
 637 008f 0E       		.uleb128 0xe
 638 0090 3A       		.uleb128 0x3a
 639 0091 0B       		.uleb128 0xb
 640 0092 3B       		.uleb128 0x3b
 641 0093 0B       		.uleb128 0xb
 642 0094 49       		.uleb128 0x49
 643 0095 13       		.uleb128 0x13
 644 0096 02       		.uleb128 0x2
 645 0097 0A       		.uleb128 0xa
 646 0098 00       		.byte	0x0
 647 0099 00       		.byte	0x0
ARM GAS  C:\Users\Geo\AppData\Local\Temp\ccmbjIWo.s 			page 16


 648 009a 00       		.byte	0x0
 649              		.section	.debug_pubnames,"",%progbits
 650 0000 7C000000 		.4byte	0x7c
 651 0004 0200     		.2byte	0x2
 652 0006 00000000 		.4byte	.Ldebug_info0
 653 000a 5B010000 		.4byte	0x15b
 654 000e E2000000 		.4byte	0xe2
 655 0012 54696D65 		.ascii	"TimerMainTick_SaveConfig\000"
 655      724D6169 
 655      6E546963 
 655      6B5F5361 
 655      7665436F 
 656 002b F7000000 		.4byte	0xf7
 657 002f 54696D65 		.ascii	"TimerMainTick_RestoreConfig\000"
 657      724D6169 
 657      6E546963 
 657      6B5F5265 
 657      73746F72 
 658 004b 1F010000 		.4byte	0x11f
 659 004f 54696D65 		.ascii	"TimerMainTick_Sleep\000"
 659      724D6169 
 659      6E546963 
 659      6B5F536C 
 659      65657000 
 660 0063 34010000 		.4byte	0x134
 661 0067 54696D65 		.ascii	"TimerMainTick_Wakeup\000"
 661      724D6169 
 661      6E546963 
 661      6B5F5761 
 661      6B657570 
 662 007c 00000000 		.4byte	0x0
 663              		.section	.debug_aranges,"",%progbits
 664 0000 34000000 		.4byte	0x34
 665 0004 0200     		.2byte	0x2
 666 0006 00000000 		.4byte	.Ldebug_info0
 667 000a 04       		.byte	0x4
 668 000b 00       		.byte	0x0
 669 000c 0000     		.2byte	0x0
 670 000e 0000     		.2byte	0x0
 671 0010 00000000 		.4byte	.LFB0
 672 0014 52000000 		.4byte	.LFE0-.LFB0
 673 0018 00000000 		.4byte	.LFB1
 674 001c 7E000000 		.4byte	.LFE1-.LFB1
 675 0020 00000000 		.4byte	.LFB2
 676 0024 3E000000 		.4byte	.LFE2-.LFB2
 677 0028 00000000 		.4byte	.LFB3
 678 002c 1C000000 		.4byte	.LFE3-.LFB3
 679 0030 00000000 		.4byte	0x0
 680 0034 00000000 		.4byte	0x0
 681              		.section	.debug_ranges,"",%progbits
 682              	.Ldebug_ranges0:
 683 0000 00000000 		.4byte	.Ltext0
 684 0004 00000000 		.4byte	.Letext0
 685 0008 00000000 		.4byte	.LFB0
 686 000c 52000000 		.4byte	.LFE0
 687 0010 00000000 		.4byte	.LFB1
 688 0014 7E000000 		.4byte	.LFE1
ARM GAS  C:\Users\Geo\AppData\Local\Temp\ccmbjIWo.s 			page 17


 689 0018 00000000 		.4byte	.LFB2
 690 001c 3E000000 		.4byte	.LFE2
 691 0020 00000000 		.4byte	.LFB3
 692 0024 1C000000 		.4byte	.LFE3
 693 0028 00000000 		.4byte	0x0
 694 002c 00000000 		.4byte	0x0
 695              		.section	.debug_str,"MS",%progbits,1
 696              	.LASF6:
 697 0000 6C6F6E67 		.ascii	"long long int\000"
 697      206C6F6E 
 697      6720696E 
 697      7400
 698              	.LASF8:
 699 000e 756E7369 		.ascii	"unsigned int\000"
 699      676E6564 
 699      20696E74 
 699      00
 700              	.LASF19:
 701 001b 54696D65 		.ascii	"TimerMainTick_Wakeup\000"
 701      724D6169 
 701      6E546963 
 701      6B5F5761 
 701      6B657570 
 702              	.LASF17:
 703 0030 54696D65 		.ascii	"TimerMainTick_SaveConfig\000"
 703      724D6169 
 703      6E546963 
 703      6B5F5361 
 703      7665436F 
 704              	.LASF25:
 705 0049 54696D65 		.ascii	"TimerMainTick_RestoreConfig\000"
 705      724D6169 
 705      6E546963 
 705      6B5F5265 
 705      73746F72 
 706              	.LASF18:
 707 0065 54696D65 		.ascii	"TimerMainTick_Sleep\000"
 707      724D6169 
 707      6E546963 
 707      6B5F536C 
 707      65657000 
 708              	.LASF15:
 709 0079 75696E74 		.ascii	"uint8\000"
 709      3800
 710              	.LASF5:
 711 007f 6C6F6E67 		.ascii	"long unsigned int\000"
 711      20756E73 
 711      69676E65 
 711      6420696E 
 711      7400
 712              	.LASF7:
 713 0091 6C6F6E67 		.ascii	"long long unsigned int\000"
 713      206C6F6E 
 713      6720756E 
 713      7369676E 
 713      65642069 
 714              	.LASF14:
ARM GAS  C:\Users\Geo\AppData\Local\Temp\ccmbjIWo.s 			page 18


 715 00a8 54696D65 		.ascii	"TimerControlRegister\000"
 715      72436F6E 
 715      74726F6C 
 715      52656769 
 715      73746572 
 716              	.LASF20:
 717 00bd 54696D65 		.ascii	"TimerMainTick_interruptState\000"
 717      724D6169 
 717      6E546963 
 717      6B5F696E 
 717      74657272 
 718              	.LASF10:
 719 00da 54696D65 		.ascii	"TimerEnableState\000"
 719      72456E61 
 719      626C6553 
 719      74617465 
 719      00
 720              	.LASF22:
 721 00eb 474E5520 		.ascii	"GNU C 4.4.1\000"
 721      4320342E 
 721      342E3100 
 722              	.LASF1:
 723 00f7 756E7369 		.ascii	"unsigned char\000"
 723      676E6564 
 723      20636861 
 723      7200
 724              	.LASF9:
 725 0105 63686172 		.ascii	"char\000"
 725      00
 726              	.LASF4:
 727 010a 6C6F6E67 		.ascii	"long int\000"
 727      20696E74 
 727      00
 728              	.LASF13:
 729 0113 496E7465 		.ascii	"InterruptMaskValue\000"
 729      72727570 
 729      744D6173 
 729      6B56616C 
 729      756500
 730              	.LASF2:
 731 0126 73686F72 		.ascii	"short int\000"
 731      7420696E 
 731      7400
 732              	.LASF24:
 733 0130 433A5C55 		.ascii	"C:\\Users\\Geo\\Documents\\Projects\\Electric Skate"
 733      73657273 
 733      5C47656F 
 733      5C446F63 
 733      756D656E 
 734 015e 626F6172 		.ascii	"board\\Firmware\\PSoC\\Skateboard Motherboard.cydsn"
 734      645C4669 
 734      726D7761 
 734      72655C50 
 734      536F435C 
 735 018e 00       		.ascii	"\000"
 736              	.LASF3:
 737 018f 73686F72 		.ascii	"short unsigned int\000"
ARM GAS  C:\Users\Geo\AppData\Local\Temp\ccmbjIWo.s 			page 19


 737      7420756E 
 737      7369676E 
 737      65642069 
 737      6E7400
 738              	.LASF0:
 739 01a2 7369676E 		.ascii	"signed char\000"
 739      65642063 
 739      68617200 
 740              	.LASF16:
 741 01ae 54696D65 		.ascii	"TimerMainTick_backupStruct\000"
 741      724D6169 
 741      6E546963 
 741      6B5F6261 
 741      636B7570 
 742              	.LASF23:
 743 01c9 2E5C4765 		.ascii	".\\Generated_Source\\PSoC5\\TimerMainTick_PM.c\000"
 743      6E657261 
 743      7465645F 
 743      536F7572 
 743      63655C50 
 744              	.LASF11:
 745 01f5 54696D65 		.ascii	"TimerUdb\000"
 745      72556462 
 745      00
 746              	.LASF21:
 747 01fe 54696D65 		.ascii	"TimerMainTick_backup\000"
 747      724D6169 
 747      6E546963 
 747      6B5F6261 
 747      636B7570 
 748              	.LASF12:
 749 0213 54696D65 		.ascii	"TimerPeriod\000"
 749      72506572 
 749      696F6400 
 750              		.ident	"GCC: (Sourcery G++ Lite 2010q1-188) 4.4.1"
