ARM GAS  C:\Users\Geo\AppData\Local\Temp\ccXyvyc6.s 			page 1


   1              		.syntax unified
   2              		.cpu cortex-m3
   3              		.fpu softvfp
   4              		.eabi_attribute 20, 1
   5              		.eabi_attribute 21, 1
   6              		.eabi_attribute 23, 3
   7              		.eabi_attribute 24, 1
   8              		.eabi_attribute 25, 1
   9              		.eabi_attribute 26, 1
  10              		.eabi_attribute 30, 6
  11              		.eabi_attribute 18, 4
  12              		.thumb
  13              		.file	"UartXbee_PM.c"
  14              		.section	.debug_abbrev,"",%progbits
  15              	.Ldebug_abbrev0:
  16              		.section	.debug_info,"",%progbits
  17              	.Ldebug_info0:
  18              		.section	.debug_line,"",%progbits
  19              	.Ldebug_line0:
  20 0000 DD000000 		.text
  20      02007200 
  20      00000201 
  20      FB0E0D00 
  20      01010101 
  21              	.Ltext0:
  22              		.cfi_sections	.debug_frame
  23              		.bss
  24              		.align	2
  25              	UartXbee_backup:
  26 0000 00000000 		.space	6
  26      0000
  27 0006 0000     		.section	.text.UartXbee_SaveConfig,"ax",%progbits
  28              		.align	2
  29              		.global	UartXbee_SaveConfig
  30              		.thumb
  31              		.thumb_func
  32              		.type	UartXbee_SaveConfig, %function
  33              	UartXbee_SaveConfig:
  34              	.LFB0:
  35              		.file 1 ".\\Generated_Source\\PSoC5\\UartXbee_PM.c"
   1:.\Generated_Source\PSoC5/UartXbee_PM.c **** /*******************************************************************************
   2:.\Generated_Source\PSoC5/UartXbee_PM.c **** * File Name: UartXbee.c
   3:.\Generated_Source\PSoC5/UartXbee_PM.c **** * Version 2.10
   4:.\Generated_Source\PSoC5/UartXbee_PM.c **** *
   5:.\Generated_Source\PSoC5/UartXbee_PM.c **** * Description:
   6:.\Generated_Source\PSoC5/UartXbee_PM.c **** *  This file provides Sleep/WakeUp APIs functionality.
   7:.\Generated_Source\PSoC5/UartXbee_PM.c **** *
   8:.\Generated_Source\PSoC5/UartXbee_PM.c **** * Note:
   9:.\Generated_Source\PSoC5/UartXbee_PM.c **** *
  10:.\Generated_Source\PSoC5/UartXbee_PM.c **** *******************************************************************************
  11:.\Generated_Source\PSoC5/UartXbee_PM.c **** * Copyright 2008-2011, Cypress Semiconductor Corporation.  All rights reserved.
  12:.\Generated_Source\PSoC5/UartXbee_PM.c **** * You may use this file only in accordance with the license, terms, conditions,
  13:.\Generated_Source\PSoC5/UartXbee_PM.c **** * disclaimers, and limitations in the end user license agreement accompanying
  14:.\Generated_Source\PSoC5/UartXbee_PM.c **** * the software package with which this file was provided.
  15:.\Generated_Source\PSoC5/UartXbee_PM.c **** ********************************************************************************/
  16:.\Generated_Source\PSoC5/UartXbee_PM.c **** 
  17:.\Generated_Source\PSoC5/UartXbee_PM.c **** #include "UartXbee.h"
ARM GAS  C:\Users\Geo\AppData\Local\Temp\ccXyvyc6.s 			page 2


  18:.\Generated_Source\PSoC5/UartXbee_PM.c **** 
  19:.\Generated_Source\PSoC5/UartXbee_PM.c **** 
  20:.\Generated_Source\PSoC5/UartXbee_PM.c **** /***************************************
  21:.\Generated_Source\PSoC5/UartXbee_PM.c **** * Local data allocation
  22:.\Generated_Source\PSoC5/UartXbee_PM.c **** ***************************************/
  23:.\Generated_Source\PSoC5/UartXbee_PM.c **** 
  24:.\Generated_Source\PSoC5/UartXbee_PM.c **** static UartXbee_BACKUP_STRUCT  UartXbee_backup =
  25:.\Generated_Source\PSoC5/UartXbee_PM.c **** {
  26:.\Generated_Source\PSoC5/UartXbee_PM.c ****     /* enableState - disabled */
  27:.\Generated_Source\PSoC5/UartXbee_PM.c ****     0u,
  28:.\Generated_Source\PSoC5/UartXbee_PM.c **** };        
  29:.\Generated_Source\PSoC5/UartXbee_PM.c **** 
  30:.\Generated_Source\PSoC5/UartXbee_PM.c **** 
  31:.\Generated_Source\PSoC5/UartXbee_PM.c **** 
  32:.\Generated_Source\PSoC5/UartXbee_PM.c **** /*******************************************************************************
  33:.\Generated_Source\PSoC5/UartXbee_PM.c **** * Function Name: UartXbee_SaveConfig
  34:.\Generated_Source\PSoC5/UartXbee_PM.c **** ********************************************************************************
  35:.\Generated_Source\PSoC5/UartXbee_PM.c **** *
  36:.\Generated_Source\PSoC5/UartXbee_PM.c **** * Summary:
  37:.\Generated_Source\PSoC5/UartXbee_PM.c **** *  Saves the current user configuration.
  38:.\Generated_Source\PSoC5/UartXbee_PM.c **** *
  39:.\Generated_Source\PSoC5/UartXbee_PM.c **** * Parameters:
  40:.\Generated_Source\PSoC5/UartXbee_PM.c **** *  None.
  41:.\Generated_Source\PSoC5/UartXbee_PM.c **** *
  42:.\Generated_Source\PSoC5/UartXbee_PM.c **** * Return:
  43:.\Generated_Source\PSoC5/UartXbee_PM.c **** *  None.
  44:.\Generated_Source\PSoC5/UartXbee_PM.c **** *
  45:.\Generated_Source\PSoC5/UartXbee_PM.c **** * Global Variables:
  46:.\Generated_Source\PSoC5/UartXbee_PM.c **** *  UartXbee_backup - modified when non-retention registers are saved.
  47:.\Generated_Source\PSoC5/UartXbee_PM.c **** *
  48:.\Generated_Source\PSoC5/UartXbee_PM.c **** * Reentrant:
  49:.\Generated_Source\PSoC5/UartXbee_PM.c **** *  No.
  50:.\Generated_Source\PSoC5/UartXbee_PM.c **** *
  51:.\Generated_Source\PSoC5/UartXbee_PM.c **** *******************************************************************************/
  52:.\Generated_Source\PSoC5/UartXbee_PM.c **** void UartXbee_SaveConfig(void)
  53:.\Generated_Source\PSoC5/UartXbee_PM.c **** {
  36              		.loc 1 53 0
  37              		.cfi_startproc
  38              		@ args = 0, pretend = 0, frame = 0
  39              		@ frame_needed = 1, uses_anonymous_args = 0
  40              		@ link register save eliminated.
  41 0000 80B4     		push	{r7}
  42              	.LCFI0:
  43              		.cfi_def_cfa_offset 4
  44 0002 00AF     		add	r7, sp, #0
  45              		.cfi_offset 7, -4
  46              	.LCFI1:
  47              		.cfi_def_cfa_register 7
  54:.\Generated_Source\PSoC5/UartXbee_PM.c ****     /* PSoC3 ES2 or early, PSoC5 ES1*/
  55:.\Generated_Source\PSoC5/UartXbee_PM.c ****     #if (CY_PSOC3_ES2 || CY_PSOC5_ES1)
  56:.\Generated_Source\PSoC5/UartXbee_PM.c **** 
  57:.\Generated_Source\PSoC5/UartXbee_PM.c ****         #if(UartXbee_CONTROL_REG_REMOVED == 0u)
  58:.\Generated_Source\PSoC5/UartXbee_PM.c ****             UartXbee_backup.cr = UartXbee_CONTROL_REG;
  59:.\Generated_Source\PSoC5/UartXbee_PM.c ****         #endif /* End UartXbee_CONTROL_REG_REMOVED */
  60:.\Generated_Source\PSoC5/UartXbee_PM.c **** 
  61:.\Generated_Source\PSoC5/UartXbee_PM.c ****         #if( (UartXbee_RX_ENABLED) || (UartXbee_HD_ENABLED) )
  62:.\Generated_Source\PSoC5/UartXbee_PM.c ****             UartXbee_backup.rx_period = UartXbee_RXBITCTR_PERIOD_REG;
ARM GAS  C:\Users\Geo\AppData\Local\Temp\ccXyvyc6.s 			page 3


  48              		.loc 1 62 0
  49 0004 46F28953 		movw	r3, #:lower16:1073767817
  50 0008 C4F20003 		movt	r3, #:upper16:1073767817
  51 000c 1B78     		ldrb	r3, [r3, #0]
  52 000e DAB2     		uxtb	r2, r3
  53 0010 40F20003 		movw	r3, #:lower16:UartXbee_backup
  54 0014 C0F20003 		movt	r3, #:upper16:UartXbee_backup
  55 0018 5A70     		strb	r2, [r3, #1]
  63:.\Generated_Source\PSoC5/UartXbee_PM.c ****             UartXbee_backup.rx_mask = UartXbee_RXSTATUS_MASK_REG;
  56              		.loc 1 63 0
  57 001a 46F28753 		movw	r3, #:lower16:1073767815
  58 001e C4F20003 		movt	r3, #:upper16:1073767815
  59 0022 1B78     		ldrb	r3, [r3, #0]
  60 0024 DAB2     		uxtb	r2, r3
  61 0026 40F20003 		movw	r3, #:lower16:UartXbee_backup
  62 002a C0F20003 		movt	r3, #:upper16:UartXbee_backup
  63 002e 9A70     		strb	r2, [r3, #2]
  64:.\Generated_Source\PSoC5/UartXbee_PM.c ****             #if (UartXbee_RXHW_ADDRESS_ENABLED)
  65:.\Generated_Source\PSoC5/UartXbee_PM.c ****                 UartXbee_backup.rx_addr1 = UartXbee_RXADDRESS1_REG;
  66:.\Generated_Source\PSoC5/UartXbee_PM.c ****                 UartXbee_backup.rx_addr2 = UartXbee_RXADDRESS2_REG;
  67:.\Generated_Source\PSoC5/UartXbee_PM.c ****             #endif /* End UartXbee_RXHW_ADDRESS_ENABLED */
  68:.\Generated_Source\PSoC5/UartXbee_PM.c ****         #endif /* End UartXbee_RX_ENABLED | UartXbee_HD_ENABLED*/
  69:.\Generated_Source\PSoC5/UartXbee_PM.c **** 
  70:.\Generated_Source\PSoC5/UartXbee_PM.c ****         #if(UartXbee_TX_ENABLED)
  71:.\Generated_Source\PSoC5/UartXbee_PM.c ****             #if(UartXbee_TXCLKGEN_DP)
  72:.\Generated_Source\PSoC5/UartXbee_PM.c ****                 UartXbee_backup.tx_clk_ctr = UartXbee_TXBITCLKGEN_CTR_REG;
  64              		.loc 1 72 0
  65 0030 46F22653 		movw	r3, #:lower16:1073767718
  66 0034 C4F20003 		movt	r3, #:upper16:1073767718
  67 0038 1B78     		ldrb	r3, [r3, #0]
  68 003a DAB2     		uxtb	r2, r3
  69 003c 40F20003 		movw	r3, #:lower16:UartXbee_backup
  70 0040 C0F20003 		movt	r3, #:upper16:UartXbee_backup
  71 0044 DA70     		strb	r2, [r3, #3]
  73:.\Generated_Source\PSoC5/UartXbee_PM.c ****                 UartXbee_backup.tx_clk_compl = UartXbee_TXBITCLKTX_COMPLETE_REG;
  72              		.loc 1 73 0
  73 0046 46F23653 		movw	r3, #:lower16:1073767734
  74 004a C4F20003 		movt	r3, #:upper16:1073767734
  75 004e 1B78     		ldrb	r3, [r3, #0]
  76 0050 DAB2     		uxtb	r2, r3
  77 0052 40F20003 		movw	r3, #:lower16:UartXbee_backup
  78 0056 C0F20003 		movt	r3, #:upper16:UartXbee_backup
  79 005a 1A71     		strb	r2, [r3, #4]
  74:.\Generated_Source\PSoC5/UartXbee_PM.c ****             #else
  75:.\Generated_Source\PSoC5/UartXbee_PM.c ****                 UartXbee_backup.tx_period = UartXbee_TXBITCTR_PERIOD_REG;
  76:.\Generated_Source\PSoC5/UartXbee_PM.c ****             #endif /*End UartXbee_TXCLKGEN_DP */
  77:.\Generated_Source\PSoC5/UartXbee_PM.c ****             UartXbee_backup.tx_mask = UartXbee_TXSTATUS_MASK_REG;
  80              		.loc 1 77 0
  81 005c 46F28653 		movw	r3, #:lower16:1073767814
  82 0060 C4F20003 		movt	r3, #:upper16:1073767814
  83 0064 1B78     		ldrb	r3, [r3, #0]
  84 0066 DAB2     		uxtb	r2, r3
  85 0068 40F20003 		movw	r3, #:lower16:UartXbee_backup
  86 006c C0F20003 		movt	r3, #:upper16:UartXbee_backup
  87 0070 5A71     		strb	r2, [r3, #5]
  78:.\Generated_Source\PSoC5/UartXbee_PM.c ****         #endif /*End UartXbee_TX_ENABLED */
  79:.\Generated_Source\PSoC5/UartXbee_PM.c **** 
ARM GAS  C:\Users\Geo\AppData\Local\Temp\ccXyvyc6.s 			page 4


  80:.\Generated_Source\PSoC5/UartXbee_PM.c ****     /* PSoC3 ES3 or later, PSoC5 ES2 or later*/
  81:.\Generated_Source\PSoC5/UartXbee_PM.c ****     #elif (CY_PSOC3_ES3 || CY_PSOC5_ES2)
  82:.\Generated_Source\PSoC5/UartXbee_PM.c **** 
  83:.\Generated_Source\PSoC5/UartXbee_PM.c ****         #if(UartXbee_CONTROL_REG_REMOVED == 0u)
  84:.\Generated_Source\PSoC5/UartXbee_PM.c ****             UartXbee_backup.cr = UartXbee_CONTROL_REG;
  85:.\Generated_Source\PSoC5/UartXbee_PM.c ****         #endif /* End UartXbee_CONTROL_REG_REMOVED */
  86:.\Generated_Source\PSoC5/UartXbee_PM.c **** 
  87:.\Generated_Source\PSoC5/UartXbee_PM.c ****     #endif  /* End PSOC3_ES3 || PSOC5_ES2 */
  88:.\Generated_Source\PSoC5/UartXbee_PM.c **** }
  88              		.loc 1 88 0
  89 0072 BD46     		mov	sp, r7
  90 0074 80BC     		pop	{r7}
  91 0076 7047     		bx	lr
  92              		.cfi_endproc
  93              	.LFE0:
  94              		.size	UartXbee_SaveConfig, .-UartXbee_SaveConfig
  95              		.section	.text.UartXbee_RestoreConfig,"ax",%progbits
  96              		.align	2
  97              		.global	UartXbee_RestoreConfig
  98              		.thumb
  99              		.thumb_func
 100              		.type	UartXbee_RestoreConfig, %function
 101              	UartXbee_RestoreConfig:
 102              	.LFB1:
  89:.\Generated_Source\PSoC5/UartXbee_PM.c **** 
  90:.\Generated_Source\PSoC5/UartXbee_PM.c **** 
  91:.\Generated_Source\PSoC5/UartXbee_PM.c **** /*******************************************************************************
  92:.\Generated_Source\PSoC5/UartXbee_PM.c **** * Function Name: UartXbee_RestoreConfig
  93:.\Generated_Source\PSoC5/UartXbee_PM.c **** ********************************************************************************
  94:.\Generated_Source\PSoC5/UartXbee_PM.c **** *
  95:.\Generated_Source\PSoC5/UartXbee_PM.c **** * Summary:
  96:.\Generated_Source\PSoC5/UartXbee_PM.c **** *  Restores the current user configuration.
  97:.\Generated_Source\PSoC5/UartXbee_PM.c **** *
  98:.\Generated_Source\PSoC5/UartXbee_PM.c **** * Parameters:
  99:.\Generated_Source\PSoC5/UartXbee_PM.c **** *  None.
 100:.\Generated_Source\PSoC5/UartXbee_PM.c **** *
 101:.\Generated_Source\PSoC5/UartXbee_PM.c **** * Return:
 102:.\Generated_Source\PSoC5/UartXbee_PM.c **** *  None.
 103:.\Generated_Source\PSoC5/UartXbee_PM.c **** *
 104:.\Generated_Source\PSoC5/UartXbee_PM.c **** * Global Variables:
 105:.\Generated_Source\PSoC5/UartXbee_PM.c **** *  UartXbee_backup - used when non-retention registers are restored.
 106:.\Generated_Source\PSoC5/UartXbee_PM.c **** *
 107:.\Generated_Source\PSoC5/UartXbee_PM.c **** * Reentrant:
 108:.\Generated_Source\PSoC5/UartXbee_PM.c **** *  No.
 109:.\Generated_Source\PSoC5/UartXbee_PM.c **** *
 110:.\Generated_Source\PSoC5/UartXbee_PM.c **** *******************************************************************************/
 111:.\Generated_Source\PSoC5/UartXbee_PM.c **** void UartXbee_RestoreConfig(void)
 112:.\Generated_Source\PSoC5/UartXbee_PM.c **** {
 103              		.loc 1 112 0
 104              		.cfi_startproc
 105              		@ args = 0, pretend = 0, frame = 0
 106              		@ frame_needed = 1, uses_anonymous_args = 0
 107              		@ link register save eliminated.
 108 0000 80B4     		push	{r7}
 109              	.LCFI2:
 110              		.cfi_def_cfa_offset 4
 111 0002 00AF     		add	r7, sp, #0
ARM GAS  C:\Users\Geo\AppData\Local\Temp\ccXyvyc6.s 			page 5


 112              		.cfi_offset 7, -4
 113              	.LCFI3:
 114              		.cfi_def_cfa_register 7
 113:.\Generated_Source\PSoC5/UartXbee_PM.c ****     /* PSoC3 ES2 or early, PSoC5 ES1*/
 114:.\Generated_Source\PSoC5/UartXbee_PM.c ****     #if (CY_PSOC3_ES2 || CY_PSOC5_ES1)
 115:.\Generated_Source\PSoC5/UartXbee_PM.c **** 
 116:.\Generated_Source\PSoC5/UartXbee_PM.c ****         #if(UartXbee_CONTROL_REG_REMOVED == 0u)
 117:.\Generated_Source\PSoC5/UartXbee_PM.c ****             UartXbee_CONTROL_REG = UartXbee_backup.cr;
 118:.\Generated_Source\PSoC5/UartXbee_PM.c ****         #endif /* End UartXbee_CONTROL_REG_REMOVED */
 119:.\Generated_Source\PSoC5/UartXbee_PM.c **** 
 120:.\Generated_Source\PSoC5/UartXbee_PM.c ****         #if( (UartXbee_RX_ENABLED) || (UartXbee_HD_ENABLED) )
 121:.\Generated_Source\PSoC5/UartXbee_PM.c ****             UartXbee_RXBITCTR_PERIOD_REG = UartXbee_backup.rx_period;
 115              		.loc 1 121 0
 116 0004 46F28953 		movw	r3, #:lower16:1073767817
 117 0008 C4F20003 		movt	r3, #:upper16:1073767817
 118 000c 40F20002 		movw	r2, #:lower16:UartXbee_backup
 119 0010 C0F20002 		movt	r2, #:upper16:UartXbee_backup
 120 0014 5278     		ldrb	r2, [r2, #1]	@ zero_extendqisi2
 121 0016 1A70     		strb	r2, [r3, #0]
 122:.\Generated_Source\PSoC5/UartXbee_PM.c ****             UartXbee_RXSTATUS_MASK_REG = UartXbee_backup.rx_mask;
 122              		.loc 1 122 0
 123 0018 46F28753 		movw	r3, #:lower16:1073767815
 124 001c C4F20003 		movt	r3, #:upper16:1073767815
 125 0020 40F20002 		movw	r2, #:lower16:UartXbee_backup
 126 0024 C0F20002 		movt	r2, #:upper16:UartXbee_backup
 127 0028 9278     		ldrb	r2, [r2, #2]	@ zero_extendqisi2
 128 002a 1A70     		strb	r2, [r3, #0]
 123:.\Generated_Source\PSoC5/UartXbee_PM.c ****             #if (UartXbee_RXHW_ADDRESS_ENABLED)
 124:.\Generated_Source\PSoC5/UartXbee_PM.c ****                 UartXbee_RXADDRESS1_REG = UartXbee_backup.rx_addr1;
 125:.\Generated_Source\PSoC5/UartXbee_PM.c ****                 UartXbee_RXADDRESS2_REG = UartXbee_backup.rx_addr2;
 126:.\Generated_Source\PSoC5/UartXbee_PM.c ****             #endif /* End UartXbee_RXHW_ADDRESS_ENABLED */
 127:.\Generated_Source\PSoC5/UartXbee_PM.c ****         #endif  /* End (UartXbee_RX_ENABLED) || (UartXbee_HD_ENABLED) */
 128:.\Generated_Source\PSoC5/UartXbee_PM.c **** 
 129:.\Generated_Source\PSoC5/UartXbee_PM.c ****         #if(UartXbee_TX_ENABLED)
 130:.\Generated_Source\PSoC5/UartXbee_PM.c ****             #if(UartXbee_TXCLKGEN_DP)
 131:.\Generated_Source\PSoC5/UartXbee_PM.c ****                 UartXbee_TXBITCLKGEN_CTR_REG = UartXbee_backup.tx_clk_ctr;
 129              		.loc 1 131 0
 130 002c 46F22653 		movw	r3, #:lower16:1073767718
 131 0030 C4F20003 		movt	r3, #:upper16:1073767718
 132 0034 40F20002 		movw	r2, #:lower16:UartXbee_backup
 133 0038 C0F20002 		movt	r2, #:upper16:UartXbee_backup
 134 003c D278     		ldrb	r2, [r2, #3]	@ zero_extendqisi2
 135 003e 1A70     		strb	r2, [r3, #0]
 132:.\Generated_Source\PSoC5/UartXbee_PM.c ****                 UartXbee_TXBITCLKTX_COMPLETE_REG = UartXbee_backup.tx_clk_compl;
 136              		.loc 1 132 0
 137 0040 46F23653 		movw	r3, #:lower16:1073767734
 138 0044 C4F20003 		movt	r3, #:upper16:1073767734
 139 0048 40F20002 		movw	r2, #:lower16:UartXbee_backup
 140 004c C0F20002 		movt	r2, #:upper16:UartXbee_backup
 141 0050 1279     		ldrb	r2, [r2, #4]	@ zero_extendqisi2
 142 0052 1A70     		strb	r2, [r3, #0]
 133:.\Generated_Source\PSoC5/UartXbee_PM.c ****             #else
 134:.\Generated_Source\PSoC5/UartXbee_PM.c ****                 UartXbee_TXBITCTR_PERIOD_REG = UartXbee_backup.tx_period;
 135:.\Generated_Source\PSoC5/UartXbee_PM.c ****             #endif /*End UartXbee_TXCLKGEN_DP */
 136:.\Generated_Source\PSoC5/UartXbee_PM.c ****             UartXbee_TXSTATUS_MASK_REG = UartXbee_backup.tx_mask;
 143              		.loc 1 136 0
 144 0054 46F28653 		movw	r3, #:lower16:1073767814
ARM GAS  C:\Users\Geo\AppData\Local\Temp\ccXyvyc6.s 			page 6


 145 0058 C4F20003 		movt	r3, #:upper16:1073767814
 146 005c 40F20002 		movw	r2, #:lower16:UartXbee_backup
 147 0060 C0F20002 		movt	r2, #:upper16:UartXbee_backup
 148 0064 5279     		ldrb	r2, [r2, #5]	@ zero_extendqisi2
 149 0066 1A70     		strb	r2, [r3, #0]
 137:.\Generated_Source\PSoC5/UartXbee_PM.c ****         #endif /*End UartXbee_TX_ENABLED */
 138:.\Generated_Source\PSoC5/UartXbee_PM.c **** 
 139:.\Generated_Source\PSoC5/UartXbee_PM.c ****     /* PSoC3 ES3 or later, PSoC5 ES2 or later*/
 140:.\Generated_Source\PSoC5/UartXbee_PM.c ****     #elif (CY_PSOC3_ES3 || CY_PSOC5_ES2)
 141:.\Generated_Source\PSoC5/UartXbee_PM.c **** 
 142:.\Generated_Source\PSoC5/UartXbee_PM.c ****         #if(UartXbee_CONTROL_REG_REMOVED == 0u)
 143:.\Generated_Source\PSoC5/UartXbee_PM.c ****             UartXbee_CONTROL_REG = UartXbee_backup.cr;
 144:.\Generated_Source\PSoC5/UartXbee_PM.c ****         #endif /* End UartXbee_CONTROL_REG_REMOVED */
 145:.\Generated_Source\PSoC5/UartXbee_PM.c **** 
 146:.\Generated_Source\PSoC5/UartXbee_PM.c ****     #endif  /* End PSOC3_ES3 || PSOC5_ES2 */
 147:.\Generated_Source\PSoC5/UartXbee_PM.c **** }
 150              		.loc 1 147 0
 151 0068 BD46     		mov	sp, r7
 152 006a 80BC     		pop	{r7}
 153 006c 7047     		bx	lr
 154              		.cfi_endproc
 155              	.LFE1:
 156              		.size	UartXbee_RestoreConfig, .-UartXbee_RestoreConfig
 157 006e 00BF     		.section	.text.UartXbee_Sleep,"ax",%progbits
 158              		.align	2
 159              		.global	UartXbee_Sleep
 160              		.thumb
 161              		.thumb_func
 162              		.type	UartXbee_Sleep, %function
 163              	UartXbee_Sleep:
 164              	.LFB2:
 148:.\Generated_Source\PSoC5/UartXbee_PM.c **** 
 149:.\Generated_Source\PSoC5/UartXbee_PM.c **** 
 150:.\Generated_Source\PSoC5/UartXbee_PM.c **** /*******************************************************************************
 151:.\Generated_Source\PSoC5/UartXbee_PM.c **** * Function Name: UartXbee_Sleep
 152:.\Generated_Source\PSoC5/UartXbee_PM.c **** ********************************************************************************
 153:.\Generated_Source\PSoC5/UartXbee_PM.c **** *
 154:.\Generated_Source\PSoC5/UartXbee_PM.c **** * Summary:
 155:.\Generated_Source\PSoC5/UartXbee_PM.c **** *  Stops and saves the user configuration. Should be called 
 156:.\Generated_Source\PSoC5/UartXbee_PM.c **** *  just prior to entering sleep.
 157:.\Generated_Source\PSoC5/UartXbee_PM.c **** *  
 158:.\Generated_Source\PSoC5/UartXbee_PM.c **** *
 159:.\Generated_Source\PSoC5/UartXbee_PM.c **** * Parameters:
 160:.\Generated_Source\PSoC5/UartXbee_PM.c **** *  None.
 161:.\Generated_Source\PSoC5/UartXbee_PM.c **** *
 162:.\Generated_Source\PSoC5/UartXbee_PM.c **** * Return:
 163:.\Generated_Source\PSoC5/UartXbee_PM.c **** *  None.
 164:.\Generated_Source\PSoC5/UartXbee_PM.c **** *
 165:.\Generated_Source\PSoC5/UartXbee_PM.c **** * Global Variables:
 166:.\Generated_Source\PSoC5/UartXbee_PM.c **** *  UartXbee_backup - modified when non-retention registers are saved.
 167:.\Generated_Source\PSoC5/UartXbee_PM.c **** *
 168:.\Generated_Source\PSoC5/UartXbee_PM.c **** * Reentrant:
 169:.\Generated_Source\PSoC5/UartXbee_PM.c **** *  No.
 170:.\Generated_Source\PSoC5/UartXbee_PM.c **** *
 171:.\Generated_Source\PSoC5/UartXbee_PM.c **** *******************************************************************************/
 172:.\Generated_Source\PSoC5/UartXbee_PM.c **** void UartXbee_Sleep(void)
 173:.\Generated_Source\PSoC5/UartXbee_PM.c **** {
ARM GAS  C:\Users\Geo\AppData\Local\Temp\ccXyvyc6.s 			page 7


 165              		.loc 1 173 0
 166              		.cfi_startproc
 167              		@ args = 0, pretend = 0, frame = 0
 168              		@ frame_needed = 1, uses_anonymous_args = 0
 169 0000 80B5     		push	{r7, lr}
 170              	.LCFI4:
 171              		.cfi_def_cfa_offset 8
 172 0002 00AF     		add	r7, sp, #0
 173              		.cfi_offset 14, -4
 174              		.cfi_offset 7, -8
 175              	.LCFI5:
 176              		.cfi_def_cfa_register 7
 174:.\Generated_Source\PSoC5/UartXbee_PM.c **** 
 175:.\Generated_Source\PSoC5/UartXbee_PM.c ****     #if(UartXbee_RX_ENABLED || UartXbee_HD_ENABLED)
 176:.\Generated_Source\PSoC5/UartXbee_PM.c ****         if((UartXbee_RXSTATUS_ACTL_REG  & UartXbee_INT_ENABLE) != 0u) 
 177              		.loc 1 176 0
 178 0004 46F29753 		movw	r3, #:lower16:1073767831
 179 0008 C4F20003 		movt	r3, #:upper16:1073767831
 180 000c 1B78     		ldrb	r3, [r3, #0]
 181 000e DBB2     		uxtb	r3, r3
 182 0010 03F01003 		and	r3, r3, #16
 183 0014 002B     		cmp	r3, #0
 184 0016 07D0     		beq	.L6
 177:.\Generated_Source\PSoC5/UartXbee_PM.c ****         {
 178:.\Generated_Source\PSoC5/UartXbee_PM.c ****             UartXbee_backup.enableState = 1u;
 185              		.loc 1 178 0
 186 0018 40F20003 		movw	r3, #:lower16:UartXbee_backup
 187 001c C0F20003 		movt	r3, #:upper16:UartXbee_backup
 188 0020 4FF00102 		mov	r2, #1
 189 0024 1A70     		strb	r2, [r3, #0]
 190 0026 06E0     		b	.L7
 191              	.L6:
 179:.\Generated_Source\PSoC5/UartXbee_PM.c ****         }
 180:.\Generated_Source\PSoC5/UartXbee_PM.c ****         else
 181:.\Generated_Source\PSoC5/UartXbee_PM.c ****         {
 182:.\Generated_Source\PSoC5/UartXbee_PM.c ****             UartXbee_backup.enableState = 0u;
 192              		.loc 1 182 0
 193 0028 40F20003 		movw	r3, #:lower16:UartXbee_backup
 194 002c C0F20003 		movt	r3, #:upper16:UartXbee_backup
 195 0030 4FF00002 		mov	r2, #0
 196 0034 1A70     		strb	r2, [r3, #0]
 197              	.L7:
 183:.\Generated_Source\PSoC5/UartXbee_PM.c ****         }
 184:.\Generated_Source\PSoC5/UartXbee_PM.c ****     #else
 185:.\Generated_Source\PSoC5/UartXbee_PM.c ****         if((UartXbee_TXSTATUS_ACTL_REG  & UartXbee_INT_ENABLE) !=0u)
 186:.\Generated_Source\PSoC5/UartXbee_PM.c ****         {
 187:.\Generated_Source\PSoC5/UartXbee_PM.c ****             UartXbee_backup.enableState = 1u;
 188:.\Generated_Source\PSoC5/UartXbee_PM.c ****         }
 189:.\Generated_Source\PSoC5/UartXbee_PM.c ****         else
 190:.\Generated_Source\PSoC5/UartXbee_PM.c ****         {
 191:.\Generated_Source\PSoC5/UartXbee_PM.c ****             UartXbee_backup.enableState = 0u;
 192:.\Generated_Source\PSoC5/UartXbee_PM.c ****         }
 193:.\Generated_Source\PSoC5/UartXbee_PM.c ****     #endif /* End UartXbee_RX_ENABLED || UartXbee_HD_ENABLED*/
 194:.\Generated_Source\PSoC5/UartXbee_PM.c **** 
 195:.\Generated_Source\PSoC5/UartXbee_PM.c ****     UartXbee_Stop();
 198              		.loc 1 195 0
 199 0036 FFF7FEFF 		bl	UartXbee_Stop
ARM GAS  C:\Users\Geo\AppData\Local\Temp\ccXyvyc6.s 			page 8


 196:.\Generated_Source\PSoC5/UartXbee_PM.c ****     UartXbee_SaveConfig();
 200              		.loc 1 196 0
 201 003a FFF7FEFF 		bl	UartXbee_SaveConfig
 197:.\Generated_Source\PSoC5/UartXbee_PM.c **** }
 202              		.loc 1 197 0
 203 003e 80BD     		pop	{r7, pc}
 204              		.cfi_endproc
 205              	.LFE2:
 206              		.size	UartXbee_Sleep, .-UartXbee_Sleep
 207              		.section	.text.UartXbee_Wakeup,"ax",%progbits
 208              		.align	2
 209              		.global	UartXbee_Wakeup
 210              		.thumb
 211              		.thumb_func
 212              		.type	UartXbee_Wakeup, %function
 213              	UartXbee_Wakeup:
 214              	.LFB3:
 198:.\Generated_Source\PSoC5/UartXbee_PM.c **** 
 199:.\Generated_Source\PSoC5/UartXbee_PM.c **** 
 200:.\Generated_Source\PSoC5/UartXbee_PM.c **** /*******************************************************************************
 201:.\Generated_Source\PSoC5/UartXbee_PM.c **** * Function Name: UartXbee_Wakeup
 202:.\Generated_Source\PSoC5/UartXbee_PM.c **** ********************************************************************************
 203:.\Generated_Source\PSoC5/UartXbee_PM.c **** *
 204:.\Generated_Source\PSoC5/UartXbee_PM.c **** * Summary:
 205:.\Generated_Source\PSoC5/UartXbee_PM.c **** *  Restores and enables the user configuration. Should be called
 206:.\Generated_Source\PSoC5/UartXbee_PM.c **** *  just after awaking from sleep.
 207:.\Generated_Source\PSoC5/UartXbee_PM.c **** *
 208:.\Generated_Source\PSoC5/UartXbee_PM.c **** * Parameters:
 209:.\Generated_Source\PSoC5/UartXbee_PM.c **** *  None.
 210:.\Generated_Source\PSoC5/UartXbee_PM.c **** *
 211:.\Generated_Source\PSoC5/UartXbee_PM.c **** * Return:
 212:.\Generated_Source\PSoC5/UartXbee_PM.c **** *  None.
 213:.\Generated_Source\PSoC5/UartXbee_PM.c **** *
 214:.\Generated_Source\PSoC5/UartXbee_PM.c **** * Global Variables:
 215:.\Generated_Source\PSoC5/UartXbee_PM.c **** *  UartXbee_backup - used when non-retention registers are restored.
 216:.\Generated_Source\PSoC5/UartXbee_PM.c **** *
 217:.\Generated_Source\PSoC5/UartXbee_PM.c **** * Reentrant:
 218:.\Generated_Source\PSoC5/UartXbee_PM.c **** *  No.
 219:.\Generated_Source\PSoC5/UartXbee_PM.c **** *
 220:.\Generated_Source\PSoC5/UartXbee_PM.c **** *******************************************************************************/
 221:.\Generated_Source\PSoC5/UartXbee_PM.c **** void UartXbee_Wakeup(void)
 222:.\Generated_Source\PSoC5/UartXbee_PM.c **** {
 215              		.loc 1 222 0
 216              		.cfi_startproc
 217              		@ args = 0, pretend = 0, frame = 0
 218              		@ frame_needed = 1, uses_anonymous_args = 0
 219 0000 80B5     		push	{r7, lr}
 220              	.LCFI6:
 221              		.cfi_def_cfa_offset 8
 222 0002 00AF     		add	r7, sp, #0
 223              		.cfi_offset 14, -4
 224              		.cfi_offset 7, -8
 225              	.LCFI7:
 226              		.cfi_def_cfa_register 7
 223:.\Generated_Source\PSoC5/UartXbee_PM.c ****     UartXbee_RestoreConfig();
 227              		.loc 1 223 0
 228 0004 FFF7FEFF 		bl	UartXbee_RestoreConfig
ARM GAS  C:\Users\Geo\AppData\Local\Temp\ccXyvyc6.s 			page 9


 224:.\Generated_Source\PSoC5/UartXbee_PM.c ****     #if( (UartXbee_RX_ENABLED) || (UartXbee_HD_ENABLED) )
 225:.\Generated_Source\PSoC5/UartXbee_PM.c ****         UartXbee_ClearRxBuffer();
 229              		.loc 1 225 0
 230 0008 FFF7FEFF 		bl	UartXbee_ClearRxBuffer
 226:.\Generated_Source\PSoC5/UartXbee_PM.c ****     #endif /* End (UartXbee_RX_ENABLED) || (UartXbee_HD_ENABLED) */
 227:.\Generated_Source\PSoC5/UartXbee_PM.c ****     #if(UartXbee_TX_ENABLED || UartXbee_HD_ENABLED)
 228:.\Generated_Source\PSoC5/UartXbee_PM.c ****         UartXbee_ClearTxBuffer();
 231              		.loc 1 228 0
 232 000c FFF7FEFF 		bl	UartXbee_ClearTxBuffer
 229:.\Generated_Source\PSoC5/UartXbee_PM.c ****     #endif /* End UartXbee_TX_ENABLED || UartXbee_HD_ENABLED */
 230:.\Generated_Source\PSoC5/UartXbee_PM.c **** 
 231:.\Generated_Source\PSoC5/UartXbee_PM.c ****     if(UartXbee_backup.enableState != 0u)
 233              		.loc 1 231 0
 234 0010 40F20003 		movw	r3, #:lower16:UartXbee_backup
 235 0014 C0F20003 		movt	r3, #:upper16:UartXbee_backup
 236 0018 1B78     		ldrb	r3, [r3, #0]	@ zero_extendqisi2
 237 001a 002B     		cmp	r3, #0
 238 001c 01D0     		beq	.L11
 232:.\Generated_Source\PSoC5/UartXbee_PM.c ****     {
 233:.\Generated_Source\PSoC5/UartXbee_PM.c ****         UartXbee_Enable();
 239              		.loc 1 233 0
 240 001e FFF7FEFF 		bl	UartXbee_Enable
 241              	.L11:
 234:.\Generated_Source\PSoC5/UartXbee_PM.c ****     } 
 235:.\Generated_Source\PSoC5/UartXbee_PM.c **** }
 242              		.loc 1 235 0
 243 0022 80BD     		pop	{r7, pc}
 244              		.cfi_endproc
 245              	.LFE3:
 246              		.size	UartXbee_Wakeup, .-UartXbee_Wakeup
 247              		.text
 248              	.Letext0:
 249              		.section	.debug_loc,"",%progbits
 250              	.Ldebug_loc0:
 251              	.LLST0:
 252 0000 00000000 		.4byte	.LFB0
 253 0004 02000000 		.4byte	.LCFI0
 254 0008 0100     		.2byte	0x1
 255 000a 5D       		.byte	0x5d
 256 000b 02000000 		.4byte	.LCFI0
 257 000f 04000000 		.4byte	.LCFI1
 258 0013 0200     		.2byte	0x2
 259 0015 7D       		.byte	0x7d
 260 0016 04       		.sleb128 4
 261 0017 04000000 		.4byte	.LCFI1
 262 001b 78000000 		.4byte	.LFE0
 263 001f 0200     		.2byte	0x2
 264 0021 77       		.byte	0x77
 265 0022 04       		.sleb128 4
 266 0023 00000000 		.4byte	0x0
 267 0027 00000000 		.4byte	0x0
 268              	.LLST1:
 269 002b 00000000 		.4byte	.LFB1
 270 002f 02000000 		.4byte	.LCFI2
 271 0033 0100     		.2byte	0x1
 272 0035 5D       		.byte	0x5d
 273 0036 02000000 		.4byte	.LCFI2
ARM GAS  C:\Users\Geo\AppData\Local\Temp\ccXyvyc6.s 			page 10


 274 003a 04000000 		.4byte	.LCFI3
 275 003e 0200     		.2byte	0x2
 276 0040 7D       		.byte	0x7d
 277 0041 04       		.sleb128 4
 278 0042 04000000 		.4byte	.LCFI3
 279 0046 6E000000 		.4byte	.LFE1
 280 004a 0200     		.2byte	0x2
 281 004c 77       		.byte	0x77
 282 004d 04       		.sleb128 4
 283 004e 00000000 		.4byte	0x0
 284 0052 00000000 		.4byte	0x0
 285              	.LLST2:
 286 0056 00000000 		.4byte	.LFB2
 287 005a 02000000 		.4byte	.LCFI4
 288 005e 0100     		.2byte	0x1
 289 0060 5D       		.byte	0x5d
 290 0061 02000000 		.4byte	.LCFI4
 291 0065 04000000 		.4byte	.LCFI5
 292 0069 0200     		.2byte	0x2
 293 006b 7D       		.byte	0x7d
 294 006c 08       		.sleb128 8
 295 006d 04000000 		.4byte	.LCFI5
 296 0071 40000000 		.4byte	.LFE2
 297 0075 0200     		.2byte	0x2
 298 0077 77       		.byte	0x77
 299 0078 08       		.sleb128 8
 300 0079 00000000 		.4byte	0x0
 301 007d 00000000 		.4byte	0x0
 302              	.LLST3:
 303 0081 00000000 		.4byte	.LFB3
 304 0085 02000000 		.4byte	.LCFI6
 305 0089 0100     		.2byte	0x1
 306 008b 5D       		.byte	0x5d
 307 008c 02000000 		.4byte	.LCFI6
 308 0090 04000000 		.4byte	.LCFI7
 309 0094 0200     		.2byte	0x2
 310 0096 7D       		.byte	0x7d
 311 0097 08       		.sleb128 8
 312 0098 04000000 		.4byte	.LCFI7
 313 009c 24000000 		.4byte	.LFE3
 314 00a0 0200     		.2byte	0x2
 315 00a2 77       		.byte	0x77
 316 00a3 08       		.sleb128 8
 317 00a4 00000000 		.4byte	0x0
 318 00a8 00000000 		.4byte	0x0
 319              		.file 2 ".\\Generated_Source\\PSoC5\\/UartXbee.h"
 320              		.file 3 ".\\Generated_Source\\PSoC5\\/cytypes.h"
 321              		.section	.debug_info
 322 0000 4F010000 		.4byte	0x14f
 323 0004 0200     		.2byte	0x2
 324 0006 00000000 		.4byte	.Ldebug_abbrev0
 325 000a 04       		.byte	0x4
 326 000b 01       		.uleb128 0x1
 327 000c DF000000 		.4byte	.LASF22
 328 0010 01       		.byte	0x1
 329 0011 A8000000 		.4byte	.LASF23
 330 0015 65010000 		.4byte	.LASF24
ARM GAS  C:\Users\Geo\AppData\Local\Temp\ccXyvyc6.s 			page 11


 331 0019 00000000 		.4byte	0x0
 332 001d 00000000 		.4byte	0x0
 333 0021 00000000 		.4byte	.Ldebug_ranges0+0x0
 334 0025 00000000 		.4byte	.Ldebug_line0
 335 0029 02       		.uleb128 0x2
 336 002a 01       		.byte	0x1
 337 002b 06       		.byte	0x6
 338 002c C4010000 		.4byte	.LASF0
 339 0030 02       		.uleb128 0x2
 340 0031 01       		.byte	0x1
 341 0032 08       		.byte	0x8
 342 0033 3E000000 		.4byte	.LASF1
 343 0037 02       		.uleb128 0x2
 344 0038 02       		.byte	0x2
 345 0039 05       		.byte	0x5
 346 003a 1F010000 		.4byte	.LASF2
 347 003e 02       		.uleb128 0x2
 348 003f 02       		.byte	0x2
 349 0040 07       		.byte	0x7
 350 0041 5E000000 		.4byte	.LASF3
 351 0045 02       		.uleb128 0x2
 352 0046 04       		.byte	0x4
 353 0047 05       		.byte	0x5
 354 0048 50010000 		.4byte	.LASF4
 355 004c 02       		.uleb128 0x2
 356 004d 04       		.byte	0x4
 357 004e 07       		.byte	0x7
 358 004f 4C000000 		.4byte	.LASF5
 359 0053 02       		.uleb128 0x2
 360 0054 08       		.byte	0x8
 361 0055 05       		.byte	0x5
 362 0056 00000000 		.4byte	.LASF6
 363 005a 02       		.uleb128 0x2
 364 005b 08       		.byte	0x8
 365 005c 07       		.byte	0x7
 366 005d 91000000 		.4byte	.LASF7
 367 0061 03       		.uleb128 0x3
 368 0062 04       		.byte	0x4
 369 0063 05       		.byte	0x5
 370 0064 696E7400 		.ascii	"int\000"
 371 0068 02       		.uleb128 0x2
 372 0069 04       		.byte	0x4
 373 006a 07       		.byte	0x7
 374 006b 84000000 		.4byte	.LASF8
 375 006f 02       		.uleb128 0x2
 376 0070 01       		.byte	0x1
 377 0071 08       		.byte	0x8
 378 0072 F3000000 		.4byte	.LASF9
 379 0076 04       		.uleb128 0x4
 380 0077 33010000 		.4byte	.LASF16
 381 007b 03       		.byte	0x3
 382 007c 51       		.byte	0x51
 383 007d 30000000 		.4byte	0x30
 384 0081 05       		.uleb128 0x5
 385 0082 39010000 		.4byte	.LASF25
 386 0086 06       		.byte	0x6
 387 0087 02       		.byte	0x2
ARM GAS  C:\Users\Geo\AppData\Local\Temp\ccXyvyc6.s 			page 12


 388 0088 47       		.byte	0x47
 389 0089 E2000000 		.4byte	0xe2
 390 008d 06       		.uleb128 0x6
 391 008e 59010000 		.4byte	.LASF10
 392 0092 02       		.byte	0x2
 393 0093 48       		.byte	0x48
 394 0094 76000000 		.4byte	0x76
 395 0098 02       		.byte	0x2
 396 0099 23       		.byte	0x23
 397 009a 00       		.uleb128 0x0
 398 009b 06       		.uleb128 0x6
 399 009c 29010000 		.4byte	.LASF11
 400 00a0 02       		.byte	0x2
 401 00a1 4E       		.byte	0x4e
 402 00a2 76000000 		.4byte	0x76
 403 00a6 02       		.byte	0x2
 404 00a7 23       		.byte	0x23
 405 00a8 01       		.uleb128 0x1
 406 00a9 06       		.uleb128 0x6
 407 00aa 7C000000 		.4byte	.LASF12
 408 00ae 02       		.byte	0x2
 409 00af 50       		.byte	0x50
 410 00b0 76000000 		.4byte	0x76
 411 00b4 02       		.byte	0x2
 412 00b5 23       		.byte	0x23
 413 00b6 02       		.uleb128 0x2
 414 00b7 06       		.uleb128 0x6
 415 00b8 71000000 		.4byte	.LASF13
 416 00bc 02       		.byte	0x2
 417 00bd 5A       		.byte	0x5a
 418 00be 76000000 		.4byte	0x76
 419 00c2 02       		.byte	0x2
 420 00c3 23       		.byte	0x23
 421 00c4 03       		.uleb128 0x3
 422 00c5 06       		.uleb128 0x6
 423 00c6 31000000 		.4byte	.LASF14
 424 00ca 02       		.byte	0x2
 425 00cb 5C       		.byte	0x5c
 426 00cc 76000000 		.4byte	0x76
 427 00d0 02       		.byte	0x2
 428 00d1 23       		.byte	0x23
 429 00d2 04       		.uleb128 0x4
 430 00d3 06       		.uleb128 0x6
 431 00d4 EB000000 		.4byte	.LASF15
 432 00d8 02       		.byte	0x2
 433 00d9 62       		.byte	0x62
 434 00da 76000000 		.4byte	0x76
 435 00de 02       		.byte	0x2
 436 00df 23       		.byte	0x23
 437 00e0 05       		.uleb128 0x5
 438 00e1 00       		.byte	0x0
 439 00e2 04       		.uleb128 0x4
 440 00e3 08010000 		.4byte	.LASF17
 441 00e7 02       		.byte	0x2
 442 00e8 65       		.byte	0x65
 443 00e9 81000000 		.4byte	0x81
 444 00ed 07       		.uleb128 0x7
ARM GAS  C:\Users\Geo\AppData\Local\Temp\ccXyvyc6.s 			page 13


 445 00ee 01       		.byte	0x1
 446 00ef 1D000000 		.4byte	.LASF18
 447 00f3 01       		.byte	0x1
 448 00f4 34       		.byte	0x34
 449 00f5 01       		.byte	0x1
 450 00f6 00000000 		.4byte	.LFB0
 451 00fa 78000000 		.4byte	.LFE0
 452 00fe 00000000 		.4byte	.LLST0
 453 0102 07       		.uleb128 0x7
 454 0103 01       		.byte	0x1
 455 0104 D0010000 		.4byte	.LASF19
 456 0108 01       		.byte	0x1
 457 0109 6F       		.byte	0x6f
 458 010a 01       		.byte	0x1
 459 010b 00000000 		.4byte	.LFB1
 460 010f 6E000000 		.4byte	.LFE1
 461 0113 2B000000 		.4byte	.LLST1
 462 0117 07       		.uleb128 0x7
 463 0118 01       		.byte	0x1
 464 0119 0E000000 		.4byte	.LASF20
 465 011d 01       		.byte	0x1
 466 011e AC       		.byte	0xac
 467 011f 01       		.byte	0x1
 468 0120 00000000 		.4byte	.LFB2
 469 0124 40000000 		.4byte	.LFE2
 470 0128 56000000 		.4byte	.LLST2
 471 012c 07       		.uleb128 0x7
 472 012d 01       		.byte	0x1
 473 012e F8000000 		.4byte	.LASF21
 474 0132 01       		.byte	0x1
 475 0133 DD       		.byte	0xdd
 476 0134 01       		.byte	0x1
 477 0135 00000000 		.4byte	.LFB3
 478 0139 24000000 		.4byte	.LFE3
 479 013d 81000000 		.4byte	.LLST3
 480 0141 08       		.uleb128 0x8
 481 0142 CF000000 		.4byte	.LASF26
 482 0146 01       		.byte	0x1
 483 0147 18       		.byte	0x18
 484 0148 E2000000 		.4byte	0xe2
 485 014c 05       		.byte	0x5
 486 014d 03       		.byte	0x3
 487 014e 00000000 		.4byte	UartXbee_backup
 488 0152 00       		.byte	0x0
 489              		.section	.debug_abbrev
 490 0000 01       		.uleb128 0x1
 491 0001 11       		.uleb128 0x11
 492 0002 01       		.byte	0x1
 493 0003 25       		.uleb128 0x25
 494 0004 0E       		.uleb128 0xe
 495 0005 13       		.uleb128 0x13
 496 0006 0B       		.uleb128 0xb
 497 0007 03       		.uleb128 0x3
 498 0008 0E       		.uleb128 0xe
 499 0009 1B       		.uleb128 0x1b
 500 000a 0E       		.uleb128 0xe
 501 000b 11       		.uleb128 0x11
ARM GAS  C:\Users\Geo\AppData\Local\Temp\ccXyvyc6.s 			page 14


 502 000c 01       		.uleb128 0x1
 503 000d 52       		.uleb128 0x52
 504 000e 01       		.uleb128 0x1
 505 000f 55       		.uleb128 0x55
 506 0010 06       		.uleb128 0x6
 507 0011 10       		.uleb128 0x10
 508 0012 06       		.uleb128 0x6
 509 0013 00       		.byte	0x0
 510 0014 00       		.byte	0x0
 511 0015 02       		.uleb128 0x2
 512 0016 24       		.uleb128 0x24
 513 0017 00       		.byte	0x0
 514 0018 0B       		.uleb128 0xb
 515 0019 0B       		.uleb128 0xb
 516 001a 3E       		.uleb128 0x3e
 517 001b 0B       		.uleb128 0xb
 518 001c 03       		.uleb128 0x3
 519 001d 0E       		.uleb128 0xe
 520 001e 00       		.byte	0x0
 521 001f 00       		.byte	0x0
 522 0020 03       		.uleb128 0x3
 523 0021 24       		.uleb128 0x24
 524 0022 00       		.byte	0x0
 525 0023 0B       		.uleb128 0xb
 526 0024 0B       		.uleb128 0xb
 527 0025 3E       		.uleb128 0x3e
 528 0026 0B       		.uleb128 0xb
 529 0027 03       		.uleb128 0x3
 530 0028 08       		.uleb128 0x8
 531 0029 00       		.byte	0x0
 532 002a 00       		.byte	0x0
 533 002b 04       		.uleb128 0x4
 534 002c 16       		.uleb128 0x16
 535 002d 00       		.byte	0x0
 536 002e 03       		.uleb128 0x3
 537 002f 0E       		.uleb128 0xe
 538 0030 3A       		.uleb128 0x3a
 539 0031 0B       		.uleb128 0xb
 540 0032 3B       		.uleb128 0x3b
 541 0033 0B       		.uleb128 0xb
 542 0034 49       		.uleb128 0x49
 543 0035 13       		.uleb128 0x13
 544 0036 00       		.byte	0x0
 545 0037 00       		.byte	0x0
 546 0038 05       		.uleb128 0x5
 547 0039 13       		.uleb128 0x13
 548 003a 01       		.byte	0x1
 549 003b 03       		.uleb128 0x3
 550 003c 0E       		.uleb128 0xe
 551 003d 0B       		.uleb128 0xb
 552 003e 0B       		.uleb128 0xb
 553 003f 3A       		.uleb128 0x3a
 554 0040 0B       		.uleb128 0xb
 555 0041 3B       		.uleb128 0x3b
 556 0042 0B       		.uleb128 0xb
 557 0043 01       		.uleb128 0x1
 558 0044 13       		.uleb128 0x13
ARM GAS  C:\Users\Geo\AppData\Local\Temp\ccXyvyc6.s 			page 15


 559 0045 00       		.byte	0x0
 560 0046 00       		.byte	0x0
 561 0047 06       		.uleb128 0x6
 562 0048 0D       		.uleb128 0xd
 563 0049 00       		.byte	0x0
 564 004a 03       		.uleb128 0x3
 565 004b 0E       		.uleb128 0xe
 566 004c 3A       		.uleb128 0x3a
 567 004d 0B       		.uleb128 0xb
 568 004e 3B       		.uleb128 0x3b
 569 004f 0B       		.uleb128 0xb
 570 0050 49       		.uleb128 0x49
 571 0051 13       		.uleb128 0x13
 572 0052 38       		.uleb128 0x38
 573 0053 0A       		.uleb128 0xa
 574 0054 00       		.byte	0x0
 575 0055 00       		.byte	0x0
 576 0056 07       		.uleb128 0x7
 577 0057 2E       		.uleb128 0x2e
 578 0058 00       		.byte	0x0
 579 0059 3F       		.uleb128 0x3f
 580 005a 0C       		.uleb128 0xc
 581 005b 03       		.uleb128 0x3
 582 005c 0E       		.uleb128 0xe
 583 005d 3A       		.uleb128 0x3a
 584 005e 0B       		.uleb128 0xb
 585 005f 3B       		.uleb128 0x3b
 586 0060 0B       		.uleb128 0xb
 587 0061 27       		.uleb128 0x27
 588 0062 0C       		.uleb128 0xc
 589 0063 11       		.uleb128 0x11
 590 0064 01       		.uleb128 0x1
 591 0065 12       		.uleb128 0x12
 592 0066 01       		.uleb128 0x1
 593 0067 40       		.uleb128 0x40
 594 0068 06       		.uleb128 0x6
 595 0069 00       		.byte	0x0
 596 006a 00       		.byte	0x0
 597 006b 08       		.uleb128 0x8
 598 006c 34       		.uleb128 0x34
 599 006d 00       		.byte	0x0
 600 006e 03       		.uleb128 0x3
 601 006f 0E       		.uleb128 0xe
 602 0070 3A       		.uleb128 0x3a
 603 0071 0B       		.uleb128 0xb
 604 0072 3B       		.uleb128 0x3b
 605 0073 0B       		.uleb128 0xb
 606 0074 49       		.uleb128 0x49
 607 0075 13       		.uleb128 0x13
 608 0076 02       		.uleb128 0x2
 609 0077 0A       		.uleb128 0xa
 610 0078 00       		.byte	0x0
 611 0079 00       		.byte	0x0
 612 007a 00       		.byte	0x0
 613              		.section	.debug_pubnames,"",%progbits
 614 0000 68000000 		.4byte	0x68
 615 0004 0200     		.2byte	0x2
ARM GAS  C:\Users\Geo\AppData\Local\Temp\ccXyvyc6.s 			page 16


 616 0006 00000000 		.4byte	.Ldebug_info0
 617 000a 53010000 		.4byte	0x153
 618 000e ED000000 		.4byte	0xed
 619 0012 55617274 		.ascii	"UartXbee_SaveConfig\000"
 619      58626565 
 619      5F536176 
 619      65436F6E 
 619      66696700 
 620 0026 02010000 		.4byte	0x102
 621 002a 55617274 		.ascii	"UartXbee_RestoreConfig\000"
 621      58626565 
 621      5F526573 
 621      746F7265 
 621      436F6E66 
 622 0041 17010000 		.4byte	0x117
 623 0045 55617274 		.ascii	"UartXbee_Sleep\000"
 623      58626565 
 623      5F536C65 
 623      657000
 624 0054 2C010000 		.4byte	0x12c
 625 0058 55617274 		.ascii	"UartXbee_Wakeup\000"
 625      58626565 
 625      5F57616B 
 625      65757000 
 626 0068 00000000 		.4byte	0x0
 627              		.section	.debug_aranges,"",%progbits
 628 0000 34000000 		.4byte	0x34
 629 0004 0200     		.2byte	0x2
 630 0006 00000000 		.4byte	.Ldebug_info0
 631 000a 04       		.byte	0x4
 632 000b 00       		.byte	0x0
 633 000c 0000     		.2byte	0x0
 634 000e 0000     		.2byte	0x0
 635 0010 00000000 		.4byte	.LFB0
 636 0014 78000000 		.4byte	.LFE0-.LFB0
 637 0018 00000000 		.4byte	.LFB1
 638 001c 6E000000 		.4byte	.LFE1-.LFB1
 639 0020 00000000 		.4byte	.LFB2
 640 0024 40000000 		.4byte	.LFE2-.LFB2
 641 0028 00000000 		.4byte	.LFB3
 642 002c 24000000 		.4byte	.LFE3-.LFB3
 643 0030 00000000 		.4byte	0x0
 644 0034 00000000 		.4byte	0x0
 645              		.section	.debug_ranges,"",%progbits
 646              	.Ldebug_ranges0:
 647 0000 00000000 		.4byte	.Ltext0
 648 0004 00000000 		.4byte	.Letext0
 649 0008 00000000 		.4byte	.LFB0
 650 000c 78000000 		.4byte	.LFE0
 651 0010 00000000 		.4byte	.LFB1
 652 0014 6E000000 		.4byte	.LFE1
 653 0018 00000000 		.4byte	.LFB2
 654 001c 40000000 		.4byte	.LFE2
 655 0020 00000000 		.4byte	.LFB3
 656 0024 24000000 		.4byte	.LFE3
 657 0028 00000000 		.4byte	0x0
 658 002c 00000000 		.4byte	0x0
ARM GAS  C:\Users\Geo\AppData\Local\Temp\ccXyvyc6.s 			page 17


 659              		.section	.debug_str,"MS",%progbits,1
 660              	.LASF6:
 661 0000 6C6F6E67 		.ascii	"long long int\000"
 661      206C6F6E 
 661      6720696E 
 661      7400
 662              	.LASF20:
 663 000e 55617274 		.ascii	"UartXbee_Sleep\000"
 663      58626565 
 663      5F536C65 
 663      657000
 664              	.LASF18:
 665 001d 55617274 		.ascii	"UartXbee_SaveConfig\000"
 665      58626565 
 665      5F536176 
 665      65436F6E 
 665      66696700 
 666              	.LASF14:
 667 0031 74785F63 		.ascii	"tx_clk_compl\000"
 667      6C6B5F63 
 667      6F6D706C 
 667      00
 668              	.LASF1:
 669 003e 756E7369 		.ascii	"unsigned char\000"
 669      676E6564 
 669      20636861 
 669      7200
 670              	.LASF5:
 671 004c 6C6F6E67 		.ascii	"long unsigned int\000"
 671      20756E73 
 671      69676E65 
 671      6420696E 
 671      7400
 672              	.LASF3:
 673 005e 73686F72 		.ascii	"short unsigned int\000"
 673      7420756E 
 673      7369676E 
 673      65642069 
 673      6E7400
 674              	.LASF13:
 675 0071 74785F63 		.ascii	"tx_clk_ctr\000"
 675      6C6B5F63 
 675      747200
 676              	.LASF12:
 677 007c 72785F6D 		.ascii	"rx_mask\000"
 677      61736B00 
 678              	.LASF8:
 679 0084 756E7369 		.ascii	"unsigned int\000"
 679      676E6564 
 679      20696E74 
 679      00
 680              	.LASF7:
 681 0091 6C6F6E67 		.ascii	"long long unsigned int\000"
 681      206C6F6E 
 681      6720756E 
 681      7369676E 
 681      65642069 
ARM GAS  C:\Users\Geo\AppData\Local\Temp\ccXyvyc6.s 			page 18


 682              	.LASF23:
 683 00a8 2E5C4765 		.ascii	".\\Generated_Source\\PSoC5\\UartXbee_PM.c\000"
 683      6E657261 
 683      7465645F 
 683      536F7572 
 683      63655C50 
 684              	.LASF26:
 685 00cf 55617274 		.ascii	"UartXbee_backup\000"
 685      58626565 
 685      5F626163 
 685      6B757000 
 686              	.LASF22:
 687 00df 474E5520 		.ascii	"GNU C 4.4.1\000"
 687      4320342E 
 687      342E3100 
 688              	.LASF15:
 689 00eb 74785F6D 		.ascii	"tx_mask\000"
 689      61736B00 
 690              	.LASF9:
 691 00f3 63686172 		.ascii	"char\000"
 691      00
 692              	.LASF21:
 693 00f8 55617274 		.ascii	"UartXbee_Wakeup\000"
 693      58626565 
 693      5F57616B 
 693      65757000 
 694              	.LASF17:
 695 0108 55617274 		.ascii	"UartXbee_BACKUP_STRUCT\000"
 695      58626565 
 695      5F424143 
 695      4B55505F 
 695      53545255 
 696              	.LASF2:
 697 011f 73686F72 		.ascii	"short int\000"
 697      7420696E 
 697      7400
 698              	.LASF11:
 699 0129 72785F70 		.ascii	"rx_period\000"
 699      6572696F 
 699      6400
 700              	.LASF16:
 701 0133 75696E74 		.ascii	"uint8\000"
 701      3800
 702              	.LASF25:
 703 0139 5F556172 		.ascii	"_UartXbee_backupStruct\000"
 703      74586265 
 703      655F6261 
 703      636B7570 
 703      53747275 
 704              	.LASF4:
 705 0150 6C6F6E67 		.ascii	"long int\000"
 705      20696E74 
 705      00
 706              	.LASF10:
 707 0159 656E6162 		.ascii	"enableState\000"
 707      6C655374 
 707      61746500 
ARM GAS  C:\Users\Geo\AppData\Local\Temp\ccXyvyc6.s 			page 19


 708              	.LASF24:
 709 0165 433A5C55 		.ascii	"C:\\Users\\Geo\\Documents\\Projects\\Electric Skate"
 709      73657273 
 709      5C47656F 
 709      5C446F63 
 709      756D656E 
 710 0193 626F6172 		.ascii	"board\\Firmware\\PSoC\\Skateboard Motherboard.cydsn"
 710      645C4669 
 710      726D7761 
 710      72655C50 
 710      536F435C 
 711 01c3 00       		.ascii	"\000"
 712              	.LASF0:
 713 01c4 7369676E 		.ascii	"signed char\000"
 713      65642063 
 713      68617200 
 714              	.LASF19:
 715 01d0 55617274 		.ascii	"UartXbee_RestoreConfig\000"
 715      58626565 
 715      5F526573 
 715      746F7265 
 715      436F6E66 
 716              		.ident	"GCC: (Sourcery G++ Lite 2010q1-188) 4.4.1"
