ARM GAS  C:\Users\Geo\AppData\Local\Temp\cc9KdAad.s 			page 1


   1              		.syntax unified
   2              		.cpu cortex-m3
   3              		.fpu softvfp
   4              		.eabi_attribute 20, 1
   5              		.eabi_attribute 21, 1
   6              		.eabi_attribute 23, 3
   7              		.eabi_attribute 24, 1
   8              		.eabi_attribute 25, 1
   9              		.eabi_attribute 26, 1
  10              		.eabi_attribute 30, 6
  11              		.eabi_attribute 18, 4
  12              		.thumb
  13              		.file	"UartXbee_INT.c"
  14              		.section	.debug_abbrev,"",%progbits
  15              	.Ldebug_abbrev0:
  16              		.section	.debug_info,"",%progbits
  17              	.Ldebug_info0:
  18              		.section	.debug_line,"",%progbits
  19              	.Ldebug_line0:
  20 0000 B6000000 		.text
  20      02006500 
  20      00000201 
  20      FB0E0D00 
  20      01010101 
  21              	.Ltext0:
  22              		.cfi_sections	.debug_frame
  23              		.section	.text.UartXbee_RXISR,"ax",%progbits
  24              		.align	2
  25              		.global	UartXbee_RXISR
  26              		.thumb
  27              		.thumb_func
  28              		.type	UartXbee_RXISR, %function
  29              	UartXbee_RXISR:
  30              	.LFB0:
  31              		.file 1 ".\\Generated_Source\\PSoC5\\UartXbee_INT.c"
   1:.\Generated_Source\PSoC5/UartXbee_INT.c **** /*******************************************************************************
   2:.\Generated_Source\PSoC5/UartXbee_INT.c **** * File Name: UartXbee_INT.c
   3:.\Generated_Source\PSoC5/UartXbee_INT.c **** * Version 2.10
   4:.\Generated_Source\PSoC5/UartXbee_INT.c **** *
   5:.\Generated_Source\PSoC5/UartXbee_INT.c **** * Description:
   6:.\Generated_Source\PSoC5/UartXbee_INT.c **** *  This file provides all Interrupt Service functionality of the UART component
   7:.\Generated_Source\PSoC5/UartXbee_INT.c **** *
   8:.\Generated_Source\PSoC5/UartXbee_INT.c **** * Note:
   9:.\Generated_Source\PSoC5/UartXbee_INT.c **** *  Any unusual or non-standard behavior should be noted here. Other-
  10:.\Generated_Source\PSoC5/UartXbee_INT.c **** *  wise, this section should remain blank.
  11:.\Generated_Source\PSoC5/UartXbee_INT.c **** *
  12:.\Generated_Source\PSoC5/UartXbee_INT.c **** *******************************************************************************
  13:.\Generated_Source\PSoC5/UartXbee_INT.c **** * Copyright 2008-2011, Cypress Semiconductor Corporation.  All rights reserved.
  14:.\Generated_Source\PSoC5/UartXbee_INT.c **** * You may use this file only in accordance with the license, terms, conditions,
  15:.\Generated_Source\PSoC5/UartXbee_INT.c **** * disclaimers, and limitations in the end user license agreement accompanying
  16:.\Generated_Source\PSoC5/UartXbee_INT.c **** * the software package with which this file was provided.
  17:.\Generated_Source\PSoC5/UartXbee_INT.c **** ********************************************************************************/
  18:.\Generated_Source\PSoC5/UartXbee_INT.c **** 
  19:.\Generated_Source\PSoC5/UartXbee_INT.c **** #include "UartXbee.h"
  20:.\Generated_Source\PSoC5/UartXbee_INT.c **** #include "CyLib.h"
  21:.\Generated_Source\PSoC5/UartXbee_INT.c **** 
  22:.\Generated_Source\PSoC5/UartXbee_INT.c **** 
ARM GAS  C:\Users\Geo\AppData\Local\Temp\cc9KdAad.s 			page 2


  23:.\Generated_Source\PSoC5/UartXbee_INT.c **** /***************************************
  24:.\Generated_Source\PSoC5/UartXbee_INT.c **** * Custom Declratations
  25:.\Generated_Source\PSoC5/UartXbee_INT.c **** ***************************************/
  26:.\Generated_Source\PSoC5/UartXbee_INT.c **** /* `#START CUSTOM_DECLARATIONS` Place your declaration here */
  27:.\Generated_Source\PSoC5/UartXbee_INT.c **** 
  28:.\Generated_Source\PSoC5/UartXbee_INT.c **** /* `#END` */
  29:.\Generated_Source\PSoC5/UartXbee_INT.c **** 
  30:.\Generated_Source\PSoC5/UartXbee_INT.c **** #if( (UartXbee_RX_ENABLED || UartXbee_HD_ENABLED) && \
  31:.\Generated_Source\PSoC5/UartXbee_INT.c ****      (UartXbee_RXBUFFERSIZE > UartXbee_FIFO_LENGTH))
  32:.\Generated_Source\PSoC5/UartXbee_INT.c **** 
  33:.\Generated_Source\PSoC5/UartXbee_INT.c ****     extern volatile uint8 UartXbee_rxBuffer[];
  34:.\Generated_Source\PSoC5/UartXbee_INT.c ****     extern volatile uint8 UartXbee_rxBufferRead;
  35:.\Generated_Source\PSoC5/UartXbee_INT.c ****     extern volatile uint8 UartXbee_rxBufferWrite;
  36:.\Generated_Source\PSoC5/UartXbee_INT.c ****     extern volatile uint8 UartXbee_rxBufferLoopDetect;
  37:.\Generated_Source\PSoC5/UartXbee_INT.c ****     extern volatile uint8 UartXbee_rxBufferOverflow;
  38:.\Generated_Source\PSoC5/UartXbee_INT.c ****     #if (UartXbee_RXHW_ADDRESS_ENABLED)
  39:.\Generated_Source\PSoC5/UartXbee_INT.c ****         extern volatile uint8 UartXbee_rxAddressMode;
  40:.\Generated_Source\PSoC5/UartXbee_INT.c ****         extern volatile uint8 UartXbee_rxAddressDetected;
  41:.\Generated_Source\PSoC5/UartXbee_INT.c ****     #endif /* End EnableHWAddress */    
  42:.\Generated_Source\PSoC5/UartXbee_INT.c **** 
  43:.\Generated_Source\PSoC5/UartXbee_INT.c ****     /*******************************************************************************
  44:.\Generated_Source\PSoC5/UartXbee_INT.c ****     * Function Name: UartXbee_RXISR
  45:.\Generated_Source\PSoC5/UartXbee_INT.c ****     ********************************************************************************
  46:.\Generated_Source\PSoC5/UartXbee_INT.c ****     *
  47:.\Generated_Source\PSoC5/UartXbee_INT.c ****     * Summary:
  48:.\Generated_Source\PSoC5/UartXbee_INT.c ****     *  Interrupt Service Routine for RX portion of the UART
  49:.\Generated_Source\PSoC5/UartXbee_INT.c ****     *
  50:.\Generated_Source\PSoC5/UartXbee_INT.c ****     * Parameters:
  51:.\Generated_Source\PSoC5/UartXbee_INT.c ****     *  None.
  52:.\Generated_Source\PSoC5/UartXbee_INT.c ****     *
  53:.\Generated_Source\PSoC5/UartXbee_INT.c ****     * Return:
  54:.\Generated_Source\PSoC5/UartXbee_INT.c ****     *  None.
  55:.\Generated_Source\PSoC5/UartXbee_INT.c ****     *
  56:.\Generated_Source\PSoC5/UartXbee_INT.c ****     * Global Variables:
  57:.\Generated_Source\PSoC5/UartXbee_INT.c ****     *  UartXbee_rxBuffer - RAM buffer pointer for save received data.
  58:.\Generated_Source\PSoC5/UartXbee_INT.c ****     *  UartXbee_rxBufferWrite - cyclic index for write to rxBuffer, 
  59:.\Generated_Source\PSoC5/UartXbee_INT.c ****     *     increments after each byte saved to buffer.
  60:.\Generated_Source\PSoC5/UartXbee_INT.c ****     *  UartXbee_rxBufferRead - cyclic index for read from rxBuffer, 
  61:.\Generated_Source\PSoC5/UartXbee_INT.c ****     *     checked to detect overflow condition.
  62:.\Generated_Source\PSoC5/UartXbee_INT.c ****     *  UartXbee_rxBufferOverflow - software overflow flag. Set to one
  63:.\Generated_Source\PSoC5/UartXbee_INT.c ****     *     when UartXbee_rxBufferWrite index overtakes 
  64:.\Generated_Source\PSoC5/UartXbee_INT.c ****     *     UartXbee_rxBufferRead index.
  65:.\Generated_Source\PSoC5/UartXbee_INT.c ****     *  UartXbee_rxBufferLoopDetect - additional variable to detect overflow.
  66:.\Generated_Source\PSoC5/UartXbee_INT.c ****     *     Set to one when UartXbee_rxBufferWrite is equal to 
  67:.\Generated_Source\PSoC5/UartXbee_INT.c ****     *    UartXbee_rxBufferRead
  68:.\Generated_Source\PSoC5/UartXbee_INT.c ****     *  UartXbee_rxAddressMode - this variable contains the Address mode, 
  69:.\Generated_Source\PSoC5/UartXbee_INT.c ****     *     selected in customizer or set by UART_SetRxAddressMode() API.
  70:.\Generated_Source\PSoC5/UartXbee_INT.c ****     *  UartXbee_rxAddressDetected - set to 1 when correct address received,
  71:.\Generated_Source\PSoC5/UartXbee_INT.c ****     *     and analysed to store following addressed data bytes to the buffer.
  72:.\Generated_Source\PSoC5/UartXbee_INT.c ****     *     When not correct address received, set to 0 to skip following data bytes.
  73:.\Generated_Source\PSoC5/UartXbee_INT.c ****     *
  74:.\Generated_Source\PSoC5/UartXbee_INT.c ****     *******************************************************************************/
  75:.\Generated_Source\PSoC5/UartXbee_INT.c ****     CY_ISR(UartXbee_RXISR)
  76:.\Generated_Source\PSoC5/UartXbee_INT.c ****     {
  32              		.loc 1 76 0
  33              		.cfi_startproc
  34              		@ args = 0, pretend = 0, frame = 8
ARM GAS  C:\Users\Geo\AppData\Local\Temp\cc9KdAad.s 			page 3


  35              		@ frame_needed = 1, uses_anonymous_args = 0
  36              		@ link register save eliminated.
  37 0000 80B4     		push	{r7}
  38              	.LCFI0:
  39              		.cfi_def_cfa_offset 4
  40 0002 83B0     		sub	sp, sp, #12
  41              	.LCFI1:
  42              		.cfi_def_cfa_offset 16
  43 0004 00AF     		add	r7, sp, #0
  44              		.cfi_offset 7, -4
  45              	.LCFI2:
  46              		.cfi_def_cfa_register 7
  77:.\Generated_Source\PSoC5/UartXbee_INT.c ****         uint8 readData;
  78:.\Generated_Source\PSoC5/UartXbee_INT.c ****         uint8 increment_pointer = 0;
  47              		.loc 1 78 0
  48 0006 4FF00003 		mov	r3, #0
  49 000a FB71     		strb	r3, [r7, #7]
  79:.\Generated_Source\PSoC5/UartXbee_INT.c **** 
  80:.\Generated_Source\PSoC5/UartXbee_INT.c ****         /* User code required at start of ISR */
  81:.\Generated_Source\PSoC5/UartXbee_INT.c ****         /* `#START UartXbee_RXISR_START` */
  82:.\Generated_Source\PSoC5/UartXbee_INT.c **** 
  83:.\Generated_Source\PSoC5/UartXbee_INT.c ****         /* `#END` */
  84:.\Generated_Source\PSoC5/UartXbee_INT.c **** 
  85:.\Generated_Source\PSoC5/UartXbee_INT.c ****         readData = UartXbee_RXSTATUS_REG;
  50              		.loc 1 85 0
  51 000c 46F26753 		movw	r3, #:lower16:1073767783
  52 0010 C4F20003 		movt	r3, #:upper16:1073767783
  53 0014 1B78     		ldrb	r3, [r3, #0]
  54 0016 BB71     		strb	r3, [r7, #6]
  86:.\Generated_Source\PSoC5/UartXbee_INT.c **** 
  87:.\Generated_Source\PSoC5/UartXbee_INT.c ****         if((readData & (UartXbee_RX_STS_BREAK | UartXbee_RX_STS_PAR_ERROR |
  88:.\Generated_Source\PSoC5/UartXbee_INT.c ****                         UartXbee_RX_STS_STOP_ERROR | UartXbee_RX_STS_OVERRUN)) != 0)
  89:.\Generated_Source\PSoC5/UartXbee_INT.c ****         {
  90:.\Generated_Source\PSoC5/UartXbee_INT.c ****             /* ERROR handling. */
  91:.\Generated_Source\PSoC5/UartXbee_INT.c ****             /* `#START UartXbee_RXISR_ERROR` */
  92:.\Generated_Source\PSoC5/UartXbee_INT.c **** 
  93:.\Generated_Source\PSoC5/UartXbee_INT.c ****             /* `#END` */
  94:.\Generated_Source\PSoC5/UartXbee_INT.c ****         }
  95:.\Generated_Source\PSoC5/UartXbee_INT.c **** 
  96:.\Generated_Source\PSoC5/UartXbee_INT.c ****         while(readData & UartXbee_RX_STS_FIFO_NOTEMPTY)
  55              		.loc 1 96 0
  56 0018 5EE0     		b	.L2
  57              	.L6:
  97:.\Generated_Source\PSoC5/UartXbee_INT.c ****         {
  98:.\Generated_Source\PSoC5/UartXbee_INT.c ****             
  99:.\Generated_Source\PSoC5/UartXbee_INT.c ****             #if (UartXbee_RXHW_ADDRESS_ENABLED)
 100:.\Generated_Source\PSoC5/UartXbee_INT.c ****                 if(UartXbee_rxAddressMode == UartXbee__B_UART__AM_SW_DETECT_TO_BUFFER) 
 101:.\Generated_Source\PSoC5/UartXbee_INT.c ****                 {
 102:.\Generated_Source\PSoC5/UartXbee_INT.c ****                     if((readData & UartXbee_RX_STS_MRKSPC) != 0u )
 103:.\Generated_Source\PSoC5/UartXbee_INT.c ****                     {  
 104:.\Generated_Source\PSoC5/UartXbee_INT.c ****                         if ((readData & UartXbee_RX_STS_ADDR_MATCH) != 0)
 105:.\Generated_Source\PSoC5/UartXbee_INT.c ****                         {
 106:.\Generated_Source\PSoC5/UartXbee_INT.c ****                             UartXbee_rxAddressDetected = 1u;
 107:.\Generated_Source\PSoC5/UartXbee_INT.c ****                         }
 108:.\Generated_Source\PSoC5/UartXbee_INT.c ****                         else
 109:.\Generated_Source\PSoC5/UartXbee_INT.c ****                         {
 110:.\Generated_Source\PSoC5/UartXbee_INT.c ****                             UartXbee_rxAddressDetected = 0u;
ARM GAS  C:\Users\Geo\AppData\Local\Temp\cc9KdAad.s 			page 4


 111:.\Generated_Source\PSoC5/UartXbee_INT.c ****                         }
 112:.\Generated_Source\PSoC5/UartXbee_INT.c ****                     }
 113:.\Generated_Source\PSoC5/UartXbee_INT.c **** 
 114:.\Generated_Source\PSoC5/UartXbee_INT.c ****                     readData = UartXbee_RXDATA_REG;
 115:.\Generated_Source\PSoC5/UartXbee_INT.c ****                     if(UartXbee_rxAddressDetected != 0u)
 116:.\Generated_Source\PSoC5/UartXbee_INT.c ****                     {   /* store only addressed data */
 117:.\Generated_Source\PSoC5/UartXbee_INT.c ****                         UartXbee_rxBuffer[UartXbee_rxBufferWrite] = readData;
 118:.\Generated_Source\PSoC5/UartXbee_INT.c ****                         increment_pointer = 1u;
 119:.\Generated_Source\PSoC5/UartXbee_INT.c ****                     }
 120:.\Generated_Source\PSoC5/UartXbee_INT.c ****                 }
 121:.\Generated_Source\PSoC5/UartXbee_INT.c ****                 else /* without software addressing */
 122:.\Generated_Source\PSoC5/UartXbee_INT.c ****                 {
 123:.\Generated_Source\PSoC5/UartXbee_INT.c ****                     UartXbee_rxBuffer[UartXbee_rxBufferWrite] = UartXbee_RXDATA_REG;
 124:.\Generated_Source\PSoC5/UartXbee_INT.c ****                     increment_pointer = 1u;
 125:.\Generated_Source\PSoC5/UartXbee_INT.c ****                 }
 126:.\Generated_Source\PSoC5/UartXbee_INT.c ****             #else  /* without addressing */
 127:.\Generated_Source\PSoC5/UartXbee_INT.c ****                 UartXbee_rxBuffer[UartXbee_rxBufferWrite] = UartXbee_RXDATA_REG;
  58              		.loc 1 127 0
  59 001a 40F20003 		movw	r3, #:lower16:UartXbee_rxBufferWrite
  60 001e C0F20003 		movt	r3, #:upper16:UartXbee_rxBufferWrite
  61 0022 1B78     		ldrb	r3, [r3, #0]
  62 0024 DBB2     		uxtb	r3, r3
  63 0026 1A46     		mov	r2, r3
  64 0028 46F24853 		movw	r3, #:lower16:1073767752
  65 002c C4F20003 		movt	r3, #:upper16:1073767752
  66 0030 1B78     		ldrb	r3, [r3, #0]
  67 0032 D9B2     		uxtb	r1, r3
  68 0034 40F20003 		movw	r3, #:lower16:UartXbee_rxBuffer
  69 0038 C0F20003 		movt	r3, #:upper16:UartXbee_rxBuffer
  70 003c 9954     		strb	r1, [r3, r2]
 128:.\Generated_Source\PSoC5/UartXbee_INT.c ****                 increment_pointer = 1u;
  71              		.loc 1 128 0
  72 003e 4FF00103 		mov	r3, #1
  73 0042 FB71     		strb	r3, [r7, #7]
 129:.\Generated_Source\PSoC5/UartXbee_INT.c ****             #endif /* End SW_DETECT_TO_BUFFER */
 130:.\Generated_Source\PSoC5/UartXbee_INT.c ****             
 131:.\Generated_Source\PSoC5/UartXbee_INT.c ****             /* do not increment buffer pointer when skip not adderessed data */
 132:.\Generated_Source\PSoC5/UartXbee_INT.c ****             if( increment_pointer != 0u )
  74              		.loc 1 132 0
  75 0044 FB79     		ldrb	r3, [r7, #7]	@ zero_extendqisi2
  76 0046 002B     		cmp	r3, #0
  77 0048 40D0     		beq	.L3
 133:.\Generated_Source\PSoC5/UartXbee_INT.c ****             {
 134:.\Generated_Source\PSoC5/UartXbee_INT.c ****                 if(UartXbee_rxBufferLoopDetect)
  78              		.loc 1 134 0
  79 004a 40F20003 		movw	r3, #:lower16:UartXbee_rxBufferLoopDetect
  80 004e C0F20003 		movt	r3, #:upper16:UartXbee_rxBufferLoopDetect
  81 0052 1B78     		ldrb	r3, [r3, #0]
  82 0054 DBB2     		uxtb	r3, r3
  83 0056 002B     		cmp	r3, #0
  84 0058 06D0     		beq	.L4
 135:.\Generated_Source\PSoC5/UartXbee_INT.c ****                 {   /* Set Software Buffer status Overflow */
 136:.\Generated_Source\PSoC5/UartXbee_INT.c ****                     UartXbee_rxBufferOverflow = 1u;
  85              		.loc 1 136 0
  86 005a 40F20003 		movw	r3, #:lower16:UartXbee_rxBufferOverflow
  87 005e C0F20003 		movt	r3, #:upper16:UartXbee_rxBufferOverflow
  88 0062 4FF00102 		mov	r2, #1
ARM GAS  C:\Users\Geo\AppData\Local\Temp\cc9KdAad.s 			page 5


  89 0066 1A70     		strb	r2, [r3, #0]
  90              	.L4:
 137:.\Generated_Source\PSoC5/UartXbee_INT.c ****                 }
 138:.\Generated_Source\PSoC5/UartXbee_INT.c ****                 /* Set next pointer. */
 139:.\Generated_Source\PSoC5/UartXbee_INT.c ****                 UartXbee_rxBufferWrite++;
  91              		.loc 1 139 0
  92 0068 40F20003 		movw	r3, #:lower16:UartXbee_rxBufferWrite
  93 006c C0F20003 		movt	r3, #:upper16:UartXbee_rxBufferWrite
  94 0070 1B78     		ldrb	r3, [r3, #0]
  95 0072 DBB2     		uxtb	r3, r3
  96 0074 03F10103 		add	r3, r3, #1
  97 0078 DAB2     		uxtb	r2, r3
  98 007a 40F20003 		movw	r3, #:lower16:UartXbee_rxBufferWrite
  99 007e C0F20003 		movt	r3, #:upper16:UartXbee_rxBufferWrite
 100 0082 1A70     		strb	r2, [r3, #0]
 140:.\Generated_Source\PSoC5/UartXbee_INT.c **** 
 141:.\Generated_Source\PSoC5/UartXbee_INT.c ****                 /* Check pointer for a loop condition */
 142:.\Generated_Source\PSoC5/UartXbee_INT.c ****                 if(UartXbee_rxBufferWrite >= UartXbee_RXBUFFERSIZE)
 101              		.loc 1 142 0
 102 0084 40F20003 		movw	r3, #:lower16:UartXbee_rxBufferWrite
 103 0088 C0F20003 		movt	r3, #:upper16:UartXbee_rxBufferWrite
 104 008c 1B78     		ldrb	r3, [r3, #0]
 105 008e DBB2     		uxtb	r3, r3
 106 0090 312B     		cmp	r3, #49
 107 0092 06D9     		bls	.L5
 143:.\Generated_Source\PSoC5/UartXbee_INT.c ****                 {
 144:.\Generated_Source\PSoC5/UartXbee_INT.c ****                     UartXbee_rxBufferWrite = 0u;
 108              		.loc 1 144 0
 109 0094 40F20003 		movw	r3, #:lower16:UartXbee_rxBufferWrite
 110 0098 C0F20003 		movt	r3, #:upper16:UartXbee_rxBufferWrite
 111 009c 4FF00002 		mov	r2, #0
 112 00a0 1A70     		strb	r2, [r3, #0]
 113              	.L5:
 145:.\Generated_Source\PSoC5/UartXbee_INT.c ****                 }
 146:.\Generated_Source\PSoC5/UartXbee_INT.c ****                 /* Detect pre-overload condition and set flag */
 147:.\Generated_Source\PSoC5/UartXbee_INT.c ****                 if(UartXbee_rxBufferWrite == UartXbee_rxBufferRead)
 114              		.loc 1 147 0
 115 00a2 40F20003 		movw	r3, #:lower16:UartXbee_rxBufferWrite
 116 00a6 C0F20003 		movt	r3, #:upper16:UartXbee_rxBufferWrite
 117 00aa 1B78     		ldrb	r3, [r3, #0]
 118 00ac DAB2     		uxtb	r2, r3
 119 00ae 40F20003 		movw	r3, #:lower16:UartXbee_rxBufferRead
 120 00b2 C0F20003 		movt	r3, #:upper16:UartXbee_rxBufferRead
 121 00b6 1B78     		ldrb	r3, [r3, #0]
 122 00b8 DBB2     		uxtb	r3, r3
 123 00ba 9A42     		cmp	r2, r3
 124 00bc 06D1     		bne	.L3
 148:.\Generated_Source\PSoC5/UartXbee_INT.c ****                 {
 149:.\Generated_Source\PSoC5/UartXbee_INT.c ****                     UartXbee_rxBufferLoopDetect = 1u;
 125              		.loc 1 149 0
 126 00be 40F20003 		movw	r3, #:lower16:UartXbee_rxBufferLoopDetect
 127 00c2 C0F20003 		movt	r3, #:upper16:UartXbee_rxBufferLoopDetect
 128 00c6 4FF00102 		mov	r2, #1
 129 00ca 1A70     		strb	r2, [r3, #0]
 130              	.L3:
 150:.\Generated_Source\PSoC5/UartXbee_INT.c ****                     /* When Hardware Flow Control selected */
 151:.\Generated_Source\PSoC5/UartXbee_INT.c ****                     #if(UartXbee_FLOW_CONTROL != 0u)
ARM GAS  C:\Users\Geo\AppData\Local\Temp\cc9KdAad.s 			page 6


 152:.\Generated_Source\PSoC5/UartXbee_INT.c ****                     /* Disable RX interrupt mask, it will be enabled when user read data from the b
 153:.\Generated_Source\PSoC5/UartXbee_INT.c ****                         UartXbee_RXSTATUS_MASK_REG  &= ~UartXbee_RX_STS_FIFO_NOTEMPTY;
 154:.\Generated_Source\PSoC5/UartXbee_INT.c ****                         CyIntClearPending(UartXbee_RX_VECT_NUM); 
 155:.\Generated_Source\PSoC5/UartXbee_INT.c ****                         break; /* Break the reading of the FIFO loop, leave the data there for gene
 156:.\Generated_Source\PSoC5/UartXbee_INT.c ****                     #endif /* End UartXbee_FLOW_CONTROL != 0 */    
 157:.\Generated_Source\PSoC5/UartXbee_INT.c ****                 }
 158:.\Generated_Source\PSoC5/UartXbee_INT.c ****             }
 159:.\Generated_Source\PSoC5/UartXbee_INT.c **** 
 160:.\Generated_Source\PSoC5/UartXbee_INT.c ****             /* Check again if there is data. */
 161:.\Generated_Source\PSoC5/UartXbee_INT.c ****             readData = UartXbee_RXSTATUS_REG;
 131              		.loc 1 161 0
 132 00cc 46F26753 		movw	r3, #:lower16:1073767783
 133 00d0 C4F20003 		movt	r3, #:upper16:1073767783
 134 00d4 1B78     		ldrb	r3, [r3, #0]
 135 00d6 BB71     		strb	r3, [r7, #6]
 136              	.L2:
 137              		.loc 1 96 0
 138 00d8 BB79     		ldrb	r3, [r7, #6]	@ zero_extendqisi2
 139 00da 03F02003 		and	r3, r3, #32
 140 00de 002B     		cmp	r3, #0
 141 00e0 9BD1     		bne	.L6
 162:.\Generated_Source\PSoC5/UartXbee_INT.c ****         }
 163:.\Generated_Source\PSoC5/UartXbee_INT.c **** 
 164:.\Generated_Source\PSoC5/UartXbee_INT.c ****         /* User code required at end of ISR (Optional) */
 165:.\Generated_Source\PSoC5/UartXbee_INT.c ****         /* `#START UartXbee_RXISR_END` */
 166:.\Generated_Source\PSoC5/UartXbee_INT.c **** 
 167:.\Generated_Source\PSoC5/UartXbee_INT.c ****         /* `#END` */
 168:.\Generated_Source\PSoC5/UartXbee_INT.c **** 
 169:.\Generated_Source\PSoC5/UartXbee_INT.c ****         /* PSoC3 ES1, ES2 RTC ISR PATCH  */
 170:.\Generated_Source\PSoC5/UartXbee_INT.c ****         #if(CY_PSOC3_ES2 && (UartXbee_RXInternalInterrupt__ES2_PATCH))
 171:.\Generated_Source\PSoC5/UartXbee_INT.c ****             UartXbee_ISR_PATCH();
 172:.\Generated_Source\PSoC5/UartXbee_INT.c ****         #endif /* End CY_PSOC3_ES2*/
 173:.\Generated_Source\PSoC5/UartXbee_INT.c ****     }
 142              		.loc 1 173 0
 143 00e2 07F10C07 		add	r7, r7, #12
 144 00e6 BD46     		mov	sp, r7
 145 00e8 80BC     		pop	{r7}
 146 00ea 7047     		bx	lr
 147              		.cfi_endproc
 148              	.LFE0:
 149              		.size	UartXbee_RXISR, .-UartXbee_RXISR
 150              		.section	.text.UartXbee_TXISR,"ax",%progbits
 151              		.align	2
 152              		.global	UartXbee_TXISR
 153              		.thumb
 154              		.thumb_func
 155              		.type	UartXbee_TXISR, %function
 156              	UartXbee_TXISR:
 157              	.LFB1:
 174:.\Generated_Source\PSoC5/UartXbee_INT.c **** 
 175:.\Generated_Source\PSoC5/UartXbee_INT.c **** #endif /* End UartXbee_RX_ENABLED && (UartXbee_RXBUFFERSIZE > UartXbee_FIFO_LENGTH) */
 176:.\Generated_Source\PSoC5/UartXbee_INT.c **** 
 177:.\Generated_Source\PSoC5/UartXbee_INT.c **** 
 178:.\Generated_Source\PSoC5/UartXbee_INT.c **** #if(UartXbee_TX_ENABLED && (UartXbee_TXBUFFERSIZE > UartXbee_FIFO_LENGTH))
 179:.\Generated_Source\PSoC5/UartXbee_INT.c **** 
 180:.\Generated_Source\PSoC5/UartXbee_INT.c ****     extern volatile uint8 UartXbee_txBuffer[];
 181:.\Generated_Source\PSoC5/UartXbee_INT.c ****     extern volatile uint8 UartXbee_txBufferRead;
ARM GAS  C:\Users\Geo\AppData\Local\Temp\cc9KdAad.s 			page 7


 182:.\Generated_Source\PSoC5/UartXbee_INT.c ****     extern uint8 UartXbee_txBufferWrite;
 183:.\Generated_Source\PSoC5/UartXbee_INT.c **** 
 184:.\Generated_Source\PSoC5/UartXbee_INT.c **** 
 185:.\Generated_Source\PSoC5/UartXbee_INT.c ****     /*******************************************************************************
 186:.\Generated_Source\PSoC5/UartXbee_INT.c ****     * Function Name: UartXbee_TXISR
 187:.\Generated_Source\PSoC5/UartXbee_INT.c ****     ********************************************************************************
 188:.\Generated_Source\PSoC5/UartXbee_INT.c ****     *
 189:.\Generated_Source\PSoC5/UartXbee_INT.c ****     * Summary:
 190:.\Generated_Source\PSoC5/UartXbee_INT.c ****     * Interrupt Service Routine for the TX portion of the UART
 191:.\Generated_Source\PSoC5/UartXbee_INT.c ****     *
 192:.\Generated_Source\PSoC5/UartXbee_INT.c ****     * Parameters:
 193:.\Generated_Source\PSoC5/UartXbee_INT.c ****     *  None.
 194:.\Generated_Source\PSoC5/UartXbee_INT.c ****     *
 195:.\Generated_Source\PSoC5/UartXbee_INT.c ****     * Return:
 196:.\Generated_Source\PSoC5/UartXbee_INT.c ****     *  None.
 197:.\Generated_Source\PSoC5/UartXbee_INT.c ****     *
 198:.\Generated_Source\PSoC5/UartXbee_INT.c ****     * Global Variables:
 199:.\Generated_Source\PSoC5/UartXbee_INT.c ****     *  UartXbee_txBuffer - RAM buffer pointer for transmit data from.
 200:.\Generated_Source\PSoC5/UartXbee_INT.c ****     *  UartXbee_txBufferRead - cyclic index for read and transmit data 
 201:.\Generated_Source\PSoC5/UartXbee_INT.c ****     *     from txBuffer, increments after each transmited byte.
 202:.\Generated_Source\PSoC5/UartXbee_INT.c ****     *  UartXbee_rxBufferWrite - cyclic index for write to txBuffer, 
 203:.\Generated_Source\PSoC5/UartXbee_INT.c ****     *     checked to detect available for transmission bytes.
 204:.\Generated_Source\PSoC5/UartXbee_INT.c ****     *
 205:.\Generated_Source\PSoC5/UartXbee_INT.c ****     *******************************************************************************/
 206:.\Generated_Source\PSoC5/UartXbee_INT.c ****     CY_ISR(UartXbee_TXISR)
 207:.\Generated_Source\PSoC5/UartXbee_INT.c ****     {
 158              		.loc 1 207 0
 159              		.cfi_startproc
 160              		@ args = 0, pretend = 0, frame = 0
 161              		@ frame_needed = 1, uses_anonymous_args = 0
 162              		@ link register save eliminated.
 163 0000 80B4     		push	{r7}
 164              	.LCFI3:
 165              		.cfi_def_cfa_offset 4
 166 0002 00AF     		add	r7, sp, #0
 167              		.cfi_offset 7, -4
 168              	.LCFI4:
 169              		.cfi_def_cfa_register 7
 208:.\Generated_Source\PSoC5/UartXbee_INT.c **** 
 209:.\Generated_Source\PSoC5/UartXbee_INT.c ****         /* User code required at start of ISR */
 210:.\Generated_Source\PSoC5/UartXbee_INT.c ****         /* `#START UartXbee_TXISR_START` */
 211:.\Generated_Source\PSoC5/UartXbee_INT.c **** 
 212:.\Generated_Source\PSoC5/UartXbee_INT.c ****         /* `#END` */
 213:.\Generated_Source\PSoC5/UartXbee_INT.c **** 
 214:.\Generated_Source\PSoC5/UartXbee_INT.c ****         while((UartXbee_txBufferRead != UartXbee_txBufferWrite) && \
 170              		.loc 1 214 0
 171 0004 2EE0     		b	.L9
 172              	.L12:
 215:.\Generated_Source\PSoC5/UartXbee_INT.c ****              !(UartXbee_TXSTATUS_REG & UartXbee_TX_STS_FIFO_FULL))
 216:.\Generated_Source\PSoC5/UartXbee_INT.c ****         {
 217:.\Generated_Source\PSoC5/UartXbee_INT.c ****             /* Check pointer. */
 218:.\Generated_Source\PSoC5/UartXbee_INT.c ****             if(UartXbee_txBufferRead >= UartXbee_TXBUFFERSIZE)
 173              		.loc 1 218 0
 174 0006 40F20003 		movw	r3, #:lower16:UartXbee_txBufferRead
 175 000a C0F20003 		movt	r3, #:upper16:UartXbee_txBufferRead
 176 000e 1B78     		ldrb	r3, [r3, #0]
 177 0010 DBB2     		uxtb	r3, r3
ARM GAS  C:\Users\Geo\AppData\Local\Temp\cc9KdAad.s 			page 8


 178 0012 312B     		cmp	r3, #49
 179 0014 06D9     		bls	.L10
 219:.\Generated_Source\PSoC5/UartXbee_INT.c ****             {
 220:.\Generated_Source\PSoC5/UartXbee_INT.c ****                 UartXbee_txBufferRead = 0u;
 180              		.loc 1 220 0
 181 0016 40F20003 		movw	r3, #:lower16:UartXbee_txBufferRead
 182 001a C0F20003 		movt	r3, #:upper16:UartXbee_txBufferRead
 183 001e 4FF00002 		mov	r2, #0
 184 0022 1A70     		strb	r2, [r3, #0]
 185              	.L10:
 221:.\Generated_Source\PSoC5/UartXbee_INT.c ****             }
 222:.\Generated_Source\PSoC5/UartXbee_INT.c **** 
 223:.\Generated_Source\PSoC5/UartXbee_INT.c ****             UartXbee_TXDATA_REG = UartXbee_txBuffer[UartXbee_txBufferRead];
 186              		.loc 1 223 0
 187 0024 46F24753 		movw	r3, #:lower16:1073767751
 188 0028 C4F20003 		movt	r3, #:upper16:1073767751
 189 002c 40F20002 		movw	r2, #:lower16:UartXbee_txBufferRead
 190 0030 C0F20002 		movt	r2, #:upper16:UartXbee_txBufferRead
 191 0034 1278     		ldrb	r2, [r2, #0]
 192 0036 D2B2     		uxtb	r2, r2
 193 0038 1146     		mov	r1, r2
 194 003a 40F20002 		movw	r2, #:lower16:UartXbee_txBuffer
 195 003e C0F20002 		movt	r2, #:upper16:UartXbee_txBuffer
 196 0042 525C     		ldrb	r2, [r2, r1]
 197 0044 D2B2     		uxtb	r2, r2
 198 0046 1A70     		strb	r2, [r3, #0]
 224:.\Generated_Source\PSoC5/UartXbee_INT.c **** 
 225:.\Generated_Source\PSoC5/UartXbee_INT.c ****             /* Set next pointer. */
 226:.\Generated_Source\PSoC5/UartXbee_INT.c ****             UartXbee_txBufferRead++;
 199              		.loc 1 226 0
 200 0048 40F20003 		movw	r3, #:lower16:UartXbee_txBufferRead
 201 004c C0F20003 		movt	r3, #:upper16:UartXbee_txBufferRead
 202 0050 1B78     		ldrb	r3, [r3, #0]
 203 0052 DBB2     		uxtb	r3, r3
 204 0054 03F10103 		add	r3, r3, #1
 205 0058 DAB2     		uxtb	r2, r3
 206 005a 40F20003 		movw	r3, #:lower16:UartXbee_txBufferRead
 207 005e C0F20003 		movt	r3, #:upper16:UartXbee_txBufferRead
 208 0062 1A70     		strb	r2, [r3, #0]
 209              	.L9:
 210              		.loc 1 214 0
 211 0064 40F20003 		movw	r3, #:lower16:UartXbee_txBufferRead
 212 0068 C0F20003 		movt	r3, #:upper16:UartXbee_txBufferRead
 213 006c 1B78     		ldrb	r3, [r3, #0]
 214 006e DAB2     		uxtb	r2, r3
 215 0070 40F20003 		movw	r3, #:lower16:UartXbee_txBufferWrite
 216 0074 C0F20003 		movt	r3, #:upper16:UartXbee_txBufferWrite
 217 0078 1B78     		ldrb	r3, [r3, #0]	@ zero_extendqisi2
 218 007a 9A42     		cmp	r2, r3
 219 007c 09D0     		beq	.L13
 220              		.loc 1 215 0
 221 007e 46F26653 		movw	r3, #:lower16:1073767782
 222 0082 C4F20003 		movt	r3, #:upper16:1073767782
 223 0086 1B78     		ldrb	r3, [r3, #0]
 224 0088 DBB2     		uxtb	r3, r3
 225 008a 03F00403 		and	r3, r3, #4
 226              		.loc 1 214 0
ARM GAS  C:\Users\Geo\AppData\Local\Temp\cc9KdAad.s 			page 9


 227 008e 002B     		cmp	r3, #0
 228 0090 B9D0     		beq	.L12
 229              	.L13:
 227:.\Generated_Source\PSoC5/UartXbee_INT.c ****         }
 228:.\Generated_Source\PSoC5/UartXbee_INT.c **** 
 229:.\Generated_Source\PSoC5/UartXbee_INT.c ****         /* User code required at end of ISR (Optional) */
 230:.\Generated_Source\PSoC5/UartXbee_INT.c ****         /* `#START UartXbee_TXISR_END` */
 231:.\Generated_Source\PSoC5/UartXbee_INT.c **** 
 232:.\Generated_Source\PSoC5/UartXbee_INT.c ****         /* `#END` */
 233:.\Generated_Source\PSoC5/UartXbee_INT.c ****         
 234:.\Generated_Source\PSoC5/UartXbee_INT.c ****         /* PSoC3 ES1, ES2 RTC ISR PATCH  */
 235:.\Generated_Source\PSoC5/UartXbee_INT.c ****         #if(CY_PSOC3_ES2 && (UartXbee_TXInternalInterrupt__ES2_PATCH))
 236:.\Generated_Source\PSoC5/UartXbee_INT.c ****             UartXbee_ISR_PATCH();
 237:.\Generated_Source\PSoC5/UartXbee_INT.c ****         #endif /* End CY_PSOC3_ES2*/
 238:.\Generated_Source\PSoC5/UartXbee_INT.c ****     }
 230              		.loc 1 238 0
 231 0092 BD46     		mov	sp, r7
 232 0094 80BC     		pop	{r7}
 233 0096 7047     		bx	lr
 234              		.cfi_endproc
 235              	.LFE1:
 236              		.size	UartXbee_TXISR, .-UartXbee_TXISR
 237              		.text
 238              	.Letext0:
 239              		.section	.debug_loc,"",%progbits
 240              	.Ldebug_loc0:
 241              	.LLST0:
 242 0000 00000000 		.4byte	.LFB0
 243 0004 02000000 		.4byte	.LCFI0
 244 0008 0100     		.2byte	0x1
 245 000a 5D       		.byte	0x5d
 246 000b 02000000 		.4byte	.LCFI0
 247 000f 04000000 		.4byte	.LCFI1
 248 0013 0200     		.2byte	0x2
 249 0015 7D       		.byte	0x7d
 250 0016 04       		.sleb128 4
 251 0017 04000000 		.4byte	.LCFI1
 252 001b 06000000 		.4byte	.LCFI2
 253 001f 0200     		.2byte	0x2
 254 0021 7D       		.byte	0x7d
 255 0022 10       		.sleb128 16
 256 0023 06000000 		.4byte	.LCFI2
 257 0027 EC000000 		.4byte	.LFE0
 258 002b 0200     		.2byte	0x2
 259 002d 77       		.byte	0x77
 260 002e 10       		.sleb128 16
 261 002f 00000000 		.4byte	0x0
 262 0033 00000000 		.4byte	0x0
 263              	.LLST1:
 264 0037 00000000 		.4byte	.LFB1
 265 003b 02000000 		.4byte	.LCFI3
 266 003f 0100     		.2byte	0x1
 267 0041 5D       		.byte	0x5d
 268 0042 02000000 		.4byte	.LCFI3
 269 0046 04000000 		.4byte	.LCFI4
 270 004a 0200     		.2byte	0x2
 271 004c 7D       		.byte	0x7d
ARM GAS  C:\Users\Geo\AppData\Local\Temp\cc9KdAad.s 			page 10


 272 004d 04       		.sleb128 4
 273 004e 04000000 		.4byte	.LCFI4
 274 0052 98000000 		.4byte	.LFE1
 275 0056 0200     		.2byte	0x2
 276 0058 77       		.byte	0x77
 277 0059 04       		.sleb128 4
 278 005a 00000000 		.4byte	0x0
 279 005e 00000000 		.4byte	0x0
 280              		.file 2 ".\\Generated_Source\\PSoC5\\/cytypes.h"
 281              		.section	.debug_info
 282 0000 4E010000 		.4byte	0x14e
 283 0004 0200     		.2byte	0x2
 284 0006 00000000 		.4byte	.Ldebug_abbrev0
 285 000a 04       		.byte	0x4
 286 000b 01       		.uleb128 0x1
 287 000c 1E010000 		.4byte	.LASF20
 288 0010 01       		.byte	0x1
 289 0011 F6000000 		.4byte	.LASF21
 290 0015 2E000000 		.4byte	.LASF22
 291 0019 00000000 		.4byte	0x0
 292 001d 00000000 		.4byte	0x0
 293 0021 00000000 		.4byte	.Ldebug_ranges0+0x0
 294 0025 00000000 		.4byte	.Ldebug_line0
 295 0029 02       		.uleb128 0x2
 296 002a 01       		.byte	0x1
 297 002b 06       		.byte	0x6
 298 002c 8E010000 		.4byte	.LASF0
 299 0030 02       		.uleb128 0x2
 300 0031 01       		.byte	0x1
 301 0032 08       		.byte	0x8
 302 0033 2A010000 		.4byte	.LASF1
 303 0037 02       		.uleb128 0x2
 304 0038 02       		.byte	0x2
 305 0039 05       		.byte	0x5
 306 003a C8010000 		.4byte	.LASF2
 307 003e 02       		.uleb128 0x2
 308 003f 02       		.byte	0x2
 309 0040 07       		.byte	0x7
 310 0041 0E000000 		.4byte	.LASF3
 311 0045 02       		.uleb128 0x2
 312 0046 04       		.byte	0x4
 313 0047 05       		.byte	0x5
 314 0048 5D010000 		.4byte	.LASF4
 315 004c 02       		.uleb128 0x2
 316 004d 04       		.byte	0x4
 317 004e 07       		.byte	0x7
 318 004f C4000000 		.4byte	.LASF5
 319 0053 02       		.uleb128 0x2
 320 0054 08       		.byte	0x8
 321 0055 05       		.byte	0x5
 322 0056 00000000 		.4byte	.LASF6
 323 005a 02       		.uleb128 0x2
 324 005b 08       		.byte	0x8
 325 005c 07       		.byte	0x7
 326 005d D6000000 		.4byte	.LASF7
 327 0061 03       		.uleb128 0x3
 328 0062 04       		.byte	0x4
ARM GAS  C:\Users\Geo\AppData\Local\Temp\cc9KdAad.s 			page 11


 329 0063 05       		.byte	0x5
 330 0064 696E7400 		.ascii	"int\000"
 331 0068 02       		.uleb128 0x2
 332 0069 04       		.byte	0x4
 333 006a 07       		.byte	0x7
 334 006b 21000000 		.4byte	.LASF8
 335 006f 02       		.uleb128 0x2
 336 0070 01       		.byte	0x1
 337 0071 08       		.byte	0x8
 338 0072 F8010000 		.4byte	.LASF9
 339 0076 04       		.uleb128 0x4
 340 0077 BE000000 		.4byte	.LASF23
 341 007b 02       		.byte	0x2
 342 007c 51       		.byte	0x51
 343 007d 30000000 		.4byte	0x30
 344 0081 05       		.uleb128 0x5
 345 0082 76000000 		.4byte	0x76
 346 0086 06       		.uleb128 0x6
 347 0087 04       		.byte	0x4
 348 0088 07       		.byte	0x7
 349 0089 07       		.uleb128 0x7
 350 008a 01       		.byte	0x1
 351 008b E9010000 		.4byte	.LASF24
 352 008f 01       		.byte	0x1
 353 0090 4B       		.byte	0x4b
 354 0091 01       		.byte	0x1
 355 0092 00000000 		.4byte	.LFB0
 356 0096 EC000000 		.4byte	.LFE0
 357 009a 00000000 		.4byte	.LLST0
 358 009e BF000000 		.4byte	0xbf
 359 00a2 08       		.uleb128 0x8
 360 00a3 ED000000 		.4byte	.LASF10
 361 00a7 01       		.byte	0x1
 362 00a8 4D       		.byte	0x4d
 363 00a9 76000000 		.4byte	0x76
 364 00ad 02       		.byte	0x2
 365 00ae 91       		.byte	0x91
 366 00af 76       		.sleb128 -10
 367 00b0 08       		.uleb128 0x8
 368 00b1 B6010000 		.4byte	.LASF11
 369 00b5 01       		.byte	0x1
 370 00b6 4E       		.byte	0x4e
 371 00b7 76000000 		.4byte	0x76
 372 00bb 02       		.byte	0x2
 373 00bc 91       		.byte	0x91
 374 00bd 77       		.sleb128 -9
 375 00be 00       		.byte	0x0
 376 00bf 09       		.uleb128 0x9
 377 00c0 01       		.byte	0x1
 378 00c1 38010000 		.4byte	.LASF25
 379 00c5 01       		.byte	0x1
 380 00c6 CE       		.byte	0xce
 381 00c7 01       		.byte	0x1
 382 00c8 00000000 		.4byte	.LFB1
 383 00cc 98000000 		.4byte	.LFE1
 384 00d0 37000000 		.4byte	.LLST1
 385 00d4 0A       		.uleb128 0xa
ARM GAS  C:\Users\Geo\AppData\Local\Temp\cc9KdAad.s 			page 12


 386 00d5 76000000 		.4byte	0x76
 387 00d9 DF000000 		.4byte	0xdf
 388 00dd 0B       		.uleb128 0xb
 389 00de 00       		.byte	0x0
 390 00df 0C       		.uleb128 0xc
 391 00e0 7C010000 		.4byte	.LASF12
 392 00e4 01       		.byte	0x1
 393 00e5 21       		.byte	0x21
 394 00e6 EC000000 		.4byte	0xec
 395 00ea 01       		.byte	0x1
 396 00eb 01       		.byte	0x1
 397 00ec 05       		.uleb128 0x5
 398 00ed D4000000 		.4byte	0xd4
 399 00f1 0C       		.uleb128 0xc
 400 00f2 66010000 		.4byte	.LASF13
 401 00f6 01       		.byte	0x1
 402 00f7 22       		.byte	0x22
 403 00f8 81000000 		.4byte	0x81
 404 00fc 01       		.byte	0x1
 405 00fd 01       		.byte	0x1
 406 00fe 0C       		.uleb128 0xc
 407 00ff D2010000 		.4byte	.LASF14
 408 0103 01       		.byte	0x1
 409 0104 23       		.byte	0x23
 410 0105 81000000 		.4byte	0x81
 411 0109 01       		.byte	0x1
 412 010a 01       		.byte	0x1
 413 010b 0C       		.uleb128 0xc
 414 010c 9A010000 		.4byte	.LASF15
 415 0110 01       		.byte	0x1
 416 0111 24       		.byte	0x24
 417 0112 81000000 		.4byte	0x81
 418 0116 01       		.byte	0x1
 419 0117 01       		.byte	0x1
 420 0118 0C       		.uleb128 0xc
 421 0119 A4000000 		.4byte	.LASF16
 422 011d 01       		.byte	0x1
 423 011e 25       		.byte	0x25
 424 011f 81000000 		.4byte	0x81
 425 0123 01       		.byte	0x1
 426 0124 01       		.byte	0x1
 427 0125 0C       		.uleb128 0xc
 428 0126 FD010000 		.4byte	.LASF17
 429 012a 01       		.byte	0x1
 430 012b B4       		.byte	0xb4
 431 012c 32010000 		.4byte	0x132
 432 0130 01       		.byte	0x1
 433 0131 01       		.byte	0x1
 434 0132 05       		.uleb128 0x5
 435 0133 D4000000 		.4byte	0xd4
 436 0137 0C       		.uleb128 0xc
 437 0138 47010000 		.4byte	.LASF18
 438 013c 01       		.byte	0x1
 439 013d B5       		.byte	0xb5
 440 013e 81000000 		.4byte	0x81
 441 0142 01       		.byte	0x1
 442 0143 01       		.byte	0x1
ARM GAS  C:\Users\Geo\AppData\Local\Temp\cc9KdAad.s 			page 13


 443 0144 0C       		.uleb128 0xc
 444 0145 8D000000 		.4byte	.LASF19
 445 0149 01       		.byte	0x1
 446 014a B6       		.byte	0xb6
 447 014b 76000000 		.4byte	0x76
 448 014f 01       		.byte	0x1
 449 0150 01       		.byte	0x1
 450 0151 00       		.byte	0x0
 451              		.section	.debug_abbrev
 452 0000 01       		.uleb128 0x1
 453 0001 11       		.uleb128 0x11
 454 0002 01       		.byte	0x1
 455 0003 25       		.uleb128 0x25
 456 0004 0E       		.uleb128 0xe
 457 0005 13       		.uleb128 0x13
 458 0006 0B       		.uleb128 0xb
 459 0007 03       		.uleb128 0x3
 460 0008 0E       		.uleb128 0xe
 461 0009 1B       		.uleb128 0x1b
 462 000a 0E       		.uleb128 0xe
 463 000b 11       		.uleb128 0x11
 464 000c 01       		.uleb128 0x1
 465 000d 52       		.uleb128 0x52
 466 000e 01       		.uleb128 0x1
 467 000f 55       		.uleb128 0x55
 468 0010 06       		.uleb128 0x6
 469 0011 10       		.uleb128 0x10
 470 0012 06       		.uleb128 0x6
 471 0013 00       		.byte	0x0
 472 0014 00       		.byte	0x0
 473 0015 02       		.uleb128 0x2
 474 0016 24       		.uleb128 0x24
 475 0017 00       		.byte	0x0
 476 0018 0B       		.uleb128 0xb
 477 0019 0B       		.uleb128 0xb
 478 001a 3E       		.uleb128 0x3e
 479 001b 0B       		.uleb128 0xb
 480 001c 03       		.uleb128 0x3
 481 001d 0E       		.uleb128 0xe
 482 001e 00       		.byte	0x0
 483 001f 00       		.byte	0x0
 484 0020 03       		.uleb128 0x3
 485 0021 24       		.uleb128 0x24
 486 0022 00       		.byte	0x0
 487 0023 0B       		.uleb128 0xb
 488 0024 0B       		.uleb128 0xb
 489 0025 3E       		.uleb128 0x3e
 490 0026 0B       		.uleb128 0xb
 491 0027 03       		.uleb128 0x3
 492 0028 08       		.uleb128 0x8
 493 0029 00       		.byte	0x0
 494 002a 00       		.byte	0x0
 495 002b 04       		.uleb128 0x4
 496 002c 16       		.uleb128 0x16
 497 002d 00       		.byte	0x0
 498 002e 03       		.uleb128 0x3
 499 002f 0E       		.uleb128 0xe
ARM GAS  C:\Users\Geo\AppData\Local\Temp\cc9KdAad.s 			page 14


 500 0030 3A       		.uleb128 0x3a
 501 0031 0B       		.uleb128 0xb
 502 0032 3B       		.uleb128 0x3b
 503 0033 0B       		.uleb128 0xb
 504 0034 49       		.uleb128 0x49
 505 0035 13       		.uleb128 0x13
 506 0036 00       		.byte	0x0
 507 0037 00       		.byte	0x0
 508 0038 05       		.uleb128 0x5
 509 0039 35       		.uleb128 0x35
 510 003a 00       		.byte	0x0
 511 003b 49       		.uleb128 0x49
 512 003c 13       		.uleb128 0x13
 513 003d 00       		.byte	0x0
 514 003e 00       		.byte	0x0
 515 003f 06       		.uleb128 0x6
 516 0040 24       		.uleb128 0x24
 517 0041 00       		.byte	0x0
 518 0042 0B       		.uleb128 0xb
 519 0043 0B       		.uleb128 0xb
 520 0044 3E       		.uleb128 0x3e
 521 0045 0B       		.uleb128 0xb
 522 0046 00       		.byte	0x0
 523 0047 00       		.byte	0x0
 524 0048 07       		.uleb128 0x7
 525 0049 2E       		.uleb128 0x2e
 526 004a 01       		.byte	0x1
 527 004b 3F       		.uleb128 0x3f
 528 004c 0C       		.uleb128 0xc
 529 004d 03       		.uleb128 0x3
 530 004e 0E       		.uleb128 0xe
 531 004f 3A       		.uleb128 0x3a
 532 0050 0B       		.uleb128 0xb
 533 0051 3B       		.uleb128 0x3b
 534 0052 0B       		.uleb128 0xb
 535 0053 27       		.uleb128 0x27
 536 0054 0C       		.uleb128 0xc
 537 0055 11       		.uleb128 0x11
 538 0056 01       		.uleb128 0x1
 539 0057 12       		.uleb128 0x12
 540 0058 01       		.uleb128 0x1
 541 0059 40       		.uleb128 0x40
 542 005a 06       		.uleb128 0x6
 543 005b 01       		.uleb128 0x1
 544 005c 13       		.uleb128 0x13
 545 005d 00       		.byte	0x0
 546 005e 00       		.byte	0x0
 547 005f 08       		.uleb128 0x8
 548 0060 34       		.uleb128 0x34
 549 0061 00       		.byte	0x0
 550 0062 03       		.uleb128 0x3
 551 0063 0E       		.uleb128 0xe
 552 0064 3A       		.uleb128 0x3a
 553 0065 0B       		.uleb128 0xb
 554 0066 3B       		.uleb128 0x3b
 555 0067 0B       		.uleb128 0xb
 556 0068 49       		.uleb128 0x49
ARM GAS  C:\Users\Geo\AppData\Local\Temp\cc9KdAad.s 			page 15


 557 0069 13       		.uleb128 0x13
 558 006a 02       		.uleb128 0x2
 559 006b 0A       		.uleb128 0xa
 560 006c 00       		.byte	0x0
 561 006d 00       		.byte	0x0
 562 006e 09       		.uleb128 0x9
 563 006f 2E       		.uleb128 0x2e
 564 0070 00       		.byte	0x0
 565 0071 3F       		.uleb128 0x3f
 566 0072 0C       		.uleb128 0xc
 567 0073 03       		.uleb128 0x3
 568 0074 0E       		.uleb128 0xe
 569 0075 3A       		.uleb128 0x3a
 570 0076 0B       		.uleb128 0xb
 571 0077 3B       		.uleb128 0x3b
 572 0078 0B       		.uleb128 0xb
 573 0079 27       		.uleb128 0x27
 574 007a 0C       		.uleb128 0xc
 575 007b 11       		.uleb128 0x11
 576 007c 01       		.uleb128 0x1
 577 007d 12       		.uleb128 0x12
 578 007e 01       		.uleb128 0x1
 579 007f 40       		.uleb128 0x40
 580 0080 06       		.uleb128 0x6
 581 0081 00       		.byte	0x0
 582 0082 00       		.byte	0x0
 583 0083 0A       		.uleb128 0xa
 584 0084 01       		.uleb128 0x1
 585 0085 01       		.byte	0x1
 586 0086 49       		.uleb128 0x49
 587 0087 13       		.uleb128 0x13
 588 0088 01       		.uleb128 0x1
 589 0089 13       		.uleb128 0x13
 590 008a 00       		.byte	0x0
 591 008b 00       		.byte	0x0
 592 008c 0B       		.uleb128 0xb
 593 008d 21       		.uleb128 0x21
 594 008e 00       		.byte	0x0
 595 008f 00       		.byte	0x0
 596 0090 00       		.byte	0x0
 597 0091 0C       		.uleb128 0xc
 598 0092 34       		.uleb128 0x34
 599 0093 00       		.byte	0x0
 600 0094 03       		.uleb128 0x3
 601 0095 0E       		.uleb128 0xe
 602 0096 3A       		.uleb128 0x3a
 603 0097 0B       		.uleb128 0xb
 604 0098 3B       		.uleb128 0x3b
 605 0099 0B       		.uleb128 0xb
 606 009a 49       		.uleb128 0x49
 607 009b 13       		.uleb128 0x13
 608 009c 3F       		.uleb128 0x3f
 609 009d 0C       		.uleb128 0xc
 610 009e 3C       		.uleb128 0x3c
 611 009f 0C       		.uleb128 0xc
 612 00a0 00       		.byte	0x0
 613 00a1 00       		.byte	0x0
ARM GAS  C:\Users\Geo\AppData\Local\Temp\cc9KdAad.s 			page 16


 614 00a2 00       		.byte	0x0
 615              		.section	.debug_pubnames,"",%progbits
 616 0000 34000000 		.4byte	0x34
 617 0004 0200     		.2byte	0x2
 618 0006 00000000 		.4byte	.Ldebug_info0
 619 000a 52010000 		.4byte	0x152
 620 000e 89000000 		.4byte	0x89
 621 0012 55617274 		.ascii	"UartXbee_RXISR\000"
 621      58626565 
 621      5F525849 
 621      535200
 622 0021 BF000000 		.4byte	0xbf
 623 0025 55617274 		.ascii	"UartXbee_TXISR\000"
 623      58626565 
 623      5F545849 
 623      535200
 624 0034 00000000 		.4byte	0x0
 625              		.section	.debug_aranges,"",%progbits
 626 0000 24000000 		.4byte	0x24
 627 0004 0200     		.2byte	0x2
 628 0006 00000000 		.4byte	.Ldebug_info0
 629 000a 04       		.byte	0x4
 630 000b 00       		.byte	0x0
 631 000c 0000     		.2byte	0x0
 632 000e 0000     		.2byte	0x0
 633 0010 00000000 		.4byte	.LFB0
 634 0014 EC000000 		.4byte	.LFE0-.LFB0
 635 0018 00000000 		.4byte	.LFB1
 636 001c 98000000 		.4byte	.LFE1-.LFB1
 637 0020 00000000 		.4byte	0x0
 638 0024 00000000 		.4byte	0x0
 639              		.section	.debug_ranges,"",%progbits
 640              	.Ldebug_ranges0:
 641 0000 00000000 		.4byte	.Ltext0
 642 0004 00000000 		.4byte	.Letext0
 643 0008 00000000 		.4byte	.LFB0
 644 000c EC000000 		.4byte	.LFE0
 645 0010 00000000 		.4byte	.LFB1
 646 0014 98000000 		.4byte	.LFE1
 647 0018 00000000 		.4byte	0x0
 648 001c 00000000 		.4byte	0x0
 649              		.section	.debug_str,"MS",%progbits,1
 650              	.LASF6:
 651 0000 6C6F6E67 		.ascii	"long long int\000"
 651      206C6F6E 
 651      6720696E 
 651      7400
 652              	.LASF3:
 653 000e 73686F72 		.ascii	"short unsigned int\000"
 653      7420756E 
 653      7369676E 
 653      65642069 
 653      6E7400
 654              	.LASF8:
 655 0021 756E7369 		.ascii	"unsigned int\000"
 655      676E6564 
 655      20696E74 
ARM GAS  C:\Users\Geo\AppData\Local\Temp\cc9KdAad.s 			page 17


 655      00
 656              	.LASF22:
 657 002e 433A5C55 		.ascii	"C:\\Users\\Geo\\Documents\\Projects\\Electric Skate"
 657      73657273 
 657      5C47656F 
 657      5C446F63 
 657      756D656E 
 658 005c 626F6172 		.ascii	"board\\Firmware\\PSoC\\Skateboard Motherboard.cydsn"
 658      645C4669 
 658      726D7761 
 658      72655C50 
 658      536F435C 
 659 008c 00       		.ascii	"\000"
 660              	.LASF19:
 661 008d 55617274 		.ascii	"UartXbee_txBufferWrite\000"
 661      58626565 
 661      5F747842 
 661      75666665 
 661      72577269 
 662              	.LASF16:
 663 00a4 55617274 		.ascii	"UartXbee_rxBufferOverflow\000"
 663      58626565 
 663      5F727842 
 663      75666665 
 663      724F7665 
 664              	.LASF23:
 665 00be 75696E74 		.ascii	"uint8\000"
 665      3800
 666              	.LASF5:
 667 00c4 6C6F6E67 		.ascii	"long unsigned int\000"
 667      20756E73 
 667      69676E65 
 667      6420696E 
 667      7400
 668              	.LASF7:
 669 00d6 6C6F6E67 		.ascii	"long long unsigned int\000"
 669      206C6F6E 
 669      6720756E 
 669      7369676E 
 669      65642069 
 670              	.LASF10:
 671 00ed 72656164 		.ascii	"readData\000"
 671      44617461 
 671      00
 672              	.LASF21:
 673 00f6 2E5C4765 		.ascii	".\\Generated_Source\\PSoC5\\UartXbee_INT.c\000"
 673      6E657261 
 673      7465645F 
 673      536F7572 
 673      63655C50 
 674              	.LASF20:
 675 011e 474E5520 		.ascii	"GNU C 4.4.1\000"
 675      4320342E 
 675      342E3100 
 676              	.LASF1:
 677 012a 756E7369 		.ascii	"unsigned char\000"
 677      676E6564 
ARM GAS  C:\Users\Geo\AppData\Local\Temp\cc9KdAad.s 			page 18


 677      20636861 
 677      7200
 678              	.LASF25:
 679 0138 55617274 		.ascii	"UartXbee_TXISR\000"
 679      58626565 
 679      5F545849 
 679      535200
 680              	.LASF18:
 681 0147 55617274 		.ascii	"UartXbee_txBufferRead\000"
 681      58626565 
 681      5F747842 
 681      75666665 
 681      72526561 
 682              	.LASF4:
 683 015d 6C6F6E67 		.ascii	"long int\000"
 683      20696E74 
 683      00
 684              	.LASF13:
 685 0166 55617274 		.ascii	"UartXbee_rxBufferRead\000"
 685      58626565 
 685      5F727842 
 685      75666665 
 685      72526561 
 686              	.LASF12:
 687 017c 55617274 		.ascii	"UartXbee_rxBuffer\000"
 687      58626565 
 687      5F727842 
 687      75666665 
 687      7200
 688              	.LASF0:
 689 018e 7369676E 		.ascii	"signed char\000"
 689      65642063 
 689      68617200 
 690              	.LASF15:
 691 019a 55617274 		.ascii	"UartXbee_rxBufferLoopDetect\000"
 691      58626565 
 691      5F727842 
 691      75666665 
 691      724C6F6F 
 692              	.LASF11:
 693 01b6 696E6372 		.ascii	"increment_pointer\000"
 693      656D656E 
 693      745F706F 
 693      696E7465 
 693      7200
 694              	.LASF2:
 695 01c8 73686F72 		.ascii	"short int\000"
 695      7420696E 
 695      7400
 696              	.LASF14:
 697 01d2 55617274 		.ascii	"UartXbee_rxBufferWrite\000"
 697      58626565 
 697      5F727842 
 697      75666665 
 697      72577269 
 698              	.LASF24:
 699 01e9 55617274 		.ascii	"UartXbee_RXISR\000"
ARM GAS  C:\Users\Geo\AppData\Local\Temp\cc9KdAad.s 			page 19


 699      58626565 
 699      5F525849 
 699      535200
 700              	.LASF9:
 701 01f8 63686172 		.ascii	"char\000"
 701      00
 702              	.LASF17:
 703 01fd 55617274 		.ascii	"UartXbee_txBuffer\000"
 703      58626565 
 703      5F747842 
 703      75666665 
 703      7200
 704              		.ident	"GCC: (Sourcery G++ Lite 2010q1-188) 4.4.1"
